remark: mppi_control.cpp:143:0: In function 'update_mppi_parameters(float, float, float, float*, float*)', Pragma conflict happens on 'INLINE' and DATAFLOW pragmas: Inline into dataflow region may break the canonical form
remark: mppi_control.cpp:157:0: In function 'update_u_prev_buffer(float (*) [2])', Pragma conflict happens on 'INLINE' and DATAFLOW pragmas: Inline into dataflow region may break the canonical form
remark: gaussian_noise_gen.cpp:4:0: In function 'generategauss_fixed_point(float*, float*)', Pragma conflict happens on 'INLINE' and DATAFLOW pragmas: Inline into dataflow region may break the canonical form
remark: mppi_control.cpp:328:0: In function 'initialize_mppi_fixed(float*, float*, float (*) [2], float*)', Pragma conflict happens on 'INLINE' and DATAFLOW pragmas: Inline into dataflow region may break the canonical form
remark: helper.cpp:11:0: In function 'inverse2x2_fixed(float*, float*)', Pragma conflict happens on 'INLINE' and DATAFLOW pragmas: Inline into dataflow region may break the canonical form
remark: helper.cpp:4:0: In function 'determinant2x2_fixed(float*)', Pragma conflict happens on 'INLINE' and DATAFLOW pragmas: Inline into dataflow region may break the canonical form
remark: /wrk/ci/prod/2024.2/hls_product/continuous/495/2024.2/build/hls_clib/lnx64/hlsmath_csyn_cpp/objs/src/c++/sincoscordicfloat.pp.cpp:0:0: __cxx_global_var_init.14.15983 not inlined into _GLOBAL__sub_I_sincoscordicfloat.pp.cpp because it should never be inlined (cost=never)
remark: /wrk/ci/prod/2024.2/hls_product/continuous/495/2024.2/build/hls_clib/lnx64/hlsmath_csyn_common/objs/src/common/hls_hotbm_float.pp.cpp:0:0: __cxx_global_var_init.46091 not inlined into _GLOBAL__sub_I_hls_hotbm_float.pp.cpp because it should never be inlined (cost=never)
remark: /wrk/ci/prod/2024.2/hls_product/continuous/495/2024.2/build/hls_clib/lnx64/hlsmath_csyn_common/objs/src/common/hls_hotbm_float.pp.cpp:0:0: __cxx_global_var_init.128 not inlined into _GLOBAL__sub_I_hls_hotbm_float.pp.cpp because it should never be inlined (cost=never)
remark: /wrk/ci/prod/2024.2/hls_product/continuous/495/2024.2/build/hls_clib/lnx64/hlsmath_csyn_common/objs/src/common/hls_hotbm_float.pp.cpp:0:0: __cxx_global_var_init.257 not inlined into _GLOBAL__sub_I_hls_hotbm_float.pp.cpp because it should never be inlined (cost=never)
remark: /wrk/ci/prod/2024.2/hls_product/continuous/495/2024.2/build/hls_clib/lnx64/hlsmath_csyn_common/objs/src/common/hls_hotbm_float.pp.cpp:0:0: __cxx_global_var_init.383 not inlined into _GLOBAL__sub_I_hls_hotbm_float.pp.cpp because it should never be inlined (cost=never)
remark: /wrk/ci/prod/2024.2/hls_product/continuous/495/2024.2/build/hls_clib/lnx64/hlsmath_csyn_common/objs/src/common/hls_hotbm_float.pp.cpp:0:0: __cxx_global_var_init.512.46092 not inlined into _GLOBAL__sub_I_hls_hotbm_float.pp.cpp because it should never be inlined (cost=never)
remark: /wrk/ci/prod/2024.2/hls_product/continuous/495/2024.2/build/hls_clib/lnx64/hlsmath_csyn_common/objs/src/common/hls_hotbm_float.pp.cpp:0:0: __cxx_global_var_init.641 not inlined into _GLOBAL__sub_I_hls_hotbm_float.pp.cpp because it should never be inlined (cost=never)
remark: /wrk/ci/prod/2024.2/hls_product/continuous/495/2024.2/build/hls_clib/lnx64/hlsmath_csyn_common/objs/src/common/hls_hotbm_float.pp.cpp:0:0: __cxx_global_var_init.758 not inlined into _GLOBAL__sub_I_hls_hotbm_float.pp.cpp because it should never be inlined (cost=never)
remark: /wrk/ci/prod/2024.2/hls_product/continuous/495/2024.2/build/hls_clib/lnx64/hlsmath_csyn_common/objs/src/common/hls_hotbm_float.pp.cpp:0:0: __cxx_global_var_init.887 not inlined into _GLOBAL__sub_I_hls_hotbm_float.pp.cpp because it should never be inlined (cost=never)
remark: /wrk/ci/prod/2024.2/hls_product/continuous/495/2024.2/build/hls_clib/lnx64/hlsmath_csyn_common/objs/src/common/hls_hotbm_float.pp.cpp:0:0: __cxx_global_var_init.1016 not inlined into _GLOBAL__sub_I_hls_hotbm_float.pp.cpp because it should never be inlined (cost=never)
remark: /wrk/ci/prod/2024.2/hls_product/continuous/495/2024.2/src/shared/hls/clib/hlsmath/src/c++/logfloat.cpp:30:9: Inlining function 'log_reduce::log(float)' into 'hls::logf(float)'
remark: /wrk/ci/prod/2024.2/hls_product/continuous/495/2024.2/src/shared/hls/clib/hlsmath/include/FloatingPoint/hls_range_redux.h:553:18: fp_struct<float>::fp_struct(float) not inlined into void range_redux_payne_hanek_hotbm_pi<29, float, 29, 29>(float, ap_uint<3>&, ap_ufixed<29, 0, (ap_q_mode)5, (ap_o_mode)3, 0>&, ap_ufixed<29, 0, (ap_q_mode)5, (ap_o_mode)3, 0>&, ap_int<fp_struct<float>::EXP_BITS>&, int&) because it should never be inlined (cost=never)
remark: /wrk/ci/prod/2024.2/hls_product/continuous/495/2024.2/src/shared/hls/clib/hlsmath/include/FloatingPoint/hls_range_redux.h:554:21: fp_struct<float>::expv() const not inlined into void range_redux_payne_hanek_hotbm_pi<29, float, 29, 29>(float, ap_uint<3>&, ap_ufixed<29, 0, (ap_q_mode)5, (ap_o_mode)3, 0>&, ap_ufixed<29, 0, (ap_q_mode)5, (ap_o_mode)3, 0>&, ap_int<fp_struct<float>::EXP_BITS>&, int&) because it should never be inlined (cost=never)
remark: /wrk/ci/prod/2024.2/hls_product/continuous/495/2024.2/src/shared/hls/clib/hlsmath/include/FloatingPoint/hls_range_redux.h:612:45: unsigned int clz<29, 58, 0>(ap_ufixed<58, 0, (ap_q_mode)5, (ap_o_mode)3, 0>) not inlined into void range_redux_payne_hanek_hotbm_pi<29, float, 29, 29>(float, ap_uint<3>&, ap_ufixed<29, 0, (ap_q_mode)5, (ap_o_mode)3, 0>&, ap_ufixed<29, 0, (ap_q_mode)5, (ap_o_mode)3, 0>&, ap_int<fp_struct<float>::EXP_BITS>&, int&) because it should never be inlined (cost=never)
remark: /wrk/ci/prod/2024.2/hls_product/continuous/495/2024.2/src/shared/hls/clib/hlsmath/include/FloatingPoint/hls_range_redux.h:440:18: fp_struct<float>::fp_struct(float) not inlined into void range_redux_payne_hanek_hotbm<29, float, 29, 29>(float, ap_uint<3>&, ap_ufixed<29, 0, (ap_q_mode)5, (ap_o_mode)3, 0>&, ap_ufixed<29, 0, (ap_q_mode)5, (ap_o_mode)3, 0>&, ap_int<fp_struct<float>::EXP_BITS>&) because it should never be inlined (cost=never)
remark: /wrk/ci/prod/2024.2/hls_product/continuous/495/2024.2/src/shared/hls/clib/hlsmath/include/FloatingPoint/hls_range_redux.h:441:21: fp_struct<float>::expv() const not inlined into void range_redux_payne_hanek_hotbm<29, float, 29, 29>(float, ap_uint<3>&, ap_ufixed<29, 0, (ap_q_mode)5, (ap_o_mode)3, 0>&, ap_ufixed<29, 0, (ap_q_mode)5, (ap_o_mode)3, 0>&, ap_int<fp_struct<float>::EXP_BITS>&) because it should never be inlined (cost=never)
remark: /wrk/ci/prod/2024.2/hls_product/continuous/495/2024.2/src/shared/hls/clib/hlsmath/include/FloatingPoint/hls_range_redux.h:495:45: unsigned int clz<29, 58, 0>(ap_ufixed<58, 0, (ap_q_mode)5, (ap_o_mode)3, 0>) not inlined into void range_redux_payne_hanek_hotbm<29, float, 29, 29>(float, ap_uint<3>&, ap_ufixed<29, 0, (ap_q_mode)5, (ap_o_mode)3, 0>&, ap_ufixed<29, 0, (ap_q_mode)5, (ap_o_mode)3, 0>&, ap_int<fp_struct<float>::EXP_BITS>&) because it should never be inlined (cost=never)
remark: /wrk/ci/prod/2024.2/hls_product/continuous/495/2024.2/src/shared/hls/clib/hlsmath/include/FloatingPoint/hls_range_redux.h:467:15: ap_uint<(((2) * ((23) + (1))) + (29)) + (3)> table_lookup_4oPi_hotbm<23, 29>(int, float) not inlined into void range_redux_payne_hanek_hotbm<29, float, 29, 29>(float, ap_uint<3>&, ap_ufixed<29, 0, (ap_q_mode)5, (ap_o_mode)3, 0>&, ap_ufixed<29, 0, (ap_q_mode)5, (ap_o_mode)3, 0>&, ap_int<fp_struct<float>::EXP_BITS>&) because it should never be inlined (cost=never)
remark: /wrk/ci/prod/2024.2/hls_product/continuous/495/2024.2/src/shared/hls/clib/src/hls/utils/x_hls_utils.h:326:17: fp_struct<float>::data() const not inlined into fp_struct<float>::to_float() const because it should never be inlined (cost=never)
remark: /wrk/ci/prod/2024.2/hls_product/continuous/495/2024.2/src/shared/hls/clib/src/hls/utils/x_hls_utils.h:347:16: fp_struct<float>::to_float() const not inlined into fp_struct<float>::to_ieee() const because it should never be inlined (cost=never)
remark: /wrk/ci/prod/2024.2/hls_product/continuous/495/2024.2/src/shared/hls/clib/src/hls/utils/x_hls_float_utils.h:318:18: fp_struct<float>::to_ieee() const not inlined into void scaled_fixed2ieee<29, 1>(ap_ufixed<29, 1, (ap_q_mode)5, (ap_o_mode)3, 0>, float&, int) because it should never be inlined (cost=never)
remark: /wrk/ci/prod/2024.2/hls_product/continuous/495/2024.2/src/shared/hls/clib/src/hls/utils/x_hls_float_utils.h:316:9: fp_struct<float>::set_mantissa(ap_ufixed<24, 1, (ap_q_mode)5, (ap_o_mode)3, 0>) not inlined into void scaled_fixed2ieee<29, 1>(ap_ufixed<29, 1, (ap_q_mode)5, (ap_o_mode)3, 0>, float&, int) because it should never be inlined (cost=never)
remark: /wrk/ci/prod/2024.2/hls_product/continuous/495/2024.2/src/shared/hls/clib/src/hls/utils/x_hls_float_utils.h:283:16: clz(int) (.26146) not inlined into void scaled_fixed2ieee<29, 1>(ap_ufixed<29, 1, (ap_q_mode)5, (ap_o_mode)3, 0>, float&, int) because it should never be inlined (cost=never)
remark: /wrk/ci/prod/2024.2/hls_product/continuous/495/2024.2/src/shared/hls/clib/hlsmath/include/FloatingPoint/hls_hotbm.h:223:15: fp_struct<float>::fp_struct(float) not inlined into float hotbm_::sin_or_cos<float>(float, bool, bool) because it should never be inlined (cost=never)
remark: /wrk/ci/prod/2024.2/hls_product/continuous/495/2024.2/src/shared/hls/clib/hlsmath/include/FloatingPoint/hls_hotbm.h:237:4: void range_redux_payne_hanek_hotbm_pi<29, float, 29, 29>(float, ap_uint<3>&, ap_ufixed<29, 0, (ap_q_mode)5, (ap_o_mode)3, 0>&, ap_ufixed<29, 0, (ap_q_mode)5, (ap_o_mode)3, 0>&, ap_int<fp_struct<float>::EXP_BITS>&, int&) not inlined into float hotbm_::sin_or_cos<float>(float, bool, bool) because it should never be inlined (cost=never)
remark: /wrk/ci/prod/2024.2/hls_product/continuous/495/2024.2/src/shared/hls/clib/hlsmath/include/FloatingPoint/hls_hotbm.h:239:4: void range_redux_payne_hanek_hotbm<29, float, 29, 29>(float, ap_uint<3>&, ap_ufixed<29, 0, (ap_q_mode)5, (ap_o_mode)3, 0>&, ap_ufixed<29, 0, (ap_q_mode)5, (ap_o_mode)3, 0>&, ap_int<fp_struct<float>::EXP_BITS>&) not inlined into float hotbm_::sin_or_cos<float>(float, bool, bool) because it should never be inlined (cost=never)
remark: /wrk/ci/prod/2024.2/hls_product/continuous/495/2024.2/src/shared/hls/clib/hlsmath/include/FloatingPoint/hls_hotbm.h:287:20: fp_struct<float>::to_ieee() const not inlined into float hotbm_::sin_or_cos<float>(float, bool, bool) because it should never be inlined (cost=never)
remark: /wrk/ci/prod/2024.2/hls_product/continuous/495/2024.2/src/shared/hls/clib/hlsmath/include/FloatingPoint/hls_hotbm.h:252:5: void scaled_fixed2ieee<29, 1>(ap_ufixed<29, 1, (ap_q_mode)5, (ap_o_mode)3, 0>, float&, int) not inlined into float hotbm_::sin_or_cos<float>(float, bool, bool) because it should never be inlined (cost=never)
remark: /wrk/ci/prod/2024.2/hls_product/continuous/495/2024.2/src/shared/hls/clib/hlsmath/include/FloatingPoint/hls_hotbm.h:250:50: ap_ufixed<29, 1, (ap_q_mode)5, (ap_o_mode)3, 0> hotbm_::value_list<float>::sin_or_cos_approximation<29, 29>(bool, ap_uint<3>&, ap_ufixed<29, 0, (ap_q_mode)5, (ap_o_mode)3, 0>&, ap_ufixed<29, 0, (ap_q_mode)5, (ap_o_mode)3, 0>&, ap_int<8>&) not inlined into float hotbm_::sin_or_cos<float>(float, bool, bool) because it should never be inlined (cost=never)
remark: /wrk/ci/prod/2024.2/hls_product/continuous/495/2024.2/src/shared/hls/clib/hlsmath/src/common/hls_hotbm_float.cpp:123:12: float hotbm_::sin_or_cos<float>(float, bool, bool) not inlined into hotbm_::sin(float) because it should never be inlined (cost=never)
remark: /wrk/ci/prod/2024.2/hls_product/continuous/495/2024.2/src/shared/hls/clib/hlsmath/src/c++/sincoshotbmfloat.cpp:10:14: hotbm_::sin(float) not inlined into hls::hotbm::sin(float) because it should never be inlined (cost=never)
remark: /wrk/ci/prod/2024.2/hls_product/continuous/495/2024.2/src/shared/hls/clib/hlsmath/src/c++/sincoshotbmfloat.cpp:42:12: hls::hotbm::sin(float) not inlined into hls::sinf(float) because it should never be inlined (cost=never)
remark: /wrk/ci/prod/2024.2/hls_product/continuous/495/2024.2/src/shared/hls/clib/hlsmath/src/common/hls_hotbm_float.cpp:127:12: float hotbm_::sin_or_cos<float>(float, bool, bool) not inlined into hotbm_::cos(float) because it should never be inlined (cost=never)
remark: /wrk/ci/prod/2024.2/hls_product/continuous/495/2024.2/src/shared/hls/clib/hlsmath/src/c++/sincoshotbmfloat.cpp:13:14: hotbm_::cos(float) not inlined into hls::hotbm::cos(float) because it should never be inlined (cost=never)
remark: /wrk/ci/prod/2024.2/hls_product/continuous/495/2024.2/src/shared/hls/clib/hlsmath/src/c++/sincoshotbmfloat.cpp:45:12: hls::hotbm::cos(float) not inlined into hls::cosf(float) because it should never be inlined (cost=never)
remark: gaussian_noise_gen.cpp:44:25: hls::cosf(float) not inlined into generategauss_fixed_point(float*, float*) because it should never be inlined (cost=never)
remark: gaussian_noise_gen.cpp:43:25: hls::sinf(float) not inlined into generategauss_fixed_point(float*, float*) because it should never be inlined (cost=never)
remark: gaussian_noise_gen.cpp:40:24: hls::sqrtf(float) not inlined into generategauss_fixed_point(float*, float*) because it should never be inlined (cost=never)
remark: gaussian_noise_gen.cpp:40:43: Inlining function 'hls::logf(float)' into 'generategauss_fixed_point(float*, float*)'
remark: helper.cpp:13:22: Inlining function 'determinant2x2_fixed(float*)' into 'inverse2x2_fixed(float*, float*)'
remark: mppi_control.cpp:336:5: Inlining function 'inverse2x2_fixed(float*, float*)' into 'initialize_mppi_fixed(float*, float*, float (*) [2], float*)'
remark: /wrk/ci/prod/2024.2/hls_product/continuous/495/2024.2/src/shared/hls/clib/hlsmath/include/FloatingPoint/hls_hotbm.h:145:18: fp_struct<float>::fp_struct(float) not inlined into void hotbm_::generic_sincos<float>(float, float*, float*) because it should never be inlined (cost=never)
remark: /wrk/ci/prod/2024.2/hls_product/continuous/495/2024.2/src/shared/hls/clib/hlsmath/include/FloatingPoint/hls_hotbm.h:156:5: void range_redux_payne_hanek_hotbm<29, float, 29, 29>(float, ap_uint<3>&, ap_ufixed<29, 0, (ap_q_mode)5, (ap_o_mode)3, 0>&, ap_ufixed<29, 0, (ap_q_mode)5, (ap_o_mode)3, 0>&, ap_int<fp_struct<float>::EXP_BITS>&) not inlined into void hotbm_::generic_sincos<float>(float, float*, float*) because it should never be inlined (cost=never)
remark: /wrk/ci/prod/2024.2/hls_product/continuous/495/2024.2/src/shared/hls/clib/hlsmath/include/FloatingPoint/hls_hotbm.h:159:5: void hotbm_::value_list<float>::sincos_approximation<29, 29>(ap_uint<3>&, ap_ufixed<29, 0, (ap_q_mode)5, (ap_o_mode)3, 0>&, ap_ufixed<29, 0, (ap_q_mode)5, (ap_o_mode)3, 0>&, ap_int<8>&, ap_ufixed<29, 1, (ap_q_mode)5, (ap_o_mode)3, 0>&, ap_ufixed<29, 1, (ap_q_mode)5, (ap_o_mode)3, 0>&) not inlined into void hotbm_::generic_sincos<float>(float, float*, float*) because it should never be inlined (cost=never)
remark: /wrk/ci/prod/2024.2/hls_product/continuous/495/2024.2/src/shared/hls/clib/hlsmath/include/FloatingPoint/hls_hotbm.h:162:5: void scaled_fixed2ieee<29, 1>(ap_ufixed<29, 1, (ap_q_mode)5, (ap_o_mode)3, 0>, float&, int) not inlined into void hotbm_::generic_sincos<float>(float, float*, float*) because it should never be inlined (cost=never)
remark: /wrk/ci/prod/2024.2/hls_product/continuous/495/2024.2/src/shared/hls/clib/hlsmath/include/FloatingPoint/hls_hotbm.h:200:24: fp_struct<float>::to_ieee() const not inlined into void hotbm_::generic_sincos<float>(float, float*, float*) because it should never be inlined (cost=never)
remark: /wrk/ci/prod/2024.2/hls_product/continuous/495/2024.2/src/shared/hls/clib/hlsmath/src/common/hls_hotbm_float.cpp:132:27: fp_struct<float>::fp_struct(float) not inlined into hotbm_::tan(float) because it should never be inlined (cost=never)
remark: /wrk/ci/prod/2024.2/hls_product/continuous/495/2024.2/src/shared/hls/clib/hlsmath/src/common/hls_hotbm_float.cpp:138:7: void hotbm_::generic_sincos<float>(float, float*, float*) not inlined into hotbm_::tan(float) because it should never be inlined (cost=never)
remark: /wrk/ci/prod/2024.2/hls_product/continuous/495/2024.2/src/shared/hls/clib/hlsmath/src/c++/sincoshotbmfloat.cpp:67:14: hotbm_::tan(float) not inlined into hls::tan(float) because it should never be inlined (cost=never)
remark: /wrk/ci/prod/2024.2/hls_product/continuous/495/2024.2/src/shared/hls/clib/hlsmath/src/c++/sincoshotbmfloat.cpp:71:12: hls::tan(float) not inlined into hls::tanf(float) because it should never be inlined (cost=never)
remark: dynamics.cpp:39:17: hls::cosf(float) not inlined into state_update_fixed(float*, float*, float*, float) because it should never be inlined (cost=never)
remark: dynamics.cpp:40:17: hls::sinf(float) not inlined into state_update_fixed(float*, float*, float*, float) because it should never be inlined (cost=never)
remark: dynamics.cpp:41:17: hls::tanf(float) not inlined into state_update_fixed(float*, float*, float*, float) because it should never be inlined (cost=never)
remark: mppi_control.cpp:470:9: Inlining function 'nearest_waypoint_fixed(float, float, bool, float*, float (*) [4], int&)' into 'precalc_nominal_refs_fixed(float*, float (*) [2], float (*) [4], float (*) [4], float, int&)'
remark: mppi_control.cpp:487:9: Inlining function 'state_update_fixed(float*, float*, float*, float)' into 'precalc_nominal_refs_fixed(float*, float (*) [2], float (*) [4], float (*) [4], float, int&)'
remark: dynamics.cpp:41:17: hls::tanf(float) not inlined into precalc_nominal_refs_fixed(float*, float (*) [2], float (*) [4], float (*) [4], float, int&) because it should never be inlined (cost=never)
remark: mppi_control.cpp:485:9: limit_fixed_safe(float*, float*) not inlined into precalc_nominal_refs_fixed(float*, float (*) [2], float (*) [4], float (*) [4], float, int&) because it should never be inlined (cost=never)
remark: dynamics.cpp:39:17: hls::cosf(float) not inlined into precalc_nominal_refs_fixed(float*, float (*) [2], float (*) [4], float (*) [4], float, int&) because it should never be inlined (cost=never)
remark: dynamics.cpp:40:17: hls::sinf(float) not inlined into precalc_nominal_refs_fixed(float*, float (*) [2], float (*) [4], float (*) [4], float, int&) because it should never be inlined (cost=never)
remark: mppi_control.cpp:720:13: limit_fixed_safe(float*, float*) not inlined into simulate_trajectories_stream(float*, float (*) [2], float*, float*, float, float, hls::stream<TrajectoryPair, 0>&) because it should never be inlined (cost=never)
remark: mppi_control.cpp:721:13: Inlining function 'state_update_fixed(float*, float*, float*, float)' into 'simulate_trajectories_stream(float*, float (*) [2], float*, float*, float, float, hls::stream<TrajectoryPair, 0>&)'
remark: dynamics.cpp:41:17: hls::tanf(float) not inlined into simulate_trajectories_stream(float*, float (*) [2], float*, float*, float, float, hls::stream<TrajectoryPair, 0>&) because it should never be inlined (cost=never)
remark: dynamics.cpp:40:17: hls::sinf(float) not inlined into simulate_trajectories_stream(float*, float (*) [2], float*, float*, float, float, hls::stream<TrajectoryPair, 0>&) because it should never be inlined (cost=never)
remark: dynamics.cpp:39:17: hls::cosf(float) not inlined into simulate_trajectories_stream(float*, float (*) [2], float*, float*, float, float, hls::stream<TrajectoryPair, 0>&) because it should never be inlined (cost=never)
remark: mppi_control.cpp:828:37: Inlining function 'calculate_stage_cost_fixed(float*, float*, bool)' into 'calculate_all_costs_stream(hls::stream<TrajectoryPair, 0>&, float (*) [4], float (*) [2], float*, float, hls::stream<CostOutput, 0>&)'
remark: /wrk/ci/prod/2024.2/hls_product/continuous/495/2024.2/src/shared/hls/clib/hlsmath/src/c++/expfloat.cpp:22:9: Inlining function 'exp_reduce_::exp(float)' into 'hls::expf(float)'
remark: compute_weight.cpp:125:25: Inlining function 'hls::expf(float)' into 'compute_weight_fixed(float*, float*, float)'
remark: mppi_control.cpp:950:5: Inlining function 'compute_weight_fixed(float*, float*, float)' into 'compute_weights_stream(hls::stream<CostOutput, 0>&, float, hls::stream<float, 0>&)'
remark: mppi_control.cpp:1005:5: Inlining function 'average_fixed(float*, float*, int)' into 'accumulate_weighted_noise_stream(hls::stream<float, 0>&, float*, float*, float (*) [2], float (*) [2], float*)'
remark: mppi_control.cpp:243:5: Inlining function 'update_mppi_parameters(float, float, float, float*, float*)' into 'calc_control_input(float*, float (*) [4], float*, float*)'
remark: mppi_control.cpp:322:5: Inlining function 'update_u_prev_buffer(float (*) [2])' into 'calc_control_input(float*, float (*) [4], float*, float*)'
remark: mppi_control.cpp:319:5: limit_fixed_safe(float*, float*) not inlined into calc_control_input(float*, float (*) [4], float*, float*) because it should never be inlined (cost=never)
remark: mppi_control.cpp:246:5: Inlining function 'generategauss_fixed_point(float*, float*)' into 'calc_control_input(float*, float (*) [4], float*, float*)'
remark: gaussian_noise_gen.cpp:40:24: hls::sqrtf(float) not inlined into calc_control_input(float*, float (*) [4], float*, float*) because it should never be inlined (cost=never)
remark: mppi_control.cpp:249:5: Inlining function 'initialize_mppi_fixed(float*, float*, float (*) [2], float*)' into 'calc_control_input(float*, float (*) [4], float*, float*)'
remark: gaussian_noise_gen.cpp:43:25: hls::sinf(float) not inlined into calc_control_input(float*, float (*) [4], float*, float*) because it should never be inlined (cost=never)
remark: mppi_control.cpp:296:2: precalc_nominal_refs_fixed(float*, float (*) [2], float (*) [4], float (*) [4], float, int&) not inlined into calc_control_input(float*, float (*) [4], float*, float*) because it should never be inlined (cost=never)
remark: mppi_control.cpp:299:5: simulate_trajectories_stream(float*, float (*) [2], float*, float*, float, float, hls::stream<TrajectoryPair, 0>&) not inlined into calc_control_input(float*, float (*) [4], float*, float*) because it should never be inlined (cost=never)
remark: mppi_control.cpp:302:5: calculate_all_costs_stream(hls::stream<TrajectoryPair, 0>&, float (*) [4], float (*) [2], float*, float, hls::stream<CostOutput, 0>&) not inlined into calc_control_input(float*, float (*) [4], float*, float*) because it should never be inlined (cost=never)
remark: mppi_control.cpp:308:5: compute_weights_stream(hls::stream<CostOutput, 0>&, float, hls::stream<float, 0>&) not inlined into calc_control_input(float*, float (*) [4], float*, float*) because it should never be inlined (cost=never)
remark: mppi_control.cpp:311:5: accumulate_weighted_noise_stream(hls::stream<float, 0>&, float*, float*, float (*) [2], float (*) [2], float*) not inlined into calc_control_input(float*, float (*) [4], float*, float*) because it should never be inlined (cost=never)
remark: gaussian_noise_gen.cpp:44:25: hls::cosf(float) not inlined into calc_control_input(float*, float (*) [4], float*, float*) because it should never be inlined (cost=never)
remark: costs.cpp:5:9: Adding 'pair' into disaggregation list because there's array-partition pragma applied on the struct field
remark: mppi_control.cpp:296:2: The resource pragma (bind_storage) on top-level function argument, in 'call' is unsupported, please use INTERFACE pragma instead
