In file included from mppi_control.cpp:2:
In file included from ./globals.hpp:5:
In file included from /tools/Xilinx/Vitis/2024.2/common/technology/autopilot/hls_math.h:1054:
In file included from /tools/Xilinx/Vitis/2024.2/common/technology/autopilot/etc/hls_hotbm_apfixed.h:19:
/tools/Xilinx/Vitis/2024.2/common/technology/autopilot/utils/x_hls_utils.h:224:9: warning: HLS pragma dump _XLX_SEP_ PragmaIsValid=1_XLX_SEP_ PragmaType=pipeline_XLX_SEP_ PragmaContext=_XLX_SEP_ PragmaFunction=reg_XLX_SEP_ PragmaOptions=II=1_XLX_SEP_ [-Wdump-hls-pragmas]
#pragma HLS PIPELINE II=1
        ^
/tools/Xilinx/Vitis/2024.2/common/technology/autopilot/utils/x_hls_utils.h:225:9: warning: HLS pragma dump _XLX_SEP_ PragmaIsValid=1_XLX_SEP_ PragmaType=latency_XLX_SEP_ PragmaContext=_XLX_SEP_ PragmaFunction=reg_XLX_SEP_ PragmaOptions=min=1 max=1_XLX_SEP_ [-Wdump-hls-pragmas]
#pragma HLS LATENCY min=1 max=1
        ^
/tools/Xilinx/Vitis/2024.2/common/technology/autopilot/utils/x_hls_utils.h:226:9: warning: HLS pragma dump _XLX_SEP_ PragmaIsValid=1_XLX_SEP_ PragmaType=inline_XLX_SEP_ PragmaContext=_XLX_SEP_ PragmaFunction=reg_XLX_SEP_ PragmaOptions=off_XLX_SEP_ [-Wdump-hls-pragmas]
#pragma HLS INLINE off
        ^
In file included from mppi_control.cpp:2:
In file included from ./globals.hpp:5:
In file included from /tools/Xilinx/Vitis/2024.2/common/technology/autopilot/hls_math.h:1054:
/tools/Xilinx/Vitis/2024.2/common/technology/autopilot/etc/hls_hotbm_apfixed.h:90:9: warning: HLS pragma dump _XLX_SEP_ PragmaIsValid=1_XLX_SEP_ PragmaType=array_partition_XLX_SEP_ PragmaContext=_XLX_SEP_ PragmaFunction=sin_or_cos_approximation_XLX_SEP_ PragmaOptions=variable=swap_table complete_XLX_SEP_ [-Wdump-hls-pragmas]
#pragma HLS array_partition variable=swap_table complete
        ^
/tools/Xilinx/Vitis/2024.2/common/technology/autopilot/etc/hls_hotbm_apfixed.h:91:9: warning: HLS pragma dump _XLX_SEP_ PragmaIsValid=1_XLX_SEP_ PragmaType=bind_storage_XLX_SEP_ PragmaContext=_XLX_SEP_ PragmaFunction=sin_or_cos_approximation_XLX_SEP_ PragmaOptions=variable=fourth_order_double::sin_cos_K0 type=ROM_1P impl=LUTRAM_XLX_SEP_ [-Wdump-hls-pragmas]
#pragma HLS BIND_STORAGE variable=fourth_order_double::sin_cos_K0 type=ROM_1P impl=LUTRAM
        ^
/tools/Xilinx/Vitis/2024.2/common/technology/autopilot/etc/hls_hotbm_apfixed.h:92:9: warning: HLS pragma dump _XLX_SEP_ PragmaIsValid=1_XLX_SEP_ PragmaType=bind_storage_XLX_SEP_ PragmaContext=_XLX_SEP_ PragmaFunction=sin_or_cos_approximation_XLX_SEP_ PragmaOptions=variable=fourth_order_double::sin_cos_K1 type=ROM_1P impl=LUTRAM_XLX_SEP_ [-Wdump-hls-pragmas]
#pragma HLS BIND_STORAGE variable=fourth_order_double::sin_cos_K1 type=ROM_1P impl=LUTRAM
        ^
/tools/Xilinx/Vitis/2024.2/common/technology/autopilot/etc/hls_hotbm_apfixed.h:93:9: warning: HLS pragma dump _XLX_SEP_ PragmaIsValid=1_XLX_SEP_ PragmaType=bind_storage_XLX_SEP_ PragmaContext=_XLX_SEP_ PragmaFunction=sin_or_cos_approximation_XLX_SEP_ PragmaOptions=variable=fourth_order_double::sin_cos_K2 type=ROM_1P impl=LUTRAM_XLX_SEP_ [-Wdump-hls-pragmas]
#pragma HLS BIND_STORAGE variable=fourth_order_double::sin_cos_K2 type=ROM_1P impl=LUTRAM
        ^
/tools/Xilinx/Vitis/2024.2/common/technology/autopilot/etc/hls_hotbm_apfixed.h:94:9: warning: HLS pragma dump _XLX_SEP_ PragmaIsValid=1_XLX_SEP_ PragmaType=bind_storage_XLX_SEP_ PragmaContext=_XLX_SEP_ PragmaFunction=sin_or_cos_approximation_XLX_SEP_ PragmaOptions=variable=fourth_order_double::sin_cos_K3 type=ROM_1P impl=LUTRAM_XLX_SEP_ [-Wdump-hls-pragmas]
#pragma HLS BIND_STORAGE variable=fourth_order_double::sin_cos_K3 type=ROM_1P impl=LUTRAM
        ^
/tools/Xilinx/Vitis/2024.2/common/technology/autopilot/etc/hls_hotbm_apfixed.h:95:9: warning: HLS pragma dump _XLX_SEP_ PragmaIsValid=1_XLX_SEP_ PragmaType=bind_storage_XLX_SEP_ PragmaContext=_XLX_SEP_ PragmaFunction=sin_or_cos_approximation_XLX_SEP_ PragmaOptions=variable=fourth_order_double::sin_cos_K4 type=ROM_1P impl=LUTRAM_XLX_SEP_ [-Wdump-hls-pragmas]
#pragma HLS BIND_STORAGE variable=fourth_order_double::sin_cos_K4 type=ROM_1P impl=LUTRAM
        ^
/tools/Xilinx/Vitis/2024.2/common/technology/autopilot/etc/hls_hotbm_apfixed.h:125:9: warning: HLS pragma dump _XLX_SEP_ PragmaIsValid=1_XLX_SEP_ PragmaType=bind_storage_XLX_SEP_ PragmaContext=_XLX_SEP_ PragmaFunction=sincos_approximation_XLX_SEP_ PragmaOptions=variable=fourth_order_double::cos_K0 type=ROM_1P impl=LUTRAM_XLX_SEP_ [-Wdump-hls-pragmas]
#pragma HLS BIND_STORAGE variable=fourth_order_double::cos_K0 type=ROM_1P impl=LUTRAM
        ^
/tools/Xilinx/Vitis/2024.2/common/technology/autopilot/etc/hls_hotbm_apfixed.h:126:9: warning: HLS pragma dump _XLX_SEP_ PragmaIsValid=1_XLX_SEP_ PragmaType=bind_storage_XLX_SEP_ PragmaContext=_XLX_SEP_ PragmaFunction=sincos_approximation_XLX_SEP_ PragmaOptions=variable=fourth_order_double::cos_K1 type=ROM_1P impl=LUTRAM_XLX_SEP_ [-Wdump-hls-pragmas]
#pragma HLS BIND_STORAGE variable=fourth_order_double::cos_K1 type=ROM_1P impl=LUTRAM
        ^
/tools/Xilinx/Vitis/2024.2/common/technology/autopilot/etc/hls_hotbm_apfixed.h:127:9: warning: HLS pragma dump _XLX_SEP_ PragmaIsValid=1_XLX_SEP_ PragmaType=bind_storage_XLX_SEP_ PragmaContext=_XLX_SEP_ PragmaFunction=sincos_approximation_XLX_SEP_ PragmaOptions=variable=fourth_order_double::cos_K2 type=ROM_1P impl=LUTRAM_XLX_SEP_ [-Wdump-hls-pragmas]
#pragma HLS BIND_STORAGE variable=fourth_order_double::cos_K2 type=ROM_1P impl=LUTRAM
        ^
/tools/Xilinx/Vitis/2024.2/common/technology/autopilot/etc/hls_hotbm_apfixed.h:128:9: warning: HLS pragma dump _XLX_SEP_ PragmaIsValid=1_XLX_SEP_ PragmaType=bind_storage_XLX_SEP_ PragmaContext=_XLX_SEP_ PragmaFunction=sincos_approximation_XLX_SEP_ PragmaOptions=variable=fourth_order_double::cos_K3 type=ROM_1P impl=LUTRAM_XLX_SEP_ [-Wdump-hls-pragmas]
#pragma HLS BIND_STORAGE variable=fourth_order_double::cos_K3 type=ROM_1P impl=LUTRAM
        ^
/tools/Xilinx/Vitis/2024.2/common/technology/autopilot/etc/hls_hotbm_apfixed.h:129:9: warning: HLS pragma dump _XLX_SEP_ PragmaIsValid=1_XLX_SEP_ PragmaType=bind_storage_XLX_SEP_ PragmaContext=_XLX_SEP_ PragmaFunction=sincos_approximation_XLX_SEP_ PragmaOptions=variable=fourth_order_double::cos_K4 type=ROM_1P impl=LUTRAM_XLX_SEP_ [-Wdump-hls-pragmas]
#pragma HLS BIND_STORAGE variable=fourth_order_double::cos_K4 type=ROM_1P impl=LUTRAM
        ^
/tools/Xilinx/Vitis/2024.2/common/technology/autopilot/etc/hls_hotbm_apfixed.h:130:9: warning: HLS pragma dump _XLX_SEP_ PragmaIsValid=1_XLX_SEP_ PragmaType=bind_storage_XLX_SEP_ PragmaContext=_XLX_SEP_ PragmaFunction=sincos_approximation_XLX_SEP_ PragmaOptions=variable=fourth_order_double::sin_K0 type=ROM_1P impl=LUTRAM_XLX_SEP_ [-Wdump-hls-pragmas]
#pragma HLS BIND_STORAGE variable=fourth_order_double::sin_K0 type=ROM_1P impl=LUTRAM
        ^
/tools/Xilinx/Vitis/2024.2/common/technology/autopilot/etc/hls_hotbm_apfixed.h:131:9: warning: HLS pragma dump _XLX_SEP_ PragmaIsValid=1_XLX_SEP_ PragmaType=bind_storage_XLX_SEP_ PragmaContext=_XLX_SEP_ PragmaFunction=sincos_approximation_XLX_SEP_ PragmaOptions=variable=fourth_order_double::sin_K1 type=ROM_1P impl=LUTRAM_XLX_SEP_ [-Wdump-hls-pragmas]
#pragma HLS BIND_STORAGE variable=fourth_order_double::sin_K1 type=ROM_1P impl=LUTRAM
        ^
/tools/Xilinx/Vitis/2024.2/common/technology/autopilot/etc/hls_hotbm_apfixed.h:132:9: warning: HLS pragma dump _XLX_SEP_ PragmaIsValid=1_XLX_SEP_ PragmaType=bind_storage_XLX_SEP_ PragmaContext=_XLX_SEP_ PragmaFunction=sincos_approximation_XLX_SEP_ PragmaOptions=variable=fourth_order_double::sin_K2 type=ROM_1P impl=LUTRAM_XLX_SEP_ [-Wdump-hls-pragmas]
#pragma HLS BIND_STORAGE variable=fourth_order_double::sin_K2 type=ROM_1P impl=LUTRAM
        ^
/tools/Xilinx/Vitis/2024.2/common/technology/autopilot/etc/hls_hotbm_apfixed.h:133:9: warning: HLS pragma dump _XLX_SEP_ PragmaIsValid=1_XLX_SEP_ PragmaType=bind_storage_XLX_SEP_ PragmaContext=_XLX_SEP_ PragmaFunction=sincos_approximation_XLX_SEP_ PragmaOptions=variable=fourth_order_double::sin_K3 type=ROM_1P impl=LUTRAM_XLX_SEP_ [-Wdump-hls-pragmas]
#pragma HLS BIND_STORAGE variable=fourth_order_double::sin_K3 type=ROM_1P impl=LUTRAM
        ^
/tools/Xilinx/Vitis/2024.2/common/technology/autopilot/etc/hls_hotbm_apfixed.h:134:9: warning: HLS pragma dump _XLX_SEP_ PragmaIsValid=1_XLX_SEP_ PragmaType=bind_storage_XLX_SEP_ PragmaContext=_XLX_SEP_ PragmaFunction=sincos_approximation_XLX_SEP_ PragmaOptions=variable=fourth_order_double::sin_K4 type=ROM_1P impl=LUTRAM_XLX_SEP_ [-Wdump-hls-pragmas]
#pragma HLS BIND_STORAGE variable=fourth_order_double::sin_K4 type=ROM_1P impl=LUTRAM
        ^
/tools/Xilinx/Vitis/2024.2/common/technology/autopilot/etc/hls_hotbm_apfixed.h:183:9: warning: HLS pragma dump _XLX_SEP_ PragmaIsValid=1_XLX_SEP_ PragmaType=array_partition_XLX_SEP_ PragmaContext=_XLX_SEP_ PragmaFunction=sin_or_cos_approximation_XLX_SEP_ PragmaOptions=variable=swap_table complete_XLX_SEP_ [-Wdump-hls-pragmas]
#pragma HLS array_partition variable=swap_table complete
        ^
/tools/Xilinx/Vitis/2024.2/common/technology/autopilot/etc/hls_hotbm_apfixed.h:184:9: warning: HLS pragma dump _XLX_SEP_ PragmaIsValid=1_XLX_SEP_ PragmaType=bind_storage_XLX_SEP_ PragmaContext=_XLX_SEP_ PragmaFunction=sin_or_cos_approximation_XLX_SEP_ PragmaOptions=variable=second_order_float::sin_cos_K0 type=ROM_1P impl=LUTRAM_XLX_SEP_ [-Wdump-hls-pragmas]
#pragma HLS BIND_STORAGE variable=second_order_float::sin_cos_K0 type=ROM_1P impl=LUTRAM
        ^
/tools/Xilinx/Vitis/2024.2/common/technology/autopilot/etc/hls_hotbm_apfixed.h:185:9: warning: HLS pragma dump _XLX_SEP_ PragmaIsValid=1_XLX_SEP_ PragmaType=bind_storage_XLX_SEP_ PragmaContext=_XLX_SEP_ PragmaFunction=sin_or_cos_approximation_XLX_SEP_ PragmaOptions=variable=second_order_float::sin_cos_K1 type=ROM_1P impl=LUTRAM_XLX_SEP_ [-Wdump-hls-pragmas]
#pragma HLS BIND_STORAGE variable=second_order_float::sin_cos_K1 type=ROM_1P impl=LUTRAM
        ^
/tools/Xilinx/Vitis/2024.2/common/technology/autopilot/etc/hls_hotbm_apfixed.h:186:9: warning: HLS pragma dump _XLX_SEP_ PragmaIsValid=1_XLX_SEP_ PragmaType=bind_storage_XLX_SEP_ PragmaContext=_XLX_SEP_ PragmaFunction=sin_or_cos_approximation_XLX_SEP_ PragmaOptions=variable=second_order_float::sin_cos_K2 type=ROM_1P impl=LUTRAM_XLX_SEP_ [-Wdump-hls-pragmas]
#pragma HLS BIND_STORAGE variable=second_order_float::sin_cos_K2 type=ROM_1P impl=LUTRAM
        ^
/tools/Xilinx/Vitis/2024.2/common/technology/autopilot/etc/hls_hotbm_apfixed.h:213:9: warning: HLS pragma dump _XLX_SEP_ PragmaIsValid=1_XLX_SEP_ PragmaType=bind_storage_XLX_SEP_ PragmaContext=_XLX_SEP_ PragmaFunction=sincos_approximation_XLX_SEP_ PragmaOptions=variable=second_order_float::cos_K0 type=ROM_1P impl=LUTRAM_XLX_SEP_ [-Wdump-hls-pragmas]
#pragma HLS BIND_STORAGE variable=second_order_float::cos_K0 type=ROM_1P impl=LUTRAM
        ^
/tools/Xilinx/Vitis/2024.2/common/technology/autopilot/etc/hls_hotbm_apfixed.h:214:9: warning: HLS pragma dump _XLX_SEP_ PragmaIsValid=1_XLX_SEP_ PragmaType=bind_storage_XLX_SEP_ PragmaContext=_XLX_SEP_ PragmaFunction=sincos_approximation_XLX_SEP_ PragmaOptions=variable=second_order_float::cos_K1 type=ROM_1P impl=LUTRAM_XLX_SEP_ [-Wdump-hls-pragmas]
#pragma HLS BIND_STORAGE variable=second_order_float::cos_K1 type=ROM_1P impl=LUTRAM
        ^
/tools/Xilinx/Vitis/2024.2/common/technology/autopilot/etc/hls_hotbm_apfixed.h:215:9: warning: HLS pragma dump _XLX_SEP_ PragmaIsValid=1_XLX_SEP_ PragmaType=bind_storage_XLX_SEP_ PragmaContext=_XLX_SEP_ PragmaFunction=sincos_approximation_XLX_SEP_ PragmaOptions=variable=second_order_float::cos_K2 type=ROM_1P impl=LUTRAM_XLX_SEP_ [-Wdump-hls-pragmas]
#pragma HLS BIND_STORAGE variable=second_order_float::cos_K2 type=ROM_1P impl=LUTRAM
        ^
/tools/Xilinx/Vitis/2024.2/common/technology/autopilot/etc/hls_hotbm_apfixed.h:216:9: warning: HLS pragma dump _XLX_SEP_ PragmaIsValid=1_XLX_SEP_ PragmaType=bind_storage_XLX_SEP_ PragmaContext=_XLX_SEP_ PragmaFunction=sincos_approximation_XLX_SEP_ PragmaOptions=variable=second_order_float::sin_K0 type=ROM_1P impl=LUTRAM_XLX_SEP_ [-Wdump-hls-pragmas]
#pragma HLS BIND_STORAGE variable=second_order_float::sin_K0 type=ROM_1P impl=LUTRAM
        ^
/tools/Xilinx/Vitis/2024.2/common/technology/autopilot/etc/hls_hotbm_apfixed.h:217:9: warning: HLS pragma dump _XLX_SEP_ PragmaIsValid=1_XLX_SEP_ PragmaType=bind_storage_XLX_SEP_ PragmaContext=_XLX_SEP_ PragmaFunction=sincos_approximation_XLX_SEP_ PragmaOptions=variable=second_order_float::sin_K1 type=ROM_1P impl=LUTRAM_XLX_SEP_ [-Wdump-hls-pragmas]
#pragma HLS BIND_STORAGE variable=second_order_float::sin_K1 type=ROM_1P impl=LUTRAM
        ^
/tools/Xilinx/Vitis/2024.2/common/technology/autopilot/etc/hls_hotbm_apfixed.h:218:9: warning: HLS pragma dump _XLX_SEP_ PragmaIsValid=1_XLX_SEP_ PragmaType=bind_storage_XLX_SEP_ PragmaContext=_XLX_SEP_ PragmaFunction=sincos_approximation_XLX_SEP_ PragmaOptions=variable=second_order_float::sin_K2 type=ROM_1P impl=LUTRAM_XLX_SEP_ [-Wdump-hls-pragmas]
#pragma HLS BIND_STORAGE variable=second_order_float::sin_K2 type=ROM_1P impl=LUTRAM
        ^
/tools/Xilinx/Vitis/2024.2/common/technology/autopilot/etc/hls_hotbm_apfixed.h:254:9: warning: HLS pragma dump _XLX_SEP_ PragmaIsValid=1_XLX_SEP_ PragmaType=bind_storage_XLX_SEP_ PragmaContext=_XLX_SEP_ PragmaFunction=sin_or_cos_approximation_XLX_SEP_ PragmaOptions=variable=first_order_fixed_16::sin_cos_K0 type=ROM_1P impl=LUTRAM_XLX_SEP_ [-Wdump-hls-pragmas]
#pragma HLS BIND_STORAGE variable=first_order_fixed_16::sin_cos_K0 type=ROM_1P impl=LUTRAM
        ^
/tools/Xilinx/Vitis/2024.2/common/technology/autopilot/etc/hls_hotbm_apfixed.h:255:9: warning: HLS pragma dump _XLX_SEP_ PragmaIsValid=1_XLX_SEP_ PragmaType=bind_storage_XLX_SEP_ PragmaContext=_XLX_SEP_ PragmaFunction=sin_or_cos_approximation_XLX_SEP_ PragmaOptions=variable=first_order_fixed_16::sin_cos_K1 type=ROM_1P impl=LUTRAM_XLX_SEP_ [-Wdump-hls-pragmas]
#pragma HLS BIND_STORAGE variable=first_order_fixed_16::sin_cos_K1 type=ROM_1P impl=LUTRAM
        ^
/tools/Xilinx/Vitis/2024.2/common/technology/autopilot/etc/hls_hotbm_apfixed.h:284:9: warning: HLS pragma dump _XLX_SEP_ PragmaIsValid=1_XLX_SEP_ PragmaType=array_partition_XLX_SEP_ PragmaContext=_XLX_SEP_ PragmaFunction=sinf_or_cosf_XLX_SEP_ PragmaOptions=variable=swap_table complete_XLX_SEP_ [-Wdump-hls-pragmas]
#pragma HLS array_partition variable=swap_table complete
        ^
/tools/Xilinx/Vitis/2024.2/common/technology/autopilot/etc/hls_hotbm_apfixed.h:285:9: warning: HLS pragma dump _XLX_SEP_ PragmaIsValid=1_XLX_SEP_ PragmaType=array_partition_XLX_SEP_ PragmaContext=_XLX_SEP_ PragmaFunction=sinf_or_cosf_XLX_SEP_ PragmaOptions=variable=neg_sin_table complete_XLX_SEP_ [-Wdump-hls-pragmas]
#pragma HLS array_partition variable=neg_sin_table complete
        ^
/tools/Xilinx/Vitis/2024.2/common/technology/autopilot/etc/hls_hotbm_apfixed.h:286:9: warning: HLS pragma dump _XLX_SEP_ PragmaIsValid=1_XLX_SEP_ PragmaType=array_partition_XLX_SEP_ PragmaContext=_XLX_SEP_ PragmaFunction=sinf_or_cosf_XLX_SEP_ PragmaOptions=variable=neg_cos_table complete_XLX_SEP_ [-Wdump-hls-pragmas]
#pragma HLS array_partition variable=neg_cos_table complete
        ^
/tools/Xilinx/Vitis/2024.2/common/technology/autopilot/etc/hls_hotbm_apfixed.h:356:9: warning: HLS pragma dump _XLX_SEP_ PragmaIsValid=1_XLX_SEP_ PragmaType=array_partition_XLX_SEP_ PragmaContext=_XLX_SEP_ PragmaFunction=sinf_or_cosf_XLX_SEP_ PragmaOptions=variable=swap_table complete_XLX_SEP_ [-Wdump-hls-pragmas]
#pragma HLS array_partition variable=swap_table complete
        ^
/tools/Xilinx/Vitis/2024.2/common/technology/autopilot/etc/hls_hotbm_apfixed.h:357:9: warning: HLS pragma dump _XLX_SEP_ PragmaIsValid=1_XLX_SEP_ PragmaType=array_partition_XLX_SEP_ PragmaContext=_XLX_SEP_ PragmaFunction=sinf_or_cosf_XLX_SEP_ PragmaOptions=variable=neg_sin_table complete_XLX_SEP_ [-Wdump-hls-pragmas]
#pragma HLS array_partition variable=neg_sin_table complete
        ^
/tools/Xilinx/Vitis/2024.2/common/technology/autopilot/etc/hls_hotbm_apfixed.h:358:9: warning: HLS pragma dump _XLX_SEP_ PragmaIsValid=1_XLX_SEP_ PragmaType=array_partition_XLX_SEP_ PragmaContext=_XLX_SEP_ PragmaFunction=sinf_or_cosf_XLX_SEP_ PragmaOptions=variable=neg_cos_table complete_XLX_SEP_ [-Wdump-hls-pragmas]
#pragma HLS array_partition variable=neg_cos_table complete
        ^
/tools/Xilinx/Vitis/2024.2/common/technology/autopilot/etc/hls_hotbm_apfixed.h:427:9: warning: HLS pragma dump _XLX_SEP_ PragmaIsValid=1_XLX_SEP_ PragmaType=array_partition_XLX_SEP_ PragmaContext=_XLX_SEP_ PragmaFunction=sinf_or_cosf_XLX_SEP_ PragmaOptions=variable=neg_sin_table complete_XLX_SEP_ [-Wdump-hls-pragmas]
#pragma HLS array_partition variable=neg_sin_table complete
        ^
/tools/Xilinx/Vitis/2024.2/common/technology/autopilot/etc/hls_hotbm_apfixed.h:428:9: warning: HLS pragma dump _XLX_SEP_ PragmaIsValid=1_XLX_SEP_ PragmaType=array_partition_XLX_SEP_ PragmaContext=_XLX_SEP_ PragmaFunction=sinf_or_cosf_XLX_SEP_ PragmaOptions=variable=neg_cos_table complete_XLX_SEP_ [-Wdump-hls-pragmas]
#pragma HLS array_partition variable=neg_cos_table complete
        ^
In file included from mppi_control.cpp:2:
In file included from ./globals.hpp:5:
In file included from /tools/Xilinx/Vitis/2024.2/common/technology/autopilot/hls_math.h:1054:
/tools/Xilinx/Vitis/2024.2/common/technology/autopilot/etc/hls_cordic_apfixed.h:62:9: warning: HLS pragma dump _XLX_SEP_ PragmaIsValid=1_XLX_SEP_ PragmaType=pipeline_XLX_SEP_ PragmaContext=_XLX_SEP_ PragmaFunction=cordic_circ_apfixed_XLX_SEP_ PragmaOptions=_XLX_SEP_ [-Wdump-hls-pragmas]
#pragma HLS pipeline
        ^
/tools/Xilinx/Vitis/2024.2/common/technology/autopilot/etc/hls_cordic_apfixed.h:120:9: warning: HLS pragma dump _XLX_SEP_ PragmaIsValid=1_XLX_SEP_ PragmaType=pipeline_XLX_SEP_ PragmaContext=_XLX_SEP_ PragmaFunction=doublecordic_apfixed_XLX_SEP_ PragmaOptions=II=5_XLX_SEP_ [-Wdump-hls-pragmas]
#pragma HLS pipeline II=5
        ^
/tools/Xilinx/Vitis/2024.2/common/technology/autopilot/etc/hls_cordic_apfixed.h:123:9: warning: HLS pragma dump _XLX_SEP_ PragmaIsValid=1_XLX_SEP_ PragmaType=pipeline_XLX_SEP_ PragmaContext=_XLX_SEP_ PragmaFunction=doublecordic_apfixed_XLX_SEP_ PragmaOptions=II=3_XLX_SEP_ [-Wdump-hls-pragmas]
#pragma HLS pipeline II=3
        ^
/tools/Xilinx/Vitis/2024.2/common/technology/autopilot/etc/hls_cordic_apfixed.h:126:9: warning: HLS pragma dump _XLX_SEP_ PragmaIsValid=1_XLX_SEP_ PragmaType=pipeline_XLX_SEP_ PragmaContext=_XLX_SEP_ PragmaFunction=doublecordic_apfixed_XLX_SEP_ PragmaOptions=II=1_XLX_SEP_ [-Wdump-hls-pragmas]
#pragma HLS pipeline II=1
        ^
/tools/Xilinx/Vitis/2024.2/common/technology/autopilot/etc/hls_cordic_apfixed.h:129:9: warning: HLS pragma dump _XLX_SEP_ PragmaIsValid=1_XLX_SEP_ PragmaType=pipeline_XLX_SEP_ PragmaContext=_XLX_SEP_ PragmaFunction=doublecordic_apfixed_XLX_SEP_ PragmaOptions=II=4_XLX_SEP_ [-Wdump-hls-pragmas]
#pragma HLS pipeline II=4
        ^
/tools/Xilinx/Vitis/2024.2/common/technology/autopilot/etc/hls_cordic_apfixed.h:290:9: warning: HLS pragma dump _XLX_SEP_ PragmaIsValid=1_XLX_SEP_ PragmaType=unroll_XLX_SEP_ PragmaContext=_XLX_SEP_ PragmaFunction=generic_tan_XLX_SEP_ PragmaOptions=_XLX_SEP_ [-Wdump-hls-pragmas]
#pragma HLS UNROLL
        ^
/tools/Xilinx/Vitis/2024.2/common/technology/autopilot/etc/hls_cordic_apfixed.h:450:9: warning: HLS pragma dump _XLX_SEP_ PragmaIsValid=1_XLX_SEP_ PragmaType=unroll_XLX_SEP_ PragmaContext=_XLX_SEP_ PragmaFunction=generic_tanpi_XLX_SEP_ PragmaOptions=_XLX_SEP_ [-Wdump-hls-pragmas]
#pragma HLS UNROLL
        ^
/tools/Xilinx/Vitis/2024.2/common/technology/autopilot/etc/hls_cordic_apfixed.h:630:9: warning: HLS pragma dump _XLX_SEP_ PragmaIsValid=1_XLX_SEP_ PragmaType=unroll_XLX_SEP_ PragmaContext=_XLX_SEP_ PragmaFunction=generic_atan2_XLX_SEP_ PragmaOptions=_XLX_SEP_ [-Wdump-hls-pragmas]
#pragma HLS UNROLL
        ^
/tools/Xilinx/Vitis/2024.2/common/technology/autopilot/etc/hls_cordic_apfixed.h:634:9: warning: HLS pragma dump _XLX_SEP_ PragmaIsValid=1_XLX_SEP_ PragmaType=unroll_XLX_SEP_ PragmaContext=_XLX_SEP_ PragmaFunction=generic_atan2_XLX_SEP_ PragmaOptions=_XLX_SEP_ [-Wdump-hls-pragmas]
#pragma HLS UNROLL
        ^
/tools/Xilinx/Vitis/2024.2/common/technology/autopilot/etc/hls_cordic_apfixed.h:841:9: warning: HLS pragma dump _XLX_SEP_ PragmaIsValid=1_XLX_SEP_ PragmaType=unroll_XLX_SEP_ PragmaContext=_XLX_SEP_ PragmaFunction=sinh_cosh_range_redux_cordic_XLX_SEP_ PragmaOptions=_XLX_SEP_ [-Wdump-hls-pragmas]
#pragma HLS UNROLL
        ^
/tools/Xilinx/Vitis/2024.2/common/technology/autopilot/etc/hls_cordic_apfixed.h:860:9: warning: HLS pragma dump _XLX_SEP_ PragmaIsValid=1_XLX_SEP_ PragmaType=unroll_XLX_SEP_ PragmaContext=_XLX_SEP_ PragmaFunction=sinh_cosh_range_redux_cordic_XLX_SEP_ PragmaOptions=_XLX_SEP_ [-Wdump-hls-pragmas]
#pragma HLS UNROLL
        ^
In file included from mppi_control.cpp:2:
In file included from ./globals.hpp:5:
In file included from /tools/Xilinx/Vitis/2024.2/common/technology/autopilot/hls_math.h:1055:
/tools/Xilinx/Vitis/2024.2/common/technology/autopilot/etc/hls_exp_apfixed.h:15:9: warning: HLS pragma dump _XLX_SEP_ PragmaIsValid=1_XLX_SEP_ PragmaType=pipeline_XLX_SEP_ PragmaContext=_XLX_SEP_ PragmaFunction=exp_XLX_SEP_ PragmaOptions=_XLX_SEP_ [-Wdump-hls-pragmas]
#pragma HLS pipeline
        ^
/tools/Xilinx/Vitis/2024.2/common/technology/autopilot/etc/hls_exp_apfixed.h:69:9: warning: HLS pragma dump _XLX_SEP_ PragmaIsValid=1_XLX_SEP_ PragmaType=unroll_XLX_SEP_ PragmaContext=_XLX_SEP_ PragmaFunction=exp_XLX_SEP_ PragmaOptions=_XLX_SEP_ [-Wdump-hls-pragmas]
#pragma HLS unroll
        ^
/tools/Xilinx/Vitis/2024.2/common/technology/autopilot/etc/hls_exp_apfixed.h:75:9: warning: HLS pragma dump _XLX_SEP_ PragmaIsValid=1_XLX_SEP_ PragmaType=unroll_XLX_SEP_ PragmaContext=_XLX_SEP_ PragmaFunction=exp_XLX_SEP_ PragmaOptions=_XLX_SEP_ [-Wdump-hls-pragmas]
#pragma HLS unroll
        ^
/tools/Xilinx/Vitis/2024.2/common/technology/autopilot/etc/hls_exp_apfixed.h:79:9: warning: HLS pragma dump _XLX_SEP_ PragmaIsValid=1_XLX_SEP_ PragmaType=unroll_XLX_SEP_ PragmaContext=_XLX_SEP_ PragmaFunction=exp_XLX_SEP_ PragmaOptions=_XLX_SEP_ [-Wdump-hls-pragmas]
#pragma HLS unroll
        ^
/tools/Xilinx/Vitis/2024.2/common/technology/autopilot/etc/hls_exp_apfixed.h:146:9: warning: HLS pragma dump _XLX_SEP_ PragmaIsValid=1_XLX_SEP_ PragmaType=unroll_XLX_SEP_ PragmaContext=_XLX_SEP_ PragmaFunction=exp_XLX_SEP_ PragmaOptions=_XLX_SEP_ [-Wdump-hls-pragmas]
#pragma HLS unroll
        ^
/tools/Xilinx/Vitis/2024.2/common/technology/autopilot/etc/hls_exp_apfixed.h:152:9: warning: HLS pragma dump _XLX_SEP_ PragmaIsValid=1_XLX_SEP_ PragmaType=unroll_XLX_SEP_ PragmaContext=_XLX_SEP_ PragmaFunction=exp_XLX_SEP_ PragmaOptions=_XLX_SEP_ [-Wdump-hls-pragmas]
#pragma HLS unroll
        ^
/tools/Xilinx/Vitis/2024.2/common/technology/autopilot/etc/hls_exp_apfixed.h:156:9: warning: HLS pragma dump _XLX_SEP_ PragmaIsValid=1_XLX_SEP_ PragmaType=unroll_XLX_SEP_ PragmaContext=_XLX_SEP_ PragmaFunction=exp_XLX_SEP_ PragmaOptions=_XLX_SEP_ [-Wdump-hls-pragmas]
#pragma HLS unroll
        ^
/tools/Xilinx/Vitis/2024.2/common/technology/autopilot/etc/hls_exp_apfixed.h:171:9: warning: HLS pragma dump _XLX_SEP_ PragmaIsValid=1_XLX_SEP_ PragmaType=unroll_XLX_SEP_ PragmaContext=_XLX_SEP_ PragmaFunction=exp_XLX_SEP_ PragmaOptions=_XLX_SEP_ [-Wdump-hls-pragmas]
#pragma HLS unroll
        ^
/tools/Xilinx/Vitis/2024.2/common/technology/autopilot/etc/hls_exp_apfixed.h:179:9: warning: HLS pragma dump _XLX_SEP_ PragmaIsValid=1_XLX_SEP_ PragmaType=unroll_XLX_SEP_ PragmaContext=_XLX_SEP_ PragmaFunction=exp_XLX_SEP_ PragmaOptions=_XLX_SEP_ [-Wdump-hls-pragmas]
#pragma HLS unroll
        ^
/tools/Xilinx/Vitis/2024.2/common/technology/autopilot/etc/hls_exp_apfixed.h:244:9: warning: HLS pragma dump _XLX_SEP_ PragmaIsValid=1_XLX_SEP_ PragmaType=unroll_XLX_SEP_ PragmaContext=_XLX_SEP_ PragmaFunction=exp_XLX_SEP_ PragmaOptions=_XLX_SEP_ [-Wdump-hls-pragmas]
#pragma HLS unroll
        ^
/tools/Xilinx/Vitis/2024.2/common/technology/autopilot/etc/hls_exp_apfixed.h:250:9: warning: HLS pragma dump _XLX_SEP_ PragmaIsValid=1_XLX_SEP_ PragmaType=unroll_XLX_SEP_ PragmaContext=_XLX_SEP_ PragmaFunction=exp_XLX_SEP_ PragmaOptions=_XLX_SEP_ [-Wdump-hls-pragmas]
#pragma HLS unroll
        ^
/tools/Xilinx/Vitis/2024.2/common/technology/autopilot/etc/hls_exp_apfixed.h:254:9: warning: HLS pragma dump _XLX_SEP_ PragmaIsValid=1_XLX_SEP_ PragmaType=unroll_XLX_SEP_ PragmaContext=_XLX_SEP_ PragmaFunction=exp_XLX_SEP_ PragmaOptions=_XLX_SEP_ [-Wdump-hls-pragmas]
#pragma HLS unroll
        ^
/tools/Xilinx/Vitis/2024.2/common/technology/autopilot/etc/hls_exp_apfixed.h:269:9: warning: HLS pragma dump _XLX_SEP_ PragmaIsValid=1_XLX_SEP_ PragmaType=unroll_XLX_SEP_ PragmaContext=_XLX_SEP_ PragmaFunction=exp_XLX_SEP_ PragmaOptions=_XLX_SEP_ [-Wdump-hls-pragmas]
#pragma HLS unroll
        ^
/tools/Xilinx/Vitis/2024.2/common/technology/autopilot/etc/hls_exp_apfixed.h:277:9: warning: HLS pragma dump _XLX_SEP_ PragmaIsValid=1_XLX_SEP_ PragmaType=unroll_XLX_SEP_ PragmaContext=_XLX_SEP_ PragmaFunction=exp_XLX_SEP_ PragmaOptions=_XLX_SEP_ [-Wdump-hls-pragmas]
#pragma HLS unroll
        ^
/tools/Xilinx/Vitis/2024.2/common/technology/autopilot/etc/hls_exp_apfixed.h:506:9: warning: HLS pragma dump _XLX_SEP_ PragmaIsValid=1_XLX_SEP_ PragmaType=unroll_XLX_SEP_ PragmaContext=_XLX_SEP_ PragmaFunction=exp_XLX_SEP_ PragmaOptions=_XLX_SEP_ [-Wdump-hls-pragmas]
#pragma HLS unroll
        ^
/tools/Xilinx/Vitis/2024.2/common/technology/autopilot/etc/hls_exp_apfixed.h:512:9: warning: HLS pragma dump _XLX_SEP_ PragmaIsValid=1_XLX_SEP_ PragmaType=unroll_XLX_SEP_ PragmaContext=_XLX_SEP_ PragmaFunction=exp_XLX_SEP_ PragmaOptions=_XLX_SEP_ [-Wdump-hls-pragmas]
#pragma HLS unroll
        ^
/tools/Xilinx/Vitis/2024.2/common/technology/autopilot/etc/hls_exp_apfixed.h:516:9: warning: HLS pragma dump _XLX_SEP_ PragmaIsValid=1_XLX_SEP_ PragmaType=unroll_XLX_SEP_ PragmaContext=_XLX_SEP_ PragmaFunction=exp_XLX_SEP_ PragmaOptions=_XLX_SEP_ [-Wdump-hls-pragmas]
#pragma HLS unroll
        ^
/tools/Xilinx/Vitis/2024.2/common/technology/autopilot/etc/hls_exp_apfixed.h:526:9: warning: HLS pragma dump _XLX_SEP_ PragmaIsValid=1_XLX_SEP_ PragmaType=unroll_XLX_SEP_ PragmaContext=_XLX_SEP_ PragmaFunction=exp_XLX_SEP_ PragmaOptions=_XLX_SEP_ [-Wdump-hls-pragmas]
#pragma HLS unroll
        ^
/tools/Xilinx/Vitis/2024.2/common/technology/autopilot/etc/hls_exp_apfixed.h:530:9: warning: HLS pragma dump _XLX_SEP_ PragmaIsValid=1_XLX_SEP_ PragmaType=unroll_XLX_SEP_ PragmaContext=_XLX_SEP_ PragmaFunction=exp_XLX_SEP_ PragmaOptions=_XLX_SEP_ [-Wdump-hls-pragmas]
#pragma HLS unroll
        ^
/tools/Xilinx/Vitis/2024.2/common/technology/autopilot/etc/hls_exp_apfixed.h:540:9: warning: HLS pragma dump _XLX_SEP_ PragmaIsValid=1_XLX_SEP_ PragmaType=unroll_XLX_SEP_ PragmaContext=_XLX_SEP_ PragmaFunction=exp_XLX_SEP_ PragmaOptions=_XLX_SEP_ [-Wdump-hls-pragmas]
#pragma HLS unroll
        ^
/tools/Xilinx/Vitis/2024.2/common/technology/autopilot/etc/hls_exp_apfixed.h:548:9: warning: HLS pragma dump _XLX_SEP_ PragmaIsValid=1_XLX_SEP_ PragmaType=unroll_XLX_SEP_ PragmaContext=_XLX_SEP_ PragmaFunction=exp_XLX_SEP_ PragmaOptions=_XLX_SEP_ [-Wdump-hls-pragmas]
#pragma HLS unroll
        ^
/tools/Xilinx/Vitis/2024.2/common/technology/autopilot/etc/hls_exp_apfixed.h:909:9: warning: HLS pragma dump _XLX_SEP_ PragmaIsValid=1_XLX_SEP_ PragmaType=unroll_XLX_SEP_ PragmaContext=_XLX_SEP_ PragmaFunction=exp_XLX_SEP_ PragmaOptions=_XLX_SEP_ [-Wdump-hls-pragmas]
#pragma HLS unroll
        ^
/tools/Xilinx/Vitis/2024.2/common/technology/autopilot/etc/hls_exp_apfixed.h:915:9: warning: HLS pragma dump _XLX_SEP_ PragmaIsValid=1_XLX_SEP_ PragmaType=unroll_XLX_SEP_ PragmaContext=_XLX_SEP_ PragmaFunction=exp_XLX_SEP_ PragmaOptions=_XLX_SEP_ [-Wdump-hls-pragmas]
#pragma HLS unroll
        ^
/tools/Xilinx/Vitis/2024.2/common/technology/autopilot/etc/hls_exp_apfixed.h:919:9: warning: HLS pragma dump _XLX_SEP_ PragmaIsValid=1_XLX_SEP_ PragmaType=unroll_XLX_SEP_ PragmaContext=_XLX_SEP_ PragmaFunction=exp_XLX_SEP_ PragmaOptions=_XLX_SEP_ [-Wdump-hls-pragmas]
#pragma HLS unroll
        ^
/tools/Xilinx/Vitis/2024.2/common/technology/autopilot/etc/hls_exp_apfixed.h:933:9: warning: HLS pragma dump _XLX_SEP_ PragmaIsValid=1_XLX_SEP_ PragmaType=pipeline_XLX_SEP_ PragmaContext=_XLX_SEP_ PragmaFunction=exp_core_XLX_SEP_ PragmaOptions=_XLX_SEP_ [-Wdump-hls-pragmas]
#pragma HLS pipeline
        ^
/tools/Xilinx/Vitis/2024.2/common/technology/autopilot/etc/hls_exp_apfixed.h:1035:9: warning: HLS pragma dump _XLX_SEP_ PragmaIsValid=1_XLX_SEP_ PragmaType=unroll_XLX_SEP_ PragmaContext=_XLX_SEP_ PragmaFunction=exp_core_XLX_SEP_ PragmaOptions=_XLX_SEP_ [-Wdump-hls-pragmas]
#pragma HLS unroll
        ^
/tools/Xilinx/Vitis/2024.2/common/technology/autopilot/etc/hls_exp_apfixed.h:1041:9: warning: HLS pragma dump _XLX_SEP_ PragmaIsValid=1_XLX_SEP_ PragmaType=unroll_XLX_SEP_ PragmaContext=_XLX_SEP_ PragmaFunction=exp_core_XLX_SEP_ PragmaOptions=_XLX_SEP_ [-Wdump-hls-pragmas]
#pragma HLS unroll
        ^
/tools/Xilinx/Vitis/2024.2/common/technology/autopilot/etc/hls_exp_apfixed.h:1045:9: warning: HLS pragma dump _XLX_SEP_ PragmaIsValid=1_XLX_SEP_ PragmaType=unroll_XLX_SEP_ PragmaContext=_XLX_SEP_ PragmaFunction=exp_core_XLX_SEP_ PragmaOptions=_XLX_SEP_ [-Wdump-hls-pragmas]
#pragma HLS unroll
        ^
/tools/Xilinx/Vitis/2024.2/common/technology/autopilot/etc/hls_exp_apfixed.h:1132:9: warning: HLS pragma dump _XLX_SEP_ PragmaIsValid=1_XLX_SEP_ PragmaType=unroll_XLX_SEP_ PragmaContext=_XLX_SEP_ PragmaFunction=exp_core_XLX_SEP_ PragmaOptions=_XLX_SEP_ [-Wdump-hls-pragmas]
#pragma HLS unroll
        ^
/tools/Xilinx/Vitis/2024.2/common/technology/autopilot/etc/hls_exp_apfixed.h:1138:9: warning: HLS pragma dump _XLX_SEP_ PragmaIsValid=1_XLX_SEP_ PragmaType=unroll_XLX_SEP_ PragmaContext=_XLX_SEP_ PragmaFunction=exp_core_XLX_SEP_ PragmaOptions=_XLX_SEP_ [-Wdump-hls-pragmas]
#pragma HLS unroll
        ^
/tools/Xilinx/Vitis/2024.2/common/technology/autopilot/etc/hls_exp_apfixed.h:1142:9: warning: HLS pragma dump _XLX_SEP_ PragmaIsValid=1_XLX_SEP_ PragmaType=unroll_XLX_SEP_ PragmaContext=_XLX_SEP_ PragmaFunction=exp_core_XLX_SEP_ PragmaOptions=_XLX_SEP_ [-Wdump-hls-pragmas]
#pragma HLS unroll
        ^
/tools/Xilinx/Vitis/2024.2/common/technology/autopilot/etc/hls_exp_apfixed.h:1161:9: warning: HLS pragma dump _XLX_SEP_ PragmaIsValid=1_XLX_SEP_ PragmaType=unroll_XLX_SEP_ PragmaContext=_XLX_SEP_ PragmaFunction=exp_core_XLX_SEP_ PragmaOptions=_XLX_SEP_ [-Wdump-hls-pragmas]
#pragma HLS unroll
        ^
/tools/Xilinx/Vitis/2024.2/common/technology/autopilot/etc/hls_exp_apfixed.h:1168:9: warning: HLS pragma dump _XLX_SEP_ PragmaIsValid=1_XLX_SEP_ PragmaType=unroll_XLX_SEP_ PragmaContext=_XLX_SEP_ PragmaFunction=exp_core_XLX_SEP_ PragmaOptions=_XLX_SEP_ [-Wdump-hls-pragmas]
#pragma HLS unroll
        ^
/tools/Xilinx/Vitis/2024.2/common/technology/autopilot/etc/hls_exp_apfixed.h:1284:9: warning: HLS pragma dump _XLX_SEP_ PragmaIsValid=1_XLX_SEP_ PragmaType=unroll_XLX_SEP_ PragmaContext=_XLX_SEP_ PragmaFunction=exp_core_XLX_SEP_ PragmaOptions=_XLX_SEP_ [-Wdump-hls-pragmas]
#pragma HLS unroll
        ^
/tools/Xilinx/Vitis/2024.2/common/technology/autopilot/etc/hls_exp_apfixed.h:1290:9: warning: HLS pragma dump _XLX_SEP_ PragmaIsValid=1_XLX_SEP_ PragmaType=unroll_XLX_SEP_ PragmaContext=_XLX_SEP_ PragmaFunction=exp_core_XLX_SEP_ PragmaOptions=_XLX_SEP_ [-Wdump-hls-pragmas]
#pragma HLS unroll
        ^
/tools/Xilinx/Vitis/2024.2/common/technology/autopilot/etc/hls_exp_apfixed.h:1294:9: warning: HLS pragma dump _XLX_SEP_ PragmaIsValid=1_XLX_SEP_ PragmaType=unroll_XLX_SEP_ PragmaContext=_XLX_SEP_ PragmaFunction=exp_core_XLX_SEP_ PragmaOptions=_XLX_SEP_ [-Wdump-hls-pragmas]
#pragma HLS unroll
        ^
/tools/Xilinx/Vitis/2024.2/common/technology/autopilot/etc/hls_exp_apfixed.h:1314:9: warning: HLS pragma dump _XLX_SEP_ PragmaIsValid=1_XLX_SEP_ PragmaType=unroll_XLX_SEP_ PragmaContext=_XLX_SEP_ PragmaFunction=exp_core_XLX_SEP_ PragmaOptions=_XLX_SEP_ [-Wdump-hls-pragmas]
#pragma HLS unroll
        ^
/tools/Xilinx/Vitis/2024.2/common/technology/autopilot/etc/hls_exp_apfixed.h:1321:9: warning: HLS pragma dump _XLX_SEP_ PragmaIsValid=1_XLX_SEP_ PragmaType=unroll_XLX_SEP_ PragmaContext=_XLX_SEP_ PragmaFunction=exp_core_XLX_SEP_ PragmaOptions=_XLX_SEP_ [-Wdump-hls-pragmas]
#pragma HLS unroll
        ^
/tools/Xilinx/Vitis/2024.2/common/technology/autopilot/etc/hls_exp_apfixed.h:1583:9: warning: HLS pragma dump _XLX_SEP_ PragmaIsValid=1_XLX_SEP_ PragmaType=unroll_XLX_SEP_ PragmaContext=_XLX_SEP_ PragmaFunction=exp_core_XLX_SEP_ PragmaOptions=_XLX_SEP_ [-Wdump-hls-pragmas]
#pragma HLS unroll
        ^
/tools/Xilinx/Vitis/2024.2/common/technology/autopilot/etc/hls_exp_apfixed.h:1589:9: warning: HLS pragma dump _XLX_SEP_ PragmaIsValid=1_XLX_SEP_ PragmaType=unroll_XLX_SEP_ PragmaContext=_XLX_SEP_ PragmaFunction=exp_core_XLX_SEP_ PragmaOptions=_XLX_SEP_ [-Wdump-hls-pragmas]
#pragma HLS unroll
        ^
/tools/Xilinx/Vitis/2024.2/common/technology/autopilot/etc/hls_exp_apfixed.h:1593:9: warning: HLS pragma dump _XLX_SEP_ PragmaIsValid=1_XLX_SEP_ PragmaType=unroll_XLX_SEP_ PragmaContext=_XLX_SEP_ PragmaFunction=exp_core_XLX_SEP_ PragmaOptions=_XLX_SEP_ [-Wdump-hls-pragmas]
#pragma HLS unroll
        ^
/tools/Xilinx/Vitis/2024.2/common/technology/autopilot/etc/hls_exp_apfixed.h:1617:9: warning: HLS pragma dump _XLX_SEP_ PragmaIsValid=1_XLX_SEP_ PragmaType=unroll_XLX_SEP_ PragmaContext=_XLX_SEP_ PragmaFunction=exp_core_XLX_SEP_ PragmaOptions=_XLX_SEP_ [-Wdump-hls-pragmas]
#pragma HLS unroll
        ^
/tools/Xilinx/Vitis/2024.2/common/technology/autopilot/etc/hls_exp_apfixed.h:1624:9: warning: HLS pragma dump _XLX_SEP_ PragmaIsValid=1_XLX_SEP_ PragmaType=unroll_XLX_SEP_ PragmaContext=_XLX_SEP_ PragmaFunction=exp_core_XLX_SEP_ PragmaOptions=_XLX_SEP_ [-Wdump-hls-pragmas]
#pragma HLS unroll
        ^
/tools/Xilinx/Vitis/2024.2/common/technology/autopilot/etc/hls_exp_apfixed.h:2054:9: warning: HLS pragma dump _XLX_SEP_ PragmaIsValid=1_XLX_SEP_ PragmaType=unroll_XLX_SEP_ PragmaContext=_XLX_SEP_ PragmaFunction=exp_core_XLX_SEP_ PragmaOptions=_XLX_SEP_ [-Wdump-hls-pragmas]
#pragma HLS unroll
        ^
/tools/Xilinx/Vitis/2024.2/common/technology/autopilot/etc/hls_exp_apfixed.h:2060:9: warning: HLS pragma dump _XLX_SEP_ PragmaIsValid=1_XLX_SEP_ PragmaType=unroll_XLX_SEP_ PragmaContext=_XLX_SEP_ PragmaFunction=exp_core_XLX_SEP_ PragmaOptions=_XLX_SEP_ [-Wdump-hls-pragmas]
#pragma HLS unroll
        ^
/tools/Xilinx/Vitis/2024.2/common/technology/autopilot/etc/hls_exp_apfixed.h:2064:9: warning: HLS pragma dump _XLX_SEP_ PragmaIsValid=1_XLX_SEP_ PragmaType=unroll_XLX_SEP_ PragmaContext=_XLX_SEP_ PragmaFunction=exp_core_XLX_SEP_ PragmaOptions=_XLX_SEP_ [-Wdump-hls-pragmas]
#pragma HLS unroll
        ^
/tools/Xilinx/Vitis/2024.2/common/technology/autopilot/etc/hls_exp_apfixed.h:2194:9: warning: HLS pragma dump _XLX_SEP_ PragmaIsValid=1_XLX_SEP_ PragmaType=unroll_XLX_SEP_ PragmaContext=_XLX_SEP_ PragmaFunction=exp2_XLX_SEP_ PragmaOptions=_XLX_SEP_ [-Wdump-hls-pragmas]
#pragma HLS unroll
        ^
/tools/Xilinx/Vitis/2024.2/common/technology/autopilot/etc/hls_exp_apfixed.h:2201:9: warning: HLS pragma dump _XLX_SEP_ PragmaIsValid=1_XLX_SEP_ PragmaType=unroll_XLX_SEP_ PragmaContext=_XLX_SEP_ PragmaFunction=exp2_XLX_SEP_ PragmaOptions=_XLX_SEP_ [-Wdump-hls-pragmas]
#pragma HLS unroll
        ^
/tools/Xilinx/Vitis/2024.2/common/technology/autopilot/etc/hls_exp_apfixed.h:2205:9: warning: HLS pragma dump _XLX_SEP_ PragmaIsValid=1_XLX_SEP_ PragmaType=unroll_XLX_SEP_ PragmaContext=_XLX_SEP_ PragmaFunction=exp2_XLX_SEP_ PragmaOptions=_XLX_SEP_ [-Wdump-hls-pragmas]
#pragma HLS unroll
        ^
/tools/Xilinx/Vitis/2024.2/common/technology/autopilot/etc/hls_exp_apfixed.h:2252:9: warning: HLS pragma dump _XLX_SEP_ PragmaIsValid=1_XLX_SEP_ PragmaType=unroll_XLX_SEP_ PragmaContext=_XLX_SEP_ PragmaFunction=exp2_XLX_SEP_ PragmaOptions=_XLX_SEP_ [-Wdump-hls-pragmas]
#pragma HLS unroll
        ^
/tools/Xilinx/Vitis/2024.2/common/technology/autopilot/etc/hls_exp_apfixed.h:2259:9: warning: HLS pragma dump _XLX_SEP_ PragmaIsValid=1_XLX_SEP_ PragmaType=unroll_XLX_SEP_ PragmaContext=_XLX_SEP_ PragmaFunction=exp2_XLX_SEP_ PragmaOptions=_XLX_SEP_ [-Wdump-hls-pragmas]
#pragma HLS unroll
        ^
/tools/Xilinx/Vitis/2024.2/common/technology/autopilot/etc/hls_exp_apfixed.h:2263:9: warning: HLS pragma dump _XLX_SEP_ PragmaIsValid=1_XLX_SEP_ PragmaType=unroll_XLX_SEP_ PragmaContext=_XLX_SEP_ PragmaFunction=exp2_XLX_SEP_ PragmaOptions=_XLX_SEP_ [-Wdump-hls-pragmas]
#pragma HLS unroll
        ^
/tools/Xilinx/Vitis/2024.2/common/technology/autopilot/etc/hls_exp_apfixed.h:2281:9: warning: HLS pragma dump _XLX_SEP_ PragmaIsValid=1_XLX_SEP_ PragmaType=unroll_XLX_SEP_ PragmaContext=_XLX_SEP_ PragmaFunction=exp2_XLX_SEP_ PragmaOptions=_XLX_SEP_ [-Wdump-hls-pragmas]
#pragma HLS unroll
        ^
/tools/Xilinx/Vitis/2024.2/common/technology/autopilot/etc/hls_exp_apfixed.h:2336:9: warning: HLS pragma dump _XLX_SEP_ PragmaIsValid=1_XLX_SEP_ PragmaType=unroll_XLX_SEP_ PragmaContext=_XLX_SEP_ PragmaFunction=exp2_XLX_SEP_ PragmaOptions=_XLX_SEP_ [-Wdump-hls-pragmas]
#pragma HLS unroll
        ^
/tools/Xilinx/Vitis/2024.2/common/technology/autopilot/etc/hls_exp_apfixed.h:2343:9: warning: HLS pragma dump _XLX_SEP_ PragmaIsValid=1_XLX_SEP_ PragmaType=unroll_XLX_SEP_ PragmaContext=_XLX_SEP_ PragmaFunction=exp2_XLX_SEP_ PragmaOptions=_XLX_SEP_ [-Wdump-hls-pragmas]
#pragma HLS unroll
        ^
/tools/Xilinx/Vitis/2024.2/common/technology/autopilot/etc/hls_exp_apfixed.h:2347:9: warning: HLS pragma dump _XLX_SEP_ PragmaIsValid=1_XLX_SEP_ PragmaType=unroll_XLX_SEP_ PragmaContext=_XLX_SEP_ PragmaFunction=exp2_XLX_SEP_ PragmaOptions=_XLX_SEP_ [-Wdump-hls-pragmas]
#pragma HLS unroll
        ^
/tools/Xilinx/Vitis/2024.2/common/technology/autopilot/etc/hls_exp_apfixed.h:2365:9: warning: HLS pragma dump _XLX_SEP_ PragmaIsValid=1_XLX_SEP_ PragmaType=unroll_XLX_SEP_ PragmaContext=_XLX_SEP_ PragmaFunction=exp2_XLX_SEP_ PragmaOptions=_XLX_SEP_ [-Wdump-hls-pragmas]
#pragma HLS unroll
        ^
/tools/Xilinx/Vitis/2024.2/common/technology/autopilot/etc/hls_exp_apfixed.h:2454:9: warning: HLS pragma dump _XLX_SEP_ PragmaIsValid=1_XLX_SEP_ PragmaType=unroll_XLX_SEP_ PragmaContext=_XLX_SEP_ PragmaFunction=exp2_XLX_SEP_ PragmaOptions=_XLX_SEP_ [-Wdump-hls-pragmas]
#pragma HLS unroll
        ^
/tools/Xilinx/Vitis/2024.2/common/technology/autopilot/etc/hls_exp_apfixed.h:2461:9: warning: HLS pragma dump _XLX_SEP_ PragmaIsValid=1_XLX_SEP_ PragmaType=unroll_XLX_SEP_ PragmaContext=_XLX_SEP_ PragmaFunction=exp2_XLX_SEP_ PragmaOptions=_XLX_SEP_ [-Wdump-hls-pragmas]
#pragma HLS unroll
        ^
/tools/Xilinx/Vitis/2024.2/common/technology/autopilot/etc/hls_exp_apfixed.h:2465:9: warning: HLS pragma dump _XLX_SEP_ PragmaIsValid=1_XLX_SEP_ PragmaType=unroll_XLX_SEP_ PragmaContext=_XLX_SEP_ PragmaFunction=exp2_XLX_SEP_ PragmaOptions=_XLX_SEP_ [-Wdump-hls-pragmas]
#pragma HLS unroll
        ^
/tools/Xilinx/Vitis/2024.2/common/technology/autopilot/etc/hls_exp_apfixed.h:2475:9: warning: HLS pragma dump _XLX_SEP_ PragmaIsValid=1_XLX_SEP_ PragmaType=unroll_XLX_SEP_ PragmaContext=_XLX_SEP_ PragmaFunction=exp2_XLX_SEP_ PragmaOptions=_XLX_SEP_ [-Wdump-hls-pragmas]
#pragma HLS unroll
        ^
/tools/Xilinx/Vitis/2024.2/common/technology/autopilot/etc/hls_exp_apfixed.h:2479:9: warning: HLS pragma dump _XLX_SEP_ PragmaIsValid=1_XLX_SEP_ PragmaType=unroll_XLX_SEP_ PragmaContext=_XLX_SEP_ PragmaFunction=exp2_XLX_SEP_ PragmaOptions=_XLX_SEP_ [-Wdump-hls-pragmas]
#pragma HLS unroll
        ^
/tools/Xilinx/Vitis/2024.2/common/technology/autopilot/etc/hls_exp_apfixed.h:2490:9: warning: HLS pragma dump _XLX_SEP_ PragmaIsValid=1_XLX_SEP_ PragmaType=unroll_XLX_SEP_ PragmaContext=_XLX_SEP_ PragmaFunction=exp2_XLX_SEP_ PragmaOptions=_XLX_SEP_ [-Wdump-hls-pragmas]
#pragma HLS unroll
        ^
/tools/Xilinx/Vitis/2024.2/common/technology/autopilot/etc/hls_exp_apfixed.h:2498:9: warning: HLS pragma dump _XLX_SEP_ PragmaIsValid=1_XLX_SEP_ PragmaType=unroll_XLX_SEP_ PragmaContext=_XLX_SEP_ PragmaFunction=exp2_XLX_SEP_ PragmaOptions=_XLX_SEP_ [-Wdump-hls-pragmas]
#pragma HLS unroll
        ^
/tools/Xilinx/Vitis/2024.2/common/technology/autopilot/etc/hls_exp_apfixed.h:2823:9: warning: HLS pragma dump _XLX_SEP_ PragmaIsValid=1_XLX_SEP_ PragmaType=unroll_XLX_SEP_ PragmaContext=_XLX_SEP_ PragmaFunction=exp2_XLX_SEP_ PragmaOptions=_XLX_SEP_ [-Wdump-hls-pragmas]
#pragma HLS unroll
        ^
/tools/Xilinx/Vitis/2024.2/common/technology/autopilot/etc/hls_exp_apfixed.h:2830:9: warning: HLS pragma dump _XLX_SEP_ PragmaIsValid=1_XLX_SEP_ PragmaType=unroll_XLX_SEP_ PragmaContext=_XLX_SEP_ PragmaFunction=exp2_XLX_SEP_ PragmaOptions=_XLX_SEP_ [-Wdump-hls-pragmas]
#pragma HLS unroll
        ^
/tools/Xilinx/Vitis/2024.2/common/technology/autopilot/etc/hls_exp_apfixed.h:2834:9: warning: HLS pragma dump _XLX_SEP_ PragmaIsValid=1_XLX_SEP_ PragmaType=unroll_XLX_SEP_ PragmaContext=_XLX_SEP_ PragmaFunction=exp2_XLX_SEP_ PragmaOptions=_XLX_SEP_ [-Wdump-hls-pragmas]
#pragma HLS unroll
        ^
/tools/Xilinx/Vitis/2024.2/common/technology/autopilot/etc/hls_exp_apfixed.h:2922:9: warning: HLS pragma dump _XLX_SEP_ PragmaIsValid=1_XLX_SEP_ PragmaType=unroll_XLX_SEP_ PragmaContext=_XLX_SEP_ PragmaFunction=exp10_XLX_SEP_ PragmaOptions=_XLX_SEP_ [-Wdump-hls-pragmas]
#pragma HLS unroll
        ^
/tools/Xilinx/Vitis/2024.2/common/technology/autopilot/etc/hls_exp_apfixed.h:2929:9: warning: HLS pragma dump _XLX_SEP_ PragmaIsValid=1_XLX_SEP_ PragmaType=unroll_XLX_SEP_ PragmaContext=_XLX_SEP_ PragmaFunction=exp10_XLX_SEP_ PragmaOptions=_XLX_SEP_ [-Wdump-hls-pragmas]
#pragma HLS unroll
        ^
/tools/Xilinx/Vitis/2024.2/common/technology/autopilot/etc/hls_exp_apfixed.h:2933:9: warning: HLS pragma dump _XLX_SEP_ PragmaIsValid=1_XLX_SEP_ PragmaType=unroll_XLX_SEP_ PragmaContext=_XLX_SEP_ PragmaFunction=exp10_XLX_SEP_ PragmaOptions=_XLX_SEP_ [-Wdump-hls-pragmas]
#pragma HLS unroll
        ^
/tools/Xilinx/Vitis/2024.2/common/technology/autopilot/etc/hls_exp_apfixed.h:2948:9: warning: HLS pragma dump _XLX_SEP_ PragmaIsValid=1_XLX_SEP_ PragmaType=unroll_XLX_SEP_ PragmaContext=_XLX_SEP_ PragmaFunction=exp10_XLX_SEP_ PragmaOptions=_XLX_SEP_ [-Wdump-hls-pragmas]
#pragma HLS unroll
        ^
/tools/Xilinx/Vitis/2024.2/common/technology/autopilot/etc/hls_exp_apfixed.h:2980:9: warning: HLS pragma dump _XLX_SEP_ PragmaIsValid=1_XLX_SEP_ PragmaType=unroll_XLX_SEP_ PragmaContext=_XLX_SEP_ PragmaFunction=exp10_XLX_SEP_ PragmaOptions=_XLX_SEP_ [-Wdump-hls-pragmas]
#pragma HLS unroll
        ^
/tools/Xilinx/Vitis/2024.2/common/technology/autopilot/etc/hls_exp_apfixed.h:2987:9: warning: HLS pragma dump _XLX_SEP_ PragmaIsValid=1_XLX_SEP_ PragmaType=unroll_XLX_SEP_ PragmaContext=_XLX_SEP_ PragmaFunction=exp10_XLX_SEP_ PragmaOptions=_XLX_SEP_ [-Wdump-hls-pragmas]
#pragma HLS unroll
        ^
/tools/Xilinx/Vitis/2024.2/common/technology/autopilot/etc/hls_exp_apfixed.h:2991:9: warning: HLS pragma dump _XLX_SEP_ PragmaIsValid=1_XLX_SEP_ PragmaType=unroll_XLX_SEP_ PragmaContext=_XLX_SEP_ PragmaFunction=exp10_XLX_SEP_ PragmaOptions=_XLX_SEP_ [-Wdump-hls-pragmas]
#pragma HLS unroll
        ^
/tools/Xilinx/Vitis/2024.2/common/technology/autopilot/etc/hls_exp_apfixed.h:3006:9: warning: HLS pragma dump _XLX_SEP_ PragmaIsValid=1_XLX_SEP_ PragmaType=unroll_XLX_SEP_ PragmaContext=_XLX_SEP_ PragmaFunction=exp10_XLX_SEP_ PragmaOptions=_XLX_SEP_ [-Wdump-hls-pragmas]
#pragma HLS unroll
        ^
/tools/Xilinx/Vitis/2024.2/common/technology/autopilot/etc/hls_exp_apfixed.h:3056:9: warning: HLS pragma dump _XLX_SEP_ PragmaIsValid=1_XLX_SEP_ PragmaType=unroll_XLX_SEP_ PragmaContext=_XLX_SEP_ PragmaFunction=exp10_XLX_SEP_ PragmaOptions=_XLX_SEP_ [-Wdump-hls-pragmas]
#pragma HLS unroll
        ^
/tools/Xilinx/Vitis/2024.2/common/technology/autopilot/etc/hls_exp_apfixed.h:3063:9: warning: HLS pragma dump _XLX_SEP_ PragmaIsValid=1_XLX_SEP_ PragmaType=unroll_XLX_SEP_ PragmaContext=_XLX_SEP_ PragmaFunction=exp10_XLX_SEP_ PragmaOptions=_XLX_SEP_ [-Wdump-hls-pragmas]
#pragma HLS unroll
        ^
/tools/Xilinx/Vitis/2024.2/common/technology/autopilot/etc/hls_exp_apfixed.h:3067:9: warning: HLS pragma dump _XLX_SEP_ PragmaIsValid=1_XLX_SEP_ PragmaType=unroll_XLX_SEP_ PragmaContext=_XLX_SEP_ PragmaFunction=exp10_XLX_SEP_ PragmaOptions=_XLX_SEP_ [-Wdump-hls-pragmas]
#pragma HLS unroll
        ^
/tools/Xilinx/Vitis/2024.2/common/technology/autopilot/etc/hls_exp_apfixed.h:3082:9: warning: HLS pragma dump _XLX_SEP_ PragmaIsValid=1_XLX_SEP_ PragmaType=unroll_XLX_SEP_ PragmaContext=_XLX_SEP_ PragmaFunction=exp10_XLX_SEP_ PragmaOptions=_XLX_SEP_ [-Wdump-hls-pragmas]
#pragma HLS unroll
        ^
/tools/Xilinx/Vitis/2024.2/common/technology/autopilot/etc/hls_exp_apfixed.h:3219:9: warning: HLS pragma dump _XLX_SEP_ PragmaIsValid=1_XLX_SEP_ PragmaType=unroll_XLX_SEP_ PragmaContext=_XLX_SEP_ PragmaFunction=exp10_XLX_SEP_ PragmaOptions=_XLX_SEP_ [-Wdump-hls-pragmas]
#pragma HLS unroll
        ^
/tools/Xilinx/Vitis/2024.2/common/technology/autopilot/etc/hls_exp_apfixed.h:3226:9: warning: HLS pragma dump _XLX_SEP_ PragmaIsValid=1_XLX_SEP_ PragmaType=unroll_XLX_SEP_ PragmaContext=_XLX_SEP_ PragmaFunction=exp10_XLX_SEP_ PragmaOptions=_XLX_SEP_ [-Wdump-hls-pragmas]
#pragma HLS unroll
        ^
/tools/Xilinx/Vitis/2024.2/common/technology/autopilot/etc/hls_exp_apfixed.h:3230:9: warning: HLS pragma dump _XLX_SEP_ PragmaIsValid=1_XLX_SEP_ PragmaType=unroll_XLX_SEP_ PragmaContext=_XLX_SEP_ PragmaFunction=exp10_XLX_SEP_ PragmaOptions=_XLX_SEP_ [-Wdump-hls-pragmas]
#pragma HLS unroll
        ^
/tools/Xilinx/Vitis/2024.2/common/technology/autopilot/etc/hls_exp_apfixed.h:3245:9: warning: HLS pragma dump _XLX_SEP_ PragmaIsValid=1_XLX_SEP_ PragmaType=unroll_XLX_SEP_ PragmaContext=_XLX_SEP_ PragmaFunction=exp10_XLX_SEP_ PragmaOptions=_XLX_SEP_ [-Wdump-hls-pragmas]
#pragma HLS unroll
        ^
/tools/Xilinx/Vitis/2024.2/common/technology/autopilot/etc/hls_exp_apfixed.h:3405:9: warning: HLS pragma dump _XLX_SEP_ PragmaIsValid=1_XLX_SEP_ PragmaType=unroll_XLX_SEP_ PragmaContext=_XLX_SEP_ PragmaFunction=exp10_XLX_SEP_ PragmaOptions=_XLX_SEP_ [-Wdump-hls-pragmas]
#pragma HLS unroll
        ^
/tools/Xilinx/Vitis/2024.2/common/technology/autopilot/etc/hls_exp_apfixed.h:3412:9: warning: HLS pragma dump _XLX_SEP_ PragmaIsValid=1_XLX_SEP_ PragmaType=unroll_XLX_SEP_ PragmaContext=_XLX_SEP_ PragmaFunction=exp10_XLX_SEP_ PragmaOptions=_XLX_SEP_ [-Wdump-hls-pragmas]
#pragma HLS unroll
        ^
/tools/Xilinx/Vitis/2024.2/common/technology/autopilot/etc/hls_exp_apfixed.h:3416:9: warning: HLS pragma dump _XLX_SEP_ PragmaIsValid=1_XLX_SEP_ PragmaType=unroll_XLX_SEP_ PragmaContext=_XLX_SEP_ PragmaFunction=exp10_XLX_SEP_ PragmaOptions=_XLX_SEP_ [-Wdump-hls-pragmas]
#pragma HLS unroll
        ^
In file included from mppi_control.cpp:2:
In file included from ./globals.hpp:5:
In file included from /tools/Xilinx/Vitis/2024.2/common/technology/autopilot/hls_math.h:1056:
/tools/Xilinx/Vitis/2024.2/common/technology/autopilot/etc/hls_log_apfixed.h:475:9: warning: HLS pragma dump _XLX_SEP_ PragmaIsValid=1_XLX_SEP_ PragmaType=pipeline_XLX_SEP_ PragmaContext=_XLX_SEP_ PragmaFunction=log_XLX_SEP_ PragmaOptions=_XLX_SEP_ [-Wdump-hls-pragmas]
#pragma HLS pipeline
        ^
/tools/Xilinx/Vitis/2024.2/common/technology/autopilot/etc/hls_log_apfixed.h:704:9: warning: HLS pragma dump _XLX_SEP_ PragmaIsValid=1_XLX_SEP_ PragmaType=unroll_XLX_SEP_ PragmaContext=_XLX_SEP_ PragmaFunction=log_XLX_SEP_ PragmaOptions=_XLX_SEP_ [-Wdump-hls-pragmas]
#pragma HLS unroll
        ^
/tools/Xilinx/Vitis/2024.2/common/technology/autopilot/etc/hls_log_apfixed.h:792:9: warning: HLS pragma dump _XLX_SEP_ PragmaIsValid=1_XLX_SEP_ PragmaType=pipeline_XLX_SEP_ PragmaContext=_XLX_SEP_ PragmaFunction=log10_XLX_SEP_ PragmaOptions=_XLX_SEP_ [-Wdump-hls-pragmas]
#pragma HLS pipeline
        ^
/tools/Xilinx/Vitis/2024.2/common/technology/autopilot/etc/hls_log_apfixed.h:922:9: warning: HLS pragma dump _XLX_SEP_ PragmaIsValid=1_XLX_SEP_ PragmaType=unroll_XLX_SEP_ PragmaContext=_XLX_SEP_ PragmaFunction=log10_XLX_SEP_ PragmaOptions=_XLX_SEP_ [-Wdump-hls-pragmas]
#pragma HLS unroll
        ^
/tools/Xilinx/Vitis/2024.2/common/technology/autopilot/etc/hls_log_apfixed.h:1068:9: warning: HLS pragma dump _XLX_SEP_ PragmaIsValid=1_XLX_SEP_ PragmaType=pipeline_XLX_SEP_ PragmaContext=_XLX_SEP_ PragmaFunction=log2_XLX_SEP_ PragmaOptions=_XLX_SEP_ [-Wdump-hls-pragmas]
#pragma HLS pipeline
        ^
/tools/Xilinx/Vitis/2024.2/common/technology/autopilot/etc/hls_log_apfixed.h:1346:9: warning: HLS pragma dump _XLX_SEP_ PragmaIsValid=1_XLX_SEP_ PragmaType=unroll_XLX_SEP_ PragmaContext=_XLX_SEP_ PragmaFunction=log2_XLX_SEP_ PragmaOptions=_XLX_SEP_ [-Wdump-hls-pragmas]
#pragma HLS unroll
        ^
In file included from mppi_control.cpp:2:
In file included from ./globals.hpp:5:
In file included from /tools/Xilinx/Vitis/2024.2/common/technology/autopilot/hls_math.h:1057:
/tools/Xilinx/Vitis/2024.2/common/technology/autopilot/etc/hls_sqrt_apfixed.h:18:9: warning: HLS pragma dump _XLX_SEP_ PragmaIsValid=1_XLX_SEP_ PragmaType=pipeline_XLX_SEP_ PragmaContext=_XLX_SEP_ PragmaFunction=sqrt_fixed_XLX_SEP_ PragmaOptions=_XLX_SEP_ [-Wdump-hls-pragmas]
#pragma HLS pipeline
        ^
/tools/Xilinx/Vitis/2024.2/common/technology/autopilot/etc/hls_sqrt_apfixed.h:241:9: warning: HLS pragma dump _XLX_SEP_ PragmaIsValid=1_XLX_SEP_ PragmaType=unroll_XLX_SEP_ PragmaContext=_XLX_SEP_ PragmaFunction=sqrt_fixed_XLX_SEP_ PragmaOptions=_XLX_SEP_ [-Wdump-hls-pragmas]
#pragma HLS unroll
        ^
/tools/Xilinx/Vitis/2024.2/common/technology/autopilot/etc/hls_sqrt_apfixed.h:269:9: warning: HLS pragma dump _XLX_SEP_ PragmaIsValid=1_XLX_SEP_ PragmaType=unroll_XLX_SEP_ PragmaContext=_XLX_SEP_ PragmaFunction=sqrt_fixed_XLX_SEP_ PragmaOptions=_XLX_SEP_ [-Wdump-hls-pragmas]
#pragma HLS unroll
        ^
/tools/Xilinx/Vitis/2024.2/common/technology/autopilot/etc/hls_sqrt_apfixed.h:367:9: warning: HLS pragma dump _XLX_SEP_ PragmaIsValid=1_XLX_SEP_ PragmaType=pipeline_XLX_SEP_ PragmaContext=_XLX_SEP_ PragmaFunction=rsqrt_fixed_XLX_SEP_ PragmaOptions=_XLX_SEP_ [-Wdump-hls-pragmas]
#pragma HLS pipeline
        ^
/tools/Xilinx/Vitis/2024.2/common/technology/autopilot/etc/hls_sqrt_apfixed.h:414:9: warning: HLS pragma dump _XLX_SEP_ PragmaIsValid=1_XLX_SEP_ PragmaType=pipeline_XLX_SEP_ PragmaContext=_XLX_SEP_ PragmaFunction=recip_fixed_XLX_SEP_ PragmaOptions=_XLX_SEP_ [-Wdump-hls-pragmas]
#pragma HLS pipeline
        ^
In file included from mppi_control.cpp:2:
In file included from ./globals.hpp:5:
In file included from /tools/Xilinx/Vitis/2024.2/common/technology/autopilot/hls_math.h:1058:
/tools/Xilinx/Vitis/2024.2/common/technology/autopilot/etc/hls_round_copysign_apfixed.h:14:9: warning: HLS pragma dump _XLX_SEP_ PragmaIsValid=1_XLX_SEP_ PragmaType=pipeline_XLX_SEP_ PragmaContext=_XLX_SEP_ PragmaFunction=ceil_fixed_XLX_SEP_ PragmaOptions=_XLX_SEP_ [-Wdump-hls-pragmas]
#pragma HLS pipeline
        ^
/tools/Xilinx/Vitis/2024.2/common/technology/autopilot/etc/hls_round_copysign_apfixed.h:31:9: warning: HLS pragma dump _XLX_SEP_ PragmaIsValid=1_XLX_SEP_ PragmaType=pipeline_XLX_SEP_ PragmaContext=_XLX_SEP_ PragmaFunction=ceil_fixed_XLX_SEP_ PragmaOptions=_XLX_SEP_ [-Wdump-hls-pragmas]
#pragma HLS pipeline
        ^
/tools/Xilinx/Vitis/2024.2/common/technology/autopilot/etc/hls_round_copysign_apfixed.h:91:9: warning: HLS pragma dump _XLX_SEP_ PragmaIsValid=1_XLX_SEP_ PragmaType=pipeline_XLX_SEP_ PragmaContext=_XLX_SEP_ PragmaFunction=trunc_fixed_XLX_SEP_ PragmaOptions=_XLX_SEP_ [-Wdump-hls-pragmas]
#pragma HLS pipeline
        ^
/tools/Xilinx/Vitis/2024.2/common/technology/autopilot/etc/hls_round_copysign_apfixed.h:177:9: warning: HLS pragma dump _XLX_SEP_ PragmaIsValid=1_XLX_SEP_ PragmaType=pipeline_XLX_SEP_ PragmaContext=_XLX_SEP_ PragmaFunction=round_fixed_XLX_SEP_ PragmaOptions=_XLX_SEP_ [-Wdump-hls-pragmas]
#pragma HLS pipeline
        ^
/tools/Xilinx/Vitis/2024.2/common/technology/autopilot/etc/hls_round_copysign_apfixed.h:213:9: warning: HLS pragma dump _XLX_SEP_ PragmaIsValid=1_XLX_SEP_ PragmaType=pipeline_XLX_SEP_ PragmaContext=_XLX_SEP_ PragmaFunction=rint_fixed_XLX_SEP_ PragmaOptions=_XLX_SEP_ [-Wdump-hls-pragmas]
#pragma HLS pipeline
        ^
In file included from mppi_control.cpp:2:
In file included from ./globals.hpp:5:
In file included from /tools/Xilinx/Vitis/2024.2/common/technology/autopilot/hls_math.h:1059:
/tools/Xilinx/Vitis/2024.2/common/technology/autopilot/etc/hls_pow_apfixed.h:49:9: warning: HLS pragma dump _XLX_SEP_ PragmaIsValid=1_XLX_SEP_ PragmaType=unroll_XLX_SEP_ PragmaContext=_XLX_SEP_ PragmaFunction=pow_XLX_SEP_ PragmaOptions=_XLX_SEP_ [-Wdump-hls-pragmas]
#pragma HLS unroll
        ^
/tools/Xilinx/Vitis/2024.2/common/technology/autopilot/etc/hls_pow_apfixed.h:110:9: warning: HLS pragma dump _XLX_SEP_ PragmaIsValid=1_XLX_SEP_ PragmaType=unroll_XLX_SEP_ PragmaContext=_XLX_SEP_ PragmaFunction=pow_XLX_SEP_ PragmaOptions=_XLX_SEP_ [-Wdump-hls-pragmas]
#pragma HLS unroll
        ^
/tools/Xilinx/Vitis/2024.2/common/technology/autopilot/etc/hls_pow_apfixed.h:124:9: warning: HLS pragma dump _XLX_SEP_ PragmaIsValid=1_XLX_SEP_ PragmaType=unroll_XLX_SEP_ PragmaContext=_XLX_SEP_ PragmaFunction=pow_XLX_SEP_ PragmaOptions=_XLX_SEP_ [-Wdump-hls-pragmas]
#pragma HLS unroll
        ^
/tools/Xilinx/Vitis/2024.2/common/technology/autopilot/etc/hls_pow_apfixed.h:154:9: warning: HLS pragma dump _XLX_SEP_ PragmaIsValid=1_XLX_SEP_ PragmaType=unroll_XLX_SEP_ PragmaContext=_XLX_SEP_ PragmaFunction=pow_XLX_SEP_ PragmaOptions=_XLX_SEP_ [-Wdump-hls-pragmas]
#pragma HLS unroll
        ^
/tools/Xilinx/Vitis/2024.2/common/technology/autopilot/etc/hls_pow_apfixed.h:282:9: warning: HLS pragma dump _XLX_SEP_ PragmaIsValid=1_XLX_SEP_ PragmaType=unroll_XLX_SEP_ PragmaContext=_XLX_SEP_ PragmaFunction=pown_XLX_SEP_ PragmaOptions=_XLX_SEP_ [-Wdump-hls-pragmas]
#pragma HLS unroll
        ^
/tools/Xilinx/Vitis/2024.2/common/technology/autopilot/etc/hls_pow_apfixed.h:302:9: warning: HLS pragma dump _XLX_SEP_ PragmaIsValid=1_XLX_SEP_ PragmaType=unroll_XLX_SEP_ PragmaContext=_XLX_SEP_ PragmaFunction=pown_XLX_SEP_ PragmaOptions=_XLX_SEP_ [-Wdump-hls-pragmas]
#pragma HLS unroll
        ^
/tools/Xilinx/Vitis/2024.2/common/technology/autopilot/etc/hls_pow_apfixed.h:316:9: warning: HLS pragma dump _XLX_SEP_ PragmaIsValid=1_XLX_SEP_ PragmaType=unroll_XLX_SEP_ PragmaContext=_XLX_SEP_ PragmaFunction=pown_XLX_SEP_ PragmaOptions=_XLX_SEP_ [-Wdump-hls-pragmas]
#pragma HLS unroll
        ^
/tools/Xilinx/Vitis/2024.2/common/technology/autopilot/etc/hls_pow_apfixed.h:434:9: warning: HLS pragma dump _XLX_SEP_ PragmaIsValid=1_XLX_SEP_ PragmaType=unroll_XLX_SEP_ PragmaContext=_XLX_SEP_ PragmaFunction=rootn_XLX_SEP_ PragmaOptions=_XLX_SEP_ [-Wdump-hls-pragmas]
#pragma HLS unroll
        ^
/tools/Xilinx/Vitis/2024.2/common/technology/autopilot/etc/hls_pow_apfixed.h:448:9: warning: HLS pragma dump _XLX_SEP_ PragmaIsValid=1_XLX_SEP_ PragmaType=unroll_XLX_SEP_ PragmaContext=_XLX_SEP_ PragmaFunction=rootn_XLX_SEP_ PragmaOptions=_XLX_SEP_ [-Wdump-hls-pragmas]
#pragma HLS unroll
        ^
In file included from mppi_control.cpp:2:
In file included from ./globals.hpp:5:
In file included from /tools/Xilinx/Vitis/2024.2/common/technology/autopilot/hls_math.h:1060:
/tools/Xilinx/Vitis/2024.2/common/technology/autopilot/etc/hls_diff_apfixed.h:23:9: warning: HLS pragma dump _XLX_SEP_ PragmaIsValid=1_XLX_SEP_ PragmaType=pipeline_XLX_SEP_ PragmaContext=_XLX_SEP_ PragmaFunction=fdim_fixed_XLX_SEP_ PragmaOptions=II=1_XLX_SEP_ [-Wdump-hls-pragmas]
#pragma HLS PIPELINE II=1
        ^
/tools/Xilinx/Vitis/2024.2/common/technology/autopilot/etc/hls_diff_apfixed.h:34:9: warning: HLS pragma dump _XLX_SEP_ PragmaIsValid=1_XLX_SEP_ PragmaType=unroll_XLX_SEP_ PragmaContext=_XLX_SEP_ PragmaFunction=fdim_fixed_XLX_SEP_ PragmaOptions=_XLX_SEP_ [-Wdump-hls-pragmas]
#pragma HLS UNROLL
        ^
/tools/Xilinx/Vitis/2024.2/common/technology/autopilot/etc/hls_diff_apfixed.h:163:9: warning: HLS pragma dump _XLX_SEP_ PragmaIsValid=1_XLX_SEP_ PragmaType=pipeline_XLX_SEP_ PragmaContext=_XLX_SEP_ PragmaFunction=maxmag_fixed_XLX_SEP_ PragmaOptions=II=1_XLX_SEP_ [-Wdump-hls-pragmas]
#pragma HLS PIPELINE II=1
        ^
/tools/Xilinx/Vitis/2024.2/common/technology/autopilot/etc/hls_diff_apfixed.h:184:9: warning: HLS pragma dump _XLX_SEP_ PragmaIsValid=1_XLX_SEP_ PragmaType=unroll_XLX_SEP_ PragmaContext=_XLX_SEP_ PragmaFunction=maxmag_fixed_XLX_SEP_ PragmaOptions=_XLX_SEP_ [-Wdump-hls-pragmas]
#pragma HLS UNROLL
        ^
/tools/Xilinx/Vitis/2024.2/common/technology/autopilot/etc/hls_diff_apfixed.h:229:9: warning: HLS pragma dump _XLX_SEP_ PragmaIsValid=1_XLX_SEP_ PragmaType=pipeline_XLX_SEP_ PragmaContext=_XLX_SEP_ PragmaFunction=minmag_fixed_XLX_SEP_ PragmaOptions=II=1_XLX_SEP_ [-Wdump-hls-pragmas]
#pragma HLS PIPELINE II=1
        ^
/tools/Xilinx/Vitis/2024.2/common/technology/autopilot/etc/hls_diff_apfixed.h:249:9: warning: HLS pragma dump _XLX_SEP_ PragmaIsValid=1_XLX_SEP_ PragmaType=unroll_XLX_SEP_ PragmaContext=_XLX_SEP_ PragmaFunction=minmag_fixed_XLX_SEP_ PragmaOptions=_XLX_SEP_ [-Wdump-hls-pragmas]
#pragma HLS UNROLL
        ^
In file included from mppi_control.cpp:2:
In file included from ./globals.hpp:5:
In file included from /tools/Xilinx/Vitis/2024.2/common/technology/autopilot/hls_math.h:1062:
/tools/Xilinx/Vitis/2024.2/common/technology/autopilot/etc/hls_frexp_apfixed.h:46:9: warning: HLS pragma dump _XLX_SEP_ PragmaIsValid=1_XLX_SEP_ PragmaType=pipeline_XLX_SEP_ PragmaContext=_XLX_SEP_ PragmaFunction=frexp_XLX_SEP_ PragmaOptions=II=1_XLX_SEP_ [-Wdump-hls-pragmas]
#pragma HLS pipeline II=1
        ^
In file included from mppi_control.cpp:2:
In file included from ./globals.hpp:5:
In file included from /tools/Xilinx/Vitis/2024.2/common/technology/autopilot/hls_math.h:1064:
/tools/Xilinx/Vitis/2024.2/common/technology/autopilot/etc/hls_isequal_isnotequal_apfixed.h:17:9: warning: HLS pragma dump _XLX_SEP_ PragmaIsValid=1_XLX_SEP_ PragmaType=pipeline_XLX_SEP_ PragmaContext=_XLX_SEP_ PragmaFunction=generic_isequal_XLX_SEP_ PragmaOptions=_XLX_SEP_ [-Wdump-hls-pragmas]
#pragma HLS pipeline
        ^
/tools/Xilinx/Vitis/2024.2/common/technology/autopilot/etc/hls_isequal_isnotequal_apfixed.h:25:9: warning: HLS pragma dump _XLX_SEP_ PragmaIsValid=1_XLX_SEP_ PragmaType=pipeline_XLX_SEP_ PragmaContext=_XLX_SEP_ PragmaFunction=generic_isnotequal_XLX_SEP_ PragmaOptions=_XLX_SEP_ [-Wdump-hls-pragmas]
#pragma HLS pipeline
        ^
/tools/Xilinx/Vitis/2024.2/common/technology/autopilot/etc/hls_isequal_isnotequal_apfixed.h:33:9: warning: HLS pragma dump _XLX_SEP_ PragmaIsValid=1_XLX_SEP_ PragmaType=pipeline_XLX_SEP_ PragmaContext=_XLX_SEP_ PragmaFunction=generic_isequal_XLX_SEP_ PragmaOptions=_XLX_SEP_ [-Wdump-hls-pragmas]
#pragma HLS pipeline
        ^
/tools/Xilinx/Vitis/2024.2/common/technology/autopilot/etc/hls_isequal_isnotequal_apfixed.h:41:9: warning: HLS pragma dump _XLX_SEP_ PragmaIsValid=1_XLX_SEP_ PragmaType=pipeline_XLX_SEP_ PragmaContext=_XLX_SEP_ PragmaFunction=generic_isnotequal_XLX_SEP_ PragmaOptions=_XLX_SEP_ [-Wdump-hls-pragmas]
#pragma HLS pipeline
        ^
/tools/Xilinx/Vitis/2024.2/common/technology/autopilot/etc/hls_isequal_isnotequal_apfixed.h:49:9: warning: HLS pragma dump _XLX_SEP_ PragmaIsValid=1_XLX_SEP_ PragmaType=pipeline_XLX_SEP_ PragmaContext=_XLX_SEP_ PragmaFunction=generic_isequal_XLX_SEP_ PragmaOptions=_XLX_SEP_ [-Wdump-hls-pragmas]
#pragma HLS pipeline
        ^
/tools/Xilinx/Vitis/2024.2/common/technology/autopilot/etc/hls_isequal_isnotequal_apfixed.h:57:9: warning: HLS pragma dump _XLX_SEP_ PragmaIsValid=1_XLX_SEP_ PragmaType=pipeline_XLX_SEP_ PragmaContext=_XLX_SEP_ PragmaFunction=generic_isnotequal_XLX_SEP_ PragmaOptions=_XLX_SEP_ [-Wdump-hls-pragmas]
#pragma HLS pipeline
        ^
/tools/Xilinx/Vitis/2024.2/common/technology/autopilot/etc/hls_isequal_isnotequal_apfixed.h:65:9: warning: HLS pragma dump _XLX_SEP_ PragmaIsValid=1_XLX_SEP_ PragmaType=pipeline_XLX_SEP_ PragmaContext=_XLX_SEP_ PragmaFunction=generic_isequal_XLX_SEP_ PragmaOptions=_XLX_SEP_ [-Wdump-hls-pragmas]
#pragma HLS pipeline
        ^
/tools/Xilinx/Vitis/2024.2/common/technology/autopilot/etc/hls_isequal_isnotequal_apfixed.h:73:9: warning: HLS pragma dump _XLX_SEP_ PragmaIsValid=1_XLX_SEP_ PragmaType=pipeline_XLX_SEP_ PragmaContext=_XLX_SEP_ PragmaFunction=generic_isnotequal_XLX_SEP_ PragmaOptions=_XLX_SEP_ [-Wdump-hls-pragmas]
#pragma HLS pipeline
        ^
/tools/Xilinx/Vitis/2024.2/common/technology/autopilot/etc/hls_isequal_isnotequal_apfixed.h:82:9: warning: HLS pragma dump _XLX_SEP_ PragmaIsValid=1_XLX_SEP_ PragmaType=pipeline_XLX_SEP_ PragmaContext=_XLX_SEP_ PragmaFunction=generic_isequal_XLX_SEP_ PragmaOptions=_XLX_SEP_ [-Wdump-hls-pragmas]
#pragma HLS pipeline
        ^
/tools/Xilinx/Vitis/2024.2/common/technology/autopilot/etc/hls_isequal_isnotequal_apfixed.h:90:9: warning: HLS pragma dump _XLX_SEP_ PragmaIsValid=1_XLX_SEP_ PragmaType=pipeline_XLX_SEP_ PragmaContext=_XLX_SEP_ PragmaFunction=generic_isnotequal_XLX_SEP_ PragmaOptions=_XLX_SEP_ [-Wdump-hls-pragmas]
#pragma HLS pipeline
        ^
/tools/Xilinx/Vitis/2024.2/common/technology/autopilot/etc/hls_isequal_isnotequal_apfixed.h:98:9: warning: HLS pragma dump _XLX_SEP_ PragmaIsValid=1_XLX_SEP_ PragmaType=pipeline_XLX_SEP_ PragmaContext=_XLX_SEP_ PragmaFunction=generic_isequal_XLX_SEP_ PragmaOptions=_XLX_SEP_ [-Wdump-hls-pragmas]
#pragma HLS pipeline
        ^
/tools/Xilinx/Vitis/2024.2/common/technology/autopilot/etc/hls_isequal_isnotequal_apfixed.h:106:9: warning: HLS pragma dump _XLX_SEP_ PragmaIsValid=1_XLX_SEP_ PragmaType=pipeline_XLX_SEP_ PragmaContext=_XLX_SEP_ PragmaFunction=generic_isnotequal_XLX_SEP_ PragmaOptions=_XLX_SEP_ [-Wdump-hls-pragmas]
#pragma HLS pipeline
        ^
/tools/Xilinx/Vitis/2024.2/common/technology/autopilot/etc/hls_isequal_isnotequal_apfixed.h:114:9: warning: HLS pragma dump _XLX_SEP_ PragmaIsValid=1_XLX_SEP_ PragmaType=pipeline_XLX_SEP_ PragmaContext=_XLX_SEP_ PragmaFunction=generic_isequal_XLX_SEP_ PragmaOptions=_XLX_SEP_ [-Wdump-hls-pragmas]
#pragma HLS pipeline
        ^
/tools/Xilinx/Vitis/2024.2/common/technology/autopilot/etc/hls_isequal_isnotequal_apfixed.h:122:9: warning: HLS pragma dump _XLX_SEP_ PragmaIsValid=1_XLX_SEP_ PragmaType=pipeline_XLX_SEP_ PragmaContext=_XLX_SEP_ PragmaFunction=generic_isnotequal_XLX_SEP_ PragmaOptions=_XLX_SEP_ [-Wdump-hls-pragmas]
#pragma HLS pipeline
        ^
/tools/Xilinx/Vitis/2024.2/common/technology/autopilot/etc/hls_isequal_isnotequal_apfixed.h:130:9: warning: HLS pragma dump _XLX_SEP_ PragmaIsValid=1_XLX_SEP_ PragmaType=pipeline_XLX_SEP_ PragmaContext=_XLX_SEP_ PragmaFunction=generic_isequal_XLX_SEP_ PragmaOptions=_XLX_SEP_ [-Wdump-hls-pragmas]
#pragma HLS pipeline
        ^
/tools/Xilinx/Vitis/2024.2/common/technology/autopilot/etc/hls_isequal_isnotequal_apfixed.h:138:9: warning: HLS pragma dump _XLX_SEP_ PragmaIsValid=1_XLX_SEP_ PragmaType=pipeline_XLX_SEP_ PragmaContext=_XLX_SEP_ PragmaFunction=generic_isnotequal_XLX_SEP_ PragmaOptions=_XLX_SEP_ [-Wdump-hls-pragmas]
#pragma HLS pipeline
        ^
In file included from mppi_control.cpp:2:
In file included from ./globals.hpp:5:
In file included from /tools/Xilinx/Vitis/2024.2/common/technology/autopilot/hls_math.h:1065:
/tools/Xilinx/Vitis/2024.2/common/technology/autopilot/etc/hls_all_any_apfixed.h:15:9: warning: HLS pragma dump _XLX_SEP_ PragmaIsValid=1_XLX_SEP_ PragmaType=pipeline_XLX_SEP_ PragmaContext=_XLX_SEP_ PragmaFunction=generic_all_XLX_SEP_ PragmaOptions=II=1_XLX_SEP_ [-Wdump-hls-pragmas]
#pragma HLS pipeline II=1
        ^
/tools/Xilinx/Vitis/2024.2/common/technology/autopilot/etc/hls_all_any_apfixed.h:26:9: warning: HLS pragma dump _XLX_SEP_ PragmaIsValid=1_XLX_SEP_ PragmaType=pipeline_XLX_SEP_ PragmaContext=_XLX_SEP_ PragmaFunction=generic_all_XLX_SEP_ PragmaOptions=II=1_XLX_SEP_ [-Wdump-hls-pragmas]
#pragma HLS pipeline II=1
        ^
/tools/Xilinx/Vitis/2024.2/common/technology/autopilot/etc/hls_all_any_apfixed.h:37:9: warning: HLS pragma dump _XLX_SEP_ PragmaIsValid=1_XLX_SEP_ PragmaType=pipeline_XLX_SEP_ PragmaContext=_XLX_SEP_ PragmaFunction=generic_all_XLX_SEP_ PragmaOptions=II=1_XLX_SEP_ [-Wdump-hls-pragmas]
#pragma HLS pipeline II=1
        ^
/tools/Xilinx/Vitis/2024.2/common/technology/autopilot/etc/hls_all_any_apfixed.h:48:9: warning: HLS pragma dump _XLX_SEP_ PragmaIsValid=1_XLX_SEP_ PragmaType=pipeline_XLX_SEP_ PragmaContext=_XLX_SEP_ PragmaFunction=generic_all_XLX_SEP_ PragmaOptions=II=1_XLX_SEP_ [-Wdump-hls-pragmas]
#pragma HLS pipeline II=1
        ^
/tools/Xilinx/Vitis/2024.2/common/technology/autopilot/etc/hls_all_any_apfixed.h:59:9: warning: HLS pragma dump _XLX_SEP_ PragmaIsValid=1_XLX_SEP_ PragmaType=pipeline_XLX_SEP_ PragmaContext=_XLX_SEP_ PragmaFunction=generic_any_XLX_SEP_ PragmaOptions=II=1_XLX_SEP_ [-Wdump-hls-pragmas]
#pragma HLS pipeline II=1
        ^
/tools/Xilinx/Vitis/2024.2/common/technology/autopilot/etc/hls_all_any_apfixed.h:70:9: warning: HLS pragma dump _XLX_SEP_ PragmaIsValid=1_XLX_SEP_ PragmaType=pipeline_XLX_SEP_ PragmaContext=_XLX_SEP_ PragmaFunction=generic_any_XLX_SEP_ PragmaOptions=II=1_XLX_SEP_ [-Wdump-hls-pragmas]
#pragma HLS pipeline II=1
        ^
/tools/Xilinx/Vitis/2024.2/common/technology/autopilot/etc/hls_all_any_apfixed.h:81:9: warning: HLS pragma dump _XLX_SEP_ PragmaIsValid=1_XLX_SEP_ PragmaType=pipeline_XLX_SEP_ PragmaContext=_XLX_SEP_ PragmaFunction=generic_any_XLX_SEP_ PragmaOptions=II=1_XLX_SEP_ [-Wdump-hls-pragmas]
#pragma HLS pipeline II=1
        ^
/tools/Xilinx/Vitis/2024.2/common/technology/autopilot/etc/hls_all_any_apfixed.h:92:9: warning: HLS pragma dump _XLX_SEP_ PragmaIsValid=1_XLX_SEP_ PragmaType=pipeline_XLX_SEP_ PragmaContext=_XLX_SEP_ PragmaFunction=generic_any_XLX_SEP_ PragmaOptions=II=1_XLX_SEP_ [-Wdump-hls-pragmas]
#pragma HLS pipeline II=1
        ^
In file included from mppi_control.cpp:2:
In file included from ./globals.hpp:5:
In file included from /tools/Xilinx/Vitis/2024.2/common/technology/autopilot/hls_math.h:1066:
/tools/Xilinx/Vitis/2024.2/common/technology/autopilot/etc/hls_select_bitselect_apfixed.h:39:9: warning: HLS pragma dump _XLX_SEP_ PragmaIsValid=1_XLX_SEP_ PragmaType=pipeline_XLX_SEP_ PragmaContext=_XLX_SEP_ PragmaFunction=generic_bitselect_XLX_SEP_ PragmaOptions=_XLX_SEP_ [-Wdump-hls-pragmas]
#pragma HLS pipeline
        ^
/tools/Xilinx/Vitis/2024.2/common/technology/autopilot/etc/hls_select_bitselect_apfixed.h:47:9: warning: HLS pragma dump _XLX_SEP_ PragmaIsValid=1_XLX_SEP_ PragmaType=pipeline_XLX_SEP_ PragmaContext=_XLX_SEP_ PragmaFunction=generic_bitselect_XLX_SEP_ PragmaOptions=_XLX_SEP_ [-Wdump-hls-pragmas]
#pragma HLS pipeline
        ^
/tools/Xilinx/Vitis/2024.2/common/technology/autopilot/etc/hls_select_bitselect_apfixed.h:55:9: warning: HLS pragma dump _XLX_SEP_ PragmaIsValid=1_XLX_SEP_ PragmaType=pipeline_XLX_SEP_ PragmaContext=_XLX_SEP_ PragmaFunction=generic_bitselect_XLX_SEP_ PragmaOptions=_XLX_SEP_ [-Wdump-hls-pragmas]
#pragma HLS pipeline
        ^
/tools/Xilinx/Vitis/2024.2/common/technology/autopilot/etc/hls_select_bitselect_apfixed.h:62:9: warning: HLS pragma dump _XLX_SEP_ PragmaIsValid=1_XLX_SEP_ PragmaType=pipeline_XLX_SEP_ PragmaContext=_XLX_SEP_ PragmaFunction=generic_bitselect_XLX_SEP_ PragmaOptions=_XLX_SEP_ [-Wdump-hls-pragmas]
#pragma HLS pipeline
        ^
In file included from mppi_control.cpp:2:
In file included from ./globals.hpp:5:
In file included from /tools/Xilinx/Vitis/2024.2/common/technology/autopilot/hls_math.h:1067:
/tools/Xilinx/Vitis/2024.2/common/technology/autopilot/etc/hls_erf_apfixed.h:490:9: warning: HLS pragma dump _XLX_SEP_ PragmaIsValid=1_XLX_SEP_ PragmaType=pipeline_XLX_SEP_ PragmaContext=_XLX_SEP_ PragmaFunction=erfc_XLX_SEP_ PragmaOptions=II=1_XLX_SEP_ [-Wdump-hls-pragmas]
#pragma HLS PIPELINE II=1
        ^
In file included from mppi_control.cpp:2:
In file included from ./globals.hpp:5:
In file included from /tools/Xilinx/Vitis/2024.2/common/technology/autopilot/hls_math.h:1069:
/tools/Xilinx/Vitis/2024.2/common/technology/autopilot/etc/hls_lgamma_apfixed.h:17:9: warning: HLS pragma dump _XLX_SEP_ PragmaIsValid=1_XLX_SEP_ PragmaType=pipeline_XLX_SEP_ PragmaContext=_XLX_SEP_ PragmaFunction=lgamma_generic_XLX_SEP_ PragmaOptions=_XLX_SEP_ [-Wdump-hls-pragmas]
#pragma HLS pipeline
        ^
In file included from mppi_control.cpp:2:
In file included from ./globals.hpp:5:
In file included from /tools/Xilinx/Vitis/2024.2/common/technology/autopilot/hls_math.h:1070:
/tools/Xilinx/Vitis/2024.2/common/technology/autopilot/etc/hls_tgamma_apfixed.h:18:9: warning: HLS pragma dump _XLX_SEP_ PragmaIsValid=1_XLX_SEP_ PragmaType=pipeline_XLX_SEP_ PragmaContext=_XLX_SEP_ PragmaFunction=tgamma_generic_XLX_SEP_ PragmaOptions=_XLX_SEP_ [-Wdump-hls-pragmas]
#pragma HLS pipeline
        ^
In file included from mppi_control.cpp:2:
In file included from ./globals.hpp:5:
In file included from /tools/Xilinx/Vitis/2024.2/common/technology/autopilot/hls_math.h:1072:
/tools/Xilinx/Vitis/2024.2/common/technology/autopilot/etc/hls_mad_apfixed.h:27:9: warning: HLS pragma dump _XLX_SEP_ PragmaIsValid=1_XLX_SEP_ PragmaType=unroll_XLX_SEP_ PragmaContext=_XLX_SEP_ PragmaFunction=generic_mad_XLX_SEP_ PragmaOptions=_XLX_SEP_ [-Wdump-hls-pragmas]
#pragma HLS unroll
        ^
In file included from mppi_control.cpp:2:
In file included from ./globals.hpp:5:
In file included from /tools/Xilinx/Vitis/2024.2/common/technology/autopilot/hls_math.h:1074:
/tools/Xilinx/Vitis/2024.2/common/technology/autopilot/etc/hls_hypot_apfixed.h:170:9: warning: HLS pragma dump _XLX_SEP_ PragmaIsValid=1_XLX_SEP_ PragmaType=unroll_XLX_SEP_ PragmaContext=_XLX_SEP_ PragmaFunction=hypot_fixed_XLX_SEP_ PragmaOptions=_XLX_SEP_ [-Wdump-hls-pragmas]
#pragma HLS unroll
        ^
mppi_control.cpp:144:9: warning: HLS pragma dump _XLX_SEP_ PragmaIsValid=1_XLX_SEP_ PragmaType=inline_XLX_SEP_ PragmaContext=_XLX_SEP_ PragmaFunction=update_mppi_parameters_XLX_SEP_ PragmaOptions=_XLX_SEP_ [-Wdump-hls-pragmas]
#pragma HLS inline
        ^
mppi_control.cpp:150:9: warning: HLS pragma dump _XLX_SEP_ PragmaIsValid=1_XLX_SEP_ PragmaType=unroll_XLX_SEP_ PragmaContext=_XLX_SEP_ PragmaFunction=update_mppi_parameters_XLX_SEP_ PragmaOptions=_XLX_SEP_ [-Wdump-hls-pragmas]
#pragma HLS UNROLL
        ^
mppi_control.cpp:158:9: warning: HLS pragma dump _XLX_SEP_ PragmaIsValid=1_XLX_SEP_ PragmaType=inline_XLX_SEP_ PragmaContext=_XLX_SEP_ PragmaFunction=update_u_prev_buffer_XLX_SEP_ PragmaOptions=_XLX_SEP_ [-Wdump-hls-pragmas]
#pragma HLS INLINE
        ^
mppi_control.cpp:160:9: warning: HLS pragma dump _XLX_SEP_ PragmaIsValid=1_XLX_SEP_ PragmaType=unroll_XLX_SEP_ PragmaContext=_XLX_SEP_ PragmaFunction=update_u_prev_buffer_XLX_SEP_ PragmaOptions=_XLX_SEP_ [-Wdump-hls-pragmas]
#pragma HLS UNROLL
        ^
mppi_control.cpp:166:9: warning: HLS pragma dump _XLX_SEP_ PragmaIsValid=1_XLX_SEP_ PragmaType=unroll_XLX_SEP_ PragmaContext=_XLX_SEP_ PragmaFunction=update_u_prev_buffer_XLX_SEP_ PragmaOptions=_XLX_SEP_ [-Wdump-hls-pragmas]
#pragma HLS UNROLL
        ^
directive:1:9: warning: HLS pragma dump _XLX_SEP_ PragmaIsValid=1_XLX_SEP_ PragmaType=top_XLX_SEP_ PragmaContext=directive_XLX_SEP_ PragmaFunction=calc_control_input_XLX_SEP_ PragmaOptions=name=calc_control_input_XLX_SEP_ [-Wdump-hls-pragmas]
#pragma HLSDIRECTIVE TOP name=calc_control_input
        ^
mppi_control.cpp:177:9: warning: HLS pragma dump _XLX_SEP_ PragmaIsValid=1_XLX_SEP_ PragmaType=interface_XLX_SEP_ PragmaContext=_XLX_SEP_ PragmaFunction=calc_control_input_XLX_SEP_ PragmaOptions=s_axilite port=return bundle=control_XLX_SEP_ [-Wdump-hls-pragmas]
#pragma HLS INTERFACE s_axilite port=return bundle=control
        ^
mppi_control.cpp:178:9: warning: HLS pragma dump _XLX_SEP_ PragmaIsValid=1_XLX_SEP_ PragmaType=interface_XLX_SEP_ PragmaContext=_XLX_SEP_ PragmaFunction=calc_control_input_XLX_SEP_ PragmaOptions=bram port=observed_x storage_type=ram_1p_XLX_SEP_ [-Wdump-hls-pragmas]
#pragma HLS INTERFACE bram port=observed_x storage_type=ram_1p
        ^
mppi_control.cpp:179:9: warning: HLS pragma dump _XLX_SEP_ PragmaIsValid=1_XLX_SEP_ PragmaType=interface_XLX_SEP_ PragmaContext=_XLX_SEP_ PragmaFunction=calc_control_input_XLX_SEP_ PragmaOptions=bram port=ref_path_array_XLX_SEP_ [-Wdump-hls-pragmas]
#pragma HLS INTERFACE bram port=ref_path_array
        ^
mppi_control.cpp:180:9: warning: HLS pragma dump _XLX_SEP_ PragmaIsValid=1_XLX_SEP_ PragmaType=interface_XLX_SEP_ PragmaContext=_XLX_SEP_ PragmaFunction=calc_control_input_XLX_SEP_ PragmaOptions=bram port=u_out storage_type=ram_1p_XLX_SEP_ [-Wdump-hls-pragmas]
#pragma HLS INTERFACE bram port=u_out storage_type=ram_1p
        ^
mppi_control.cpp:181:9: warning: HLS pragma dump _XLX_SEP_ PragmaIsValid=1_XLX_SEP_ PragmaType=interface_XLX_SEP_ PragmaContext=_XLX_SEP_ PragmaFunction=calc_control_input_XLX_SEP_ PragmaOptions=bram port=all_params storage_type=ram_1p_XLX_SEP_ [-Wdump-hls-pragmas]
#pragma HLS INTERFACE bram port=all_params storage_type=ram_1p
        ^
mppi_control.cpp:195:9: warning: HLS pragma dump _XLX_SEP_ PragmaIsValid=1_XLX_SEP_ PragmaType=unroll_XLX_SEP_ PragmaContext=_XLX_SEP_ PragmaFunction=calc_control_input_XLX_SEP_ PragmaOptions=_XLX_SEP_ [-Wdump-hls-pragmas]
#pragma HLS UNROLL
        ^
mppi_control.cpp:208:9: warning: HLS pragma dump _XLX_SEP_ PragmaIsValid=1_XLX_SEP_ PragmaType=bind_storage_XLX_SEP_ PragmaContext=_XLX_SEP_ PragmaFunction=calc_control_input_XLX_SEP_ PragmaOptions=variable=nominal_ref_points type=RAM_2P impl=bram_XLX_SEP_ [-Wdump-hls-pragmas]
#pragma HLS BIND_STORAGE variable=nominal_ref_points type=RAM_2P impl=bram
        ^
mppi_control.cpp:209:9: warning: HLS pragma dump _XLX_SEP_ PragmaIsValid=1_XLX_SEP_ PragmaType=bind_storage_XLX_SEP_ PragmaContext=_XLX_SEP_ PragmaFunction=calc_control_input_XLX_SEP_ PragmaOptions=variable=steer_samples type=RAM_2P impl=bram_XLX_SEP_ [-Wdump-hls-pragmas]
#pragma HLS BIND_STORAGE variable=steer_samples type=RAM_2P impl=bram
        ^
mppi_control.cpp:210:9: warning: HLS pragma dump _XLX_SEP_ PragmaIsValid=1_XLX_SEP_ PragmaType=bind_storage_XLX_SEP_ PragmaContext=_XLX_SEP_ PragmaFunction=calc_control_input_XLX_SEP_ PragmaOptions=variable=accel_samples type=RAM_2P impl=bram_XLX_SEP_ [-Wdump-hls-pragmas]
#pragma HLS BIND_STORAGE variable=accel_samples type=RAM_2P impl=bram
        ^
mppi_control.cpp:211:9: warning: HLS pragma dump _XLX_SEP_ PragmaIsValid=1_XLX_SEP_ PragmaType=bind_storage_XLX_SEP_ PragmaContext=_XLX_SEP_ PragmaFunction=calc_control_input_XLX_SEP_ PragmaOptions=variable=u_read type=RAM_2P impl=bram_XLX_SEP_ [-Wdump-hls-pragmas]
#pragma HLS BIND_STORAGE variable=u_read type=RAM_2P impl=bram
        ^
mppi_control.cpp:212:9: warning: HLS pragma dump _XLX_SEP_ PragmaIsValid=1_XLX_SEP_ PragmaType=bind_storage_XLX_SEP_ PragmaContext=_XLX_SEP_ PragmaFunction=calc_control_input_XLX_SEP_ PragmaOptions=variable=u_write type=RAM_2P impl=bram_XLX_SEP_ [-Wdump-hls-pragmas]
#pragma HLS BIND_STORAGE variable=u_write type=RAM_2P impl=bram
        ^
mppi_control.cpp:213:9: warning: HLS pragma dump _XLX_SEP_ PragmaIsValid=1_XLX_SEP_ PragmaType=bind_storage_XLX_SEP_ PragmaContext=_XLX_SEP_ PragmaFunction=calc_control_input_XLX_SEP_ PragmaOptions=variable=w_epsilon type=RAM_2P impl=bram_XLX_SEP_ [-Wdump-hls-pragmas]
#pragma HLS BIND_STORAGE variable=w_epsilon type=RAM_2P impl=bram
        ^
mppi_control.cpp:214:9: warning: HLS pragma dump _XLX_SEP_ PragmaIsValid=1_XLX_SEP_ PragmaType=bind_storage_XLX_SEP_ PragmaContext=_XLX_SEP_ PragmaFunction=calc_control_input_XLX_SEP_ PragmaOptions=variable=S type=RAM_2P impl=bram_XLX_SEP_ [-Wdump-hls-pragmas]
#pragma HLS BIND_STORAGE variable=S type=RAM_2P impl=bram
        ^
mppi_control.cpp:215:9: warning: HLS pragma dump _XLX_SEP_ PragmaIsValid=1_XLX_SEP_ PragmaType=bind_storage_XLX_SEP_ PragmaContext=_XLX_SEP_ PragmaFunction=calc_control_input_XLX_SEP_ PragmaOptions=variable=W type=RAM_2P impl=bram_XLX_SEP_ [-Wdump-hls-pragmas]
#pragma HLS BIND_STORAGE variable=W type=RAM_2P impl=bram
        ^
mppi_control.cpp:217:9: warning: HLS pragma dump _XLX_SEP_ PragmaIsValid=1_XLX_SEP_ PragmaType=array_partition_XLX_SEP_ PragmaContext=_XLX_SEP_ PragmaFunction=calc_control_input_XLX_SEP_ PragmaOptions=variable=steer_samples cyclic factor=16 dim=1_XLX_SEP_ [-Wdump-hls-pragmas]
#pragma HLS ARRAY_PARTITION variable=steer_samples cyclic factor=16 dim=1
        ^
mppi_control.cpp:218:9: warning: HLS pragma dump _XLX_SEP_ PragmaIsValid=1_XLX_SEP_ PragmaType=array_partition_XLX_SEP_ PragmaContext=_XLX_SEP_ PragmaFunction=calc_control_input_XLX_SEP_ PragmaOptions=variable=accel_samples cyclic factor=16 dim=1_XLX_SEP_ [-Wdump-hls-pragmas]
#pragma HLS ARRAY_PARTITION variable=accel_samples cyclic factor=16 dim=1
        ^
mppi_control.cpp:219:9: warning: HLS pragma dump _XLX_SEP_ PragmaIsValid=1_XLX_SEP_ PragmaType=array_partition_XLX_SEP_ PragmaContext=_XLX_SEP_ PragmaFunction=calc_control_input_XLX_SEP_ PragmaOptions=variable=w_epsilon complete dim=2_XLX_SEP_ [-Wdump-hls-pragmas]
#pragma HLS ARRAY_PARTITION variable=w_epsilon complete dim=2
        ^
mppi_control.cpp:220:9: warning: HLS pragma dump _XLX_SEP_ PragmaIsValid=1_XLX_SEP_ PragmaType=array_partition_XLX_SEP_ PragmaContext=_XLX_SEP_ PragmaFunction=calc_control_input_XLX_SEP_ PragmaOptions=variable=S cyclic factor=16 dim=1_XLX_SEP_ [-Wdump-hls-pragmas]
#pragma HLS ARRAY_PARTITION variable=S cyclic factor=16 dim=1
        ^
mppi_control.cpp:221:9: warning: HLS pragma dump _XLX_SEP_ PragmaIsValid=1_XLX_SEP_ PragmaType=array_partition_XLX_SEP_ PragmaContext=_XLX_SEP_ PragmaFunction=calc_control_input_XLX_SEP_ PragmaOptions=variable=W cyclic factor=16 dim=1_XLX_SEP_ [-Wdump-hls-pragmas]
#pragma HLS ARRAY_PARTITION variable=W cyclic factor=16 dim=1
        ^
mppi_control.cpp:256:9: warning: HLS pragma dump _XLX_SEP_ PragmaIsValid=1_XLX_SEP_ PragmaType=dataflow_XLX_SEP_ PragmaContext=_XLX_SEP_ PragmaFunction=calc_control_input_XLX_SEP_ PragmaOptions=_XLX_SEP_ [-Wdump-hls-pragmas]
#pragma HLS DATAFLOW
        ^
mppi_control.cpp:291:9: warning: HLS pragma dump _XLX_SEP_ PragmaIsValid=1_XLX_SEP_ PragmaType=stream_XLX_SEP_ PragmaContext=_XLX_SEP_ PragmaFunction=calc_control_input_XLX_SEP_ PragmaOptions=variable=trajectory_stream depth=16384_XLX_SEP_ [-Wdump-hls-pragmas]
#pragma HLS STREAM variable=trajectory_stream depth=16384
        ^
mppi_control.cpp:292:9: warning: HLS pragma dump _XLX_SEP_ PragmaIsValid=1_XLX_SEP_ PragmaType=stream_XLX_SEP_ PragmaContext=_XLX_SEP_ PragmaFunction=calc_control_input_XLX_SEP_ PragmaOptions=variable=cost_stream depth=2048_XLX_SEP_ [-Wdump-hls-pragmas]
#pragma HLS STREAM variable=cost_stream depth=2048
        ^
mppi_control.cpp:293:9: warning: HLS pragma dump _XLX_SEP_ PragmaIsValid=1_XLX_SEP_ PragmaType=stream_XLX_SEP_ PragmaContext=_XLX_SEP_ PragmaFunction=calc_control_input_XLX_SEP_ PragmaOptions=variable=weight_stream depth=2048_XLX_SEP_ [-Wdump-hls-pragmas]
#pragma HLS STREAM variable=weight_stream depth=2048
        ^
mppi_control.cpp:330:9: warning: HLS pragma dump _XLX_SEP_ PragmaIsValid=1_XLX_SEP_ PragmaType=inline_XLX_SEP_ PragmaContext=_XLX_SEP_ PragmaFunction=initialize_mppi_fixed_XLX_SEP_ PragmaOptions=_XLX_SEP_ [-Wdump-hls-pragmas]
#pragma HLS inline
        ^
mppi_control.cpp:340:9: warning: HLS pragma dump _XLX_SEP_ PragmaIsValid=1_XLX_SEP_ PragmaType=unroll_XLX_SEP_ PragmaContext=_XLX_SEP_ PragmaFunction=initialize_mppi_fixed_XLX_SEP_ PragmaOptions=_XLX_SEP_ [-Wdump-hls-pragmas]
#pragma HLS UNROLL
        ^
mppi_control.cpp:350:9: warning: HLS pragma dump _XLX_SEP_ PragmaIsValid=1_XLX_SEP_ PragmaType=unroll_XLX_SEP_ PragmaContext=_XLX_SEP_ PragmaFunction=initialize_mppi_fixed_XLX_SEP_ PragmaOptions=_XLX_SEP_ [-Wdump-hls-pragmas]
#pragma HLS UNROLL
        ^
mppi_control.cpp:417:9: warning: HLS pragma dump _XLX_SEP_ PragmaIsValid=1_XLX_SEP_ PragmaType=inline_XLX_SEP_ PragmaContext=_XLX_SEP_ PragmaFunction=precalc_nominal_refs_fixed_XLX_SEP_ PragmaOptions=off_XLX_SEP_ [-Wdump-hls-pragmas]
#pragma HLS inline off
        ^
mppi_control.cpp:418:9: warning: HLS pragma dump _XLX_SEP_ PragmaIsValid=1_XLX_SEP_ PragmaType=bind_storage_XLX_SEP_ PragmaContext=_XLX_SEP_ PragmaFunction=precalc_nominal_refs_fixed_XLX_SEP_ PragmaOptions=variable=ref_path_array type=RAM_2P impl=BRAM_XLX_SEP_ [-Wdump-hls-pragmas]
#pragma HLS BIND_STORAGE variable=ref_path_array type=RAM_2P impl=BRAM
        ^
mppi_control.cpp:419:9: warning: HLS pragma dump _XLX_SEP_ PragmaIsValid=1_XLX_SEP_ PragmaType=array_partition_XLX_SEP_ PragmaContext=_XLX_SEP_ PragmaFunction=precalc_nominal_refs_fixed_XLX_SEP_ PragmaOptions=variable=ref_path_array cyclic factor=4 dim=2_XLX_SEP_ [-Wdump-hls-pragmas]
#pragma HLS ARRAY_PARTITION variable=ref_path_array cyclic factor=4 dim=2
        ^
mppi_control.cpp:426:9: warning: HLS pragma dump _XLX_SEP_ PragmaIsValid=1_XLX_SEP_ PragmaType=array_partition_XLX_SEP_ PragmaContext=_XLX_SEP_ PragmaFunction=precalc_nominal_refs_fixed_XLX_SEP_ PragmaOptions=variable=x_current complete dim=1_XLX_SEP_ [-Wdump-hls-pragmas]
#pragma HLS ARRAY_PARTITION variable=x_current complete dim=1
        ^
mppi_control.cpp:427:9: warning: HLS pragma dump _XLX_SEP_ PragmaIsValid=1_XLX_SEP_ PragmaType=array_partition_XLX_SEP_ PragmaContext=_XLX_SEP_ PragmaFunction=precalc_nominal_refs_fixed_XLX_SEP_ PragmaOptions=variable=x_next complete dim=1_XLX_SEP_ [-Wdump-hls-pragmas]
#pragma HLS ARRAY_PARTITION variable=x_next complete dim=1
        ^
mppi_control.cpp:430:9: warning: HLS pragma dump _XLX_SEP_ PragmaIsValid=1_XLX_SEP_ PragmaType=unroll_XLX_SEP_ PragmaContext=_XLX_SEP_ PragmaFunction=precalc_nominal_refs_fixed_XLX_SEP_ PragmaOptions=_XLX_SEP_ [-Wdump-hls-pragmas]
#pragma HLS UNROLL
        ^
mppi_control.cpp:465:9: warning: HLS pragma dump _XLX_SEP_ PragmaIsValid=1_XLX_SEP_ PragmaType=pipeline_XLX_SEP_ PragmaContext=_XLX_SEP_ PragmaFunction=precalc_nominal_refs_fixed_XLX_SEP_ PragmaOptions=II=1 rewind_XLX_SEP_ [-Wdump-hls-pragmas]
#pragma HLS PIPELINE II=1 rewind
        ^
mppi_control.cpp:479:9: warning: HLS pragma dump _XLX_SEP_ PragmaIsValid=1_XLX_SEP_ PragmaType=unroll_XLX_SEP_ PragmaContext=_XLX_SEP_ PragmaFunction=precalc_nominal_refs_fixed_XLX_SEP_ PragmaOptions=_XLX_SEP_ [-Wdump-hls-pragmas]
#pragma HLS UNROLL
        ^
mppi_control.cpp:490:9: warning: HLS pragma dump _XLX_SEP_ PragmaIsValid=1_XLX_SEP_ PragmaType=unroll_XLX_SEP_ PragmaContext=_XLX_SEP_ PragmaFunction=precalc_nominal_refs_fixed_XLX_SEP_ PragmaOptions=_XLX_SEP_ [-Wdump-hls-pragmas]
#pragma HLS UNROLL
        ^
mppi_control.cpp:672:9: warning: HLS pragma dump _XLX_SEP_ PragmaIsValid=1_XLX_SEP_ PragmaType=inline_XLX_SEP_ PragmaContext=_XLX_SEP_ PragmaFunction=simulate_trajectories_stream_XLX_SEP_ PragmaOptions=off_XLX_SEP_ [-Wdump-hls-pragmas]
#pragma HLS inline off
        ^
mppi_control.cpp:678:9: warning: HLS pragma dump _XLX_SEP_ PragmaIsValid=1_XLX_SEP_ PragmaType=pipeline_XLX_SEP_ PragmaContext=_XLX_SEP_ PragmaFunction=simulate_trajectories_stream_XLX_SEP_ PragmaOptions=II = 8_XLX_SEP_ [-Wdump-hls-pragmas]
#pragma HLS PIPELINE II = 8
        ^
mppi_control.cpp:681:9: warning: HLS pragma dump _XLX_SEP_ PragmaIsValid=1_XLX_SEP_ PragmaType=array_partition_XLX_SEP_ PragmaContext=_XLX_SEP_ PragmaFunction=simulate_trajectories_stream_XLX_SEP_ PragmaOptions=variable=x0 complete dim=1_XLX_SEP_ [-Wdump-hls-pragmas]
#pragma HLS ARRAY_PARTITION variable=x0 complete dim=1
        ^
mppi_control.cpp:683:9: warning: HLS pragma dump _XLX_SEP_ PragmaIsValid=1_XLX_SEP_ PragmaType=unroll_XLX_SEP_ PragmaContext=_XLX_SEP_ PragmaFunction=simulate_trajectories_stream_XLX_SEP_ PragmaOptions=_XLX_SEP_ [-Wdump-hls-pragmas]
#pragma HLS UNROLL
        ^
mppi_control.cpp:692:9: warning: HLS pragma dump _XLX_SEP_ PragmaIsValid=1_XLX_SEP_ PragmaType=array_partition_XLX_SEP_ PragmaContext=_XLX_SEP_ PragmaFunction=simulate_trajectories_stream_XLX_SEP_ PragmaOptions=variable=x_k complete dim=1_XLX_SEP_ [-Wdump-hls-pragmas]
#pragma HLS ARRAY_PARTITION variable=x_k complete dim=1
        ^
mppi_control.cpp:695:9: warning: HLS pragma dump _XLX_SEP_ PragmaIsValid=1_XLX_SEP_ PragmaType=unroll_XLX_SEP_ PragmaContext=_XLX_SEP_ PragmaFunction=simulate_trajectories_stream_XLX_SEP_ PragmaOptions=_XLX_SEP_ [-Wdump-hls-pragmas]
#pragma HLS UNROLL
        ^
mppi_control.cpp:701:9: warning: HLS pragma dump _XLX_SEP_ PragmaIsValid=1_XLX_SEP_ PragmaType=array_partition_XLX_SEP_ PragmaContext=_XLX_SEP_ PragmaFunction=simulate_trajectories_stream_XLX_SEP_ PragmaOptions=variable=states_buffer complete dim=1_XLX_SEP_ [-Wdump-hls-pragmas]
#pragma HLS ARRAY_PARTITION variable=states_buffer complete dim=1
        ^
mppi_control.cpp:716:9: warning: HLS pragma dump _XLX_SEP_ PragmaIsValid=1_XLX_SEP_ PragmaType=array_partition_XLX_SEP_ PragmaContext=_XLX_SEP_ PragmaFunction=simulate_trajectories_stream_XLX_SEP_ PragmaOptions=variable=g_result complete dim=1_XLX_SEP_ [-Wdump-hls-pragmas]
#pragma HLS ARRAY_PARTITION variable=g_result complete dim=1
        ^
mppi_control.cpp:734:9: warning: HLS pragma dump _XLX_SEP_ PragmaIsValid=1_XLX_SEP_ PragmaType=unroll_XLX_SEP_ PragmaContext=_XLX_SEP_ PragmaFunction=simulate_trajectories_stream_XLX_SEP_ PragmaOptions=_XLX_SEP_ [-Wdump-hls-pragmas]
#pragma HLS UNROLL
        ^
mppi_control.cpp:805:9: warning: HLS pragma dump _XLX_SEP_ PragmaIsValid=1_XLX_SEP_ PragmaType=inline_XLX_SEP_ PragmaContext=_XLX_SEP_ PragmaFunction=calculate_all_costs_stream_XLX_SEP_ PragmaOptions=off_XLX_SEP_ [-Wdump-hls-pragmas]
#pragma HLS inline off
        ^
mppi_control.cpp:806:9: warning: HLS pragma dump _XLX_SEP_ PragmaIsValid=1_XLX_SEP_ PragmaType=array_partition_XLX_SEP_ PragmaContext=_XLX_SEP_ PragmaFunction=calculate_all_costs_stream_XLX_SEP_ PragmaOptions=variable=nominal_ref_points complete dim=1_XLX_SEP_ [-Wdump-hls-pragmas]
#pragma HLS ARRAY_PARTITION variable=nominal_ref_points complete dim=1
        ^
mppi_control.cpp:810:9: warning: HLS pragma dump _XLX_SEP_ PragmaIsValid=1_XLX_SEP_ PragmaType=pipeline_XLX_SEP_ PragmaContext=_XLX_SEP_ PragmaFunction=calculate_all_costs_stream_XLX_SEP_ PragmaOptions=II = 8_XLX_SEP_ [-Wdump-hls-pragmas]
#pragma HLS PIPELINE II = 8
        ^
mppi_control.cpp:936:9: warning: HLS pragma dump _XLX_SEP_ PragmaIsValid=1_XLX_SEP_ PragmaType=inline_XLX_SEP_ PragmaContext=_XLX_SEP_ PragmaFunction=compute_weights_stream_XLX_SEP_ PragmaOptions=off_XLX_SEP_ [-Wdump-hls-pragmas]
#pragma HLS inline off
        ^
mppi_control.cpp:944:9: warning: HLS pragma dump _XLX_SEP_ PragmaIsValid=1_XLX_SEP_ PragmaType=pipeline_XLX_SEP_ PragmaContext=_XLX_SEP_ PragmaFunction=compute_weights_stream_XLX_SEP_ PragmaOptions=II=1_XLX_SEP_ [-Wdump-hls-pragmas]
#pragma HLS PIPELINE II=1
        ^
mppi_control.cpp:954:9: warning: HLS pragma dump _XLX_SEP_ PragmaIsValid=1_XLX_SEP_ PragmaType=pipeline_XLX_SEP_ PragmaContext=_XLX_SEP_ PragmaFunction=compute_weights_stream_XLX_SEP_ PragmaOptions=II=1_XLX_SEP_ [-Wdump-hls-pragmas]
#pragma HLS PIPELINE II=1
        ^
mppi_control.cpp:969:9: warning: HLS pragma dump _XLX_SEP_ PragmaIsValid=1_XLX_SEP_ PragmaType=inline_XLX_SEP_ PragmaContext=_XLX_SEP_ PragmaFunction=accumulate_weighted_noise_stream_XLX_SEP_ PragmaOptions=off_XLX_SEP_ [-Wdump-hls-pragmas]
#pragma HLS inline off
        ^
mppi_control.cpp:974:9: warning: HLS pragma dump _XLX_SEP_ PragmaIsValid=1_XLX_SEP_ PragmaType=unroll_XLX_SEP_ PragmaContext=_XLX_SEP_ PragmaFunction=accumulate_weighted_noise_stream_XLX_SEP_ PragmaOptions=_XLX_SEP_ [-Wdump-hls-pragmas]
#pragma HLS UNROLL
        ^
mppi_control.cpp:988:9: warning: HLS pragma dump _XLX_SEP_ PragmaIsValid=1_XLX_SEP_ PragmaType=pipeline_XLX_SEP_ PragmaContext=_XLX_SEP_ PragmaFunction=accumulate_weighted_noise_stream_XLX_SEP_ PragmaOptions=II=1_XLX_SEP_ [-Wdump-hls-pragmas]
#pragma HLS PIPELINE II=1
        ^
mppi_control.cpp:999:9: warning: HLS pragma dump _XLX_SEP_ PragmaIsValid=1_XLX_SEP_ PragmaType=unroll_XLX_SEP_ PragmaContext=_XLX_SEP_ PragmaFunction=accumulate_weighted_noise_stream_XLX_SEP_ PragmaOptions=_XLX_SEP_ [-Wdump-hls-pragmas]
#pragma HLS UNROLL
        ^
mppi_control.cpp:1030:9: warning: HLS pragma dump _XLX_SEP_ PragmaIsValid=1_XLX_SEP_ PragmaType=pipeline_XLX_SEP_ PragmaContext=_XLX_SEP_ PragmaFunction=accumulate_weighted_noise_stream_XLX_SEP_ PragmaOptions=II=1_XLX_SEP_ [-Wdump-hls-pragmas]
#pragma HLS PIPELINE II=1
        ^
262 warnings generated.
