dfgPass::INFOR: DFG Pass going to run on Module: /home/tanmay-desai/MPPI_FPGA_DATAFLOW/MPPI_FLOAT_KINEMATIC/MPPI_Float/MPPI_Float/hls/csim/code_analyzer/.internal/instrument/app_0/project.symbols.bc
dfgPass::INFOR:     Parsing the provided input trace files...
dfgPass::INFOR:     Initializing InstructionCounter...
dfgPass::VERBO:     +0 is not a loop
dfgPass::VERBO:     +0 is not a loop
dfgPass::VERBO:     +0 is not a loop
dfgPass::VERBO:     +0 is not a loop
dfgPass::VERBO:     +0 is not a loop
dfgPass::VERBO:       - BEFORE BREAK
dfgPass::VERBO:       - for.cond
dfgPass::VERBO:         - memlocal of :i:0
dfgPass::VERBO:         - LCV conditional branch 6:48
dfgPass::VERBO:       - AFTER BREAK
dfgPass::VERBO:       - for.body
dfgPass::VERBO:         - memlocal of :i:0
dfgPass::VERBO:         - memlocal of :state_out:0
dfgPass::VERBO:         - memlocal of :i:0
dfgPass::VERBO:       - AFTER BREAK
dfgPass::VERBO:       - for.inc
dfgPass::VERBO:         - memlocal of :i:0
dfgPass::VERBO:         - memlocal of :i:1
dfgPass::VERBO:       - AFTER BREAK
dfgPass::VERBO:     +0 is not a loop
dfgPass::VERBO:       - BEFORE BREAK
dfgPass::VERBO:       - for.cond
dfgPass::VERBO:         - memlocal of :i:0
dfgPass::VERBO:         - LCV conditional branch 6:48
dfgPass::VERBO:       - AFTER BREAK
dfgPass::VERBO:       - for.body
dfgPass::VERBO:         - memlocal of :init_state:0
dfgPass::VERBO:         - memlocal of :i:0
dfgPass::VERBO:         - memlocal of :i:0
dfgPass::VERBO:       - AFTER BREAK
dfgPass::VERBO:       - for.inc
dfgPass::VERBO:         - memlocal of :i:0
dfgPass::VERBO:         - memlocal of :i:1
dfgPass::VERBO:       - AFTER BREAK
dfgPass::VERBO:     +0 is not a loop
dfgPass::VERBO:       - BEFORE BREAK
dfgPass::VERBO:       - for.cond
dfgPass::VERBO:         - memlocal of :i:0
dfgPass::VERBO:         - memlocal of :sim_steps:0
dfgPass::VERBO:         - LCV conditional branch 6:48
dfgPass::VERBO:       - AFTER BREAK
dfgPass::VERBO:       - for.body
dfgPass::VERBO:         - invalid TR:4:0
dfgPass::VERBO:     +0 is not a loop
dfgPass::VERBO:     _ZSt12setprecisioni is skipped for analysis (only accesses local vars)
dfgPass::VERBO:     +0 is not a loop
dfgPass::VERBO:     _ZStcoSt13_Ios_Fmtflags is skipped for analysis (only accesses local vars)
dfgPass::VERBO:     +0 is not a loop
dfgPass::VERBO:     _ZStanSt13_Ios_FmtflagsS_ is skipped for analysis (only accesses local vars)
dfgPass::VERBO:     +0 is not a loop
dfgPass::VERBO:     _ZStorSt13_Ios_FmtflagsS_ is skipped for analysis (only accesses local vars)
dfgPass::VERBO:     +0 is not a loop
dfgPass::VERBO:     +0 is not a loop
dfgPass::VERBO:     +0 is not a loop
dfgPass::VERBO:     +0 is not a loop
dfgPass::VERBO:     +0 is not a loop
dfgPass::VERBO:     +0 is not a loop
dfgPass::VERBO:       - BEFORE BREAK
dfgPass::VERBO:       - for.cond46
dfgPass::VERBO:         - memlocal of :k:0
dfgPass::VERBO:         - LCV conditional branch 6:48
dfgPass::VERBO:       - AFTER BREAK
dfgPass::VERBO:       - for.body48
dfgPass::VERBO:         - memlocal of :k:0
dfgPass::VERBO:         - memlocal of :inv_eta:0
dfgPass::VERBO:         - memlocal of :w_f:1
dfgPass::VERBO:         - memlocal of :w_f:0
dfgPass::VERBO:         - memlocal of :W:0
dfgPass::VERBO:         - memlocal of :k:0
dfgPass::VERBO:       - AFTER BREAK
dfgPass::VERBO:       - for.inc54
dfgPass::VERBO:         - memlocal of :k:0
dfgPass::VERBO:         - memlocal of :k:1
dfgPass::VERBO:       - AFTER BREAK
dfgPass::VERBO:     +2 fails R.hasBlockSchema
dfgPass::VERBO:       - BEFORE BREAK
dfgPass::VERBO:       - for.cond11
dfgPass::VERBO:         - memlocal of :i:0
dfgPass::VERBO:         - LCV conditional branch 6:48
dfgPass::VERBO:       - AFTER BREAK
dfgPass::VERBO:       - for.body13
dfgPass::VERBO:         - memlocal of :i:0
dfgPass::VERBO:       - AFTER BREAK
dfgPass::VERBO:       - for.inc16
dfgPass::VERBO:         - memlocal of :i:0
dfgPass::VERBO:         - memlocal of :i:1
dfgPass::VERBO:       - AFTER BREAK
dfgPass::VERBO:     +4 is not an innermost loop
dfgPass::VERBO:     +5 fails R.hasBlockSchema
dfgPass::VERBO:     +0 is not a loop
dfgPass::VERBO:     +0 is not a loop
dfgPass::VERBO:     +0 is not a loop
dfgPass::VERBO:     +0 is not a loop
dfgPass::VERBO:     +0 is not a loop
dfgPass::VERBO:     +0 is not a loop
dfgPass::VERBO:     +0 is not a loop
dfgPass::VERBO:     +0 is not a loop
dfgPass::VERBO:     +0 is not a loop
dfgPass::VERBO:     +0 is not a loop
dfgPass::VERBO:     +1 fails R.hasBlockSchema
dfgPass::VERBO:     +0 is not a loop
dfgPass::VERBO:     +0 is not a loop
dfgPass::VERBO:     +0 is not a loop
dfgPass::VERBO:     +0 is not a loop
dfgPass::VERBO:     +0 is not a loop
dfgPass::VERBO:     +0 is not a loop
dfgPass::VERBO:     +0 is not a loop
dfgPass::VERBO:     +0 is not a loop
dfgPass::VERBO:     +0 is not a loop
dfgPass::VERBO:     +0 is not a loop
dfgPass::VERBO:     +0 is not a loop
dfgPass::VERBO:     +0 is not a loop
dfgPass::VERBO:     +0 is not a loop
dfgPass::VERBO:     +0 is not a loop
dfgPass::VERBO:     +0 is not a loop
dfgPass::VERBO:     +0 is not a loop
dfgPass::VERBO:     +0 is not a loop
dfgPass::VERBO:     _ZN10ap_privateILi32ELb0ELb1EE10set_canaryEv is skipped for analysis (only accesses local vars)
dfgPass::VERBO:     _ZN10ap_privateILi32ELb0ELb1EE12check_canaryEv is skipped for analysis (only accesses local vars)
dfgPass::VERBO:     +0 is not a loop
dfgPass::VERBO:     +0 is not a loop
dfgPass::VERBO:     +0 is not a loop
dfgPass::VERBO:     +0 is not a loop
dfgPass::VERBO:     +0 is not a loop
dfgPass::VERBO:     +0 is not a loop
dfgPass::VERBO:     +0 is not a loop
dfgPass::VERBO:     +0 is not a loop
dfgPass::VERBO:     _ZNK10ap_privateILi32ELb0ELb1EE10isNegativeEv is skipped for analysis (only accesses local vars)
dfgPass::VERBO:     +0 is not a loop
dfgPass::VERBO:     +0 is not a loop
dfgPass::VERBO:     +0 is not a loop
dfgPass::VERBO:     +0 is not a loop
dfgPass::VERBO:     +0 is not a loop
dfgPass::VERBO:     +0 is not a loop
dfgPass::VERBO:     +0 is not a loop
dfgPass::VERBO:     +0 is not a loop
dfgPass::VERBO:     +0 is not a loop
dfgPass::VERBO:     +0 is not a loop
dfgPass::VERBO:     _ZN11ap_int_baseILi32ELb0EE18checkOverflowBaseCIjEEvT_ is skipped for analysis (only accesses local vars)
dfgPass::VERBO:     +0 is not a loop
dfgPass::VERBO:     +0 is not a loop
dfgPass::VERBO:     +0 is not a loop
dfgPass::VERBO:     +0 is not a loop
dfgPass::VERBO:     +0 is not a loop
dfgPass::VERBO:     +0 is not a loop
dfgPass::VERBO:     +0 is not a loop
dfgPass::VERBO:     +1 is not an innermost loop
dfgPass::VERBO:       - BEFORE BREAK
dfgPass::VERBO:       - for.cond1
dfgPass::VERBO:         - memlocal of :j:0
dfgPass::VERBO:         - LCV conditional branch 6:48
dfgPass::VERBO:       - AFTER BREAK
dfgPass::VERBO:       - for.body3
dfgPass::VERBO:         - memlocal of :matrix:0
dfgPass::VERBO:         - memlocal of :i:0
dfgPass::VERBO:         - memlocal of :j:0
dfgPass::VERBO:         - memlocal of :vec:0
dfgPass::VERBO:         - memlocal of :j:0
dfgPass::VERBO:         - memlocal of :acc:0
dfgPass::VERBO:         - invalid TR:4:0
dfgPass::VERBO:     +0 is not a loop
dfgPass::VERBO:       - BEFORE BREAK
dfgPass::VERBO:       - for.cond
dfgPass::VERBO:         - memlocal of :i:0
dfgPass::VERBO:         - LCV conditional branch 6:48
dfgPass::VERBO:       - AFTER BREAK
dfgPass::VERBO:       - for.body
dfgPass::VERBO:         - memlocal of :vec1:0
dfgPass::VERBO:         - memlocal of :i:0
dfgPass::VERBO:         - memlocal of :vec2:0
dfgPass::VERBO:         - memlocal of :i:0
dfgPass::VERBO:         - memlocal of :sum:0
dfgPass::VERBO:         - invalid TR:4:0
dfgPass::VERBO:     +0 is not a loop
dfgPass::VERBO:     +0 is not a loop
dfgPass::VERBO:     +0 is not a loop
dfgPass::VERBO:       - BEFORE BREAK
dfgPass::VERBO:       - for.cond14
dfgPass::VERBO:         - memlocal of :i:0
dfgPass::VERBO:         - LCV conditional branch 6:48
dfgPass::VERBO:       - AFTER BREAK
dfgPass::VERBO:       - for.body16
dfgPass::VERBO:         - memlocal of :observed_x:0
dfgPass::VERBO:         - memlocal of :i:0
dfgPass::VERBO:         - memlocal of :x0:0
dfgPass::VERBO:         - memlocal of :i:0
dfgPass::VERBO:       - AFTER BREAK
dfgPass::VERBO:       - for.inc21
dfgPass::VERBO:         - memlocal of :i:0
dfgPass::VERBO:         - memlocal of :i:1
dfgPass::VERBO:       - AFTER BREAK
dfgPass::VERBO:     +2 is not an innermost loop
dfgPass::VERBO:       - BEFORE BREAK
dfgPass::VERBO:       - for.cond1
dfgPass::VERBO:         - memlocal of :j:0
dfgPass::VERBO:         - LCV conditional branch 6:48
dfgPass::VERBO:       - AFTER BREAK
dfgPass::VERBO:       - for.body3
dfgPass::VERBO:         - memlocal of :i:0
dfgPass::VERBO:         - memlocal of :j:0
dfgPass::VERBO:         - memlocal of :u:0
dfgPass::VERBO:         - memlocal of :i:0
dfgPass::VERBO:         - memlocal of :j:0
dfgPass::VERBO:       - AFTER BREAK
dfgPass::VERBO:       - for.inc
dfgPass::VERBO:         - memlocal of :j:0
dfgPass::VERBO:         - memlocal of :j:1
dfgPass::VERBO:       - AFTER BREAK
dfgPass::VERBO:     +0 is not a loop
dfgPass::VERBO:     +1 is not an innermost loop
dfgPass::VERBO:       - BEFORE BREAK
dfgPass::VERBO:       - for.cond13
dfgPass::VERBO:         - memlocal of :i:0
dfgPass::VERBO:         - LCV conditional branch 6:48
dfgPass::VERBO:       - AFTER BREAK
dfgPass::VERBO:       - for.body15
dfgPass::VERBO:         - memlocal of :i:0
dfgPass::VERBO:         - memlocal offset is invalid:0:4
dfgPass::VERBO:         - memlocal of :nominal_ref_points:0
dfgPass::VERBO:         - memlocal of :t:0
dfgPass::VERBO:         - memlocal of :i:0
dfgPass::VERBO:       - AFTER BREAK
dfgPass::VERBO:       - for.inc22
dfgPass::VERBO:         - memlocal of :i:0
dfgPass::VERBO:         - memlocal of :i:1
dfgPass::VERBO:       - AFTER BREAK
dfgPass::VERBO:       - BEFORE BREAK
dfgPass::VERBO:       - for.cond39
dfgPass::VERBO:         - memlocal of :i:0
dfgPass::VERBO:         - LCV conditional branch 6:48
dfgPass::VERBO:       - AFTER BREAK
dfgPass::VERBO:       - for.body41
dfgPass::VERBO:         - memlocal of :i:0
dfgPass::VERBO:         - memlocal offset is invalid:0:4
dfgPass::VERBO:         - memlocal of :i:0
dfgPass::VERBO:         - memlocal offset is invalid:0:4
dfgPass::VERBO:       - AFTER BREAK
dfgPass::VERBO:       - for.inc46
dfgPass::VERBO:         - memlocal of :i:0
dfgPass::VERBO:         - memlocal of :i:1
dfgPass::VERBO:       - AFTER BREAK
dfgPass::VERBO:       - BEFORE BREAK
dfgPass::VERBO:       - for.cond
dfgPass::VERBO:         - memlocal of :i:0
dfgPass::VERBO:         - LCV conditional branch 6:48
dfgPass::VERBO:       - AFTER BREAK
dfgPass::VERBO:       - for.body
dfgPass::VERBO:         - memlocal of :x0_in:0
dfgPass::VERBO:         - memlocal of :i:0
dfgPass::VERBO:         - memlocal of :i:0
dfgPass::VERBO:         - memlocal offset is invalid:0:4
dfgPass::VERBO:       - AFTER BREAK
dfgPass::VERBO:       - for.inc
dfgPass::VERBO:         - memlocal of :i:0
dfgPass::VERBO:         - memlocal of :i:1
dfgPass::VERBO:       - AFTER BREAK
dfgPass::VERBO:     +0 is not a loop
dfgPass::VERBO:     +1 is not an innermost loop
dfgPass::VERBO:       - BEFORE BREAK
dfgPass::VERBO:       - for.cond7
dfgPass::VERBO:         - memlocal of :i:0
dfgPass::VERBO:         - LCV conditional branch 6:48
dfgPass::VERBO:       - AFTER BREAK
dfgPass::VERBO:       - for.body9
dfgPass::VERBO:         - memlocal of :i:0
dfgPass::VERBO:         - memlocal offset is invalid:0:4
dfgPass::VERBO:         - memlocal of :i:0
dfgPass::VERBO:         - memlocal offset is invalid:0:4
dfgPass::VERBO:       - AFTER BREAK
dfgPass::VERBO:       - for.inc14
dfgPass::VERBO:         - memlocal of :i:0
dfgPass::VERBO:         - memlocal of :i:1
dfgPass::VERBO:       - AFTER BREAK
dfgPass::VERBO:     +3 is not an innermost loop
dfgPass::VERBO:       - BEFORE BREAK
dfgPass::VERBO:       - for.cond64
dfgPass::VERBO:         - memlocal of :i:0
dfgPass::VERBO:         - LCV conditional branch 6:48
dfgPass::VERBO:       - AFTER BREAK
dfgPass::VERBO:       - for.body66
dfgPass::VERBO:         - memlocal of :i:0
dfgPass::VERBO:         - memlocal offset is invalid:0:4
dfgPass::VERBO:         - memlocal of :t:0
dfgPass::VERBO:         - memlocal of :i:0
dfgPass::VERBO:         - memlocal offset is invalid:0:4
dfgPass::VERBO:       - AFTER BREAK
dfgPass::VERBO:       - for.inc74
dfgPass::VERBO:         - memlocal of :i:0
dfgPass::VERBO:         - memlocal of :i:1
dfgPass::VERBO:       - AFTER BREAK
dfgPass::VERBO:       - BEFORE BREAK
dfgPass::VERBO:       - for.cond78
dfgPass::VERBO:         - memlocal of :i:0
dfgPass::VERBO:         - LCV conditional branch 6:48
dfgPass::VERBO:       - AFTER BREAK
dfgPass::VERBO:       - for.body80
dfgPass::VERBO:         - memlocal of :i:0
dfgPass::VERBO:         - memlocal offset is invalid:0:4
dfgPass::VERBO:         - memlocal of :t:0
dfgPass::VERBO:         - memlocal of :i:0
dfgPass::VERBO:         - memlocal offset is invalid:0:4
dfgPass::VERBO:       - AFTER BREAK
dfgPass::VERBO:       - for.inc88
dfgPass::VERBO:         - memlocal of :i:0
dfgPass::VERBO:         - memlocal of :i:1
dfgPass::VERBO:       - AFTER BREAK
dfgPass::VERBO:       - BEFORE BREAK
dfgPass::VERBO:       - for.cond
dfgPass::VERBO:         - memlocal of :i:0
dfgPass::VERBO:         - LCV conditional branch 6:48
dfgPass::VERBO:       - AFTER BREAK
dfgPass::VERBO:       - for.body
dfgPass::VERBO:         - memlocal of :x0_in:0
dfgPass::VERBO:         - memlocal of :i:0
dfgPass::VERBO:         - memlocal of :i:0
dfgPass::VERBO:         - memlocal offset is invalid:0:4
dfgPass::VERBO:       - AFTER BREAK
dfgPass::VERBO:       - for.inc
dfgPass::VERBO:         - memlocal of :i:0
dfgPass::VERBO:         - memlocal of :i:1
dfgPass::VERBO:       - AFTER BREAK
dfgPass::VERBO:     +0 is not a loop
dfgPass::VERBO:     +0 is not a loop
dfgPass::VERBO:     +1 is not an innermost loop
dfgPass::VERBO:       - BEFORE BREAK
dfgPass::VERBO:       - for.cond1
dfgPass::VERBO:         - memlocal of :t:0
dfgPass::VERBO:         - LCV conditional branch 6:48
dfgPass::VERBO:       - AFTER BREAK
dfgPass::VERBO:       - for.body3
dfgPass::VERBO:         - memlocal of :t:0
dfgPass::VERBO:         - invalid TR:4:0
dfgPass::VERBO:     +0 is not a loop
dfgPass::VERBO:     +0 is not a loop
dfgPass::VERBO:     +0 is not a loop
dfgPass::VERBO:       - BEFORE BREAK
dfgPass::VERBO:       - for.cond3
dfgPass::VERBO:         - memlocal of :k:0
dfgPass::VERBO:         - LCV conditional branch 6:48
dfgPass::VERBO:       - AFTER BREAK
dfgPass::VERBO:       - for.body5
dfgPass::VERBO:         - memlocal of :weight_out:0
dfgPass::VERBO:         - memlocal of :k:0
dfgPass::VERBO:         - invalid TR:4:0
dfgPass::VERBO:       - BEFORE BREAK
dfgPass::VERBO:       - for.cond
dfgPass::VERBO:         - memlocal of :i:0
dfgPass::VERBO:         - LCV conditional branch 6:48
dfgPass::VERBO:       - AFTER BREAK
dfgPass::VERBO:       - for.body
dfgPass::VERBO:         - memlocal of :cost_in:0
dfgPass::VERBO:         - invalid TR:4:0
dfgPass::VERBO:     +0 is not a loop
dfgPass::VERBO:     +0 is not a loop
dfgPass::VERBO:     +0 is not a loop
dfgPass::VERBO:       - BEFORE BREAK
dfgPass::VERBO:       - for.cond105
dfgPass::VERBO:         - memlocal of :i:0
dfgPass::VERBO:         - LCV conditional branch 6:48
dfgPass::VERBO:       - AFTER BREAK
dfgPass::VERBO:       - for.body107
dfgPass::VERBO:         - memlocal of :u_write:0
dfgPass::VERBO:         - memlocal of :i:0
dfgPass::VERBO:         - memlocal of :i:0
dfgPass::VERBO:       - AFTER BREAK
dfgPass::VERBO:       - for.inc113
dfgPass::VERBO:         - memlocal of :i:0
dfgPass::VERBO:         - memlocal of :i:1
dfgPass::VERBO:       - AFTER BREAK
dfgPass::VERBO:     +2 is not an innermost loop
dfgPass::VERBO:       - BEFORE BREAK
dfgPass::VERBO:       - for.cond86
dfgPass::VERBO:         - memlocal of :i:0
dfgPass::VERBO:         - LCV conditional branch 6:48
dfgPass::VERBO:       - AFTER BREAK
dfgPass::VERBO:       - for.body88
dfgPass::VERBO:         - memlocal of :u_write:0
dfgPass::VERBO:         - memlocal of :t:0
dfgPass::VERBO:         - memlocal of :i:0
dfgPass::VERBO:         - memlocal of :t:0
dfgPass::VERBO:         - memlocal of :i:0
dfgPass::VERBO:       - AFTER BREAK
dfgPass::VERBO:       - for.inc98
dfgPass::VERBO:         - memlocal of :i:0
dfgPass::VERBO:         - memlocal of :i:1
dfgPass::VERBO:       - AFTER BREAK
dfgPass::VERBO:     +4 is not an innermost loop
dfgPass::VERBO:       - BEFORE BREAK
dfgPass::VERBO:       - for.cond59
dfgPass::VERBO:         - memlocal of :i:0
dfgPass::VERBO:         - LCV conditional branch 6:48
dfgPass::VERBO:       - AFTER BREAK
dfgPass::VERBO:       - for.body61
dfgPass::VERBO:         - memlocal of :u_read:0
dfgPass::VERBO:         - memlocal of :t:0
dfgPass::VERBO:         - memlocal of :i:0
dfgPass::VERBO:         - memlocal of :t:0
dfgPass::VERBO:         - memlocal of :i:0
dfgPass::VERBO:         - memlocal offset is invalid:0:4
dfgPass::VERBO:         - memlocal of :u_write:0
dfgPass::VERBO:         - memlocal of :t:0
dfgPass::VERBO:         - memlocal of :i:0
dfgPass::VERBO:       - AFTER BREAK
dfgPass::VERBO:       - for.inc75
dfgPass::VERBO:         - memlocal of :i:0
dfgPass::VERBO:         - memlocal of :i:1
dfgPass::VERBO:       - AFTER BREAK
dfgPass::VERBO:     +6 is not an innermost loop
dfgPass::VERBO:       - BEFORE BREAK
dfgPass::VERBO:       - for.cond36
dfgPass::VERBO:         - memlocal of :i:0
dfgPass::VERBO:         - LCV conditional branch 6:48
dfgPass::VERBO:       - AFTER BREAK
dfgPass::VERBO:       - for.body38
dfgPass::VERBO:         - memlocal of :t:0
dfgPass::VERBO:         - memlocal of :i:0
dfgPass::VERBO:         - memlocal offset is invalid:0:4
dfgPass::VERBO:         - memlocal of :t:0
dfgPass::VERBO:         - memlocal of :i:0
dfgPass::VERBO:         - memlocal offset is invalid:0:4
dfgPass::VERBO:       - AFTER BREAK
dfgPass::VERBO:       - for.inc47
dfgPass::VERBO:         - memlocal of :i:0
dfgPass::VERBO:         - memlocal of :i:1
dfgPass::VERBO:       - AFTER BREAK
dfgPass::VERBO:     +8 is not an innermost loop
dfgPass::VERBO:       - BEFORE BREAK
dfgPass::VERBO:       - for.cond8
dfgPass::VERBO:         - memlocal of :t:0
dfgPass::VERBO:         - LCV conditional branch 6:48
dfgPass::VERBO:       - AFTER BREAK
dfgPass::VERBO:       - for.body10
dfgPass::VERBO:         - memlocal of :weight_temp:0
dfgPass::VERBO:         - memlocal of :steer_samples:0
dfgPass::VERBO:         - memlocal of :k:0
dfgPass::VERBO:         - memlocal of :t:0
dfgPass::VERBO:         - memlocal of :t:0
dfgPass::VERBO:         - memlocal offset is invalid:0:4
dfgPass::VERBO:         - invalid TR:4:0
dfgPass::VERBO:       - BEFORE BREAK
dfgPass::VERBO:       - for.cond
dfgPass::VERBO:         - memlocal of :i:0
dfgPass::VERBO:         - LCV conditional branch 6:48
dfgPass::VERBO:       - AFTER BREAK
dfgPass::VERBO:       - for.body
dfgPass::VERBO:         - memlocal of :i:0
dfgPass::VERBO:         - memlocal offset is invalid:0:4
dfgPass::VERBO:         - memlocal of :i:0
dfgPass::VERBO:       - AFTER BREAK
dfgPass::VERBO:       - for.inc
dfgPass::VERBO:         - memlocal of :i:0
dfgPass::VERBO:         - memlocal of :i:1
dfgPass::VERBO:       - AFTER BREAK
dfgPass::VERBO:     +0 is not a loop
dfgPass::VERBO:     +0 is not a loop
dfgPass::VERBO:     +0 is not a loop
dfgPass::VERBO:     +0 is not a loop
dfgPass::VERBO:     +1 fails R.hasBlockSchema
dfgPass::VERBO:     +0 is not a loop
dfgPass::VERBO:     +0 is not a loop
dfgPass::VERBO:     +0 is not a loop
dfgPass::VERBO:     +0 is not a loop
dfgPass::VERBO:     +0 is not a loop
dfgPass::VERBO:     +1 is not an innermost loop
dfgPass::VERBO:     +2 fails R.hasBlockSchema
dfgPass::VERBO:     +3 is not an innermost loop
dfgPass::VERBO:     +4 fails R.hasBlockSchema
dfgPass::VERBO:     +5 is not an innermost loop
dfgPass::VERBO:     +6 is not an innermost loop
dfgPass::VERBO:     +7 fails R.hasBlockSchema
dfgPass::VERBO:     +0 is not a loop
dfgPass::VERBO:     +0 is not a loop
dfgPass::VERBO:     +0 is not a loop
dfgPass::VERBO:     +0 is not a loop
dfgPass::VERBO:     +0 is not a loop
dfgPass::VERBO:     +0 is not a loop
dfgPass::VERBO:     +0 is not a loop
dfgPass::VERBO:     +0 is not a loop
dfgPass::VERBO:     +0 is not a loop
dfgPass::VERBO:     +0 is not a loop
dfgPass::VERBO:     +0 is not a loop
dfgPass::VERBO:     +0 is not a loop
dfgPass::VERBO:     +0 is not a loop
dfgPass::VERBO:     +0 is not a loop
dfgPass::VERBO:     +0 is not a loop
dfgPass::VERBO:     +0 is not a loop
dfgPass::VERBO:     +0 is not a loop
dfgPass::VERBO:     +0 is not a loop
dfgPass::VERBO:     +0 is not a loop
dfgPass::VERBO:     +0 is not a loop
dfgPass::VERBO:     +0 is not a loop
dfgPass::VERBO:     +0 is not a loop
dfgPass::VERBO:     +0 is not a loop
dfgPass::VERBO:     +0 is not a loop
dfgPass::VERBO:     +0 is not a loop
dfgPass::VERBO:     +0 is not a loop
dfgPass::VERBO:     +0 is not a loop
dfgPass::VERBO:     +0 is not a loop
dfgPass::VERBO:     +0 is not a loop
dfgPass::VERBO:     +0 is not a loop
dfgPass::VERBO:     +0 is not a loop
dfgPass::VERBO:     +0 is not a loop
dfgPass::VERBO:     +0 is not a loop
dfgPass::VERBO:     +0 is not a loop
dfgPass::VERBO:       - BEFORE BREAK
dfgPass::VERBO:       - for.cond20
dfgPass::VERBO:         - memlocal of :i:0
dfgPass::VERBO:         - LCV conditional branch 6:48
dfgPass::VERBO:       - AFTER BREAK
dfgPass::VERBO:       - for.body22
dfgPass::VERBO:         - memlocal of :i:0
dfgPass::VERBO:         - memlocal offset is invalid:0:4
dfgPass::VERBO:         - memlocal of :i:0
dfgPass::VERBO:         - memlocal of :i:0
dfgPass::VERBO:         - memlocal offset is invalid:0:4
dfgPass::VERBO:         - memlocal of :i:0
dfgPass::VERBO:       - AFTER BREAK
dfgPass::VERBO:       - for.inc31
dfgPass::VERBO:         - memlocal of :i:0
dfgPass::VERBO:         - memlocal of :i:1
dfgPass::VERBO:       - AFTER BREAK
dfgPass::VERBO:       - BEFORE BREAK
dfgPass::VERBO:       - for.cond
dfgPass::VERBO:         - memlocal of :i:0
dfgPass::VERBO:         - LCV conditional branch 6:48
dfgPass::VERBO:       - AFTER BREAK
dfgPass::VERBO:       - for.body
dfgPass::VERBO:         - memlocal of :all_params:0
dfgPass::VERBO:         - memlocal of :i:0
dfgPass::VERBO:         - memlocal of :i:0
dfgPass::VERBO:         - memlocal offset is invalid:0:4
dfgPass::VERBO:         - memlocal of :all_params:0
dfgPass::VERBO:         - memlocal of :i:0
dfgPass::VERBO:         - memlocal of :i:0
dfgPass::VERBO:         - memlocal offset is invalid:0:4
dfgPass::VERBO:       - AFTER BREAK
dfgPass::VERBO:       - for.inc
dfgPass::VERBO:         - memlocal of :i:0
dfgPass::VERBO:         - memlocal of :i:1
dfgPass::VERBO:       - AFTER BREAK
dfgPass::VERBO:     +0 is not a loop
dfgPass::VERBO:     +1 fails R.hasBlockSchema
dfgPass::VERBO:     +0 is not a loop
dfgPass::VERBO:       - BEFORE BREAK
dfgPass::VERBO:       - for.cond14
dfgPass::VERBO:         - memlocal of :i:0
dfgPass::VERBO:         - LCV conditional branch 6:48
dfgPass::VERBO:       - AFTER BREAK
dfgPass::VERBO:       - for.body16
dfgPass::VERBO:         - memlocal of :observed_x:0
dfgPass::VERBO:         - memlocal of :i:0
dfgPass::VERBO:         - memlocal of :x0:0
dfgPass::VERBO:         - memlocal of :i:0
dfgPass::VERBO:       - AFTER BREAK
dfgPass::VERBO:       - for.inc21
dfgPass::VERBO:         - memlocal of :i:0
dfgPass::VERBO:         - memlocal of :i:1
dfgPass::VERBO:       - AFTER BREAK
dfgPass::VERBO:     +2 is not an innermost loop
dfgPass::VERBO:       - BEFORE BREAK
dfgPass::VERBO:       - for.cond1
dfgPass::VERBO:         - memlocal of :j:0
dfgPass::VERBO:         - LCV conditional branch 6:48
dfgPass::VERBO:       - AFTER BREAK
dfgPass::VERBO:       - for.body3
dfgPass::VERBO:         - memlocal of :i:0
dfgPass::VERBO:         - memlocal of :j:0
dfgPass::VERBO:         - memlocal of :u:0
dfgPass::VERBO:         - memlocal of :i:0
dfgPass::VERBO:         - memlocal of :j:0
dfgPass::VERBO:       - AFTER BREAK
dfgPass::VERBO:       - for.inc
dfgPass::VERBO:         - memlocal of :j:0
dfgPass::VERBO:         - memlocal of :j:1
dfgPass::VERBO:       - AFTER BREAK
dfgPass::VERBO:     +0 is not a loop
dfgPass::VERBO:     +1 is not an innermost loop
dfgPass::VERBO:       - BEFORE BREAK
dfgPass::VERBO:       - for.cond13
dfgPass::VERBO:         - memlocal of :i:0
dfgPass::VERBO:         - LCV conditional branch 6:48
dfgPass::VERBO:       - AFTER BREAK
dfgPass::VERBO:       - for.body15
dfgPass::VERBO:         - memlocal of :i:0
dfgPass::VERBO:         - memlocal offset is invalid:0:4
dfgPass::VERBO:         - memlocal of :nominal_ref_points:0
dfgPass::VERBO:         - memlocal of :t:0
dfgPass::VERBO:         - memlocal of :i:0
dfgPass::VERBO:       - AFTER BREAK
dfgPass::VERBO:       - for.inc22
dfgPass::VERBO:         - memlocal of :i:0
dfgPass::VERBO:         - memlocal of :i:1
dfgPass::VERBO:       - AFTER BREAK
dfgPass::VERBO:       - BEFORE BREAK
dfgPass::VERBO:       - for.cond39
dfgPass::VERBO:         - memlocal of :i:0
dfgPass::VERBO:         - LCV conditional branch 6:48
dfgPass::VERBO:       - AFTER BREAK
dfgPass::VERBO:       - for.body41
dfgPass::VERBO:         - memlocal of :i:0
dfgPass::VERBO:         - memlocal offset is invalid:0:4
dfgPass::VERBO:         - memlocal of :i:0
dfgPass::VERBO:         - memlocal offset is invalid:0:4
dfgPass::VERBO:       - AFTER BREAK
dfgPass::VERBO:       - for.inc46
dfgPass::VERBO:         - memlocal of :i:0
dfgPass::VERBO:         - memlocal of :i:1
dfgPass::VERBO:       - AFTER BREAK
dfgPass::VERBO:       - BEFORE BREAK
dfgPass::VERBO:       - for.cond
dfgPass::VERBO:         - memlocal of :i:0
dfgPass::VERBO:         - LCV conditional branch 6:48
dfgPass::VERBO:       - AFTER BREAK
dfgPass::VERBO:       - for.body
dfgPass::VERBO:         - memlocal of :x0_in:0
dfgPass::VERBO:         - memlocal of :i:0
dfgPass::VERBO:         - memlocal of :i:0
dfgPass::VERBO:         - memlocal offset is invalid:0:4
dfgPass::VERBO:       - AFTER BREAK
dfgPass::VERBO:       - for.inc
dfgPass::VERBO:         - memlocal of :i:0
dfgPass::VERBO:         - memlocal of :i:1
dfgPass::VERBO:       - AFTER BREAK
dfgPass::VERBO:     +0 is not a loop
dfgPass::VERBO:     +1 is not an innermost loop
dfgPass::VERBO:       - BEFORE BREAK
dfgPass::VERBO:       - for.cond7
dfgPass::VERBO:         - memlocal of :i:0
dfgPass::VERBO:         - LCV conditional branch 6:48
dfgPass::VERBO:       - AFTER BREAK
dfgPass::VERBO:       - for.body9
dfgPass::VERBO:         - memlocal of :i:0
dfgPass::VERBO:         - memlocal offset is invalid:0:4
dfgPass::VERBO:         - memlocal of :i:0
dfgPass::VERBO:         - memlocal offset is invalid:0:4
dfgPass::VERBO:       - AFTER BREAK
dfgPass::VERBO:       - for.inc14
dfgPass::VERBO:         - memlocal of :i:0
dfgPass::VERBO:         - memlocal of :i:1
dfgPass::VERBO:       - AFTER BREAK
dfgPass::VERBO:     +3 is not an innermost loop
dfgPass::VERBO:       - BEFORE BREAK
dfgPass::VERBO:       - for.cond65
dfgPass::VERBO:         - memlocal of :i:0
dfgPass::VERBO:         - LCV conditional branch 6:48
dfgPass::VERBO:       - AFTER BREAK
dfgPass::VERBO:       - for.body67
dfgPass::VERBO:         - memlocal of :i:0
dfgPass::VERBO:         - memlocal offset is invalid:0:4
dfgPass::VERBO:         - memlocal of :t:0
dfgPass::VERBO:         - memlocal of :i:0
dfgPass::VERBO:         - memlocal offset is invalid:0:4
dfgPass::VERBO:       - AFTER BREAK
dfgPass::VERBO:       - for.inc75
dfgPass::VERBO:         - memlocal of :i:0
dfgPass::VERBO:         - memlocal of :i:1
dfgPass::VERBO:       - AFTER BREAK
dfgPass::VERBO:       - BEFORE BREAK
dfgPass::VERBO:       - for.cond79
dfgPass::VERBO:         - memlocal of :i:0
dfgPass::VERBO:         - LCV conditional branch 6:48
dfgPass::VERBO:       - AFTER BREAK
dfgPass::VERBO:       - for.body81
dfgPass::VERBO:         - memlocal of :i:0
dfgPass::VERBO:         - memlocal offset is invalid:0:4
dfgPass::VERBO:         - memlocal of :t:0
dfgPass::VERBO:         - memlocal of :i:0
dfgPass::VERBO:         - memlocal offset is invalid:0:4
dfgPass::VERBO:       - AFTER BREAK
dfgPass::VERBO:       - for.inc89
dfgPass::VERBO:         - memlocal of :i:0
dfgPass::VERBO:         - memlocal of :i:1
dfgPass::VERBO:       - AFTER BREAK
dfgPass::VERBO:       - BEFORE BREAK
dfgPass::VERBO:       - for.cond
dfgPass::VERBO:         - memlocal of :i:0
dfgPass::VERBO:         - LCV conditional branch 6:48
dfgPass::VERBO:       - AFTER BREAK
dfgPass::VERBO:       - for.body
dfgPass::VERBO:         - memlocal of :x0_in:0
dfgPass::VERBO:         - memlocal of :i:0
dfgPass::VERBO:         - memlocal of :i:0
dfgPass::VERBO:         - memlocal offset is invalid:0:4
dfgPass::VERBO:       - AFTER BREAK
dfgPass::VERBO:       - for.inc
dfgPass::VERBO:         - memlocal of :i:0
dfgPass::VERBO:         - memlocal of :i:1
dfgPass::VERBO:       - AFTER BREAK
dfgPass::VERBO:     +0 is not a loop
dfgPass::VERBO:     +1 is not an innermost loop
dfgPass::VERBO:       - BEFORE BREAK
dfgPass::VERBO:       - for.cond1
dfgPass::VERBO:         - memlocal of :t:0
dfgPass::VERBO:         - LCV conditional branch 6:48
dfgPass::VERBO:       - AFTER BREAK
dfgPass::VERBO:       - for.body3
dfgPass::VERBO:         - memlocal of :t:0
dfgPass::VERBO:         - memlocal offset is invalid:0:4
dfgPass::VERBO:         - memlocal may be aliased :traj
dfgPass::VERBO:         - memlocal of :t:0
dfgPass::VERBO:         - memlocal of :is_terminal:1
dfgPass::VERBO:         - memlocal of :nominal_ref_points:0
dfgPass::VERBO:         - memlocal of :t:0
dfgPass::VERBO:         - memlocal of :is_terminal:0
dfgPass::VERBO:         - invalid TR:4:0
dfgPass::VERBO:     +0 is not a loop
dfgPass::VERBO:       - BEFORE BREAK
dfgPass::VERBO:       - for.cond3
dfgPass::VERBO:         - memlocal of :k:0
dfgPass::VERBO:         - LCV conditional branch 6:48
dfgPass::VERBO:       - AFTER BREAK
dfgPass::VERBO:       - for.body5
dfgPass::VERBO:         - memlocal of :weight_out:0
dfgPass::VERBO:         - memlocal of :k:0
dfgPass::VERBO:         - memlocal offset is invalid:0:4
dfgPass::VERBO:         - invalid TR:4:0
dfgPass::VERBO:       - BEFORE BREAK
dfgPass::VERBO:       - for.cond
dfgPass::VERBO:         - memlocal of :i:0
dfgPass::VERBO:         - LCV conditional branch 6:48
dfgPass::VERBO:       - AFTER BREAK
dfgPass::VERBO:       - for.body
dfgPass::VERBO:         - memlocal of :cost_in:0
dfgPass::VERBO:         - invalid TR:4:0
dfgPass::VERBO:     +0 is not a loop
dfgPass::VERBO:       - BEFORE BREAK
dfgPass::VERBO:       - for.cond107
dfgPass::VERBO:         - memlocal of :i:0
dfgPass::VERBO:         - LCV conditional branch 6:48
dfgPass::VERBO:       - AFTER BREAK
dfgPass::VERBO:       - for.body109
dfgPass::VERBO:         - memlocal of :u_write:0
dfgPass::VERBO:         - memlocal of :i:0
dfgPass::VERBO:         - memlocal of :i:0
dfgPass::VERBO:       - AFTER BREAK
dfgPass::VERBO:       - for.inc115
dfgPass::VERBO:         - memlocal of :i:0
dfgPass::VERBO:         - memlocal of :i:1
dfgPass::VERBO:       - AFTER BREAK
dfgPass::VERBO:     +2 is not an innermost loop
dfgPass::VERBO:       - BEFORE BREAK
dfgPass::VERBO:       - for.cond88
dfgPass::VERBO:         - memlocal of :i:0
dfgPass::VERBO:         - LCV conditional branch 6:48
dfgPass::VERBO:       - AFTER BREAK
dfgPass::VERBO:       - for.body90
dfgPass::VERBO:         - memlocal of :u_write:0
dfgPass::VERBO:         - memlocal of :t:0
dfgPass::VERBO:         - memlocal of :i:0
dfgPass::VERBO:         - memlocal of :t:0
dfgPass::VERBO:         - memlocal of :i:0
dfgPass::VERBO:       - AFTER BREAK
dfgPass::VERBO:       - for.inc100
dfgPass::VERBO:         - memlocal of :i:0
dfgPass::VERBO:         - memlocal of :i:1
dfgPass::VERBO:       - AFTER BREAK
dfgPass::VERBO:     +4 is not an innermost loop
dfgPass::VERBO:       - BEFORE BREAK
dfgPass::VERBO:       - for.cond61
dfgPass::VERBO:         - memlocal of :i:0
dfgPass::VERBO:         - LCV conditional branch 6:48
dfgPass::VERBO:       - AFTER BREAK
dfgPass::VERBO:       - for.body63
dfgPass::VERBO:         - memlocal of :u_read:0
dfgPass::VERBO:         - memlocal of :t:0
dfgPass::VERBO:         - memlocal of :i:0
dfgPass::VERBO:         - memlocal of :t:0
dfgPass::VERBO:         - memlocal of :i:0
dfgPass::VERBO:         - memlocal offset is invalid:0:4
dfgPass::VERBO:         - memlocal of :u_write:0
dfgPass::VERBO:         - memlocal of :t:0
dfgPass::VERBO:         - memlocal of :i:0
dfgPass::VERBO:       - AFTER BREAK
dfgPass::VERBO:       - for.inc77
dfgPass::VERBO:         - memlocal of :i:0
dfgPass::VERBO:         - memlocal of :i:1
dfgPass::VERBO:       - AFTER BREAK
dfgPass::VERBO:     +6 is not an innermost loop
dfgPass::VERBO:       - BEFORE BREAK
dfgPass::VERBO:       - for.cond38
dfgPass::VERBO:         - memlocal of :i:0
dfgPass::VERBO:         - LCV conditional branch 6:48
dfgPass::VERBO:       - AFTER BREAK
dfgPass::VERBO:       - for.body40
dfgPass::VERBO:         - memlocal of :t:0
dfgPass::VERBO:         - memlocal of :i:0
dfgPass::VERBO:         - memlocal offset is invalid:0:4
dfgPass::VERBO:         - memlocal of :t:0
dfgPass::VERBO:         - memlocal of :i:0
dfgPass::VERBO:         - memlocal offset is invalid:0:4
dfgPass::VERBO:       - AFTER BREAK
dfgPass::VERBO:       - for.inc49
dfgPass::VERBO:         - memlocal of :i:0
dfgPass::VERBO:         - memlocal of :i:1
dfgPass::VERBO:       - AFTER BREAK
dfgPass::VERBO:     +8 is not an innermost loop
dfgPass::VERBO:       - BEFORE BREAK
dfgPass::VERBO:       - for.cond8
dfgPass::VERBO:         - memlocal of :t:0
dfgPass::VERBO:         - LCV conditional branch 6:48
dfgPass::VERBO:       - AFTER BREAK
dfgPass::VERBO:       - for.body10
dfgPass::VERBO:         - memlocal of :weight_temp:0
dfgPass::VERBO:         - memlocal of :steer_samples:0
dfgPass::VERBO:         - memlocal of :k:0
dfgPass::VERBO:         - memlocal of :t:0
dfgPass::VERBO:         - memlocal of :t:0
dfgPass::VERBO:         - memlocal offset is invalid:0:4
dfgPass::VERBO:         - memlocal of :weight_temp:0
dfgPass::VERBO:         - memlocal of :accel_samples:0
dfgPass::VERBO:         - memlocal of :k:0
dfgPass::VERBO:         - memlocal of :t:0
dfgPass::VERBO:         - memlocal of :t:0
dfgPass::VERBO:       - AFTER BREAK
dfgPass::VERBO:       - for.inc27
dfgPass::VERBO:         - memlocal of :t:0
dfgPass::VERBO:         - memlocal of :t:1
dfgPass::VERBO:       - AFTER BREAK
dfgPass::VERBO:       - BEFORE BREAK
dfgPass::VERBO:       - for.cond
dfgPass::VERBO:         - memlocal of :i:0
dfgPass::VERBO:         - LCV conditional branch 6:48
dfgPass::VERBO:       - AFTER BREAK
dfgPass::VERBO:       - for.body
dfgPass::VERBO:         - memlocal of :i:0
dfgPass::VERBO:         - memlocal offset is invalid:0:4
dfgPass::VERBO:         - memlocal of :i:0
dfgPass::VERBO:       - AFTER BREAK
dfgPass::VERBO:       - for.inc
dfgPass::VERBO:         - memlocal of :i:0
dfgPass::VERBO:         - memlocal of :i:1
dfgPass::VERBO:       - AFTER BREAK
dfgPass::VERBO:     +0 is not a loop
dfgPass::VERBO:     +1 is not an innermost loop
dfgPass::VERBO:     +2 fails R.hasBlockSchema
dfgPass::VERBO:     +3 is not an innermost loop
dfgPass::VERBO:     +4 fails R.hasBlockSchema
dfgPass::VERBO:     +5 is not an innermost loop
dfgPass::VERBO:     +6 is not an innermost loop
dfgPass::VERBO:     +7 fails R.hasBlockSchema
dfgPass::VERBO:     +0 is not a loop
dfgPass::VERBO:       - BEFORE BREAK
dfgPass::VERBO:       - for.cond46
dfgPass::VERBO:         - memlocal of :k:0
dfgPass::VERBO:         - LCV conditional branch 6:48
dfgPass::VERBO:       - AFTER BREAK
dfgPass::VERBO:       - for.body48
dfgPass::VERBO:         - memlocal of :k:0
dfgPass::VERBO:         - memlocal of :inv_eta:0
dfgPass::VERBO:         - memlocal of :w_f:1
dfgPass::VERBO:         - memlocal of :w_f:0
dfgPass::VERBO:         - memlocal of :W:0
dfgPass::VERBO:         - memlocal of :k:0
dfgPass::VERBO:       - AFTER BREAK
dfgPass::VERBO:       - for.inc54
dfgPass::VERBO:         - memlocal of :k:0
dfgPass::VERBO:         - memlocal of :k:1
dfgPass::VERBO:       - AFTER BREAK
dfgPass::VERBO:     +2 fails R.hasBlockSchema
dfgPass::VERBO:       - BEFORE BREAK
dfgPass::VERBO:       - for.cond11
dfgPass::VERBO:         - memlocal of :i:0
dfgPass::VERBO:         - LCV conditional branch 6:48
dfgPass::VERBO:       - AFTER BREAK
dfgPass::VERBO:       - for.body13
dfgPass::VERBO:         - memlocal of :i:0
dfgPass::VERBO:       - AFTER BREAK
dfgPass::VERBO:       - for.inc16
dfgPass::VERBO:         - memlocal of :i:0
dfgPass::VERBO:         - memlocal of :i:1
dfgPass::VERBO:       - AFTER BREAK
dfgPass::VERBO:     +4 is not an innermost loop
dfgPass::VERBO:     +5 fails R.hasBlockSchema
dfgPass::VERBO:     +0 is not a loop
dfgPass::VERBO:     +0 is not a loop
dfgPass::VERBO:     +0 is not a loop
dfgPass::VERBO:     +0 is not a loop
dfgPass::VERBO:     +0 is not a loop
dfgPass::VERBO:     +1 fails R.hasBlockSchema
dfgPass::VERBO:     +0 is not a loop
dfgPass::VERBO:     +0 is not a loop
dfgPass::INFOR:     Parsing trace...
dfgPass::INFOR:     End of the trace parse
