parallelismSelector::WARNG: Variable 'bundle' /home/tanmay-desai/MPPI_FPGA_DATAFLOW/MPPI_FLOAT_KINEMATIC/MPPI_Float/mppi_control.cpp:421:0 VariableId 558 is not part of the design space!--
                            
parallelismSelector::WARNG: WARNING: [SIM 211-206] Code Analyzer does not display the impact of the partition pragma for dataflow channels (/home/tanmay-desai/MPPI_FPGA_DATAFLOW/MPPI_FLOAT_KINEMATIC/MPPI_Float/compute_weight.cpp:25:5)
parallelismSelector::WARNG: WARNING: [SIM 211-206] Code Analyzer does not display the impact of the partition pragma for dataflow channels (/home/tanmay-desai/MPPI_FPGA_DATAFLOW/MPPI_FLOAT_KINEMATIC/MPPI_Float/compute_weight.cpp:28:5)
parallelismSelector::WARNG: WARNING: [SIM 211-206] Code Analyzer does not display the impact of the partition pragma for dataflow channels (/home/tanmay-desai/MPPI_FPGA_DATAFLOW/MPPI_FLOAT_KINEMATIC/MPPI_Float/mppi_control.cpp:138:5)
parallelismSelector::WARNG: WARNING: [SIM 211-206] Code Analyzer does not display the impact of the partition pragma for dataflow channels (/home/tanmay-desai/MPPI_FPGA_DATAFLOW/MPPI_FLOAT_KINEMATIC/MPPI_Float/mppi_control.cpp:139:5)
parallelismSelector::WARNG: WARNING: [SIM 211-206] Code Analyzer does not display the impact of the partition pragma for dataflow channels (/home/tanmay-desai/MPPI_FPGA_DATAFLOW/MPPI_FLOAT_KINEMATIC/MPPI_Float/mppi_control.cpp:276:1)
parallelismSelector::WARNG: WARNING: [SIM 211-203] Code Analyzer does not display the impact of the unroll pragma for tasks (/home/tanmay-desai/MPPI_FPGA_DATAFLOW/MPPI_FLOAT_KINEMATIC/MPPI_Float/mppi_control.cpp:194:9)
parallelismSelector::WARNG: WARNING: [SIM 211-203] Code Analyzer does not display the impact of the unroll pragma for tasks (/home/tanmay-desai/MPPI_FPGA_DATAFLOW/MPPI_FLOAT_KINEMATIC/MPPI_Float/mppi_control.cpp:125:9)
parallelismSelector::WARNG: WARNING: [SIM 211-205] Code Analyzer does not display the impact of the inline pragma for subfunctions called directly by the dataflow region (/home/tanmay-desai/MPPI_FPGA_DATAFLOW/MPPI_FLOAT_KINEMATIC/MPPI_Float/gaussian_noise_gen.cpp:6:1)
parallelismSelector::WARNG: WARNING: [SIM 211-205] Code Analyzer does not display the impact of the inline pragma for subfunctions called directly by the dataflow region (/home/tanmay-desai/MPPI_FPGA_DATAFLOW/MPPI_FLOAT_KINEMATIC/MPPI_Float/mppi_control.cpp:244:5)
parallelismSelector::WARNG: WARNING: [SIM 211-205] Code Analyzer does not display the impact of the inline pragma for subfunctions called directly by the dataflow region (/home/tanmay-desai/MPPI_FPGA_DATAFLOW/MPPI_FLOAT_KINEMATIC/MPPI_Float/mppi_control.cpp:278:1)
parallelismSelector::WARNG: WARNING: [HLS 211-200] Code Analyzer will not display the impact of 'pipeline' (/home/tanmay-desai/MPPI_FPGA_DATAFLOW/MPPI_FLOAT_KINEMATIC/MPPI_Float/dynamics.cpp:11:5) as the pipelined function is not the top-level hardware function
parallelismSelector::WARNG: WARNING: [HLS 211-200] Invalid pragma detected: Code Analyzer will not display the impact of 'pipeline' (/home/tanmay-desai/MPPI_FPGA_DATAFLOW/MPPI_FLOAT_KINEMATIC/MPPI_Float/compute_weight.cpp:12:9) as loop pipeline pragma is only valid if:
                            - All the subloops of the loop to be pipelined can be fully unrolled
                            - All the subloops are perfectly nested in the loop to be pipelined.
parallelismSelector::WARNG: WARNING: [HLS 211-200] /home/tanmay-desai/MPPI_FPGA_DATAFLOW/MPPI_FLOAT_KINEMATIC/MPPI_Float/smoothning_filter.cpp:19:13: Ignoring pragma 'pipeline' because it conflicts with pragma 'pipeline' (/home/tanmay-desai/MPPI_FPGA_DATAFLOW/MPPI_FLOAT_KINEMATIC/MPPI_Float/smoothning_filter.cpp:16:9). Reason: Inner loop cannot be pipelined because at least one outer loop has been pipelined
parallelismSelector::WARNG: WARNING: [HLS 211-200] /home/tanmay-desai/MPPI_FPGA_DATAFLOW/MPPI_FLOAT_KINEMATIC/MPPI_Float/nearest_neighbor.cpp:13:9: Ignoring pragma 'pipeline' because it conflicts with pragma 'pipeline' (/home/tanmay-desai/MPPI_FPGA_DATAFLOW/MPPI_FLOAT_KINEMATIC/MPPI_Float/mppi_control.cpp:302:9). Reason: Inner loop cannot be pipelined because at least one outer loop has been pipelined
parallelismSelector::WARNG: WARNING: [HLS 211-200] /home/tanmay-desai/MPPI_FPGA_DATAFLOW/MPPI_FLOAT_KINEMATIC/MPPI_Float/mppi_control.cpp:427:13: Ignoring pragma 'unroll' because it conflicts with pragma 'pipeline' (/home/tanmay-desai/MPPI_FPGA_DATAFLOW/MPPI_FLOAT_KINEMATIC/MPPI_Float/mppi_control.cpp:411:9). Reason: Inner loop cannot be partially unrolled because at least one outer loop has been pipelined
parallelismSelector::WARNG: WARNING: [HLS 211-200] /home/tanmay-desai/MPPI_FPGA_DATAFLOW/MPPI_FLOAT_KINEMATIC/MPPI_Float/mppi_control.cpp:509:13: Ignoring pragma 'unroll' because it conflicts with pragma 'pipeline' (/home/tanmay-desai/MPPI_FPGA_DATAFLOW/MPPI_FLOAT_KINEMATIC/MPPI_Float/mppi_control.cpp:500:9). Reason: Inner loop cannot be partially unrolled because at least one outer loop has been pipelined
parallelismSelector::WARNG: WARNING: [HLS 211-200] /home/tanmay-desai/MPPI_FPGA_DATAFLOW/MPPI_FLOAT_KINEMATIC/MPPI_Float/smoothning_filter.cpp:24:17: Ignoring pragma 'unroll' because it conflicts with pragma 'pipeline' (/home/tanmay-desai/MPPI_FPGA_DATAFLOW/MPPI_FLOAT_KINEMATIC/MPPI_Float/smoothning_filter.cpp:16:9). Reason: Inner loop cannot be partially unrolled because at least one outer loop has been pipelined
parallelismSelector::WARNG: WARNING: [HLS 211-200] /home/tanmay-desai/MPPI_FPGA_DATAFLOW/MPPI_FLOAT_KINEMATIC/MPPI_Float/nearest_neighbor.cpp:14:9: Ignoring pragma 'tripcount' because it conflicts with pragma 'pipeline' (/home/tanmay-desai/MPPI_FPGA_DATAFLOW/MPPI_FLOAT_KINEMATIC/MPPI_Float/mppi_control.cpp:302:9). Reason: tripcount pragma of subloop fully unrolled by a pipelined outer loop should be ignored
parallelismSelector::WARNG: WARNING: [HLS 211-200] Code Analyzer will not display the impact of 'array_partition' (/home/tanmay-desai/MPPI_FPGA_DATAFLOW/MPPI_FLOAT_KINEMATIC/MPPI_Float/dynamics.cpp:29:5) as pragma is duplicated (variable x_new)
parallelismSelector::WARNG: WARNING: [HLS 211-200] Code Analyzer will not display the impact of 'array_partition' (/home/tanmay-desai/MPPI_FPGA_DATAFLOW/MPPI_FLOAT_KINEMATIC/MPPI_Float/dynamics.cpp:29:5) as pragma is duplicated (variable x_k)
parallelismSelector::WARNG: WARNING: [HLS 211-200] Code Analyzer will not display the impact of 'array_partition' (/home/tanmay-desai/MPPI_FPGA_DATAFLOW/MPPI_FLOAT_KINEMATIC/MPPI_Float/mppi_control.cpp:422:9) as it applies to incomplete arrays or arrays declared as members of a struct or class (variable bundle)
parallelismSelector::WARNG: WARNING: [HLS 211-200] Invalid pragma detected: Code Analyzer will not display the impact of 'array_partition' (/home/tanmay-desai/MPPI_FPGA_DATAFLOW/MPPI_FLOAT_KINEMATIC/MPPI_Float/mppi_control.cpp:304:9) as variable must not have multiple pragmas if they are not all complete array_partition
parallelismSelector::WARNG: WARNING: [HLS 211-200] Invalid pragma detected: Code Analyzer will not display the impact of 'array_partition' (/home/tanmay-desai/MPPI_FPGA_DATAFLOW/MPPI_FLOAT_KINEMATIC/MPPI_Float/dynamics.cpp:27:5) as variable must not have multiple pragmas if they are not all complete array_partition
parallelismSelector::WARNG: WARNING: [HLS 211-200] Invalid pragma detected: Code Analyzer will not display the impact of 'array_partition' (/home/tanmay-desai/MPPI_FPGA_DATAFLOW/MPPI_FLOAT_KINEMATIC/MPPI_Float/mppi_control.cpp:413:9) as variable must not have multiple pragmas if they are not all complete array_partition
parallelismSelector::WARNG: WARNING: [HLS 211-200] Invalid pragma detected: Code Analyzer will not display the impact of 'array_partition' (/home/tanmay-desai/MPPI_FPGA_DATAFLOW/MPPI_FLOAT_KINEMATIC/MPPI_Float/dynamics.cpp:27:5) as variable must not have multiple pragmas if they are not all complete array_partition
parallelismSelector::WARNG: WARNING: [HLS 211-200] Invalid pragma detected: Code Analyzer will not display the impact of 'array_partition' (/home/tanmay-desai/MPPI_FPGA_DATAFLOW/MPPI_FLOAT_KINEMATIC/MPPI_Float/mppi_control.cpp:439:13) as variable must not have multiple pragmas if they are not all complete array_partition
parallelismSelector::WARNG: WARNING: [HLS 211-200] Invalid pragma detected: Code Analyzer will not display the impact of 'array_partition' (/home/tanmay-desai/MPPI_FPGA_DATAFLOW/MPPI_FLOAT_KINEMATIC/MPPI_Float/dynamics.cpp:28:5) as variable must not have multiple pragmas if they are not all complete array_partition
parallelismSelector::WARNG: WARNING: [HLS 211-200] Invalid pragma detected: Code Analyzer will not display the impact of 'array_partition' (/home/tanmay-desai/MPPI_FPGA_DATAFLOW/MPPI_FLOAT_KINEMATIC/MPPI_Float/mppi_control.cpp:628:5) as variable must not have multiple pragmas if they are not all complete array_partition
parallelismSelector::WARNG: WARNING: [HLS 211-200] Invalid pragma detected: Code Analyzer will not display the impact of 'array_partition' (/home/tanmay-desai/MPPI_FPGA_DATAFLOW/MPPI_FLOAT_KINEMATIC/MPPI_Float/compute_weight.cpp:6:5) as variable must not have multiple pragmas if they are not all complete array_partition
parallelismSelector::WARNG: WARNING: [HLS 211-200] Invalid pragma detected: Code Analyzer will not display the impact of 'array_partition' (/home/tanmay-desai/MPPI_FPGA_DATAFLOW/MPPI_FLOAT_KINEMATIC/MPPI_Float/mppi_control.cpp:629:5) as variable must not have multiple pragmas if they are not all complete array_partition
parallelismSelector::WARNG: WARNING: [HLS 211-200] Invalid pragma detected: Code Analyzer will not display the impact of 'array_partition' (/home/tanmay-desai/MPPI_FPGA_DATAFLOW/MPPI_FLOAT_KINEMATIC/MPPI_Float/compute_weight.cpp:7:5) as variable must not have multiple pragmas if they are not all complete array_partition
parallelismSelector::WARNG: WARNING: [SIM 211-200] /home/tanmay-desai/MPPI_FPGA_DATAFLOW/MPPI_FLOAT_KINEMATIC/MPPI_Float/compute_weight.cpp:13:9: the dynamic loop had a trip count of min=16 max=16 during C simulation. (#pragma HLS loop_tripcount min=16 max=16)
