  **** HLS Build v2024.2 5238294
INFO: [HLS 200-2005] Using work_dir /home/tanmay-desai/MPPI_FPGA_DATAFLOW/MPPI_FLOAT_KINEMATIC/MPPI_Float/MPPI_Float 
INFO: [HLS 200-1505] Using default flow_target 'vivado'
Resolution: For help on HLS 200-1505 see docs.xilinx.com/access/sources/dita/topic?Doc_Version=2024.2%20English&url=ug1448-hls-guidance&resourceid=200-1505.html
INFO: [HLS 200-1465] Applying ini 'syn.file=gaussian_noise_gen.cpp' from /home/tanmay-desai/MPPI_FPGA_DATAFLOW/MPPI_FLOAT_KINEMATIC/MPPI_Float/hls_config.cfg(9)
INFO: [HLS 200-10] Adding design file '/home/tanmay-desai/MPPI_FPGA_DATAFLOW/MPPI_FLOAT_KINEMATIC/MPPI_Float/gaussian_noise_gen.cpp' to the project
INFO: [HLS 200-1465] Applying ini 'syn.file=globals.hpp' from /home/tanmay-desai/MPPI_FPGA_DATAFLOW/MPPI_FLOAT_KINEMATIC/MPPI_Float/hls_config.cfg(10)
INFO: [HLS 200-10] Adding design file '/home/tanmay-desai/MPPI_FPGA_DATAFLOW/MPPI_FLOAT_KINEMATIC/MPPI_Float/globals.hpp' to the project
INFO: [HLS 200-1465] Applying ini 'syn.file=datatypes.hpp' from /home/tanmay-desai/MPPI_FPGA_DATAFLOW/MPPI_FLOAT_KINEMATIC/MPPI_Float/hls_config.cfg(11)
INFO: [HLS 200-10] Adding design file '/home/tanmay-desai/MPPI_FPGA_DATAFLOW/MPPI_FLOAT_KINEMATIC/MPPI_Float/datatypes.hpp' to the project
INFO: [HLS 200-1465] Applying ini 'syn.file=compute_weight.cpp' from /home/tanmay-desai/MPPI_FPGA_DATAFLOW/MPPI_FLOAT_KINEMATIC/MPPI_Float/hls_config.cfg(12)
INFO: [HLS 200-10] Adding design file '/home/tanmay-desai/MPPI_FPGA_DATAFLOW/MPPI_FLOAT_KINEMATIC/MPPI_Float/compute_weight.cpp' to the project
INFO: [HLS 200-1465] Applying ini 'syn.file=globals.cpp' from /home/tanmay-desai/MPPI_FPGA_DATAFLOW/MPPI_FLOAT_KINEMATIC/MPPI_Float/hls_config.cfg(13)
INFO: [HLS 200-10] Adding design file '/home/tanmay-desai/MPPI_FPGA_DATAFLOW/MPPI_FLOAT_KINEMATIC/MPPI_Float/globals.cpp' to the project
INFO: [HLS 200-1465] Applying ini 'syn.file=helper.cpp' from /home/tanmay-desai/MPPI_FPGA_DATAFLOW/MPPI_FLOAT_KINEMATIC/MPPI_Float/hls_config.cfg(14)
INFO: [HLS 200-10] Adding design file '/home/tanmay-desai/MPPI_FPGA_DATAFLOW/MPPI_FLOAT_KINEMATIC/MPPI_Float/helper.cpp' to the project
INFO: [HLS 200-1465] Applying ini 'syn.file=costs.cpp' from /home/tanmay-desai/MPPI_FPGA_DATAFLOW/MPPI_FLOAT_KINEMATIC/MPPI_Float/hls_config.cfg(15)
INFO: [HLS 200-10] Adding design file '/home/tanmay-desai/MPPI_FPGA_DATAFLOW/MPPI_FLOAT_KINEMATIC/MPPI_Float/costs.cpp' to the project
INFO: [HLS 200-1465] Applying ini 'syn.file=smoothning_filter.cpp' from /home/tanmay-desai/MPPI_FPGA_DATAFLOW/MPPI_FLOAT_KINEMATIC/MPPI_Float/hls_config.cfg(16)
INFO: [HLS 200-10] Adding design file '/home/tanmay-desai/MPPI_FPGA_DATAFLOW/MPPI_FLOAT_KINEMATIC/MPPI_Float/smoothning_filter.cpp' to the project
INFO: [HLS 200-1465] Applying ini 'syn.file=nearest_neighbor.cpp' from /home/tanmay-desai/MPPI_FPGA_DATAFLOW/MPPI_FLOAT_KINEMATIC/MPPI_Float/hls_config.cfg(17)
INFO: [HLS 200-10] Adding design file '/home/tanmay-desai/MPPI_FPGA_DATAFLOW/MPPI_FLOAT_KINEMATIC/MPPI_Float/nearest_neighbor.cpp' to the project
INFO: [HLS 200-1465] Applying ini 'syn.file=ref_path.hpp' from /home/tanmay-desai/MPPI_FPGA_DATAFLOW/MPPI_FLOAT_KINEMATIC/MPPI_Float/hls_config.cfg(18)
INFO: [HLS 200-10] Adding design file '/home/tanmay-desai/MPPI_FPGA_DATAFLOW/MPPI_FLOAT_KINEMATIC/MPPI_Float/ref_path.hpp' to the project
INFO: [HLS 200-1465] Applying ini 'syn.file=ref_path.cpp' from /home/tanmay-desai/MPPI_FPGA_DATAFLOW/MPPI_FLOAT_KINEMATIC/MPPI_Float/hls_config.cfg(19)
INFO: [HLS 200-10] Adding design file '/home/tanmay-desai/MPPI_FPGA_DATAFLOW/MPPI_FLOAT_KINEMATIC/MPPI_Float/ref_path.cpp' to the project
INFO: [HLS 200-1465] Applying ini 'syn.file=mppi_control.cpp' from /home/tanmay-desai/MPPI_FPGA_DATAFLOW/MPPI_FLOAT_KINEMATIC/MPPI_Float/hls_config.cfg(20)
INFO: [HLS 200-10] Adding design file '/home/tanmay-desai/MPPI_FPGA_DATAFLOW/MPPI_FLOAT_KINEMATIC/MPPI_Float/mppi_control.cpp' to the project
INFO: [HLS 200-1465] Applying ini 'syn.file=dynamics.cpp' from /home/tanmay-desai/MPPI_FPGA_DATAFLOW/MPPI_FLOAT_KINEMATIC/MPPI_Float/hls_config.cfg(21)
INFO: [HLS 200-10] Adding design file '/home/tanmay-desai/MPPI_FPGA_DATAFLOW/MPPI_FLOAT_KINEMATIC/MPPI_Float/dynamics.cpp' to the project
INFO: [HLS 200-1465] Applying ini 'syn.file=clip.cpp' from /home/tanmay-desai/MPPI_FPGA_DATAFLOW/MPPI_FLOAT_KINEMATIC/MPPI_Float/hls_config.cfg(22)
INFO: [HLS 200-10] Adding design file '/home/tanmay-desai/MPPI_FPGA_DATAFLOW/MPPI_FLOAT_KINEMATIC/MPPI_Float/clip.cpp' to the project
INFO: [HLS 200-1465] Applying ini 'tb.file=tb.cpp' from /home/tanmay-desai/MPPI_FPGA_DATAFLOW/MPPI_FLOAT_KINEMATIC/MPPI_Float/hls_config.cfg(8)
INFO: [HLS 200-10] Adding test bench file '/home/tanmay-desai/MPPI_FPGA_DATAFLOW/MPPI_FLOAT_KINEMATIC/MPPI_Float/tb.cpp' to the project
INFO: [HLS 200-1465] Applying ini 'syn.top=calc_control_input' from /home/tanmay-desai/MPPI_FPGA_DATAFLOW/MPPI_FLOAT_KINEMATIC/MPPI_Float/hls_config.cfg(23)
INFO: [HLS 200-1465] Applying ini 'flow_target=vivado' from /home/tanmay-desai/MPPI_FPGA_DATAFLOW/MPPI_FLOAT_KINEMATIC/MPPI_Float/hls_config.cfg(4)
INFO: [HLS 200-1505] Using flow_target 'vivado'
Resolution: For help on HLS 200-1505 see docs.xilinx.com/access/sources/dita/topic?Doc_Version=2024.2%20English&url=ug1448-hls-guidance&resourceid=200-1505.html
INFO: [HLS 200-1465] Applying ini 'part=xczu9eg-ffvb1156-2-e' from /home/tanmay-desai/MPPI_FPGA_DATAFLOW/MPPI_FLOAT_KINEMATIC/MPPI_Float/hls_config.cfg(1)
INFO: [HLS 200-1611] Setting target device to 'xczu9eg-ffvb1156-2-e'
INFO: [HLS 200-1465] Applying ini 'clock=5' from /home/tanmay-desai/MPPI_FPGA_DATAFLOW/MPPI_FLOAT_KINEMATIC/MPPI_Float/hls_config.cfg(7)
INFO: [SYN 201-201] Setting up clock 'default' with a period of 5ns.
INFO: [HLS 200-1465] Applying ini 'csim.clean=1' from /home/tanmay-desai/MPPI_FPGA_DATAFLOW/MPPI_FLOAT_KINEMATIC/MPPI_Float/hls_config.cfg(24)
INFO: [HLS 200-1465] Applying ini 'csim.code_analyzer=0' from /home/tanmay-desai/MPPI_FPGA_DATAFLOW/MPPI_FLOAT_KINEMATIC/MPPI_Float/hls_config.cfg(25)
INFO: [HLS 200-1465] Applying ini 'csim.sanitize_address=1' from /home/tanmay-desai/MPPI_FPGA_DATAFLOW/MPPI_FLOAT_KINEMATIC/MPPI_Float/hls_config.cfg(26)
INFO: [HLS 200-1465] Applying ini 'csim.sanitize_undefined=1' from /home/tanmay-desai/MPPI_FPGA_DATAFLOW/MPPI_FLOAT_KINEMATIC/MPPI_Float/hls_config.cfg(28)
INFO: [HLS 200-1465] Applying ini 'package.output.format=ip_catalog' from /home/tanmay-desai/MPPI_FPGA_DATAFLOW/MPPI_FLOAT_KINEMATIC/MPPI_Float/hls_config.cfg(5)
INFO: [HLS 200-1465] Applying ini 'syn.dataflow.default_channel=pingpong' from /home/tanmay-desai/MPPI_FPGA_DATAFLOW/MPPI_FLOAT_KINEMATIC/MPPI_Float/hls_config.cfg(27)
INFO: [XFORM 203-701] Set the default channel type in dataflow to ping-pong buffer.
INFO: [HLS 200-111] Finished File checks and directory preparation: CPU user time: 1.79 seconds. CPU system time: 0.23 seconds. Elapsed time: 1.89 seconds; current allocated memory: 658.109 MB.
INFO: [HLS 200-10] Analyzing design file 'clip.cpp' ... 
INFO: [HLS 200-10] Analyzing design file 'dynamics.cpp' ... 
INFO: [HLS 200-10] Analyzing design file 'mppi_control.cpp' ... 
WARNING: [HLS 207-5570] unexpected pragma argument 'End Of Pramga Line', expects '=' (mppi_control.cpp:671:24)
WARNING: [HLS 214-111] Static scalars and arrays declared inside a dataflow region will be treated like local variables (mppi_control.cpp:133:25)
Resolution: For help on HLS 214-111 see docs.xilinx.com/access/sources/dita/topic?Doc_Version=2024.2%20English&url=ug1448-hls-guidance&resourceid=214-111.html
WARNING: [HLS 214-111] Static scalars and arrays declared inside a dataflow region will be treated like local variables (mppi_control.cpp:134:25)
Resolution: For help on HLS 214-111 see docs.xilinx.com/access/sources/dita/topic?Doc_Version=2024.2%20English&url=ug1448-hls-guidance&resourceid=214-111.html
WARNING: [HLS 214-111] Static scalars and arrays declared inside a dataflow region will be treated like local variables (mppi_control.cpp:135:19)
Resolution: For help on HLS 214-111 see docs.xilinx.com/access/sources/dita/topic?Doc_Version=2024.2%20English&url=ug1448-hls-guidance&resourceid=214-111.html
WARNING: [HLS 214-111] Static scalars and arrays declared inside a dataflow region will be treated like local variables (mppi_control.cpp:146:16)
Resolution: For help on HLS 214-111 see docs.xilinx.com/access/sources/dita/topic?Doc_Version=2024.2%20English&url=ug1448-hls-guidance&resourceid=214-111.html
WARNING: [HLS 214-111] Static scalars and arrays declared inside a dataflow region will be treated like local variables (mppi_control.cpp:168:19)
Resolution: For help on HLS 214-111 see docs.xilinx.com/access/sources/dita/topic?Doc_Version=2024.2%20English&url=ug1448-hls-guidance&resourceid=214-111.html
WARNING: [HLS 214-111] Static scalars and arrays declared inside a dataflow region will be treated like local variables (mppi_control.cpp:172:19)
Resolution: For help on HLS 214-111 see docs.xilinx.com/access/sources/dita/topic?Doc_Version=2024.2%20English&url=ug1448-hls-guidance&resourceid=214-111.html
WARNING: [HLS 214-114] Since the only kind of statements allowed in a canonical dataflow region are variable declarations and function calls, the compiler may not be able to correctly handle the region (mppi_control.cpp:186:9)
Resolution: For help on HLS 214-114 see docs.xilinx.com/access/sources/dita/topic?Doc_Version=2024.2%20English&url=ug1448-hls-guidance&resourceid=214-114.html
WARNING: [HLS 214-169] There are a total of 8 such instances of non-canonical statements in the dataflow region (mppi_control.cpp:186:9)
Resolution: For help on HLS 214-169 see docs.xilinx.com/access/sources/dita/topic?Doc_Version=2024.2%20English&url=ug1448-hls-guidance&resourceid=214-169.html
WARNING: [HLS 200-471] Dataflow form checks found 8 issue(s) in file mppi_control.cpp
Resolution: For help on HLS 200-471 see docs.xilinx.com/access/sources/dita/topic?Doc_Version=2024.2%20English&url=ug1448-hls-guidance&resourceid=200-471.html
INFO: [HLS 200-10] Analyzing design file 'ref_path.cpp' ... 
INFO: [HLS 200-10] Analyzing design file 'nearest_neighbor.cpp' ... 
