  **** HLS Build v2024.2 5238294
INFO: [HLS 200-2005] Using work_dir /home/tanmay-desai/MPPI_FPGA_DATAFLOW/MPPI_FLOAT_KINEMATIC/MPPI_Float/MPPI_Float 
INFO: [HLS 200-1505] Using default flow_target 'vivado'
Resolution: For help on HLS 200-1505 see docs.xilinx.com/access/sources/dita/topic?Doc_Version=2024.2%20English&url=ug1448-hls-guidance&resourceid=200-1505.html
INFO: [HLS 200-1465] Applying ini 'syn.file=gaussian_noise_gen.cpp' from /home/tanmay-desai/MPPI_FPGA_DATAFLOW/MPPI_FLOAT_KINEMATIC/MPPI_Float/hls_config.cfg(9)
INFO: [HLS 200-10] Adding design file '/home/tanmay-desai/MPPI_FPGA_DATAFLOW/MPPI_FLOAT_KINEMATIC/MPPI_Float/gaussian_noise_gen.cpp' to the project
INFO: [HLS 200-1465] Applying ini 'syn.file=globals.hpp' from /home/tanmay-desai/MPPI_FPGA_DATAFLOW/MPPI_FLOAT_KINEMATIC/MPPI_Float/hls_config.cfg(10)
INFO: [HLS 200-10] Adding design file '/home/tanmay-desai/MPPI_FPGA_DATAFLOW/MPPI_FLOAT_KINEMATIC/MPPI_Float/globals.hpp' to the project
INFO: [HLS 200-1465] Applying ini 'syn.file=datatypes.hpp' from /home/tanmay-desai/MPPI_FPGA_DATAFLOW/MPPI_FLOAT_KINEMATIC/MPPI_Float/hls_config.cfg(11)
INFO: [HLS 200-10] Adding design file '/home/tanmay-desai/MPPI_FPGA_DATAFLOW/MPPI_FLOAT_KINEMATIC/MPPI_Float/datatypes.hpp' to the project
INFO: [HLS 200-1465] Applying ini 'syn.file=compute_weight.cpp' from /home/tanmay-desai/MPPI_FPGA_DATAFLOW/MPPI_FLOAT_KINEMATIC/MPPI_Float/hls_config.cfg(12)
INFO: [HLS 200-10] Adding design file '/home/tanmay-desai/MPPI_FPGA_DATAFLOW/MPPI_FLOAT_KINEMATIC/MPPI_Float/compute_weight.cpp' to the project
INFO: [HLS 200-1465] Applying ini 'syn.file=globals.cpp' from /home/tanmay-desai/MPPI_FPGA_DATAFLOW/MPPI_FLOAT_KINEMATIC/MPPI_Float/hls_config.cfg(13)
INFO: [HLS 200-10] Adding design file '/home/tanmay-desai/MPPI_FPGA_DATAFLOW/MPPI_FLOAT_KINEMATIC/MPPI_Float/globals.cpp' to the project
INFO: [HLS 200-1465] Applying ini 'syn.file=helper.cpp' from /home/tanmay-desai/MPPI_FPGA_DATAFLOW/MPPI_FLOAT_KINEMATIC/MPPI_Float/hls_config.cfg(14)
INFO: [HLS 200-10] Adding design file '/home/tanmay-desai/MPPI_FPGA_DATAFLOW/MPPI_FLOAT_KINEMATIC/MPPI_Float/helper.cpp' to the project
INFO: [HLS 200-1465] Applying ini 'syn.file=costs.cpp' from /home/tanmay-desai/MPPI_FPGA_DATAFLOW/MPPI_FLOAT_KINEMATIC/MPPI_Float/hls_config.cfg(15)
INFO: [HLS 200-10] Adding design file '/home/tanmay-desai/MPPI_FPGA_DATAFLOW/MPPI_FLOAT_KINEMATIC/MPPI_Float/costs.cpp' to the project
INFO: [HLS 200-1465] Applying ini 'syn.file=smoothning_filter.cpp' from /home/tanmay-desai/MPPI_FPGA_DATAFLOW/MPPI_FLOAT_KINEMATIC/MPPI_Float/hls_config.cfg(16)
INFO: [HLS 200-10] Adding design file '/home/tanmay-desai/MPPI_FPGA_DATAFLOW/MPPI_FLOAT_KINEMATIC/MPPI_Float/smoothning_filter.cpp' to the project
INFO: [HLS 200-1465] Applying ini 'syn.file=nearest_neighbor.cpp' from /home/tanmay-desai/MPPI_FPGA_DATAFLOW/MPPI_FLOAT_KINEMATIC/MPPI_Float/hls_config.cfg(17)
INFO: [HLS 200-10] Adding design file '/home/tanmay-desai/MPPI_FPGA_DATAFLOW/MPPI_FLOAT_KINEMATIC/MPPI_Float/nearest_neighbor.cpp' to the project
INFO: [HLS 200-1465] Applying ini 'syn.file=ref_path.hpp' from /home/tanmay-desai/MPPI_FPGA_DATAFLOW/MPPI_FLOAT_KINEMATIC/MPPI_Float/hls_config.cfg(18)
INFO: [HLS 200-10] Adding design file '/home/tanmay-desai/MPPI_FPGA_DATAFLOW/MPPI_FLOAT_KINEMATIC/MPPI_Float/ref_path.hpp' to the project
INFO: [HLS 200-1465] Applying ini 'syn.file=ref_path.cpp' from /home/tanmay-desai/MPPI_FPGA_DATAFLOW/MPPI_FLOAT_KINEMATIC/MPPI_Float/hls_config.cfg(19)
INFO: [HLS 200-10] Adding design file '/home/tanmay-desai/MPPI_FPGA_DATAFLOW/MPPI_FLOAT_KINEMATIC/MPPI_Float/ref_path.cpp' to the project
INFO: [HLS 200-1465] Applying ini 'syn.file=mppi_control.cpp' from /home/tanmay-desai/MPPI_FPGA_DATAFLOW/MPPI_FLOAT_KINEMATIC/MPPI_Float/hls_config.cfg(20)
INFO: [HLS 200-10] Adding design file '/home/tanmay-desai/MPPI_FPGA_DATAFLOW/MPPI_FLOAT_KINEMATIC/MPPI_Float/mppi_control.cpp' to the project
INFO: [HLS 200-1465] Applying ini 'syn.file=dynamics.cpp' from /home/tanmay-desai/MPPI_FPGA_DATAFLOW/MPPI_FLOAT_KINEMATIC/MPPI_Float/hls_config.cfg(21)
INFO: [HLS 200-10] Adding design file '/home/tanmay-desai/MPPI_FPGA_DATAFLOW/MPPI_FLOAT_KINEMATIC/MPPI_Float/dynamics.cpp' to the project
INFO: [HLS 200-1465] Applying ini 'syn.file=clip.cpp' from /home/tanmay-desai/MPPI_FPGA_DATAFLOW/MPPI_FLOAT_KINEMATIC/MPPI_Float/hls_config.cfg(22)
INFO: [HLS 200-10] Adding design file '/home/tanmay-desai/MPPI_FPGA_DATAFLOW/MPPI_FLOAT_KINEMATIC/MPPI_Float/clip.cpp' to the project
INFO: [HLS 200-1465] Applying ini 'tb.file=tb.cpp' from /home/tanmay-desai/MPPI_FPGA_DATAFLOW/MPPI_FLOAT_KINEMATIC/MPPI_Float/hls_config.cfg(8)
INFO: [HLS 200-10] Adding test bench file '/home/tanmay-desai/MPPI_FPGA_DATAFLOW/MPPI_FLOAT_KINEMATIC/MPPI_Float/tb.cpp' to the project
INFO: [HLS 200-1465] Applying ini 'syn.top=calc_control_input' from /home/tanmay-desai/MPPI_FPGA_DATAFLOW/MPPI_FLOAT_KINEMATIC/MPPI_Float/hls_config.cfg(23)
INFO: [HLS 200-1465] Applying ini 'flow_target=vivado' from /home/tanmay-desai/MPPI_FPGA_DATAFLOW/MPPI_FLOAT_KINEMATIC/MPPI_Float/hls_config.cfg(4)
INFO: [HLS 200-1505] Using flow_target 'vivado'
Resolution: For help on HLS 200-1505 see docs.xilinx.com/access/sources/dita/topic?Doc_Version=2024.2%20English&url=ug1448-hls-guidance&resourceid=200-1505.html
INFO: [HLS 200-1465] Applying ini 'part=xczu9eg-ffvb1156-2-e' from /home/tanmay-desai/MPPI_FPGA_DATAFLOW/MPPI_FLOAT_KINEMATIC/MPPI_Float/hls_config.cfg(1)
INFO: [HLS 200-1611] Setting target device to 'xczu9eg-ffvb1156-2-e'
INFO: [HLS 200-1465] Applying ini 'clock=5' from /home/tanmay-desai/MPPI_FPGA_DATAFLOW/MPPI_FLOAT_KINEMATIC/MPPI_Float/hls_config.cfg(7)
INFO: [SYN 201-201] Setting up clock 'default' with a period of 5ns.
INFO: [HLS 200-1465] Applying ini 'csim.clean=1' from /home/tanmay-desai/MPPI_FPGA_DATAFLOW/MPPI_FLOAT_KINEMATIC/MPPI_Float/hls_config.cfg(24)
INFO: [HLS 200-1465] Applying ini 'csim.code_analyzer=0' from /home/tanmay-desai/MPPI_FPGA_DATAFLOW/MPPI_FLOAT_KINEMATIC/MPPI_Float/hls_config.cfg(25)
INFO: [HLS 200-1465] Applying ini 'csim.sanitize_address=0' from /home/tanmay-desai/MPPI_FPGA_DATAFLOW/MPPI_FLOAT_KINEMATIC/MPPI_Float/hls_config.cfg(26)
INFO: [HLS 200-1465] Applying ini 'csim.sanitize_undefined=0' from /home/tanmay-desai/MPPI_FPGA_DATAFLOW/MPPI_FLOAT_KINEMATIC/MPPI_Float/hls_config.cfg(28)
INFO: [HLS 200-1465] Applying ini 'package.output.format=ip_catalog' from /home/tanmay-desai/MPPI_FPGA_DATAFLOW/MPPI_FLOAT_KINEMATIC/MPPI_Float/hls_config.cfg(5)
INFO: [HLS 200-1465] Applying ini 'syn.dataflow.default_channel=fifo' from /home/tanmay-desai/MPPI_FPGA_DATAFLOW/MPPI_FLOAT_KINEMATIC/MPPI_Float/hls_config.cfg(27)
INFO: [XFORM 203-701] Set the default channel type in dataflow to FIFO.
INFO: [SIM 211-2] *************** CSIM start ***************
INFO: [SIM 211-4] CSIM will launch CLANG as the compiler.
INFO: [HLS 200-2036] Building debug C Simulation binaries
   Compiling ../../../../tb.cpp in debug mode
   Compiling ../../../../clip.cpp in debug mode
   Compiling ../../../../dynamics.cpp in debug mode
   Compiling ../../../../mppi_control.cpp in debug mode
   Compiling ../../../../ref_path.cpp in debug mode
   Compiling ../../../../nearest_neighbor.cpp in debug mode
   Compiling ../../../../smoothning_filter.cpp in debug mode
   Compiling ../../../../costs.cpp in debug mode
   Compiling ../../../../helper.cpp in debug mode
   Compiling ../../../../globals.cpp in debug mode
   Compiling ../../../../compute_weight.cpp in debug mode
   Compiling ../../../../gaussian_noise_gen.cpp in debug mode
   Generating csim.exe
[INFO] Start simulation of pathtracking with MPPI controller
[INFO] delta_t: 0.04[s], sim_steps: 1000[steps], total_sim_time: 40[s]
Time: 0.00[s], x=0.00000[m], y=0.00000[m], yaw=0.00000[rad], v=5.00000[m/s], steer=0.33950[rad], accel=-0.09020[m/s^2]
Time: 0.04[s], x=0.20000[m], y=0.00000[m], yaw=0.02825[rad], v=4.99639[m/s], steer=0.44835[rad], accel=-0.14364[m/s^2]
Time: 0.08[s], x=0.39978[m], y=0.00565[m], yaw=0.06671[rad], v=4.99065[m/s], steer=0.38017[rad], accel=-0.17975[m/s^2]
Time: 0.12[s], x=0.59896[m], y=0.01895[m], yaw=0.09862[rad], v=4.98346[m/s], steer=0.26696[rad], accel=-0.18917[m/s^2]
Time: 0.16[s], x=0.79733[m], y=0.03858[m], yaw=0.12042[rad], v=4.97589[m/s], steer=0.15624[rad], accel=-0.20407[m/s^2]
Time: 0.20[s], x=0.99492[m], y=0.06249[m], yaw=0.13297[rad], v=4.96773[m/s], steer=0.07743[rad], accel=-0.21566[m/s^2]
Time: 0.24[s], x=1.19188[m], y=0.08883[m], yaw=0.13913[rad], v=4.95910[m/s], steer=-0.02357[rad], accel=-0.21122[m/s^2]
Time: 0.28[s], x=1.38832[m], y=0.11634[m], yaw=0.13726[rad], v=4.95065[m/s], steer=-0.07207[rad], accel=-0.20528[m/s^2]
Time: 0.32[s], x=1.58449[m], y=0.14344[m], yaw=0.13154[rad], v=4.94244[m/s], steer=-0.08018[rad], accel=-0.17835[m/s^2]
Time: 0.36[s], x=1.78048[m], y=0.16937[m], yaw=0.12519[rad], v=4.93531[m/s], steer=-0.08586[rad], accel=-0.16543[m/s^2]
Time: 0.40[s], x=1.97634[m], y=0.19402[m], yaw=0.11839[rad], v=4.92869[m/s], steer=-0.08729[rad], accel=-0.14839[m/s^2]
Time: 0.44[s], x=2.17211[m], y=0.21731[m], yaw=0.11149[rad], v=4.92275[m/s], steer=-0.08577[rad], accel=-0.12251[m/s^2]
Time: 0.48[s], x=2.36780[m], y=0.23921[m], yaw=0.10472[rad], v=4.91785[m/s], steer=-0.07631[rad], accel=-0.10014[m/s^2]
Time: 0.52[s], x=2.56344[m], y=0.25978[m], yaw=0.09870[rad], v=4.91385[m/s], steer=-0.06396[rad], accel=-0.10122[m/s^2]
Time: 0.56[s], x=2.75903[m], y=0.27915[m], yaw=0.09367[rad], v=4.90980[m/s], steer=-0.04311[rad], accel=-0.08983[m/s^2]
Time: 0.60[s], x=2.95456[m], y=0.29751[m], yaw=0.09028[rad], v=4.90621[m/s], steer=-0.01635[rad], accel=-0.08441[m/s^2]
Time: 0.64[s], x=3.15001[m], y=0.31521[m], yaw=0.08900[rad], v=4.90283[m/s], steer=0.00674[rad], accel=-0.09325[m/s^2]
Time: 0.68[s], x=3.34535[m], y=0.33264[m], yaw=0.08952[rad], v=4.89910[m/s], steer=0.00852[rad], accel=-0.09368[m/s^2]
Time: 0.72[s], x=3.54053[m], y=0.35016[m], yaw=0.09019[rad], v=4.89535[m/s], steer=0.00046[rad], accel=-0.10035[m/s^2]
Time: 0.76[s], x=3.73555[m], y=0.36779[m], yaw=0.09023[rad], v=4.89134[m/s], steer=-0.01127[rad], accel=-0.09966[m/s^2]
Time: 0.80[s], x=3.93041[m], y=0.38542[m], yaw=0.08935[rad], v=4.88735[m/s], steer=-0.01360[rad], accel=-0.09437[m/s^2]
Time: 0.84[s], x=4.12512[m], y=0.40287[m], yaw=0.08828[rad], v=4.88358[m/s], steer=-0.01624[rad], accel=-0.09839[m/s^2]
Time: 0.88[s], x=4.31970[m], y=0.42009[m], yaw=0.08701[rad], v=4.87964[m/s], steer=-0.02309[rad], accel=-0.10867[m/s^2]
Time: 0.92[s], x=4.51415[m], y=0.43705[m], yaw=0.08521[rad], v=4.87529[m/s], steer=-0.02475[rad], accel=-0.11792[m/s^2]
Time: 0.96[s], x=4.70845[m], y=0.45365[m], yaw=0.08328[rad], v=4.87058[m/s], steer=-0.02321[rad], accel=-0.12042[m/s^2]
Time: 1.00[s], x=4.90260[m], y=0.46986[m], yaw=0.08147[rad], v=4.86576[m/s], steer=-0.01894[rad], accel=-0.11958[m/s^2]
Time: 1.04[s], x=5.09659[m], y=0.48570[m], yaw=0.08000[rad], v=4.86098[m/s], steer=-0.01552[rad], accel=-0.11840[m/s^2]
Time: 1.08[s], x=5.29040[m], y=0.50123[m], yaw=0.07879[rad], v=4.85624[m/s], steer=-0.01497[rad], accel=-0.11799[m/s^2]
Time: 1.12[s], x=5.48405[m], y=0.51652[m], yaw=0.07763[rad], v=4.85152[m/s], steer=-0.01461[rad], accel=-0.11662[m/s^2]
Time: 1.16[s], x=5.67753[m], y=0.53157[m], yaw=0.07649[rad], v=4.84686[m/s], steer=-0.01210[rad], accel=-0.11548[m/s^2]
Time: 1.20[s], x=5.87083[m], y=0.54639[m], yaw=0.07555[rad], v=4.84224[m/s], steer=-0.01355[rad], accel=-0.11866[m/s^2]
Time: 1.24[s], x=6.06397[m], y=0.56101[m], yaw=0.07450[rad], v=4.83749[m/s], steer=-0.01518[rad], accel=-0.12078[m/s^2]
Time: 1.28[s], x=6.25693[m], y=0.57541[m], yaw=0.07333[rad], v=4.83266[m/s], steer=-0.01612[rad], accel=-0.10980[m/s^2]
Time: 1.32[s], x=6.44972[m], y=0.58957[m], yaw=0.07208[rad], v=4.82827[m/s], steer=-0.01565[rad], accel=-0.10305[m/s^2]
Time: 1.36[s], x=6.64235[m], y=0.60348[m], yaw=0.07087[rad], v=4.82415[m/s], steer=-0.01475[rad], accel=-0.10032[m/s^2]
Time: 1.40[s], x=6.83483[m], y=0.61715[m], yaw=0.06973[rad], v=4.82013[m/s], steer=-0.01534[rad], accel=-0.09676[m/s^2]
Time: 1.44[s], x=7.02717[m], y=0.63058[m], yaw=0.06855[rad], v=4.81626[m/s], steer=-0.01768[rad], accel=-0.09119[m/s^2]
Time: 1.48[s], x=7.21937[m], y=0.64378[m], yaw=0.06719[rad], v=4.81262[m/s], steer=-0.02077[rad], accel=-0.08061[m/s^2]
Time: 1.52[s], x=7.41144[m], y=0.65670[m], yaw=0.06559[rad], v=4.80939[m/s], steer=-0.02083[rad], accel=-0.07755[m/s^2]
Time: 1.56[s], x=7.60340[m], y=0.66931[m], yaw=0.06399[rad], v=4.80629[m/s], steer=-0.02051[rad], accel=-0.07090[m/s^2]
Time: 1.60[s], x=7.79526[m], y=0.68160[m], yaw=0.06241[rad], v=4.80345[m/s], steer=-0.01655[rad], accel=-0.06581[m/s^2]
Time: 1.64[s], x=7.98702[m], y=0.69358[m], yaw=0.06114[rad], v=4.80082[m/s], steer=-0.01542[rad], accel=-0.05434[m/s^2]
Time: 1.68[s], x=8.17870[m], y=0.70532[m], yaw=0.05995[rad], v=4.79865[m/s], steer=-0.01832[rad], accel=-0.04662[m/s^2]
Time: 1.72[s], x=8.37030[m], y=0.71682[m], yaw=0.05854[rad], v=4.79678[m/s], steer=-0.01842[rad], accel=-0.04057[m/s^2]
Time: 1.76[s], x=8.56184[m], y=0.72804[m], yaw=0.05713[rad], v=4.79516[m/s], steer=-0.01907[rad], accel=-0.03563[m/s^2]
Time: 1.80[s], x=8.75333[m], y=0.73900[m], yaw=0.05567[rad], v=4.79374[m/s], steer=-0.01402[rad], accel=-0.03149[m/s^2]
Time: 1.84[s], x=8.94478[m], y=0.74967[m], yaw=0.05459[rad], v=4.79248[m/s], steer=-0.00839[rad], accel=-0.03311[m/s^2]
Time: 1.88[s], x=9.13620[m], y=0.76013[m], yaw=0.05395[rad], v=4.79115[m/s], steer=-0.00609[rad], accel=-0.03819[m/s^2]
Time: 1.92[s], x=9.32757[m], y=0.77046[m], yaw=0.05348[rad], v=4.78962[m/s], steer=-0.00565[rad], accel=-0.03990[m/s^2]
Time: 1.96[s], x=9.51888[m], y=0.78070[m], yaw=0.05305[rad], v=4.78803[m/s], steer=-0.00775[rad], accel=-0.04093[m/s^2]
Time: 2.00[s], x=9.71013[m], y=0.79086[m], yaw=0.05246[rad], v=4.78639[m/s], steer=-0.01545[rad], accel=-0.04013[m/s^2]
Time: 2.04[s], x=9.90132[m], y=0.80089[m], yaw=0.05127[rad], v=4.78479[m/s], steer=-0.01540[rad], accel=-0.04009[m/s^2]
Time: 2.08[s], x=10.09246[m], y=0.81070[m], yaw=0.05009[rad], v=4.78318[m/s], steer=-0.01297[rad], accel=-0.03735[m/s^2]
Time: 2.12[s], x=10.28355[m], y=0.82028[m], yaw=0.04910[rad], v=4.78169[m/s], steer=-0.00839[rad], accel=-0.03020[m/s^2]
Time: 2.16[s], x=10.47459[m], y=0.82967[m], yaw=0.04846[rad], v=4.78048[m/s], steer=-0.00521[rad], accel=-0.02410[m/s^2]
Time: 2.20[s], x=10.66558[m], y=0.83893[m], yaw=0.04806[rad], v=4.77952[m/s], steer=-0.00651[rad], accel=-0.01734[m/s^2]
Time: 2.24[s], x=10.85654[m], y=0.84812[m], yaw=0.04756[rad], v=4.77882[m/s], steer=-0.01144[rad], accel=-0.00817[m/s^2]
Time: 2.28[s], x=11.04748[m], y=0.85721[m], yaw=0.04669[rad], v=4.77850[m/s], steer=-0.01264[rad], accel=-0.00004[m/s^2]
Time: 2.32[s], x=11.23841[m], y=0.86613[m], yaw=0.04572[rad], v=4.77850[m/s], steer=-0.01149[rad], accel=0.00283[m/s^2]
Time: 2.36[s], x=11.42935[m], y=0.87486[m], yaw=0.04484[rad], v=4.77861[m/s], steer=-0.00824[rad], accel=0.00627[m/s^2]
Time: 2.40[s], x=11.62030[m], y=0.88343[m], yaw=0.04421[rad], v=4.77886[m/s], steer=-0.00330[rad], accel=0.00794[m/s^2]
Time: 2.44[s], x=11.81127[m], y=0.89188[m], yaw=0.04396[rad], v=4.77918[m/s], steer=0.01610[rad], accel=0.01121[m/s^2]
Time: 2.48[s], x=12.00225[m], y=0.90028[m], yaw=0.04519[rad], v=4.77963[m/s], steer=-0.00411[rad], accel=0.01093[m/s^2]
Time: 2.52[s], x=12.19324[m], y=0.90892[m], yaw=0.04488[rad], v=4.78006[m/s], steer=-0.01250[rad], accel=0.00558[m/s^2]
Time: 2.56[s], x=12.38425[m], y=0.91750[m], yaw=0.04392[rad], v=4.78029[m/s], steer=0.00554[rad], accel=0.01110[m/s^2]
Time: 2.60[s], x=12.57528[m], y=0.92589[m], yaw=0.04434[rad], v=4.78073[m/s], steer=-0.00493[rad], accel=0.00914[m/s^2]
Time: 2.64[s], x=12.76632[m], y=0.93437[m], yaw=0.04397[rad], v=4.78110[m/s], steer=0.00568[rad], accel=0.00498[m/s^2]
Time: 2.68[s], x=12.95738[m], y=0.94278[m], yaw=0.04440[rad], v=4.78129[m/s], steer=-0.02472[rad], accel=-0.00170[m/s^2]
Time: 2.72[s], x=13.14844[m], y=0.95127[m], yaw=0.04251[rad], v=4.78123[m/s], steer=-0.00049[rad], accel=-0.00521[m/s^2]
Time: 2.76[s], x=13.33952[m], y=0.95939[m], yaw=0.04247[rad], v=4.78102[m/s], steer=0.00914[rad], accel=-0.00119[m/s^2]
Time: 2.80[s], x=13.53059[m], y=0.96751[m], yaw=0.04317[rad], v=4.78097[m/s], steer=0.00640[rad], accel=-0.00127[m/s^2]
Time: 2.84[s], x=13.72165[m], y=0.97577[m], yaw=0.04366[rad], v=4.78092[m/s], steer=0.00222[rad], accel=-0.00177[m/s^2]
Time: 2.88[s], x=13.91270[m], y=0.98411[m], yaw=0.04383[rad], v=4.78085[m/s], steer=-0.00594[rad], accel=0.00194[m/s^2]
Time: 2.92[s], x=14.10375[m], y=0.99249[m], yaw=0.04338[rad], v=4.78093[m/s], steer=0.00053[rad], accel=0.00256[m/s^2]
Time: 2.96[s], x=14.29481[m], y=1.00079[m], yaw=0.04342[rad], v=4.78103[m/s], steer=-0.00593[rad], accel=0.01021[m/s^2]
Time: 3.00[s], x=14.48587[m], y=1.00909[m], yaw=0.04297[rad], v=4.78144[m/s], steer=-0.01614[rad], accel=0.00356[m/s^2]
Time: 3.04[s], x=14.67695[m], y=1.01730[m], yaw=0.04173[rad], v=4.78158[m/s], steer=-0.01902[rad], accel=0.00866[m/s^2]
Time: 3.08[s], x=14.86805[m], y=1.02528[m], yaw=0.04028[rad], v=4.78193[m/s], steer=-0.00921[rad], accel=-0.00035[m/s^2]
Time: 3.12[s], x=15.05917[m], y=1.03298[m], yaw=0.03957[rad], v=4.78191[m/s], steer=-0.01262[rad], accel=-0.00847[m/s^2]
Time: 3.16[s], x=15.25030[m], y=1.04055[m], yaw=0.03861[rad], v=4.78158[m/s], steer=-0.00254[rad], accel=-0.00752[m/s^2]
Time: 3.20[s], x=15.44142[m], y=1.04793[m], yaw=0.03841[rad], v=4.78127[m/s], steer=-0.01066[rad], accel=-0.00823[m/s^2]
Time: 3.24[s], x=15.63253[m], y=1.05528[m], yaw=0.03760[rad], v=4.78095[m/s], steer=-0.00822[rad], accel=-0.00586[m/s^2]
Time: 3.28[s], x=15.82363[m], y=1.06246[m], yaw=0.03697[rad], v=4.78071[m/s], steer=-0.01577[rad], accel=-0.01323[m/s^2]
Time: 3.32[s], x=16.01473[m], y=1.06953[m], yaw=0.03576[rad], v=4.78018[m/s], steer=-0.01643[rad], accel=-0.01121[m/s^2]
Time: 3.36[s], x=16.20581[m], y=1.07637[m], yaw=0.03450[rad], v=4.77973[m/s], steer=-0.01322[rad], accel=-0.00615[m/s^2]
Time: 3.40[s], x=16.39689[m], y=1.08296[m], yaw=0.03349[rad], v=4.77949[m/s], steer=-0.00686[rad], accel=-0.00287[m/s^2]
Time: 3.44[s], x=16.58796[m], y=1.08937[m], yaw=0.03297[rad], v=4.77937[m/s], steer=-0.00416[rad], accel=0.00540[m/s^2]
Time: 3.48[s], x=16.77903[m], y=1.09567[m], yaw=0.03265[rad], v=4.77959[m/s], steer=-0.00359[rad], accel=0.01958[m/s^2]
Time: 3.52[s], x=16.97011[m], y=1.10191[m], yaw=0.03238[rad], v=4.78037[m/s], steer=-0.00660[rad], accel=0.04191[m/s^2]
Time: 3.56[s], x=17.16123[m], y=1.10810[m], yaw=0.03187[rad], v=4.78205[m/s], steer=-0.00783[rad], accel=0.05750[m/s^2]
Time: 3.60[s], x=17.35241[m], y=1.11419[m], yaw=0.03127[rad], v=4.78435[m/s], steer=-0.00880[rad], accel=0.06604[m/s^2]
Time: 3.64[s], x=17.54369[m], y=1.12018[m], yaw=0.03060[rad], v=4.78699[m/s], steer=-0.00744[rad], accel=0.07126[m/s^2]
Time: 3.68[s], x=17.73508[m], y=1.12603[m], yaw=0.03003[rad], v=4.78984[m/s], steer=-0.00797[rad], accel=0.07994[m/s^2]
Time: 3.72[s], x=17.92659[m], y=1.13179[m], yaw=0.02942[rad], v=4.79304[m/s], steer=-0.01130[rad], accel=0.07642[m/s^2]
Time: 3.76[s], x=18.11823[m], y=1.13743[m], yaw=0.02855[rad], v=4.79609[m/s], steer=-0.01315[rad], accel=0.07413[m/s^2]
Time: 3.80[s], x=18.30999[m], y=1.14290[m], yaw=0.02754[rad], v=4.79906[m/s], steer=-0.01805[rad], accel=0.07613[m/s^2]
Time: 3.84[s], x=18.50188[m], y=1.14819[m], yaw=0.02616[rad], v=4.80210[m/s], steer=-0.01393[rad], accel=0.07831[m/s^2]
Time: 3.88[s], x=18.69390[m], y=1.15321[m], yaw=0.02508[rad], v=4.80524[m/s], steer=-0.01656[rad], accel=0.07150[m/s^2]
Time: 3.92[s], x=18.88605[m], y=1.15803[m], yaw=0.02381[rad], v=4.80810[m/s], steer=-0.01905[rad], accel=0.05692[m/s^2]
Time: 3.96[s], x=19.07832[m], y=1.16261[m], yaw=0.02235[rad], v=4.81037[m/s], steer=-0.01937[rad], accel=0.04709[m/s^2]
Time: 4.00[s], x=19.27069[m], y=1.16691[m], yaw=0.02086[rad], v=4.81226[m/s], steer=-0.01717[rad], accel=0.04077[m/s^2]
Time: 4.04[s], x=19.46313[m], y=1.17093[m], yaw=0.01953[rad], v=4.81389[m/s], steer=-0.01769[rad], accel=0.04193[m/s^2]
Time: 4.08[s], x=19.65565[m], y=1.17469[m], yaw=0.01817[rad], v=4.81557[m/s], steer=-0.01960[rad], accel=0.03956[m/s^2]
Time: 4.12[s], x=19.84824[m], y=1.17819[m], yaw=0.01666[rad], v=4.81715[m/s], steer=-0.01571[rad], accel=0.04698[m/s^2]
Time: 4.16[s], x=20.04090[m], y=1.18140[m], yaw=0.01545[rad], v=4.81903[m/s], steer=-0.01488[rad], accel=0.04502[m/s^2]
Time: 4.20[s], x=20.23364[m], y=1.18437[m], yaw=0.01430[rad], v=4.82083[m/s], steer=-0.01412[rad], accel=0.04639[m/s^2]
Time: 4.24[s], x=20.42645[m], y=1.18713[m], yaw=0.01321[rad], v=4.82268[m/s], steer=-0.01601[rad], accel=0.04701[m/s^2]
Time: 4.28[s], x=20.61934[m], y=1.18968[m], yaw=0.01198[rad], v=4.82456[m/s], steer=-0.01589[rad], accel=0.04456[m/s^2]
Time: 4.32[s], x=20.81231[m], y=1.19199[m], yaw=0.01075[rad], v=4.82635[m/s], steer=-0.01213[rad], accel=0.04007[m/s^2]
Time: 4.36[s], x=21.00536[m], y=1.19407[m], yaw=0.00981[rad], v=4.82795[m/s], steer=-0.01058[rad], accel=0.03880[m/s^2]
Time: 4.40[s], x=21.19847[m], y=1.19596[m], yaw=0.00900[rad], v=4.82950[m/s], steer=-0.01143[rad], accel=0.03686[m/s^2]
Time: 4.44[s], x=21.39164[m], y=1.19770[m], yaw=0.00811[rad], v=4.83098[m/s], steer=-0.01448[rad], accel=0.03348[m/s^2]
Time: 4.48[s], x=21.58487[m], y=1.19927[m], yaw=0.00699[rad], v=4.83232[m/s], steer=-0.01664[rad], accel=0.03237[m/s^2]
Time: 4.52[s], x=21.77816[m], y=1.20062[m], yaw=0.00571[rad], v=4.83361[m/s], steer=-0.01773[rad], accel=0.02845[m/s^2]
Time: 4.56[s], x=21.97150[m], y=1.20172[m], yaw=0.00433[rad], v=4.83475[m/s], steer=-0.01245[rad], accel=0.02682[m/s^2]
Time: 4.60[s], x=22.16489[m], y=1.20256[m], yaw=0.00337[rad], v=4.83582[m/s], steer=-0.00556[rad], accel=0.02884[m/s^2]
Time: 4.64[s], x=22.35832[m], y=1.20321[m], yaw=0.00294[rad], v=4.83697[m/s], steer=-0.00083[rad], accel=0.02959[m/s^2]
Time: 4.68[s], x=22.55180[m], y=1.20378[m], yaw=0.00288[rad], v=4.83816[m/s], steer=-0.00064[rad], accel=0.02943[m/s^2]
Time: 4.72[s], x=22.74532[m], y=1.20434[m], yaw=0.00283[rad], v=4.83933[m/s], steer=-0.00274[rad], accel=0.03167[m/s^2]
Time: 4.76[s], x=22.93890[m], y=1.20489[m], yaw=0.00262[rad], v=4.84060[m/s], steer=-0.00494[rad], accel=0.03365[m/s^2]
Time: 4.80[s], x=23.13252[m], y=1.20539[m], yaw=0.00223[rad], v=4.84195[m/s], steer=-0.00197[rad], accel=0.03704[m/s^2]
Time: 4.84[s], x=23.32620[m], y=1.20582[m], yaw=0.00208[rad], v=4.84343[m/s], steer=0.00349[rad], accel=0.04069[m/s^2]
Time: 4.88[s], x=23.51993[m], y=1.20623[m], yaw=0.00235[rad], v=4.84506[m/s], steer=0.00998[rad], accel=0.04841[m/s^2]
Time: 4.92[s], x=23.71374[m], y=1.20668[m], yaw=0.00312[rad], v=4.84699[m/s], steer=0.02196[rad], accel=0.05463[m/s^2]
Time: 4.96[s], x=23.90761[m], y=1.20729[m], yaw=0.00483[rad], v=4.84918[m/s], steer=0.02849[rad], accel=0.06697[m/s^2]
Time: 5.00[s], x=24.10158[m], y=1.20822[m], yaw=0.00704[rad], v=4.85186[m/s], steer=0.04153[rad], accel=0.08374[m/s^2]
Time: 5.04[s], x=24.29565[m], y=1.20959[m], yaw=0.01026[rad], v=4.85521[m/s], steer=0.04844[rad], accel=0.10369[m/s^2]
Time: 5.08[s], x=24.48985[m], y=1.21158[m], yaw=0.01403[rad], v=4.85935[m/s], steer=0.05365[rad], accel=0.10853[m/s^2]
Time: 5.12[s], x=24.68420[m], y=1.21431[m], yaw=0.01820[rad], v=4.86370[m/s], steer=0.05205[rad], accel=0.10839[m/s^2]
Time: 5.16[s], x=24.87872[m], y=1.21785[m], yaw=0.02226[rad], v=4.86803[m/s], steer=0.05762[rad], accel=0.11949[m/s^2]
Time: 5.20[s], x=25.07339[m], y=1.22218[m], yaw=0.02675[rad], v=4.87281[m/s], steer=0.05923[rad], accel=0.12454[m/s^2]
Time: 5.24[s], x=25.26823[m], y=1.22740[m], yaw=0.03137[rad], v=4.87779[m/s], steer=0.06395[rad], accel=0.11653[m/s^2]
Time: 5.28[s], x=25.46325[m], y=1.23352[m], yaw=0.03637[rad], v=4.88245[m/s], steer=0.07199[rad], accel=0.12169[m/s^2]
Time: 5.32[s], x=25.65842[m], y=1.24062[m], yaw=0.04201[rad], v=4.88732[m/s], steer=0.06586[rad], accel=0.11824[m/s^2]
Time: 5.36[s], x=25.85374[m], y=1.24883[m], yaw=0.04716[rad], v=4.89205[m/s], steer=0.04184[rad], accel=0.11596[m/s^2]
Time: 5.40[s], x=26.04920[m], y=1.25806[m], yaw=0.05044[rad], v=4.89669[m/s], steer=0.03450[rad], accel=0.11438[m/s^2]
Time: 5.44[s], x=26.24482[m], y=1.26793[m], yaw=0.05314[rad], v=4.90126[m/s], steer=0.03513[rad], accel=0.10054[m/s^2]
Time: 5.48[s], x=26.44059[m], y=1.27834[m], yaw=0.05590[rad], v=4.90529[m/s], steer=0.05622[rad], accel=0.08107[m/s^2]
Time: 5.52[s], x=26.63650[m], y=1.28931[m], yaw=0.06032[rad], v=4.90853[m/s], steer=0.06372[rad], accel=0.05195[m/s^2]
Time: 5.56[s], x=26.83248[m], y=1.30114[m], yaw=0.06533[rad], v=4.91061[m/s], steer=0.08532[rad], accel=0.02361[m/s^2]
Time: 5.60[s], x=27.02849[m], y=1.31397[m], yaw=0.07205[rad], v=4.91155[m/s], steer=0.11359[rad], accel=0.00656[m/s^2]
Time: 5.64[s], x=27.22444[m], y=1.32811[m], yaw=0.08101[rad], v=4.91181[m/s], steer=0.12990[rad], accel=-0.01395[m/s^2]
Time: 5.68[s], x=27.42027[m], y=1.34401[m], yaw=0.09128[rad], v=4.91125[m/s], steer=0.13461[rad], accel=-0.03611[m/s^2]
Time: 5.72[s], x=27.61590[m], y=1.36192[m], yaw=0.10192[rad], v=4.90981[m/s], steer=0.14820[rad], accel=-0.05448[m/s^2]
Time: 5.76[s], x=27.81127[m], y=1.38190[m], yaw=0.11365[rad], v=4.90763[m/s], steer=0.17009[rad], accel=-0.06756[m/s^2]
Time: 5.80[s], x=28.00631[m], y=1.40416[m], yaw=0.12714[rad], v=4.90493[m/s], steer=0.20130[rad], accel=-0.08186[m/s^2]
Time: 5.84[s], x=28.20093[m], y=1.42904[m], yaw=0.14315[rad], v=4.90165[m/s], steer=0.23503[rad], accel=-0.10617[m/s^2]
Time: 5.88[s], x=28.39499[m], y=1.45701[m], yaw=0.16193[rad], v=4.89741[m/s], steer=0.27289[rad], accel=-0.12593[m/s^2]
Time: 5.92[s], x=28.58832[m], y=1.48859[m], yaw=0.18386[rad], v=4.89237[m/s], steer=0.32086[rad], accel=-0.14699[m/s^2]
Time: 5.96[s], x=28.78072[m], y=1.52437[m], yaw=0.20988[rad], v=4.88649[m/s], steer=0.37723[rad], accel=-0.16202[m/s^2]
Time: 6.00[s], x=28.97189[m], y=1.56509[m], yaw=0.24085[rad], v=4.88001[m/s], steer=0.43388[rad], accel=-0.17701[m/s^2]
Time: 6.04[s], x=29.16145[m], y=1.61165[m], yaw=0.27703[rad], v=4.87293[m/s], steer=0.49494[rad], accel=-0.18412[m/s^2]
Time: 6.08[s], x=29.34894[m], y=1.66496[m], yaw=0.31911[rad], v=4.86556[m/s], steer=0.52300[rad], accel=-0.18130[m/s^2]
Time: 6.12[s], x=29.53374[m], y=1.72602[m], yaw=0.36400[rad], v=4.85831[m/s], steer=0.52300[rad], accel=-0.17331[m/s^2]
Time: 6.16[s], x=29.71534[m], y=1.79520[m], yaw=0.40881[rad], v=4.85138[m/s], steer=0.52300[rad], accel=-0.17001[m/s^2]
Time: 6.20[s], x=29.89340[m], y=1.87235[m], yaw=0.45357[rad], v=4.84458[m/s], steer=0.52300[rad], accel=-0.16291[m/s^2]
Time: 6.24[s], x=30.06759[m], y=1.95726[m], yaw=0.49826[rad], v=4.83806[m/s], steer=0.52300[rad], accel=-0.15168[m/s^2]
Time: 6.28[s], x=30.23759[m], y=2.04974[m], yaw=0.54289[rad], v=4.83200[m/s], steer=0.52300[rad], accel=-0.13472[m/s^2]
Time: 6.32[s], x=30.40308[m], y=2.14959[m], yaw=0.58746[rad], v=4.82661[m/s], steer=0.52300[rad], accel=-0.11823[m/s^2]
Time: 6.36[s], x=30.56377[m], y=2.25660[m], yaw=0.63199[rad], v=4.82188[m/s], steer=0.52300[rad], accel=-0.10342[m/s^2]
Time: 6.40[s], x=30.71940[m], y=2.37054[m], yaw=0.67647[rad], v=4.81774[m/s], steer=0.52300[rad], accel=-0.08585[m/s^2]
Time: 6.44[s], x=30.86967[m], y=2.49118[m], yaw=0.72091[rad], v=4.81431[m/s], steer=0.52300[rad], accel=-0.06717[m/s^2]
Time: 6.48[s], x=31.01433[m], y=2.61829[m], yaw=0.76532[rad], v=4.81162[m/s], steer=0.52300[rad], accel=-0.05255[m/s^2]
Time: 6.52[s], x=31.15313[m], y=2.75163[m], yaw=0.80971[rad], v=4.80952[m/s], steer=0.52300[rad], accel=-0.03642[m/s^2]
Time: 6.56[s], x=31.28581[m], y=2.89093[m], yaw=0.85407[rad], v=4.80806[m/s], steer=0.52300[rad], accel=-0.01775[m/s^2]
Time: 6.60[s], x=31.41215[m], y=3.03593[m], yaw=0.89843[rad], v=4.80735[m/s], steer=0.52300[rad], accel=0.00023[m/s^2]
Time: 6.64[s], x=31.53192[m], y=3.18637[m], yaw=0.94278[rad], v=4.80736[m/s], steer=0.52300[rad], accel=0.01876[m/s^2]
Time: 6.68[s], x=31.64490[m], y=3.34197[m], yaw=0.98712[rad], v=4.80811[m/s], steer=0.52300[rad], accel=0.03247[m/s^2]
Time: 6.72[s], x=31.75089[m], y=3.50246[m], yaw=1.03148[rad], v=4.80941[m/s], steer=0.52300[rad], accel=0.04390[m/s^2]
Time: 6.76[s], x=31.84969[m], y=3.66753[m], yaw=1.07584[rad], v=4.81117[m/s], steer=0.50354[rad], accel=0.05393[m/s^2]
Time: 6.80[s], x=31.94110[m], y=3.83688[m], yaw=1.11825[rad], v=4.81332[m/s], steer=0.46073[rad], accel=0.06353[m/s^2]
Time: 6.84[s], x=32.02528[m], y=4.01003[m], yaw=1.15648[rad], v=4.81586[m/s], steer=0.41531[rad], accel=0.06810[m/s^2]
Time: 6.88[s], x=32.10283[m], y=4.18637[m], yaw=1.19045[rad], v=4.81859[m/s], steer=0.37149[rad], accel=0.06950[m/s^2]
Time: 6.92[s], x=32.17439[m], y=4.36534[m], yaw=1.22049[rad], v=4.82137[m/s], steer=0.33455[rad], accel=0.07356[m/s^2]
Time: 6.96[s], x=32.24057[m], y=4.54648[m], yaw=1.24731[rad], v=4.82431[m/s], steer=0.30250[rad], accel=0.07678[m/s^2]
Time: 7.00[s], x=32.30191[m], y=4.72944[m], yaw=1.27139[rad], v=4.82738[m/s], steer=0.27653[rad], accel=0.08044[m/s^2]
Time: 7.04[s], x=32.35886[m], y=4.91395[m], yaw=1.29331[rad], v=4.83060[m/s], steer=0.25359[rad], accel=0.08015[m/s^2]
Time: 7.08[s], x=32.41179[m], y=5.09978[m], yaw=1.31335[rad], v=4.83381[m/s], steer=0.23621[rad], accel=0.07830[m/s^2]
Time: 7.12[s], x=32.46103[m], y=5.28676[m], yaw=1.33196[rad], v=4.83694[m/s], steer=0.22494[rad], accel=0.07617[m/s^2]
Time: 7.16[s], x=32.50680[m], y=5.47475[m], yaw=1.34967[rad], v=4.83998[m/s], steer=0.21976[rad], accel=0.07469[m/s^2]
Time: 7.20[s], x=32.54926[m], y=5.66363[m], yaw=1.36697[rad], v=4.84297[m/s], steer=0.21667[rad], accel=0.06978[m/s^2]
Time: 7.24[s], x=32.58847[m], y=5.85334[m], yaw=1.38402[rad], v=4.84576[m/s], steer=0.22051[rad], accel=0.06774[m/s^2]
Time: 7.28[s], x=32.62446[m], y=6.04380[m], yaw=1.40140[rad], v=4.84847[m/s], steer=0.22641[rad], accel=0.06467[m/s^2]
Time: 7.32[s], x=32.65716[m], y=6.23496[m], yaw=1.41927[rad], v=4.85106[m/s], steer=0.23473[rad], accel=0.06231[m/s^2]
Time: 7.36[s], x=32.68645[m], y=6.42678[m], yaw=1.43783[rad], v=4.85355[m/s], steer=0.24540[rad], accel=0.06146[m/s^2]
Time: 7.40[s], x=32.71218[m], y=6.61921[m], yaw=1.45728[rad], v=4.85601[m/s], steer=0.25339[rad], accel=0.05765[m/s^2]
Time: 7.44[s], x=32.73419[m], y=6.81220[m], yaw=1.47740[rad], v=4.85832[m/s], steer=0.26134[rad], accel=0.05328[m/s^2]
Time: 7.48[s], x=32.75231[m], y=7.00569[m], yaw=1.49819[rad], v=4.86045[m/s], steer=0.26974[rad], accel=0.04917[m/s^2]
Time: 7.52[s], x=32.76641[m], y=7.19959[m], yaw=1.51969[rad], v=4.86241[m/s], steer=0.27953[rad], accel=0.04612[m/s^2]
Time: 7.56[s], x=32.77635[m], y=7.39383[m], yaw=1.54203[rad], v=4.86426[m/s], steer=0.29059[rad], accel=0.04502[m/s^2]
Time: 7.60[s], x=32.78194[m], y=7.58832[m], yaw=1.56530[rad], v=4.86606[m/s], steer=0.29751[rad], accel=0.04201[m/s^2]
Time: 7.64[s], x=32.78301[m], y=7.78296[m], yaw=1.58917[rad], v=4.86774[m/s], steer=0.30300[rad], accel=0.03859[m/s^2]
Time: 7.68[s], x=32.77943[m], y=7.97764[m], yaw=1.61352[rad], v=4.86928[m/s], steer=0.30841[rad], accel=0.03624[m/s^2]
Time: 7.72[s], x=32.77111[m], y=8.17223[m], yaw=1.63834[rad], v=4.87073[m/s], steer=0.31427[rad], accel=0.03534[m/s^2]
Time: 7.76[s], x=32.75797[m], y=8.36662[m], yaw=1.66367[rad], v=4.87215[m/s], steer=0.31616[rad], accel=0.03191[m/s^2]
Time: 7.80[s], x=32.73989[m], y=8.56067[m], yaw=1.68917[rad], v=4.87342[m/s], steer=0.31673[rad], accel=0.02782[m/s^2]
Time: 7.84[s], x=32.71687[m], y=8.75424[m], yaw=1.71473[rad], v=4.87454[m/s], steer=0.31785[rad], accel=0.02399[m/s^2]
Time: 7.88[s], x=32.68890[m], y=8.94720[m], yaw=1.74039[rad], v=4.87550[m/s], steer=0.32290[rad], accel=0.02518[m/s^2]
Time: 7.92[s], x=32.65598[m], y=9.13943[m], yaw=1.76649[rad], v=4.87650[m/s], steer=0.32734[rad], accel=0.02772[m/s^2]
Time: 7.96[s], x=32.61805[m], y=9.33076[m], yaw=1.79299[rad], v=4.87761[m/s], steer=0.32695[rad], accel=0.02754[m/s^2]
Time: 8.00[s], x=32.57506[m], y=9.52107[m], yaw=1.81945[rad], v=4.87871[m/s], steer=0.32521[rad], accel=0.02645[m/s^2]
Time: 8.04[s], x=32.52703[m], y=9.71022[m], yaw=1.84577[rad], v=4.87977[m/s], steer=0.32379[rad], accel=0.02536[m/s^2]
Time: 8.08[s], x=32.47403[m], y=9.89808[m], yaw=1.87198[rad], v=4.88079[m/s], steer=0.32357[rad], accel=0.02525[m/s^2]
Time: 8.12[s], x=32.41612[m], y=10.08452[m], yaw=1.89816[rad], v=4.88180[m/s], steer=0.32471[rad], accel=0.02669[m/s^2]
Time: 8.16[s], x=32.35333[m], y=10.26942[m], yaw=1.92446[rad], v=4.88286[m/s], steer=0.32276[rad], accel=0.02545[m/s^2]
Time: 8.20[s], x=32.28568[m], y=10.45265[m], yaw=1.95059[rad], v=4.88388[m/s], steer=0.32033[rad], accel=0.02312[m/s^2]
Time: 8.24[s], x=32.21326[m], y=10.63408[m], yaw=1.97651[rad], v=4.88481[m/s], steer=0.31854[rad], accel=0.02107[m/s^2]
Time: 8.28[s], x=32.13614[m], y=10.81361[m], yaw=2.00229[rad], v=4.88565[m/s], steer=0.31826[rad], accel=0.02043[m/s^2]
Time: 8.32[s], x=32.05441[m], y=10.99113[m], yaw=2.02804[rad], v=4.88647[m/s], steer=0.31525[rad], accel=0.01728[m/s^2]
Time: 8.36[s], x=31.96812[m], y=11.16650[m], yaw=2.05354[rad], v=4.88716[m/s], steer=0.31209[rad], accel=0.01319[m/s^2]
Time: 8.40[s], x=31.87738[m], y=11.33965[m], yaw=2.07876[rad], v=4.88769[m/s], steer=0.31406[rad], accel=0.01350[m/s^2]
Time: 8.44[s], x=31.78228[m], y=11.51047[m], yaw=2.10417[rad], v=4.88823[m/s], steer=0.31586[rad], accel=0.01399[m/s^2]
Time: 8.48[s], x=31.68287[m], y=11.67884[m], yaw=2.12973[rad], v=4.88879[m/s], steer=0.31797[rad], accel=0.01601[m/s^2]
Time: 8.52[s], x=31.57917[m], y=11.84464[m], yaw=2.15547[rad], v=4.88943[m/s], steer=0.31622[rad], accel=0.01519[m/s^2]
Time: 8.56[s], x=31.47123[m], y=12.00773[m], yaw=2.18107[rad], v=4.89003[m/s], steer=0.31400[rad], accel=0.01346[m/s^2]
Time: 8.60[s], x=31.35913[m], y=12.16802[m], yaw=2.20648[rad], v=4.89057[m/s], steer=0.31273[rad], accel=0.01191[m/s^2]
Time: 8.64[s], x=31.24298[m], y=12.32543[m], yaw=2.23178[rad], v=4.89105[m/s], steer=0.31287[rad], accel=0.01121[m/s^2]
Time: 8.68[s], x=31.12288[m], y=12.47987[m], yaw=2.25709[rad], v=4.89150[m/s], steer=0.31517[rad], accel=0.01216[m/s^2]
Time: 8.72[s], x=30.99890[m], y=12.63123[m], yaw=2.28261[rad], v=4.89198[m/s], steer=0.31439[rad], accel=0.01047[m/s^2]
Time: 8.76[s], x=30.87108[m], y=12.77940[m], yaw=2.30806[rad], v=4.89240[m/s], steer=0.31251[rad], accel=0.00806[m/s^2]
Time: 8.80[s], x=30.73952[m], y=12.92427[m], yaw=2.33335[rad], v=4.89272[m/s], steer=0.31008[rad], accel=0.00606[m/s^2]
Time: 8.84[s], x=30.60433[m], y=13.06578[m], yaw=2.35844[rad], v=4.89297[m/s], steer=0.30703[rad], accel=0.00591[m/s^2]
Time: 8.88[s], x=30.46562[m], y=13.20387[m], yaw=2.38326[rad], v=4.89320[m/s], steer=0.30291[rad], accel=0.00808[m/s^2]
Time: 8.92[s], x=30.32353[m], y=13.33847[m], yaw=2.40773[rad], v=4.89353[m/s], steer=0.29489[rad], accel=0.00856[m/s^2]
Time: 8.96[s], x=30.17817[m], y=13.46957[m], yaw=2.43151[rad], v=4.89387[m/s], steer=0.28417[rad], accel=0.00887[m/s^2]
Time: 9.00[s], x=30.02973[m], y=13.59718[m], yaw=2.45438[rad], v=4.89422[m/s], steer=0.27080[rad], accel=0.00963[m/s^2]
Time: 9.04[s], x=29.87840[m], y=13.72137[m], yaw=2.47612[rad], v=4.89461[m/s], steer=0.25497[rad], accel=0.01208[m/s^2]
Time: 9.08[s], x=29.72439[m], y=13.84226[m], yaw=2.49653[rad], v=4.89509[m/s], steer=0.23701[rad], accel=0.01680[m/s^2]
Time: 9.12[s], x=29.56793[m], y=13.95998[m], yaw=2.51545[rad], v=4.89576[m/s], steer=0.21643[rad], accel=0.01950[m/s^2]
Time: 9.16[s], x=29.40925[m], y=14.07475[m], yaw=2.53267[rad], v=4.89654[m/s], steer=0.19449[rad], accel=0.02151[m/s^2]
Time: 9.20[s], x=29.24859[m], y=14.18678[m], yaw=2.54810[rad], v=4.89741[m/s], steer=0.17157[rad], accel=0.02353[m/s^2]
Time: 9.24[s], x=29.08619[m], y=14.29633[m], yaw=2.56168[rad], v=4.89835[m/s], steer=0.14816[rad], accel=0.02663[m/s^2]
Time: 9.28[s], x=28.92229[m], y=14.40369[m], yaw=2.57338[rad], v=4.89941[m/s], steer=0.12478[rad], accel=0.02331[m/s^2]
Time: 9.32[s], x=28.75711[m], y=14.50915[m], yaw=2.58321[rad], v=4.90034[m/s], steer=0.10242[rad], accel=0.01942[m/s^2]
Time: 9.36[s], x=28.59087[m], y=14.61300[m], yaw=2.59127[rad], v=4.90112[m/s], steer=0.08154[rad], accel=0.01570[m/s^2]
Time: 9.40[s], x=28.42377[m], y=14.71553[m], yaw=2.59768[rad], v=4.90175[m/s], steer=0.06237[rad], accel=0.01354[m/s^2]
Time: 9.44[s], x=28.25599[m], y=14.81699[m], yaw=2.60258[rad], v=4.90229[m/s], steer=0.04498[rad], accel=0.01396[m/s^2]
Time: 9.48[s], x=28.08770[m], y=14.91764[m], yaw=2.60611[rad], v=4.90285[m/s], steer=0.02976[rad], accel=0.01247[m/s^2]
Time: 9.52[s], x=27.91904[m], y=15.01771[m], yaw=2.60844[rad], v=4.90335[m/s], steer=0.01701[rad], accel=0.01116[m/s^2]
Time: 9.56[s], x=27.75013[m], y=15.11740[m], yaw=2.60978[rad], v=4.90379[m/s], steer=0.00633[rad], accel=0.01056[m/s^2]
Time: 9.60[s], x=27.58107[m], y=15.21687[m], yaw=2.61027[rad], v=4.90422[m/s], steer=-0.00226[rad], accel=0.01200[m/s^2]
Time: 9.64[s], x=27.41194[m], y=15.31626[m], yaw=2.61010[rad], v=4.90470[m/s], steer=-0.00885[rad], accel=0.01598[m/s^2]
Time: 9.68[s], x=27.24282[m], y=15.41569[m], yaw=2.60940[rad], v=4.90533[m/s], steer=-0.01343[rad], accel=0.01798[m/s^2]
Time: 9.72[s], x=27.07374[m], y=15.51525[m], yaw=2.60835[rad], v=4.90605[m/s], steer=-0.01644[rad], accel=0.01940[m/s^2]
Time: 9.76[s], x=26.90474[m], y=15.61501[m], yaw=2.60706[rad], v=4.90683[m/s], steer=-0.01823[rad], accel=0.02103[m/s^2]
Time: 9.80[s], x=26.73585[m], y=15.71500[m], yaw=2.60563[rad], v=4.90767[m/s], steer=-0.01906[rad], accel=0.02383[m/s^2]
Time: 9.84[s], x=26.56707[m], y=15.81525[m], yaw=2.60413[rad], v=4.90862[m/s], steer=-0.01888[rad], accel=0.02040[m/s^2]
Time: 9.88[s], x=26.39841[m], y=15.91577[m], yaw=2.60265[rad], v=4.90944[m/s], steer=-0.01785[rad], accel=0.01650[m/s^2]
Time: 9.92[s], x=26.22987[m], y=16.01655[m], yaw=2.60124[rad], v=4.91010[m/s], steer=-0.01630[rad], accel=0.01278[m/s^2]
Time: 9.96[s], x=26.06144[m], y=16.11759[m], yaw=2.59996[rad], v=4.91061[m/s], steer=-0.01440[rad], accel=0.01056[m/s^2]
Time: 10.00[s], x=25.89313[m], y=16.21885[m], yaw=2.59883[rad], v=4.91103[m/s], steer=-0.01239[rad], accel=0.01087[m/s^2]
Time: 10.04[s], x=25.72492[m], y=16.32031[m], yaw=2.59786[rad], v=4.91147[m/s], steer=-0.01046[rad], accel=0.00929[m/s^2]
Time: 10.08[s], x=25.55680[m], y=16.42195[m], yaw=2.59704[rad], v=4.91184[m/s], steer=-0.00849[rad], accel=0.00789[m/s^2]
Time: 10.12[s], x=25.38874[m], y=16.52373[m], yaw=2.59637[rad], v=4.91216[m/s], steer=-0.00673[rad], accel=0.00716[m/s^2]
Time: 10.16[s], x=25.22075[m], y=16.62563[m], yaw=2.59584[rad], v=4.91244[m/s], steer=-0.00508[rad], accel=0.00838[m/s^2]
Time: 10.20[s], x=25.05279[m], y=16.72762[m], yaw=2.59544[rad], v=4.91278[m/s], steer=-0.00354[rad], accel=0.01207[m/s^2]
Time: 10.24[s], x=24.88487[m], y=16.82969[m], yaw=2.59516[rad], v=4.91326[m/s], steer=-0.00212[rad], accel=0.01374[m/s^2]
Time: 10.28[s], x=24.71695[m], y=16.93182[m], yaw=2.59500[rad], v=4.91381[m/s], steer=-0.00092[rad], accel=0.01481[m/s^2]
Time: 10.32[s], x=24.54904[m], y=17.03398[m], yaw=2.59492[rad], v=4.91440[m/s], steer=-0.00004[rad], accel=0.01608[m/s^2]
Time: 10.36[s], x=24.38111[m], y=17.13617[m], yaw=2.59492[rad], v=4.91504[m/s], steer=0.00053[rad], accel=0.01853[m/s^2]
Time: 10.40[s], x=24.21316[m], y=17.23837[m], yaw=2.59496[rad], v=4.91579[m/s], steer=0.00089[rad], accel=0.01794[m/s^2]
Time: 10.44[s], x=24.04518[m], y=17.34058[m], yaw=2.59503[rad], v=4.91650[m/s], steer=0.00129[rad], accel=0.01597[m/s^2]
Time: 10.48[s], x=23.87717[m], y=17.44280[m], yaw=2.59513[rad], v=4.91714[m/s], steer=0.00162[rad], accel=0.01355[m/s^2]
Time: 10.52[s], x=23.70913[m], y=17.54501[m], yaw=2.59526[rad], v=4.91768[m/s], steer=0.00179[rad], accel=0.00993[m/s^2]
Time: 10.56[s], x=23.54106[m], y=17.64721[m], yaw=2.59540[rad], v=4.91808[m/s], steer=0.00180[rad], accel=0.00896[m/s^2]
Time: 10.60[s], x=23.37295[m], y=17.74939[m], yaw=2.59554[rad], v=4.91844[m/s], steer=0.00165[rad], accel=0.00615[m/s^2]
Time: 10.64[s], x=23.20482[m], y=17.85156[m], yaw=2.59567[rad], v=4.91869[m/s], steer=0.00158[rad], accel=0.00341[m/s^2]
Time: 10.68[s], x=23.03667[m], y=17.95371[m], yaw=2.59580[rad], v=4.91882[m/s], steer=0.00140[rad], accel=0.00138[m/s^2]
Time: 10.72[s], x=22.86851[m], y=18.05585[m], yaw=2.59591[rad], v=4.91888[m/s], steer=0.00119[rad], accel=0.00123[m/s^2]
Time: 10.76[s], x=22.70033[m], y=18.15796[m], yaw=2.59600[rad], v=4.91893[m/s], steer=0.00102[rad], accel=0.00385[m/s^2]
Time: 10.80[s], x=22.53214[m], y=18.26007[m], yaw=2.59608[rad], v=4.91908[m/s], steer=0.00088[rad], accel=0.00473[m/s^2]
Time: 10.84[s], x=22.36393[m], y=18.36216[m], yaw=2.59615[rad], v=4.91927[m/s], steer=0.00074[rad], accel=0.00541[m/s^2]
Time: 10.88[s], x=22.19571[m], y=18.46424[m], yaw=2.59621[rad], v=4.91949[m/s], steer=0.00055[rad], accel=0.00635[m/s^2]
Time: 10.92[s], x=22.02748[m], y=18.56632[m], yaw=2.59625[rad], v=4.91974[m/s], steer=0.00035[rad], accel=0.00861[m/s^2]
Time: 10.96[s], x=21.85923[m], y=18.66839[m], yaw=2.59628[rad], v=4.92008[m/s], steer=0.00015[rad], accel=0.01288[m/s^2]
Time: 11.00[s], x=21.69097[m], y=18.77047[m], yaw=2.59629[rad], v=4.92060[m/s], steer=0.00010[rad], accel=0.01489[m/s^2]
Time: 11.04[s], x=21.52269[m], y=18.87256[m], yaw=2.59630[rad], v=4.92120[m/s], steer=0.00005[rad], accel=0.01164[m/s^2]
Time: 11.08[s], x=21.35439[m], y=18.97466[m], yaw=2.59630[rad], v=4.92166[m/s], steer=-0.00007[rad], accel=0.00931[m/s^2]
Time: 11.12[s], x=21.18608[m], y=19.07677[m], yaw=2.59630[rad], v=4.92203[m/s], steer=-0.00014[rad], accel=0.00875[m/s^2]
Time: 11.16[s], x=21.01775[m], y=19.17888[m], yaw=2.59629[rad], v=4.92238[m/s], steer=-0.00016[rad], accel=0.00591[m/s^2]
Time: 11.20[s], x=20.84941[m], y=19.28101[m], yaw=2.59628[rad], v=4.92262[m/s], steer=-0.00011[rad], accel=0.00242[m/s^2]
Time: 11.24[s], x=20.68106[m], y=19.38314[m], yaw=2.59627[rad], v=4.92272[m/s], steer=-0.00006[rad], accel=-0.00081[m/s^2]
Time: 11.28[s], x=20.51271[m], y=19.48528[m], yaw=2.59626[rad], v=4.92268[m/s], steer=-0.00002[rad], accel=-0.00238[m/s^2]
Time: 11.32[s], x=20.34437[m], y=19.58741[m], yaw=2.59626[rad], v=4.92259[m/s], steer=-0.00010[rad], accel=-0.00127[m/s^2]
Time: 11.36[s], x=20.17602[m], y=19.68955[m], yaw=2.59625[rad], v=4.92254[m/s], steer=-0.00024[rad], accel=-0.00174[m/s^2]
Time: 11.40[s], x=20.00768[m], y=19.79168[m], yaw=2.59623[rad], v=4.92247[m/s], steer=-0.00020[rad], accel=-0.00214[m/s^2]
Time: 11.44[s], x=19.83935[m], y=19.89382[m], yaw=2.59622[rad], v=4.92238[m/s], steer=-0.00014[rad], accel=-0.00209[m/s^2]
Time: 11.48[s], x=19.67101[m], y=19.99596[m], yaw=2.59621[rad], v=4.92230[m/s], steer=-0.00011[rad], accel=-0.00053[m/s^2]
Time: 11.52[s], x=19.50268[m], y=20.09809[m], yaw=2.59620[rad], v=4.92228[m/s], steer=-0.00008[rad], accel=0.00348[m/s^2]
Time: 11.56[s], x=19.33436[m], y=20.20023[m], yaw=2.59619[rad], v=4.92242[m/s], steer=-0.00009[rad], accel=0.00536[m/s^2]
Time: 11.60[s], x=19.16603[m], y=20.30237[m], yaw=2.59619[rad], v=4.92263[m/s], steer=-0.00009[rad], accel=0.00666[m/s^2]
Time: 11.64[s], x=18.99769[m], y=20.40452[m], yaw=2.59618[rad], v=4.92290[m/s], steer=-0.00008[rad], accel=0.00806[m/s^2]
Time: 11.68[s], x=18.82934[m], y=20.50668[m], yaw=2.59617[rad], v=4.92322[m/s], steer=-0.00010[rad], accel=0.01054[m/s^2]
Time: 11.72[s], x=18.66099[m], y=20.60884[m], yaw=2.59616[rad], v=4.92364[m/s], steer=-0.00012[rad], accel=0.00990[m/s^2]
Time: 11.76[s], x=18.49262[m], y=20.71101[m], yaw=2.59616[rad], v=4.92404[m/s], steer=-0.00005[rad], accel=0.00503[m/s^2]
Time: 11.80[s], x=18.32423[m], y=20.81319[m], yaw=2.59615[rad], v=4.92424[m/s], steer=0.00003[rad], accel=0.00063[m/s^2]
Time: 11.84[s], x=18.15585[m], y=20.91538[m], yaw=2.59615[rad], v=4.92426[m/s], steer=0.00007[rad], accel=-0.00230[m/s^2]
Time: 11.88[s], x=17.98746[m], y=21.01756[m], yaw=2.59616[rad], v=4.92417[m/s], steer=0.00011[rad], accel=-0.00258[m/s^2]
Time: 11.92[s], x=17.81907[m], y=21.11975[m], yaw=2.59617[rad], v=4.92407[m/s], steer=0.00006[rad], accel=-0.00463[m/s^2]
Time: 11.96[s], x=17.65068[m], y=21.22193[m], yaw=2.59617[rad], v=4.92388[m/s], steer=0.00007[rad], accel=-0.00663[m/s^2]
Time: 12.00[s], x=17.48230[m], y=21.32411[m], yaw=2.59618[rad], v=4.92362[m/s], steer=0.00004[rad], accel=-0.00781[m/s^2]
Time: 12.04[s], x=17.31393[m], y=21.42628[m], yaw=2.59618[rad], v=4.92331[m/s], steer=-0.00001[rad], accel=-0.00700[m/s^2]
Time: 12.08[s], x=17.14557[m], y=21.52844[m], yaw=2.59618[rad], v=4.92303[m/s], steer=-0.00005[rad], accel=-0.00345[m/s^2]
Time: 12.12[s], x=16.97722[m], y=21.63059[m], yaw=2.59618[rad], v=4.92289[m/s], steer=-0.00001[rad], accel=-0.00181[m/s^2]
Time: 12.16[s], x=16.80888[m], y=21.73275[m], yaw=2.59618[rad], v=4.92282[m/s], steer=0.00008[rad], accel=-0.00059[m/s^2]
Time: 12.20[s], x=16.64053[m], y=21.83490[m], yaw=2.59618[rad], v=4.92279[m/s], steer=0.00007[rad], accel=0.00076[m/s^2]
Time: 12.24[s], x=16.47219[m], y=21.93705[m], yaw=2.59619[rad], v=4.92282[m/s], steer=-0.00000[rad], accel=0.00347[m/s^2]
Time: 12.28[s], x=16.30385[m], y=22.03920[m], yaw=2.59619[rad], v=4.92296[m/s], steer=0.00431[rad], accel=0.00386[m/s^2]
Time: 12.32[s], x=16.13550[m], y=22.14136[m], yaw=2.59653[rad], v=4.92312[m/s], steer=0.00652[rad], accel=0.00269[m/s^2]
Time: 12.36[s], x=15.96711[m], y=22.24346[m], yaw=2.59704[rad], v=4.92322[m/s], steer=0.00702[rad], accel=0.00124[m/s^2]
Time: 12.40[s], x=15.79866[m], y=22.34547[m], yaw=2.59759[rad], v=4.92327[m/s], steer=0.00636[rad], accel=0.00045[m/s^2]
Time: 12.44[s], x=15.63016[m], y=22.44740[m], yaw=2.59809[rad], v=4.92329[m/s], steer=0.00485[rad], accel=0.00156[m/s^2]
Time: 12.48[s], x=15.46161[m], y=22.54924[m], yaw=2.59848[rad], v=4.92335[m/s], steer=0.00299[rad], accel=0.00006[m/s^2]
Time: 12.52[s], x=15.29301[m], y=22.65101[m], yaw=2.59871[rad], v=4.92336[m/s], steer=0.00085[rad], accel=-0.00224[m/s^2]
Time: 12.56[s], x=15.12439[m], y=22.75275[m], yaw=2.59878[rad], v=4.92327[m/s], steer=-0.00122[rad], accel=-0.00409[m/s^2]
Time: 12.60[s], x=14.95577[m], y=22.85447[m], yaw=2.59868[rad], v=4.92310[m/s], steer=-0.00343[rad], accel=-0.00437[m/s^2]
Time: 12.64[s], x=14.78716[m], y=22.95621[m], yaw=2.59841[rad], v=4.92293[m/s], steer=-0.00606[rad], accel=-0.00232[m/s^2]
Time: 12.68[s], x=14.61858[m], y=23.05799[m], yaw=2.59794[rad], v=4.92283[m/s], steer=-0.00905[rad], accel=-0.00236[m/s^2]
Time: 12.72[s], x=14.45006[m], y=23.15984[m], yaw=2.59722[rad], v=4.92274[m/s], steer=-0.01220[rad], accel=-0.00256[m/s^2]
Time: 12.76[s], x=14.28161[m], y=23.26182[m], yaw=2.59626[rad], v=4.92264[m/s], steer=-0.01088[rad], accel=-0.00243[m/s^2]
Time: 12.80[s], x=14.11327[m], y=23.36395[m], yaw=2.59541[rad], v=4.92254[m/s], steer=-0.00896[rad], accel=-0.00049[m/s^2]
Time: 12.84[s], x=13.94501[m], y=23.46623[m], yaw=2.59470[rad], v=4.92252[m/s], steer=0.01997[rad], accel=-0.29120[m/s^2]
Time: 12.88[s], x=13.77683[m], y=23.56863[m], yaw=2.59627[rad], v=4.91087[m/s], steer=0.03649[rad], accel=-0.55366[m/s^2]
Time: 12.92[s], x=13.60889[m], y=23.67052[m], yaw=2.59914[rad], v=4.88873[m/s], steer=0.04637[rad], accel=-0.80373[m/s^2]
Time: 12.96[s], x=13.44141[m], y=23.77147[m], yaw=2.60277[rad], v=4.85658[m/s], steer=0.05820[rad], accel=-1.03338[m/s^2]
Time: 13.00[s], x=13.27467[m], y=23.87115[m], yaw=2.60730[rad], v=4.81524[m/s], steer=0.07263[rad], accel=-1.23718[m/s^2]
Time: 13.04[s], x=13.10891[m], y=23.96923[m], yaw=2.61291[rad], v=4.76576[m/s], steer=0.07987[rad], accel=-1.41717[m/s^2]
Time: 13.08[s], x=12.94430[m], y=24.06538[m], yaw=2.61901[rad], v=4.70907[m/s], steer=0.08766[rad], accel=-1.55818[m/s^2]
Time: 13.12[s], x=12.78108[m], y=24.15940[m], yaw=2.62563[rad], v=4.64674[m/s], steer=0.09597[rad], accel=-1.66674[m/s^2]
Time: 13.16[s], x=12.61941[m], y=24.25110[m], yaw=2.63279[rad], v=4.58007[m/s], steer=0.10285[rad], accel=-1.73876[m/s^2]
Time: 13.20[s], x=12.45941[m], y=24.34035[m], yaw=2.64035[rad], v=4.51052[m/s], steer=0.11736[rad], accel=-1.79079[m/s^2]
Time: 13.24[s], x=12.30118[m], y=24.42704[m], yaw=2.64886[rad], v=4.43889[m/s], steer=0.14409[rad], accel=-1.82668[m/s^2]
Time: 13.28[s], x=12.14475[m], y=24.51103[m], yaw=2.65917[rad], v=4.36582[m/s], steer=0.17521[rad], accel=-1.86146[m/s^2]
Time: 13.32[s], x=11.99005[m], y=24.59205[m], yaw=2.67153[rad], v=4.29136[m/s], steer=0.21510[rad], accel=-1.88262[m/s^2]
Time: 13.36[s], x=11.83701[m], y=24.66980[m], yaw=2.68653[rad], v=4.21606[m/s], steer=0.25747[rad], accel=-1.89385[m/s^2]
Time: 13.40[s], x=11.68553[m], y=24.74392[m], yaw=2.70430[rad], v=4.14030[m/s], steer=0.30240[rad], accel=-1.89836[m/s^2]
Time: 13.44[s], x=11.53550[m], y=24.81406[m], yaw=2.72496[rad], v=4.06437[m/s], steer=0.37004[rad], accel=-1.89465[m/s^2]
Time: 13.48[s], x=11.38684[m], y=24.87985[m], yaw=2.75019[rad], v=3.98858[m/s], steer=0.44979[rad], accel=-1.88845[m/s^2]
Time: 13.52[s], x=11.23936[m], y=24.94071[m], yaw=2.78100[rad], v=3.91305[m/s], steer=0.52300[rad], accel=-1.88036[m/s^2]
Time: 13.56[s], x=11.09290[m], y=24.99594[m], yaw=2.81710[rad], v=3.83783[m/s], steer=0.52300[rad], accel=-1.86837[m/s^2]
Time: 13.60[s], x=10.94740[m], y=25.04488[m], yaw=2.85250[rad], v=3.76310[m/s], steer=0.52300[rad], accel=-1.85127[m/s^2]
Time: 13.64[s], x=10.80312[m], y=25.08779[m], yaw=2.88721[rad], v=3.68905[m/s], steer=0.52300[rad], accel=-1.82757[m/s^2]
Time: 13.68[s], x=10.66031[m], y=25.12493[m], yaw=2.92124[rad], v=3.61594[m/s], steer=0.52300[rad], accel=-1.79554[m/s^2]
Time: 13.72[s], x=10.51917[m], y=25.15654[m], yaw=2.95460[rad], v=3.54412[m/s], steer=0.52300[rad], accel=-1.75626[m/s^2]
Time: 13.76[s], x=10.37988[m], y=25.18290[m], yaw=2.98729[rad], v=3.47387[m/s], steer=0.52300[rad], accel=-1.71061[m/s^2]
Time: 13.80[s], x=10.24257[m], y=25.20425[m], yaw=3.01934[rad], v=3.40545[m/s], steer=0.52300[rad], accel=-1.66039[m/s^2]
Time: 13.84[s], x=10.10737[m], y=25.22086[m], yaw=3.05075[rad], v=3.33903[m/s], steer=0.52300[rad], accel=-1.60701[m/s^2]
Time: 13.88[s], x=9.97436[m], y=25.23298[m], yaw=3.08156[rad], v=3.27475[m/s], steer=0.52300[rad], accel=-1.55148[m/s^2]
Time: 13.92[s], x=9.84360[m], y=25.24084[m], yaw=3.11177[rad], v=3.21269[m/s], steer=0.52300[rad], accel=-1.49380[m/s^2]
Time: 13.96[s], x=9.71515[m], y=25.24467[m], yaw=3.14140[rad], v=3.15294[m/s], steer=0.52300[rad], accel=-1.43388[m/s^2]
Time: 14.00[s], x=9.58904[m], y=25.24470[m], yaw=3.17049[rad], v=3.09558[m/s], steer=0.52300[rad], accel=-1.36943[m/s^2]
Time: 14.04[s], x=9.46526[m], y=25.24112[m], yaw=3.19904[rad], v=3.04081[m/s], steer=0.52300[rad], accel=-1.30149[m/s^2]
Time: 14.08[s], x=9.34383[m], y=25.23413[m], yaw=3.22709[rad], v=2.98875[m/s], steer=0.52300[rad], accel=-1.23173[m/s^2]
Time: 14.12[s], x=9.22472[m], y=25.22392[m], yaw=3.25467[rad], v=2.93948[m/s], steer=0.52300[rad], accel=-1.15999[m/s^2]
Time: 14.16[s], x=9.10789[m], y=25.21066[m], yaw=3.28178[rad], v=2.89308[m/s], steer=0.52300[rad], accel=-1.08675[m/s^2]
Time: 14.20[s], x=8.99330[m], y=25.19448[m], yaw=3.30847[rad], v=2.84961[m/s], steer=0.52300[rad], accel=-1.01262[m/s^2]
Time: 14.24[s], x=8.88090[m], y=25.17555[m], yaw=3.33476[rad], v=2.80910[m/s], steer=0.52300[rad], accel=-0.93758[m/s^2]
Time: 14.28[s], x=8.77063[m], y=25.15398[m], yaw=3.36067[rad], v=2.77160[m/s], steer=0.52300[rad], accel=-0.86173[m/s^2]
Time: 14.32[s], x=8.66241[m], y=25.12989[m], yaw=3.38624[rad], v=2.73713[m/s], steer=0.52300[rad], accel=-0.78464[m/s^2]
Time: 14.36[s], x=8.55619[m], y=25.10337[m], yaw=3.41149[rad], v=2.70575[m/s], steer=0.52300[rad], accel=-0.70604[m/s^2]
Time: 14.40[s], x=8.45188[m], y=25.07451[m], yaw=3.43645[rad], v=2.67750[m/s], steer=0.52300[rad], accel=-0.62648[m/s^2]
Time: 14.44[s], x=8.34940[m], y=25.04339[m], yaw=3.46115[rad], v=2.65244[m/s], steer=0.52300[rad], accel=-0.54582[m/s^2]
Time: 14.48[s], x=8.24867[m], y=25.01006[m], yaw=3.48562[rad], v=2.63061[m/s], steer=0.52300[rad], accel=-0.46450[m/s^2]
Time: 14.52[s], x=8.14961[m], y=24.97457[m], yaw=3.50988[rad], v=2.61203[m/s], steer=0.52300[rad], accel=-0.38317[m/s^2]
Time: 14.56[s], x=8.05214[m], y=24.93695[m], yaw=3.53398[rad], v=2.59670[m/s], steer=0.52300[rad], accel=-0.30224[m/s^2]
Time: 14.60[s], x=7.95616[m], y=24.89724[m], yaw=3.55793[rad], v=2.58461[m/s], steer=0.52300[rad], accel=-0.22125[m/s^2]
Time: 14.64[s], x=7.86161[m], y=24.85542[m], yaw=3.58177[rad], v=2.57576[m/s], steer=0.52300[rad], accel=-0.13997[m/s^2]
Time: 14.68[s], x=7.76840[m], y=24.81152[m], yaw=3.60554[rad], v=2.57017[m/s], steer=0.52300[rad], accel=-0.05830[m/s^2]
Time: 14.72[s], x=7.67646[m], y=24.76552[m], yaw=3.62924[rad], v=2.56783[m/s], steer=0.52300[rad], accel=0.02331[m/s^2]
Time: 14.76[s], x=7.58572[m], y=24.71739[m], yaw=3.65293[rad], v=2.56877[m/s], steer=0.52300[rad], accel=0.10428[m/s^2]
Time: 14.80[s], x=7.49611[m], y=24.66711[m], yaw=3.67663[rad], v=2.57294[m/s], steer=0.52300[rad], accel=0.18464[m/s^2]
Time: 14.84[s], x=7.40758[m], y=24.61464[m], yaw=3.70036[rad], v=2.58032[m/s], steer=0.52300[rad], accel=0.26440[m/s^2]
Time: 14.88[s], x=7.32006[m], y=24.55992[m], yaw=3.72417[rad], v=2.59090[m/s], steer=0.52300[rad], accel=0.34282[m/s^2]
Time: 14.92[s], x=7.23352[m], y=24.50290[m], yaw=3.74807[rad], v=2.60461[m/s], steer=0.52300[rad], accel=0.42071[m/s^2]
Time: 14.96[s], x=7.14792[m], y=24.44352[m], yaw=3.77209[rad], v=2.62144[m/s], steer=0.52300[rad], accel=0.49803[m/s^2]
Time: 15.00[s], x=7.06322[m], y=24.38170[m], yaw=3.79628[rad], v=2.64136[m/s], steer=0.52300[rad], accel=0.57572[m/s^2]
Time: 15.04[s], x=6.97941[m], y=24.31737[m], yaw=3.82064[rad], v=2.66439[m/s], steer=0.52300[rad], accel=0.65258[m/s^2]
Time: 15.08[s], x=6.89648[m], y=24.25043[m], yaw=3.84522[rad], v=2.69049[m/s], steer=0.52300[rad], accel=0.72983[m/s^2]
Time: 15.12[s], x=6.81442[m], y=24.18080[m], yaw=3.87004[rad], v=2.71969[m/s], steer=0.52300[rad], accel=0.80932[m/s^2]
Time: 15.16[s], x=6.73324[m], y=24.10838[m], yaw=3.89513[rad], v=2.75206[m/s], steer=0.52300[rad], accel=0.89058[m/s^2]
Time: 15.20[s], x=6.65296[m], y=24.03306[m], yaw=3.92052[rad], v=2.78768[m/s], steer=0.52300[rad], accel=0.97536[m/s^2]
Time: 15.24[s], x=6.57360[m], y=23.95472[m], yaw=3.94623[rad], v=2.82670[m/s], steer=0.52300[rad], accel=1.06434[m/s^2]
Time: 15.28[s], x=6.49521[m], y=23.87325[m], yaw=3.97231[rad], v=2.86927[m/s], steer=0.52300[rad], accel=1.15633[m/s^2]
Time: 15.32[s], x=6.41781[m], y=23.78850[m], yaw=3.99878[rad], v=2.91552[m/s], steer=0.52300[rad], accel=1.25148[m/s^2]
Time: 15.36[s], x=6.34147[m], y=23.70033[m], yaw=4.02567[rad], v=2.96558[m/s], steer=0.52300[rad], accel=1.35044[m/s^2]
Time: 15.40[s], x=6.26627[m], y=23.60860[m], yaw=4.05303[rad], v=3.01960[m/s], steer=0.52300[rad], accel=1.45403[m/s^2]
Time: 15.44[s], x=6.19227[m], y=23.51313[m], yaw=4.08088[rad], v=3.07776[m/s], steer=0.52300[rad], accel=1.56446[m/s^2]
Time: 15.48[s], x=6.11959[m], y=23.41376[m], yaw=4.10928[rad], v=3.14034[m/s], steer=0.52300[rad], accel=1.68094[m/s^2]
Time: 15.52[s], x=6.04835[m], y=23.31031[m], yaw=4.13825[rad], v=3.20758[m/s], steer=0.52300[rad], accel=1.79958[m/s^2]
Time: 15.56[s], x=5.97866[m], y=23.20258[m], yaw=4.16783[rad], v=3.27956[m/s], steer=0.52300[rad], accel=1.91887[m/s^2]
Time: 15.60[s], x=5.91070[m], y=23.09037[m], yaw=4.19809[rad], v=3.35632[m/s], steer=0.52300[rad], accel=2.00000[m/s^2]
Time: 15.64[s], x=5.84466[m], y=22.97349[m], yaw=4.22905[rad], v=3.43632[m/s], steer=0.52300[rad], accel=2.00000[m/s^2]
Time: 15.68[s], x=5.78078[m], y=22.85178[m], yaw=4.26075[rad], v=3.51632[m/s], steer=0.52300[rad], accel=2.00000[m/s^2]
Time: 15.72[s], x=5.71940[m], y=22.72523[m], yaw=4.29319[rad], v=3.59632[m/s], steer=0.52300[rad], accel=2.00000[m/s^2]
Time: 15.76[s], x=5.66084[m], y=22.59383[m], yaw=4.32636[rad], v=3.67632[m/s], steer=0.52300[rad], accel=2.00000[m/s^2]
Time: 15.80[s], x=5.60548[m], y=22.45760[m], yaw=4.36028[rad], v=3.75631[m/s], steer=0.52300[rad], accel=2.00000[m/s^2]
Time: 15.84[s], x=5.55366[m], y=22.31657[m], yaw=4.39493[rad], v=3.83631[m/s], steer=0.52300[rad], accel=2.00000[m/s^2]
Time: 15.88[s], x=5.50576[m], y=22.17078[m], yaw=4.43032[rad], v=3.91631[m/s], steer=0.52300[rad], accel=2.00000[m/s^2]
Time: 15.92[s], x=5.46215[m], y=22.02032[m], yaw=4.46644[rad], v=3.99631[m/s], steer=0.52300[rad], accel=2.00000[m/s^2]
Time: 15.96[s], x=5.42323[m], y=21.86528[m], yaw=4.50331[rad], v=4.07631[m/s], steer=0.52300[rad], accel=2.00000[m/s^2]
Time: 16.00[s], x=5.38939[m], y=21.70578[m], yaw=4.54091[rad], v=4.15631[m/s], steer=0.52300[rad], accel=2.00000[m/s^2]
Time: 16.04[s], x=5.36102[m], y=21.54196[m], yaw=4.57925[rad], v=4.23631[m/s], steer=0.52300[rad], accel=2.00000[m/s^2]
Time: 16.08[s], x=5.33853[m], y=21.37401[m], yaw=4.61833[rad], v=4.31631[m/s], steer=0.52300[rad], accel=2.00000[m/s^2]
Time: 16.12[s], x=5.32231[m], y=21.20212[m], yaw=4.65815[rad], v=4.39631[m/s], steer=0.52300[rad], accel=2.00000[m/s^2]
Time: 16.16[s], x=5.31278[m], y=21.02653[m], yaw=4.69871[rad], v=4.47631[m/s], steer=0.52300[rad], accel=2.00000[m/s^2]
Time: 16.20[s], x=5.31033[m], y=20.84749[m], yaw=4.74000[rad], v=4.55631[m/s], steer=0.52300[rad], accel=2.00000[m/s^2]
Time: 16.24[s], x=5.31536[m], y=20.66531[m], yaw=4.78203[rad], v=4.63631[m/s], steer=0.52300[rad], accel=2.00000[m/s^2]
Time: 16.28[s], x=5.32826[m], y=20.48030[m], yaw=4.82480[rad], v=4.71631[m/s], steer=0.52300[rad], accel=2.00000[m/s^2]
Time: 16.32[s], x=5.34943[m], y=20.29284[m], yaw=4.86831[rad], v=4.79631[m/s], steer=0.52300[rad], accel=2.00000[m/s^2]
Time: 16.36[s], x=5.37922[m], y=20.10332[m], yaw=4.91255[rad], v=4.87631[m/s], steer=0.52300[rad], accel=2.00000[m/s^2]
Time: 16.40[s], x=5.41800[m], y=19.91216[m], yaw=4.95754[rad], v=4.95631[m/s], steer=0.52300[rad], accel=2.00000[m/s^2]
Time: 16.44[s], x=5.46612[m], y=19.71983[m], yaw=5.00326[rad], v=5.03631[m/s], steer=0.52300[rad], accel=2.00000[m/s^2]
Time: 16.48[s], x=5.52389[m], y=19.52684[m], yaw=5.04972[rad], v=5.11631[m/s], steer=0.52300[rad], accel=2.00000[m/s^2]
Time: 16.52[s], x=5.59162[m], y=19.33372[m], yaw=5.09691[rad], v=5.19631[m/s], steer=0.52300[rad], accel=2.00000[m/s^2]
Time: 16.56[s], x=5.66959[m], y=19.14105[m], yaw=5.14485[rad], v=5.27631[m/s], steer=0.52300[rad], accel=2.00000[m/s^2]
Time: 16.60[s], x=5.75804[m], y=18.94943[m], yaw=5.19352[rad], v=5.35631[m/s], steer=0.52300[rad], accel=2.00000[m/s^2]
Time: 16.64[s], x=5.85720[m], y=18.75950[m], yaw=5.24293[rad], v=5.43631[m/s], steer=0.52300[rad], accel=2.00000[m/s^2]
Time: 16.68[s], x=5.96723[m], y=18.57194[m], yaw=5.29308[rad], v=5.51631[m/s], steer=0.52300[rad], accel=2.00000[m/s^2]
Time: 16.72[s], x=6.08828[m], y=18.38745[m], yaw=5.34397[rad], v=5.59631[m/s], steer=0.52300[rad], accel=2.00000[m/s^2]
Time: 16.76[s], x=6.22045[m], y=18.20679[m], yaw=5.39559[rad], v=5.67631[m/s], steer=0.52300[rad], accel=2.00000[m/s^2]
Time: 16.80[s], x=6.36378[m], y=18.03069[m], yaw=5.44796[rad], v=5.75631[m/s], steer=0.52300[rad], accel=2.00000[m/s^2]
Time: 16.84[s], x=6.51828[m], y=17.85997[m], yaw=5.50106[rad], v=5.83631[m/s], steer=0.52300[rad], accel=2.00000[m/s^2]
Time: 16.88[s], x=6.68390[m], y=17.69544[m], yaw=5.55490[rad], v=5.91631[m/s], steer=0.52300[rad], accel=2.00000[m/s^2]
Time: 16.92[s], x=6.86052[m], y=17.53792[m], yaw=5.60947[rad], v=5.99631[m/s], steer=0.52300[rad], accel=2.00000[m/s^2]
Time: 16.96[s], x=7.04796[m], y=17.38828[m], yaw=5.66479[rad], v=6.07631[m/s], steer=0.52300[rad], accel=2.00000[m/s^2]
Time: 17.00[s], x=7.24600[m], y=17.24738[m], yaw=5.72084[rad], v=6.15631[m/s], steer=0.52300[rad], accel=2.00000[m/s^2]
Time: 17.04[s], x=7.45434[m], y=17.11608[m], yaw=5.77763[rad], v=6.23631[m/s], steer=0.52300[rad], accel=2.00000[m/s^2]
Time: 17.08[s], x=7.67258[m], y=16.99527[m], yaw=5.83516[rad], v=6.31631[m/s], steer=0.52300[rad], accel=2.00000[m/s^2]
Time: 17.12[s], x=7.90030[m], y=16.88583[m], yaw=5.89343[rad], v=6.39631[m/s], steer=0.52300[rad], accel=2.00000[m/s^2]
Time: 17.16[s], x=8.13696[m], y=16.78861[m], yaw=5.95243[rad], v=6.47631[m/s], steer=0.52300[rad], accel=2.00000[m/s^2]
Time: 17.20[s], x=8.38198[m], y=16.70449[m], yaw=6.01218[rad], v=6.55631[m/s], steer=0.52300[rad], accel=2.00000[m/s^2]
Time: 17.24[s], x=8.63466[m], y=16.63428[m], yaw=6.07266[rad], v=6.63631[m/s], steer=0.52300[rad], accel=2.00000[m/s^2]
Time: 17.28[s], x=8.89425[m], y=16.57881[m], yaw=6.13388[rad], v=6.71631[m/s], steer=0.52300[rad], accel=2.00000[m/s^2]
Time: 17.32[s], x=9.15991[m], y=16.53885[m], yaw=6.19583[rad], v=6.79631[m/s], steer=0.52300[rad], accel=2.00000[m/s^2]
Time: 17.36[s], x=9.43073[m], y=16.51513[m], yaw=6.25853[rad], v=6.87631[m/s], steer=0.52300[rad], accel=2.00000[m/s^2]
Time: 17.40[s], x=9.70570[m], y=16.50835[m], yaw=6.32196[rad], v=6.95631[m/s], steer=0.52300[rad], accel=2.00000[m/s^2]
Time: 17.44[s], x=9.98374[m], y=16.51913[m], yaw=6.38613[rad], v=7.03631[m/s], steer=0.52300[rad], accel=2.00000[m/s^2]
Time: 17.48[s], x=10.26370[m], y=16.54806[m], yaw=6.45104[rad], v=7.11631[m/s], steer=0.46557[rad], accel=2.00000[m/s^2]
Time: 17.52[s], x=10.54435[m], y=16.59561[m], yaw=6.50824[rad], v=7.19631[m/s], steer=0.24340[rad], accel=2.00000[m/s^2]
Time: 17.56[s], x=10.82495[m], y=16.65985[m], yaw=6.53684[rad], v=7.27631[m/s], steer=0.03711[rad], accel=2.00000[m/s^2]
Time: 17.60[s], x=11.10669[m], y=16.73289[m], yaw=6.54116[rad], v=7.35631[m/s], steer=-0.16349[rad], accel=2.00000[m/s^2]
Time: 17.64[s], x=11.39120[m], y=16.80796[m], yaw=6.52174[rad], v=7.43631[m/s], steer=-0.24915[rad], accel=2.00000[m/s^2]
Time: 17.68[s], x=11.68023[m], y=16.87824[m], yaw=6.49147[rad], v=7.51631[m/s], steer=-0.19174[rad], accel=2.00000[m/s^2]
Time: 17.72[s], x=11.97438[m], y=16.94041[m], yaw=6.46812[rad], v=7.59631[m/s], steer=-0.09800[rad], accel=2.00000[m/s^2]
Time: 17.76[s], x=12.27306[m], y=16.99629[m], yaw=6.45618[rad], v=7.67631[m/s], steer=-0.00516[rad], accel=2.00000[m/s^2]
Time: 17.80[s], x=12.57552[m], y=17.04914[m], yaw=6.45554[rad], v=7.75631[m/s], steer=0.06289[rad], accel=2.00000[m/s^2]
Time: 17.84[s], x=12.88118[m], y=17.10235[m], yaw=6.46336[rad], v=7.83631[m/s], steer=0.07830[rad], accel=2.00000[m/s^2]
Time: 17.88[s], x=13.18956[m], y=17.15852[m], yaw=6.47319[rad], v=7.91631[m/s], steer=0.06001[rad], accel=2.00000[m/s^2]
Time: 17.92[s], x=13.50051[m], y=17.21832[m], yaw=6.48080[rad], v=7.99631[m/s], steer=0.04856[rad], accel=2.00000[m/s^2]
Time: 17.96[s], x=13.81414[m], y=17.28112[m], yaw=6.48702[rad], v=8.07631[m/s], steer=0.04548[rad], accel=2.00000[m/s^2]
Time: 18.00[s], x=14.13050[m], y=17.34652[m], yaw=6.49290[rad], v=8.15631[m/s], steer=0.06002[rad], accel=2.00000[m/s^2]
Time: 18.04[s], x=14.44961[m], y=17.41444[m], yaw=6.50074[rad], v=8.23631[m/s], steer=0.11780[rad], accel=2.00000[m/s^2]
Time: 18.08[s], x=14.77129[m], y=17.48555[m], yaw=6.51634[rad], v=8.31631[m/s], steer=0.25383[rad], accel=2.00000[m/s^2]
Time: 18.12[s], x=15.09494[m], y=17.56241[m], yaw=6.55086[rad], v=8.39631[m/s], steer=0.52300[rad], accel=2.00000[m/s^2]
Time: 18.16[s], x=15.41884[m], y=17.65124[m], yaw=6.62831[rad], v=8.47631[m/s], steer=0.52300[rad], accel=2.00000[m/s^2]
Time: 18.20[s], x=15.73790[m], y=17.76595[m], yaw=6.70651[rad], v=8.55631[m/s], steer=0.52300[rad], accel=2.00000[m/s^2]
Time: 18.24[s], x=16.04994[m], y=17.90654[m], yaw=6.78544[rad], v=8.63631[m/s], steer=0.52300[rad], accel=2.00000[m/s^2]
Time: 18.28[s], x=16.35273[m], y=18.07284[m], yaw=6.86511[rad], v=8.71631[m/s], steer=0.52300[rad], accel=2.00000[m/s^2]
Time: 18.32[s], x=16.64400[m], y=18.26447[m], yaw=6.94551[rad], v=8.79631[m/s], steer=0.52300[rad], accel=2.00000[m/s^2]
Time: 18.36[s], x=16.92145[m], y=18.48084[m], yaw=7.02666[rad], v=8.87631[m/s], steer=0.52300[rad], accel=2.00000[m/s^2]
Time: 18.40[s], x=17.18282[m], y=18.72116[m], yaw=7.10854[rad], v=8.95631[m/s], steer=0.52300[rad], accel=2.00000[m/s^2]
Time: 18.44[s], x=17.42582[m], y=18.98440[m], yaw=7.19116[rad], v=9.03631[m/s], steer=0.52300[rad], accel=2.00000[m/s^2]
Time: 18.48[s], x=17.64824[m], y=19.26932[m], yaw=7.27452[rad], v=9.11631[m/s], steer=0.52300[rad], accel=2.00000[m/s^2]
Time: 18.52[s], x=17.84791[m], y=19.57444[m], yaw=7.35861[rad], v=9.19631[m/s], steer=0.52300[rad], accel=2.00000[m/s^2]
Time: 18.56[s], x=18.02277[m], y=19.89808[m], yaw=7.44345[rad], v=9.27631[m/s], steer=0.52300[rad], accel=2.00000[m/s^2]
Time: 18.60[s], x=18.17086[m], y=20.23830[m], yaw=7.52902[rad], v=9.35631[m/s], steer=0.52300[rad], accel=2.00000[m/s^2]
Time: 18.64[s], x=18.29034[m], y=20.59297[m], yaw=7.61533[rad], v=9.43631[m/s], steer=0.52300[rad], accel=2.00000[m/s^2]
Time: 18.68[s], x=18.37957[m], y=20.95972[m], yaw=7.70238[rad], v=9.51631[m/s], steer=0.52300[rad], accel=2.00000[m/s^2]
Time: 18.72[s], x=18.43706[m], y=21.33601[m], yaw=7.79017[rad], v=9.59631[m/s], steer=0.52300[rad], accel=2.00000[m/s^2]
Time: 18.76[s], x=18.46153[m], y=21.71908[m], yaw=7.87869[rad], v=9.67631[m/s], steer=0.52300[rad], accel=2.00000[m/s^2]
Time: 18.80[s], x=18.45197[m], y=22.10601[m], yaw=7.96795[rad], v=9.75631[m/s], steer=0.52300[rad], accel=2.00000[m/s^2]
Time: 18.84[s], x=18.40759[m], y=22.49373[m], yaw=8.05795[rad], v=9.83631[m/s], steer=0.52300[rad], accel=2.00000[m/s^2]
Time: 18.88[s], x=18.32789[m], y=22.87903[m], yaw=8.14869[rad], v=9.91631[m/s], steer=0.52300[rad], accel=2.00000[m/s^2]
Time: 18.92[s], x=18.21268[m], y=23.25858[m], yaw=8.24017[rad], v=9.99631[m/s], steer=0.52300[rad], accel=2.00000[m/s^2]
Time: 18.96[s], x=18.06207[m], y=23.62898[m], yaw=8.33238[rad], v=10.07631[m/s], steer=0.52300[rad], accel=2.00000[m/s^2]
Time: 19.00[s], x=17.87652[m], y=23.98679[m], yaw=8.42534[rad], v=10.15631[m/s], steer=0.52300[rad], accel=2.00000[m/s^2]
Time: 19.04[s], x=17.65683[m], y=24.32851[m], yaw=8.51903[rad], v=10.23631[m/s], steer=0.52300[rad], accel=2.00000[m/s^2]
Time: 19.08[s], x=17.40416[m], y=24.65071[m], yaw=8.61345[rad], v=10.31631[m/s], steer=0.52300[rad], accel=2.00000[m/s^2]
Time: 19.12[s], x=17.12003[m], y=24.94996[m], yaw=8.70862[rad], v=10.39631[m/s], steer=0.52300[rad], accel=2.00000[m/s^2]
Time: 19.16[s], x=16.80634[m], y=25.22296[m], yaw=8.80452[rad], v=10.47631[m/s], steer=0.52300[rad], accel=2.00000[m/s^2]
Time: 19.20[s], x=16.46535[m], y=25.46653[m], yaw=8.90117[rad], v=10.55631[m/s], steer=0.52300[rad], accel=2.00000[m/s^2]
Time: 19.24[s], x=16.09967[m], y=25.67766[m], yaw=8.99855[rad], v=10.63631[m/s], steer=0.52300[rad], accel=2.00000[m/s^2]
Time: 19.28[s], x=15.71228[m], y=25.85356[m], yaw=9.09667[rad], v=10.71631[m/s], steer=0.52300[rad], accel=2.00000[m/s^2]
Time: 19.32[s], x=15.30649[m], y=25.99170[m], yaw=9.19552[rad], v=10.79631[m/s], steer=0.52300[rad], accel=2.00000[m/s^2]
Time: 19.36[s], x=14.88594[m], y=26.08984[m], yaw=9.29512[rad], v=10.87631[m/s], steer=0.52300[rad], accel=2.00000[m/s^2]
Time: 19.40[s], x=14.45454[m], y=26.14609[m], yaw=9.39545[rad], v=10.95631[m/s], steer=0.52300[rad], accel=2.00000[m/s^2]
Time: 19.44[s], x=14.01648[m], y=26.15894[m], yaw=9.49652[rad], v=11.03631[m/s], steer=0.52300[rad], accel=2.00000[m/s^2]
Time: 19.48[s], x=13.57616[m], y=26.12730[m], yaw=9.59833[rad], v=11.11631[m/s], steer=0.52300[rad], accel=2.00000[m/s^2]
Time: 19.52[s], x=13.13819[m], y=26.05052[m], yaw=9.70087[rad], v=11.19631[m/s], steer=0.52300[rad], accel=2.00000[m/s^2]
Time: 19.56[s], x=12.70730[m], y=25.92843[m], yaw=9.80416[rad], v=11.27631[m/s], steer=0.52300[rad], accel=2.00000[m/s^2]
Time: 19.60[s], x=12.28832[m], y=25.76139[m], yaw=9.90818[rad], v=11.35631[m/s], steer=0.52300[rad], accel=2.00000[m/s^2]
Time: 19.64[s], x=11.88611[m], y=25.55026[m], yaw=10.01294[rad], v=11.43631[m/s], steer=0.52300[rad], accel=2.00000[m/s^2]
Time: 19.68[s], x=11.50553[m], y=25.29645[m], yaw=10.11844[rad], v=11.51631[m/s], steer=0.52300[rad], accel=2.00000[m/s^2]
Time: 19.72[s], x=11.15133[m], y=25.00193[m], yaw=10.22467[rad], v=11.59631[m/s], steer=0.52300[rad], accel=2.00000[m/s^2]
Time: 19.76[s], x=10.82812[m], y=24.66921[m], yaw=10.33165[rad], v=11.67631[m/s], steer=0.52300[rad], accel=2.00000[m/s^2]
Time: 19.80[s], x=10.54032[m], y=24.30137[m], yaw=10.43936[rad], v=11.75631[m/s], steer=0.52300[rad], accel=2.00000[m/s^2]
Time: 19.84[s], x=10.29204[m], y=23.90201[m], yaw=10.54781[rad], v=11.83631[m/s], steer=0.52300[rad], accel=2.00000[m/s^2]
Time: 19.88[s], x=10.08706[m], y=23.47523[m], yaw=10.65700[rad], v=11.91631[m/s], steer=0.52300[rad], accel=2.00000[m/s^2]
Time: 19.92[s], x=9.92874[m], y=23.02564[m], yaw=10.76692[rad], v=11.99631[m/s], steer=0.52300[rad], accel=2.00000[m/s^2]
Time: 19.96[s], x=9.81997[m], y=22.55828[m], yaw=10.87759[rad], v=12.07631[m/s], steer=0.52300[rad], accel=2.00000[m/s^2]
Time: 20.00[s], x=9.76311[m], y=22.07858[m], yaw=10.98899[rad], v=12.15631[m/s], steer=0.52300[rad], accel=2.00000[m/s^2]
Time: 20.04[s], x=9.75991[m], y=21.59234[m], yaw=11.10113[rad], v=12.23631[m/s], steer=0.52300[rad], accel=2.00000[m/s^2]
Time: 20.08[s], x=9.81148[m], y=21.10561[m], yaw=11.21401[rad], v=12.31631[m/s], steer=0.52300[rad], accel=2.00000[m/s^2]
Time: 20.12[s], x=9.91823[m], y=20.62466[m], yaw=11.32762[rad], v=12.39631[m/s], steer=0.52300[rad], accel=2.00000[m/s^2]
Time: 20.16[s], x=10.07987[m], y=20.15590[m], yaw=11.44198[rad], v=12.47631[m/s], steer=0.52300[rad], accel=2.00000[m/s^2]
Time: 20.20[s], x=10.29532[m], y=19.70575[m], yaw=11.55707[rad], v=12.55631[m/s], steer=0.52300[rad], accel=2.00000[m/s^2]
Time: 20.24[s], x=10.56275[m], y=19.28061[m], yaw=11.67290[rad], v=12.63631[m/s], steer=0.52300[rad], accel=2.00000[m/s^2]
Time: 20.28[s], x=10.87952[m], y=18.88674[m], yaw=11.78947[rad], v=12.71631[m/s], steer=0.52300[rad], accel=2.00000[m/s^2]
Time: 20.32[s], x=11.24223[m], y=18.53013[m], yaw=11.90677[rad], v=12.79631[m/s], steer=0.52300[rad], accel=2.00000[m/s^2]
Time: 20.36[s], x=11.64672[m], y=18.21647[m], yaw=12.02482[rad], v=12.87631[m/s], steer=0.52300[rad], accel=2.00000[m/s^2]
Time: 20.40[s], x=12.08807[m], y=17.95098[m], yaw=12.14360[rad], v=12.95631[m/s], steer=0.52300[rad], accel=2.00000[m/s^2]
Time: 20.44[s], x=12.56069[m], y=17.73834[m], yaw=12.26312[rad], v=13.03631[m/s], steer=0.52300[rad], accel=2.00000[m/s^2]
Time: 20.48[s], x=13.05835[m], y=17.58262[m], yaw=12.38338[rad], v=13.11631[m/s], steer=0.50619[rad], accel=2.00000[m/s^2]
Time: 20.52[s], x=13.57424[m], y=17.48715[m], yaw=12.49972[rad], v=13.19631[m/s], steer=0.45578[rad], accel=2.00000[m/s^2]
Time: 20.56[s], x=14.10092[m], y=17.45199[m], yaw=12.60322[rad], v=13.27631[m/s], steer=0.51898[rad], accel=2.00000[m/s^2]
Time: 20.60[s], x=14.63162[m], y=17.47155[m], yaw=12.72455[rad], v=13.35631[m/s], steer=0.52300[rad], accel=2.00000[m/s^2]
Time: 20.64[s], x=15.15920[m], y=17.55571[m], yaw=12.84776[rad], v=13.43631[m/s], steer=0.52300[rad], accel=2.00000[m/s^2]
Time: 20.68[s], x=15.67551[m], y=17.70496[m], yaw=12.97171[rad], v=13.51631[m/s], steer=0.52300[rad], accel=2.00000[m/s^2]
Time: 20.72[s], x=16.17235[m], y=17.91816[m], yaw=13.09640[rad], v=13.59631[m/s], steer=0.52300[rad], accel=2.00000[m/s^2]
Time: 20.76[s], x=16.64159[m], y=18.19311[m], yaw=13.22182[rad], v=13.67631[m/s], steer=0.52300[rad], accel=2.00000[m/s^2]
Time: 20.80[s], x=17.07528[m], y=18.52654[m], yaw=13.34798[rad], v=13.75631[m/s], steer=0.52300[rad], accel=2.00000[m/s^2]
Time: 20.84[s], x=17.46583[m], y=18.91415[m], yaw=13.47488[rad], v=13.83631[m/s], steer=0.52300[rad], accel=2.00000[m/s^2]
Time: 20.88[s], x=17.80616[m], y=19.35060[m], yaw=13.60252[rad], v=13.91631[m/s], steer=0.52300[rad], accel=2.00000[m/s^2]
Time: 20.92[s], x=18.08980[m], y=19.82957[m], yaw=13.73090[rad], v=13.99631[m/s], steer=0.52300[rad], accel=2.00000[m/s^2]
Time: 20.96[s], x=18.31104[m], y=20.34385[m], yaw=13.86001[rad], v=14.07631[m/s], steer=0.52300[rad], accel=2.00000[m/s^2]
Time: 21.00[s], x=18.46511[m], y=20.88542[m], yaw=13.98986[rad], v=14.15631[m/s], steer=0.52300[rad], accel=2.00000[m/s^2]
Time: 21.04[s], x=18.54822[m], y=21.44554[m], yaw=14.12045[rad], v=14.23631[m/s], steer=0.52300[rad], accel=2.00000[m/s^2]
Time: 21.08[s], x=18.55774[m], y=22.01491[m], yaw=14.25178[rad], v=14.31631[m/s], steer=0.52300[rad], accel=2.00000[m/s^2]
Time: 21.12[s], x=18.49225[m], y=22.58381[m], yaw=14.38384[rad], v=14.39631[m/s], steer=0.52300[rad], accel=2.00000[m/s^2]
Time: 21.16[s], x=18.35163[m], y=23.14223[m], yaw=14.51665[rad], v=14.47631[m/s], steer=0.52300[rad], accel=2.00000[m/s^2]
Time: 21.20[s], x=18.13713[m], y=23.68008[m], yaw=14.65019[rad], v=14.55630[m/s], steer=0.52300[rad], accel=2.00000[m/s^2]
Time: 21.24[s], x=17.85136[m], y=24.18738[m], yaw=14.78447[rad], v=14.63630[m/s], steer=0.52300[rad], accel=2.00000[m/s^2]
Time: 21.28[s], x=17.49831[m], y=24.65440[m], yaw=14.91949[rad], v=14.71630[m/s], steer=0.52300[rad], accel=2.00000[m/s^2]
Time: 21.32[s], x=17.08335[m], y=25.07192[m], yaw=15.05524[rad], v=14.79630[m/s], steer=0.52300[rad], accel=2.00000[m/s^2]
Time: 21.36[s], x=16.61317[m], y=25.43139[m], yaw=15.19173[rad], v=14.87630[m/s], steer=0.52300[rad], accel=2.00000[m/s^2]
Time: 21.40[s], x=16.09566[m], y=25.72511[m], yaw=15.32897[rad], v=14.95630[m/s], steer=0.52300[rad], accel=2.00000[m/s^2]
Time: 21.44[s], x=15.53986[m], y=25.94645[m], yaw=15.46694[rad], v=15.03630[m/s], steer=0.52300[rad], accel=2.00000[m/s^2]
Time: 21.48[s], x=14.95579[m], y=26.09002[m], yaw=15.60564[rad], v=15.11630[m/s], steer=0.52300[rad], accel=2.00000[m/s^2]
Time: 21.52[s], x=14.35430[m], y=26.15178[m], yaw=15.74509[rad], v=15.19630[m/s], steer=0.52300[rad], accel=2.00000[m/s^2]
Time: 21.56[s], x=13.74687[m], y=26.12922[m], yaw=15.88527[rad], v=15.27630[m/s], steer=0.52300[rad], accel=2.00000[m/s^2]
Time: 21.60[s], x=13.14540[m], y=26.02144[m], yaw=16.02619[rad], v=15.35630[m/s], steer=0.52300[rad], accel=2.00000[m/s^2]
Time: 21.64[s], x=12.56199[m], y=25.82925[m], yaw=16.16785[rad], v=15.43630[m/s], steer=0.52300[rad], accel=2.00000[m/s^2]
Time: 21.68[s], x=12.00869[m], y=25.55520[m], yaw=16.31025[rad], v=15.51630[m/s], steer=0.52300[rad], accel=2.00000[m/s^2]
Time: 21.72[s], x=11.49724[m], y=25.20358[m], yaw=16.45338[rad], v=15.59630[m/s], steer=0.52300[rad], accel=2.00000[m/s^2]
Time: 21.76[s], x=11.03883[m], y=24.78044[m], yaw=16.59726[rad], v=15.67630[m/s], steer=0.52300[rad], accel=2.00000[m/s^2]
Time: 21.80[s], x=10.64382[m], y=24.29345[m], yaw=16.74187[rad], v=15.75630[m/s], steer=0.52300[rad], accel=2.00000[m/s^2]
Time: 21.84[s], x=10.32146[m], y=23.75187[m], yaw=16.88722[rad], v=15.83630[m/s], steer=0.52300[rad], accel=2.00000[m/s^2]
Time: 21.88[s], x=10.07973[m], y=23.16636[m], yaw=17.03330[rad], v=15.91630[m/s], steer=0.52300[rad], accel=2.00000[m/s^2]
Time: 21.92[s], x=9.92502[m], y=22.54879[m], yaw=17.18013[rad], v=15.99630[m/s], steer=0.52300[rad], accel=2.00000[m/s^2]
Time: 21.96[s], x=9.86201[m], y=21.91205[m], yaw=17.32769[rad], v=16.07630[m/s], steer=0.52300[rad], accel=2.00000[m/s^2]
Time: 22.00[s], x=9.89347[m], y=21.26977[m], yaw=17.47600[rad], v=16.15630[m/s], steer=0.52300[rad], accel=2.00000[m/s^2]
Time: 22.04[s], x=10.02011[m], y=20.63605[m], yaw=17.62503[rad], v=16.23630[m/s], steer=0.52300[rad], accel=2.00000[m/s^2]
Time: 22.08[s], x=10.24053[m], y=20.02514[m], yaw=17.77481[rad], v=16.31630[m/s], steer=0.52300[rad], accel=2.00000[m/s^2]
Time: 22.12[s], x=10.55116[m], y=19.45115[m], yaw=17.92533[rad], v=16.39630[m/s], steer=0.52300[rad], accel=2.00000[m/s^2]
Time: 22.16[s], x=10.94628[m], y=18.92768[m], yaw=18.07658[rad], v=16.47630[m/s], steer=0.52300[rad], accel=2.00000[m/s^2]
Time: 22.20[s], x=11.41805[m], y=18.46749[m], yaw=18.22857[rad], v=16.55630[m/s], steer=0.52300[rad], accel=2.00000[m/s^2]
Time: 22.24[s], x=11.95667[m], y=18.08216[m], yaw=18.38130[rad], v=16.63630[m/s], steer=0.52300[rad], accel=2.00000[m/s^2]
Time: 22.28[s], x=12.55049[m], y=17.78182[m], yaw=18.53477[rad], v=16.71630[m/s], steer=0.52300[rad], accel=2.00000[m/s^2]
Time: 22.32[s], x=13.18628[m], y=17.57480[m], yaw=18.68897[rad], v=16.79630[m/s], steer=0.52300[rad], accel=2.00000[m/s^2]
Time: 22.36[s], x=13.84949[m], y=17.46737[m], yaw=18.84391[rad], v=16.87630[m/s], steer=0.52300[rad], accel=2.00000[m/s^2]
Time: 22.40[s], x=14.52453[m], y=17.46356[m], yaw=18.99960[rad], v=16.95630[m/s], steer=0.52300[rad], accel=2.00000[m/s^2]
Time: 22.44[s], x=15.19516[m], y=17.56495[m], yaw=19.15602[rad], v=17.03630[m/s], steer=0.52300[rad], accel=2.00000[m/s^2]
Time: 22.48[s], x=15.84487[m], y=17.77053[m], yaw=19.31317[rad], v=17.11630[m/s], steer=0.52300[rad], accel=2.00000[m/s^2]
Time: 22.52[s], x=16.45725[m], y=18.07670[m], yaw=19.47107[rad], v=17.19630[m/s], steer=0.52300[rad], accel=2.00000[m/s^2]
Time: 22.56[s], x=17.01647[m], y=18.47721[m], yaw=19.62970[rad], v=17.27630[m/s], steer=0.52300[rad], accel=2.00000[m/s^2]
Time: 22.60[s], x=17.50768[m], y=18.96328[m], yaw=19.78907[rad], v=17.35630[m/s], steer=0.52300[rad], accel=2.00000[m/s^2]
Time: 22.64[s], x=17.91741[m], y=19.52373[m], yaw=19.94918[rad], v=17.43630[m/s], steer=0.52300[rad], accel=2.00000[m/s^2]
Time: 22.68[s], x=18.23401[m], y=20.14519[m], yaw=20.11003[rad], v=17.51630[m/s], steer=0.52300[rad], accel=2.00000[m/s^2]
Time: 22.72[s], x=18.44797[m], y=20.81237[m], yaw=20.27161[rad], v=17.59630[m/s], steer=0.52300[rad], accel=2.00000[m/s^2]
Time: 22.76[s], x=18.55227[m], y=21.50845[m], yaw=20.43393[rad], v=17.67630[m/s], steer=0.52300[rad], accel=2.00000[m/s^2]
Time: 22.80[s], x=18.54267[m], y=22.21544[m], yaw=20.59699[rad], v=17.75630[m/s], steer=0.52300[rad], accel=2.00000[m/s^2]
Time: 22.84[s], x=18.41786[m], y=22.91464[m], yaw=20.76079[rad], v=17.83630[m/s], steer=0.52300[rad], accel=2.00000[m/s^2]
Time: 22.88[s], x=18.17964[m], y=23.58714[m], yaw=20.92533[rad], v=17.91630[m/s], steer=0.52300[rad], accel=2.00000[m/s^2]
Time: 22.92[s], x=17.83293[m], y=24.21435[m], yaw=21.09061[rad], v=17.99630[m/s], steer=0.52300[rad], accel=2.00000[m/s^2]
Time: 22.96[s], x=17.38577[m], y=24.77847[m], yaw=21.25662[rad], v=18.07630[m/s], steer=0.52300[rad], accel=2.00000[m/s^2]
Time: 23.00[s], x=16.84916[m], y=25.26308[m], yaw=21.42337[rad], v=18.15630[m/s], steer=0.52300[rad], accel=2.00000[m/s^2]
Time: 23.04[s], x=16.23686[m], y=25.65363[m], yaw=21.59086[rad], v=18.23630[m/s], steer=0.52300[rad], accel=2.00000[m/s^2]
Time: 23.08[s], x=15.56507[m], y=25.93789[m], yaw=21.75908[rad], v=18.31630[m/s], steer=0.52300[rad], accel=2.00000[m/s^2]
Time: 23.12[s], x=14.85206[m], y=26.10639[m], yaw=21.92805[rad], v=18.39630[m/s], steer=0.52300[rad], accel=2.00000[m/s^2]
Time: 23.16[s], x=14.11767[m], y=26.15279[m], yaw=22.09775[rad], v=18.47630[m/s], steer=0.52300[rad], accel=2.00000[m/s^2]
Time: 23.20[s], x=13.38281[m], y=26.07415[m], yaw=22.26819[rad], v=18.55630[m/s], steer=0.52300[rad], accel=2.00000[m/s^2]
Time: 23.24[s], x=12.66887[m], y=25.87114[m], yaw=22.43937[rad], v=18.63630[m/s], steer=0.52300[rad], accel=2.00000[m/s^2]
Time: 23.28[s], x=11.99705[m], y=25.54809[m], yaw=22.61129[rad], v=18.71630[m/s], steer=0.52300[rad], accel=2.00000[m/s^2]
Time: 23.32[s], x=11.38780[m], y=25.11301[m], yaw=22.78394[rad], v=18.79630[m/s], steer=0.52300[rad], accel=2.00000[m/s^2]
Time: 23.36[s], x=10.86011[m], y=24.57745[m], yaw=22.95734[rad], v=18.87630[m/s], steer=0.52300[rad], accel=2.00000[m/s^2]
Time: 23.40[s], x=10.43091[m], y=23.95625[m], yaw=23.13147[rad], v=18.95630[m/s], steer=0.52300[rad], accel=2.00000[m/s^2]
Time: 23.44[s], x=10.11448[m], y=23.26718[m], yaw=23.30634[rad], v=19.03630[m/s], steer=0.52300[rad], accel=2.00000[m/s^2]
Time: 23.48[s], x=9.92196[m], y=22.53047[m], yaw=23.48195[rad], v=19.11630[m/s], steer=0.52300[rad], accel=2.00000[m/s^2]
Time: 23.52[s], x=9.86086[m], y=21.76826[m], yaw=23.65829[rad], v=19.19630[m/s], steer=0.52300[rad], accel=2.00000[m/s^2]
Time: 23.56[s], x=9.93472[m], y=21.00397[m], yaw=23.83537[rad], v=19.27630[m/s], steer=0.52300[rad], accel=2.00000[m/s^2]
Time: 23.60[s], x=10.14293[m], y=20.26156[m], yaw=24.01319[rad], v=19.35630[m/s], steer=0.52300[rad], accel=2.00000[m/s^2]
Time: 23.64[s], x=10.48057[m], y=19.56481[m], yaw=24.19175[rad], v=19.43630[m/s], steer=0.52300[rad], accel=2.00000[m/s^2]
Time: 23.68[s], x=10.93848[m], y=18.93651[m], yaw=24.37105[rad], v=19.51630[m/s], steer=0.52300[rad], accel=2.00000[m/s^2]
Time: 23.72[s], x=11.50341[m], y=18.39775[m], yaw=24.55108[rad], v=19.59630[m/s], steer=0.51223[rad], accel=2.00000[m/s^2]
Time: 23.76[s], x=12.15836[m], y=17.96709[m], yaw=24.72738[rad], v=19.67630[m/s], steer=0.38257[rad], accel=2.00000[m/s^2]
Time: 23.80[s], x=12.88163[m], y=17.65672[m], yaw=24.85406[rad], v=19.75630[m/s], steer=0.52300[rad], accel=2.00000[m/s^2]
Time: 23.84[s], x=13.64139[m], y=17.43933[m], yaw=25.03631[rad], v=19.83630[m/s], steer=0.52300[rad], accel=2.00000[m/s^2]
Time: 23.88[s], x=14.43116[m], y=17.36294[m], yaw=25.21930[rad], v=19.91630[m/s], steer=0.52300[rad], accel=2.00000[m/s^2]
Time: 23.92[s], x=15.22483[m], y=17.43181[m], yaw=25.40302[rad], v=19.99630[m/s], steer=0.52300[rad], accel=2.00000[m/s^2]
Time: 23.96[s], x=15.99564[m], y=17.64537[m], yaw=25.58749[rad], v=20.07630[m/s], steer=0.52300[rad], accel=2.00000[m/s^2]
Time: 24.00[s], x=16.71708[m], y=17.99810[m], yaw=25.77269[rad], v=20.15630[m/s], steer=0.52300[rad], accel=2.00000[m/s^2]
Time: 24.04[s], x=17.36380[m], y=18.47955[m], yaw=25.95863[rad], v=20.23630[m/s], steer=0.52300[rad], accel=2.00000[m/s^2]
Time: 24.08[s], x=17.91253[m], y=19.07462[m], yaw=26.14530[rad], v=20.31630[m/s], steer=0.52300[rad], accel=2.00000[m/s^2]
Time: 24.12[s], x=18.34299[m], y=19.76390[m], yaw=26.33272[rad], v=20.39630[m/s], steer=0.52300[rad], accel=2.00000[m/s^2]
Time: 24.16[s], x=18.63864[m], y=20.52430[m], yaw=26.52087[rad], v=20.47630[m/s], steer=0.52300[rad], accel=2.00000[m/s^2]
Time: 24.20[s], x=18.78742[m], y=21.32973[m], yaw=26.70976[rad], v=20.55630[m/s], steer=0.52300[rad], accel=2.00000[m/s^2]
Time: 24.24[s], x=18.78230[m], y=22.15196[m], yaw=26.89939[rad], v=20.63630[m/s], steer=0.52300[rad], accel=2.00000[m/s^2]
Time: 24.28[s], x=18.62167[m], y=22.96163[m], yaw=27.08975[rad], v=20.71630[m/s], steer=0.52300[rad], accel=2.00000[m/s^2]
Time: 24.32[s], x=18.30953[m], y=23.72925[m], yaw=27.28086[rad], v=20.79630[m/s], steer=0.52300[rad], accel=2.00000[m/s^2]
Time: 24.36[s], x=17.85552[m], y=24.42628[m], yaw=27.47270[rad], v=20.87630[m/s], steer=0.52300[rad], accel=2.00000[m/s^2]
Time: 24.40[s], x=17.27471[m], y=25.02626[m], yaw=27.66528[rad], v=20.95630[m/s], steer=0.52300[rad], accel=2.00000[m/s^2]
Time: 24.44[s], x=16.58718[m], y=25.50581[m], yaw=27.85860[rad], v=21.03630[m/s], steer=0.52300[rad], accel=2.00000[m/s^2]
Time: 24.48[s], x=15.81741[m], y=25.84564[m], yaw=28.05266[rad], v=21.11630[m/s], steer=0.52300[rad], accel=2.00000[m/s^2]
Time: 24.52[s], x=14.99342[m], y=26.03135[m], yaw=28.24745[rad], v=21.19630[m/s], steer=0.52300[rad], accel=2.00000[m/s^2]
Time: 24.56[s], x=14.14588[m], y=26.05414[m], yaw=28.44298[rad], v=21.27630[m/s], steer=0.52300[rad], accel=2.00000[m/s^2]
Time: 24.60[s], x=13.30690[m], y=25.91129[m], yaw=28.63925[rad], v=21.35630[m/s], steer=0.52300[rad], accel=2.00000[m/s^2]
Time: 24.64[s], x=12.50890[m], y=25.60643[m], yaw=28.83626[rad], v=21.43630[m/s], steer=0.52300[rad], accel=2.00000[m/s^2]
Time: 24.68[s], x=11.78330[m], y=25.14956[m], yaw=29.03401[rad], v=21.51630[m/s], steer=0.52300[rad], accel=2.00000[m/s^2]
Time: 24.72[s], x=11.15927[m], y=24.55684[m], yaw=29.23249[rad], v=21.59630[m/s], steer=0.52300[rad], accel=2.00000[m/s^2]
Time: 24.76[s], x=10.66253[m], y=23.85009[m], yaw=29.43172[rad], v=21.67630[m/s], steer=0.52300[rad], accel=2.00000[m/s^2]
Time: 24.80[s], x=10.31421[m], y=23.05609[m], yaw=29.63168[rad], v=21.75630[m/s], steer=0.52300[rad], accel=2.00000[m/s^2]
Time: 24.84[s], x=10.12985[m], y=22.20559[m], yaw=29.83237[rad], v=21.83630[m/s], steer=0.52300[rad], accel=2.00000[m/s^2]
Time: 24.88[s], x=10.11871[m], y=21.33220[m], yaw=30.03381[rad], v=21.91630[m/s], steer=0.52300[rad], accel=2.00000[m/s^2]
Time: 24.92[s], x=10.28314[m], y=20.47111[m], yaw=30.23599[rad], v=21.99630[m/s], steer=0.52300[rad], accel=2.00000[m/s^2]
Time: 24.96[s], x=10.61835[m], y=19.65762[m], yaw=30.43890[rad], v=22.07630[m/s], steer=0.52300[rad], accel=2.00000[m/s^2]
Time: 25.00[s], x=11.11240[m], y=18.92571[m], yaw=30.64255[rad], v=22.15630[m/s], steer=0.52300[rad], accel=2.00000[m/s^2]
Time: 25.04[s], x=11.74656[m], y=18.30661[m], yaw=30.84694[rad], v=22.23630[m/s], steer=0.07656[rad], accel=2.00000[m/s^2]
Time: 25.08[s], x=12.49588[m], y=17.82739[m], yaw=30.87423[rad], v=22.31630[m/s], steer=0.16143[rad], accel=2.00000[m/s^2]
Time: 25.12[s], x=13.26073[m], y=17.36715[m], yaw=30.93237[rad], v=22.39630[m/s], steer=0.24676[rad], accel=2.00000[m/s^2]
Time: 25.16[s], x=14.05387[m], y=16.95064[m], yaw=31.02264[rad], v=22.47630[m/s], steer=0.52300[rad], accel=2.00000[m/s^2]
Time: 25.20[s], x=14.88429[m], y=16.60610[m], yaw=31.22998[rad], v=22.55630[m/s], steer=0.52300[rad], accel=2.00000[m/s^2]
Time: 25.24[s], x=15.77099[m], y=16.43929[m], yaw=31.43806[rad], v=22.63630[m/s], steer=0.52300[rad], accel=2.00000[m/s^2]
Time: 25.28[s], x=16.67622[m], y=16.45933[m], yaw=31.64687[rad], v=22.71630[m/s], steer=0.52300[rad], accel=2.00000[m/s^2]
Time: 25.32[s], x=17.56074[m], y=16.66732[m], yaw=31.85643[rad], v=22.79630[m/s], steer=0.52300[rad], accel=2.00000[m/s^2]
Time: 25.36[s], x=18.38555[m], y=17.05612[m], yaw=32.06672[rad], v=22.87630[m/s], steer=0.52300[rad], accel=2.00000[m/s^2]
Time: 25.40[s], x=19.11357[m], y=17.61048[m], yaw=32.27775[rad], v=22.95630[m/s], steer=0.52300[rad], accel=2.00000[m/s^2]
Time: 25.44[s], x=19.71140[m], y=18.30746[m], yaw=32.48952[rad], v=23.03630[m/s], steer=0.52300[rad], accel=2.00000[m/s^2]
Time: 25.48[s], x=20.15091[m], y=19.11734[m], yaw=32.70202[rad], v=23.11630[m/s], steer=0.52300[rad], accel=2.00000[m/s^2]
Time: 25.52[s], x=20.41061[m], y=20.00477[m], yaw=32.91527[rad], v=23.19630[m/s], steer=0.52300[rad], accel=2.00000[m/s^2]
Time: 25.56[s], x=20.47686[m], y=20.93025[m], yaw=33.12925[rad], v=23.27630[m/s], steer=0.52300[rad], accel=2.00000[m/s^2]
Time: 25.60[s], x=20.34460[m], y=21.85186[m], yaw=33.34397[rad], v=23.35630[m/s], steer=0.52300[rad], accel=2.00000[m/s^2]
Time: 25.64[s], x=20.01790[m], y=22.72713[m], yaw=33.55943[rad], v=23.43630[m/s], steer=0.52300[rad], accel=2.00000[m/s^2]
Time: 25.68[s], x=19.50989[m], y=23.51500[m], yaw=33.77562[rad], v=23.51630[m/s], steer=0.52300[rad], accel=2.00000[m/s^2]
Time: 25.72[s], x=18.84242[m], y=24.17781[m], yaw=33.99256[rad], v=23.59630[m/s], steer=0.52300[rad], accel=2.00000[m/s^2]
Time: 25.76[s], x=18.04523[m], y=24.68313[m], yaw=34.21023[rad], v=23.67630[m/s], steer=0.52300[rad], accel=2.00000[m/s^2]
Time: 25.80[s], x=17.15472[m], y=25.00546[m], yaw=34.42864[rad], v=23.75630[m/s], steer=0.52300[rad], accel=2.00000[m/s^2]
Time: 25.84[s], x=16.21235[m], y=25.12759[m], yaw=34.64779[rad], v=23.83630[m/s], steer=0.52300[rad], accel=2.00000[m/s^2]
Time: 25.88[s], x=15.26278[m], y=25.04164[m], yaw=34.86767[rad], v=23.91630[m/s], steer=0.52300[rad], accel=2.00000[m/s^2]
Time: 25.92[s], x=14.35177[m], y=24.74967[m], yaw=35.08829[rad], v=23.99630[m/s], steer=0.52300[rad], accel=2.00000[m/s^2]
Time: 25.96[s], x=13.52398[m], y=24.26379[m], yaw=35.30966[rad], v=24.07630[m/s], steer=0.52300[rad], accel=2.00000[m/s^2]
Time: 26.00[s], x=12.82073[m], y=23.60583[m], yaw=35.53176[rad], v=24.15630[m/s], steer=0.52300[rad], accel=2.00000[m/s^2]
Time: 26.04[s], x=12.27790[m], y=22.80647[m], yaw=35.75460[rad], v=24.23630[m/s], steer=0.52300[rad], accel=2.00000[m/s^2]
Time: 26.08[s], x=11.92397[m], y=21.90394[m], yaw=35.97817[rad], v=24.31630[m/s], steer=0.52300[rad], accel=2.00000[m/s^2]
Time: 26.12[s], x=11.77848[m], y=20.94223[m], yaw=36.20249[rad], v=24.39630[m/s], steer=0.52300[rad], accel=2.00000[m/s^2]
Time: 26.16[s], x=11.85079[m], y=19.96906[m], yaw=36.42754[rad], v=24.47630[m/s], steer=0.52300[rad], accel=2.00000[m/s^2]
Time: 26.20[s], x=12.13940[m], y=19.03351[m], yaw=36.65333[rad], v=24.55630[m/s], steer=0.52300[rad], accel=2.00000[m/s^2]
Time: 26.24[s], x=12.63173[m], y=18.18355[m], yaw=36.87986[rad], v=24.63630[m/s], steer=0.52300[rad], accel=2.00000[m/s^2]
Time: 26.28[s], x=13.30456[m], y=17.46354[m], yaw=37.10712[rad], v=24.71630[m/s], steer=0.00529[rad], accel=2.00000[m/s^2]
Time: 26.32[s], x=14.12497[m], y=16.91186[m], yaw=37.10921[rad], v=24.79630[m/s], steer=-0.04201[rad], accel=2.00000[m/s^2]
Time: 26.36[s], x=14.94920[m], y=16.36011[m], yaw=37.09254[rad], v=24.87630[m/s], steer=0.26979[rad], accel=2.00000[m/s^2]
Time: 26.40[s], x=15.76674[m], y=15.79288[m], yaw=37.20260[rad], v=24.95630[m/s], steer=-0.13261[rad], accel=2.00000[m/s^2]
Time: 26.44[s], x=16.64445[m], y=15.31735[m], yaw=37.14934[rad], v=25.03629[m/s], steer=-0.11082[rad], accel=2.00000[m/s^2]
Time: 26.48[s], x=17.49833[m], y=14.79410[m], yaw=37.10476[rad], v=25.11629[m/s], steer=-0.52300[rad], accel=2.00000[m/s^2]
Time: 26.52[s], x=18.33070[m], y=14.23152[m], yaw=36.87307[rad], v=25.19629[m/s], steer=-0.52300[rad], accel=2.00000[m/s^2]
Time: 26.56[s], x=19.01381[m], y=13.49049[m], yaw=36.64064[rad], v=25.27629[m/s], steer=-0.52300[rad], accel=2.00000[m/s^2]
Time: 26.60[s], x=19.50943[m], y=12.60925[m], yaw=36.40747[rad], v=25.35629[m/s], steer=-0.52300[rad], accel=2.00000[m/s^2]
Time: 26.64[s], x=19.78890[m], y=11.63426[m], yaw=36.17356[rad], v=25.43629[m/s], steer=-0.52300[rad], accel=2.00000[m/s^2]
Time: 26.68[s], x=19.83492[m], y=10.61785[m], yaw=35.93892[rad], v=25.51629[m/s], steer=-0.52300[rad], accel=2.00000[m/s^2]
Time: 26.72[s], x=19.64276[m], y=9.61545[m], yaw=35.70353[rad], v=25.59629[m/s], steer=-0.05473[rad], accel=2.00000[m/s^2]
Time: 26.76[s], x=19.22080[m], y=8.68259[m], yaw=35.68110[rad], v=25.67629[m/s], steer=-0.00494[rad], accel=1.82037[m/s^2]
Time: 26.80[s], x=18.77664[m], y=7.75655[m], yaw=35.67907[rad], v=25.74911[m/s], steer=-0.52300[rad], accel=0.61211[m/s^2]
Time: 26.84[s], x=18.32934[m], y=6.82878[m], yaw=35.44154[rad], v=25.77359[m/s], steer=-0.52300[rad], accel=-1.02842[m/s^2]
Time: 26.88[s], x=17.67567[m], y=6.03156[m], yaw=35.20378[rad], v=25.73246[m/s], steer=-0.52300[rad], accel=-1.79443[m/s^2]
Time: 26.92[s], x=16.85394[m], y=5.41172[m], yaw=34.96640[rad], v=25.66068[m/s], steer=-0.52300[rad], accel=-2.00000[m/s^2]
Time: 26.96[s], x=15.91212[m], y=5.00363[m], yaw=34.72968[rad], v=25.58068[m/s], steer=-0.52300[rad], accel=-2.00000[m/s^2]
Time: 27.00[s], x=14.90402[m], y=4.82833[m], yaw=34.49371[rad], v=25.50068[m/s], steer=-0.52300[rad], accel=-2.00000[m/s^2]
Time: 27.04[s], x=13.88607[m], y=4.89338[m], yaw=34.25846[rad], v=25.42068[m/s], steer=-0.48735[rad], accel=-2.00000[m/s^2]
Time: 27.08[s], x=12.91437[m], y=5.19296[m], yaw=34.04290[rad], v=25.34068[m/s], steer=-0.52300[rad], accel=-2.00000[m/s^2]
Time: 27.12[s], x=12.03203[m], y=5.69186[m], yaw=33.80914[rad], v=25.26068[m/s], steer=-0.52300[rad], accel=-2.00000[m/s^2]
Time: 27.16[s], x=11.29160[m], y=6.37941[m], yaw=33.57611[rad], v=25.18068[m/s], steer=-0.52300[rad], accel=-2.00000[m/s^2]
Time: 27.20[s], x=10.73172[m], y=7.21670[m], yaw=33.34383[rad], v=25.10068[m/s], steer=-0.52300[rad], accel=-2.00000[m/s^2]
Time: 27.24[s], x=10.38076[m], y=8.15738[m], yaw=33.11228[rad], v=25.02068[m/s], steer=-0.52300[rad], accel=-2.00000[m/s^2]
Time: 27.28[s], x=10.25543[m], y=9.15033[m], yaw=32.88147[rad], v=24.94068[m/s], steer=-0.52300[rad], accel=-2.00000[m/s^2]
Time: 27.32[s], x=10.36024[m], y=10.14244[m], yaw=32.65139[rad], v=24.86068[m/s], steer=-0.52300[rad], accel=-2.00000[m/s^2]
Time: 27.36[s], x=10.68749[m], y=11.08148[m], yaw=32.42206[rad], v=24.78068[m/s], steer=-0.52300[rad], accel=-2.00000[m/s^2]
Time: 27.40[s], x=11.21792[m], y=11.91883[m], yaw=32.19346[rad], v=24.70068[m/s], steer=-0.52300[rad], accel=-2.00000[m/s^2]
Time: 27.44[s], x=11.92204[m], y=12.61196[m], yaw=31.96560[rad], v=24.62068[m/s], steer=-0.52300[rad], accel=-2.00000[m/s^2]
Time: 27.48[s], x=12.76180[m], y=13.12644[m], yaw=31.73848[rad], v=24.54068[m/s], steer=-0.52300[rad], accel=-2.00000[m/s^2]
