  **** HLS Build v2024.2 5238294
INFO: [HLS 200-2005] Using work_dir /home/tanmay-desai/MPPI_FPGA_DATAFLOW/MPPI_FLOAT_KINEMATIC/MPPI_Float/MPPI_Float 
INFO: [HLS 200-1505] Using default flow_target 'vivado'
Resolution: For help on HLS 200-1505 see docs.xilinx.com/access/sources/dita/topic?Doc_Version=2024.2%20English&url=ug1448-hls-guidance&resourceid=200-1505.html
INFO: [HLS 200-1465] Applying ini 'syn.file=gaussian_noise_gen.cpp' from /home/tanmay-desai/MPPI_FPGA_DATAFLOW/MPPI_FLOAT_KINEMATIC/MPPI_Float/hls_config.cfg(9)
INFO: [HLS 200-10] Adding design file '/home/tanmay-desai/MPPI_FPGA_DATAFLOW/MPPI_FLOAT_KINEMATIC/MPPI_Float/gaussian_noise_gen.cpp' to the project
INFO: [HLS 200-1465] Applying ini 'syn.file=globals.hpp' from /home/tanmay-desai/MPPI_FPGA_DATAFLOW/MPPI_FLOAT_KINEMATIC/MPPI_Float/hls_config.cfg(10)
INFO: [HLS 200-10] Adding design file '/home/tanmay-desai/MPPI_FPGA_DATAFLOW/MPPI_FLOAT_KINEMATIC/MPPI_Float/globals.hpp' to the project
INFO: [HLS 200-1465] Applying ini 'syn.file=datatypes.hpp' from /home/tanmay-desai/MPPI_FPGA_DATAFLOW/MPPI_FLOAT_KINEMATIC/MPPI_Float/hls_config.cfg(11)
INFO: [HLS 200-10] Adding design file '/home/tanmay-desai/MPPI_FPGA_DATAFLOW/MPPI_FLOAT_KINEMATIC/MPPI_Float/datatypes.hpp' to the project
INFO: [HLS 200-1465] Applying ini 'syn.file=compute_weight.cpp' from /home/tanmay-desai/MPPI_FPGA_DATAFLOW/MPPI_FLOAT_KINEMATIC/MPPI_Float/hls_config.cfg(12)
INFO: [HLS 200-10] Adding design file '/home/tanmay-desai/MPPI_FPGA_DATAFLOW/MPPI_FLOAT_KINEMATIC/MPPI_Float/compute_weight.cpp' to the project
INFO: [HLS 200-1465] Applying ini 'syn.file=globals.cpp' from /home/tanmay-desai/MPPI_FPGA_DATAFLOW/MPPI_FLOAT_KINEMATIC/MPPI_Float/hls_config.cfg(13)
INFO: [HLS 200-10] Adding design file '/home/tanmay-desai/MPPI_FPGA_DATAFLOW/MPPI_FLOAT_KINEMATIC/MPPI_Float/globals.cpp' to the project
INFO: [HLS 200-1465] Applying ini 'syn.file=helper.cpp' from /home/tanmay-desai/MPPI_FPGA_DATAFLOW/MPPI_FLOAT_KINEMATIC/MPPI_Float/hls_config.cfg(14)
INFO: [HLS 200-10] Adding design file '/home/tanmay-desai/MPPI_FPGA_DATAFLOW/MPPI_FLOAT_KINEMATIC/MPPI_Float/helper.cpp' to the project
INFO: [HLS 200-1465] Applying ini 'syn.file=costs.cpp' from /home/tanmay-desai/MPPI_FPGA_DATAFLOW/MPPI_FLOAT_KINEMATIC/MPPI_Float/hls_config.cfg(15)
INFO: [HLS 200-10] Adding design file '/home/tanmay-desai/MPPI_FPGA_DATAFLOW/MPPI_FLOAT_KINEMATIC/MPPI_Float/costs.cpp' to the project
INFO: [HLS 200-1465] Applying ini 'syn.file=smoothning_filter.cpp' from /home/tanmay-desai/MPPI_FPGA_DATAFLOW/MPPI_FLOAT_KINEMATIC/MPPI_Float/hls_config.cfg(16)
INFO: [HLS 200-10] Adding design file '/home/tanmay-desai/MPPI_FPGA_DATAFLOW/MPPI_FLOAT_KINEMATIC/MPPI_Float/smoothning_filter.cpp' to the project
INFO: [HLS 200-1465] Applying ini 'syn.file=nearest_neighbor.cpp' from /home/tanmay-desai/MPPI_FPGA_DATAFLOW/MPPI_FLOAT_KINEMATIC/MPPI_Float/hls_config.cfg(17)
INFO: [HLS 200-10] Adding design file '/home/tanmay-desai/MPPI_FPGA_DATAFLOW/MPPI_FLOAT_KINEMATIC/MPPI_Float/nearest_neighbor.cpp' to the project
INFO: [HLS 200-1465] Applying ini 'syn.file=ref_path.hpp' from /home/tanmay-desai/MPPI_FPGA_DATAFLOW/MPPI_FLOAT_KINEMATIC/MPPI_Float/hls_config.cfg(18)
INFO: [HLS 200-10] Adding design file '/home/tanmay-desai/MPPI_FPGA_DATAFLOW/MPPI_FLOAT_KINEMATIC/MPPI_Float/ref_path.hpp' to the project
INFO: [HLS 200-1465] Applying ini 'syn.file=ref_path.cpp' from /home/tanmay-desai/MPPI_FPGA_DATAFLOW/MPPI_FLOAT_KINEMATIC/MPPI_Float/hls_config.cfg(19)
INFO: [HLS 200-10] Adding design file '/home/tanmay-desai/MPPI_FPGA_DATAFLOW/MPPI_FLOAT_KINEMATIC/MPPI_Float/ref_path.cpp' to the project
INFO: [HLS 200-1465] Applying ini 'syn.file=mppi_control.cpp' from /home/tanmay-desai/MPPI_FPGA_DATAFLOW/MPPI_FLOAT_KINEMATIC/MPPI_Float/hls_config.cfg(20)
INFO: [HLS 200-10] Adding design file '/home/tanmay-desai/MPPI_FPGA_DATAFLOW/MPPI_FLOAT_KINEMATIC/MPPI_Float/mppi_control.cpp' to the project
INFO: [HLS 200-1465] Applying ini 'syn.file=dynamics.cpp' from /home/tanmay-desai/MPPI_FPGA_DATAFLOW/MPPI_FLOAT_KINEMATIC/MPPI_Float/hls_config.cfg(21)
INFO: [HLS 200-10] Adding design file '/home/tanmay-desai/MPPI_FPGA_DATAFLOW/MPPI_FLOAT_KINEMATIC/MPPI_Float/dynamics.cpp' to the project
INFO: [HLS 200-1465] Applying ini 'syn.file=clip.cpp' from /home/tanmay-desai/MPPI_FPGA_DATAFLOW/MPPI_FLOAT_KINEMATIC/MPPI_Float/hls_config.cfg(22)
INFO: [HLS 200-10] Adding design file '/home/tanmay-desai/MPPI_FPGA_DATAFLOW/MPPI_FLOAT_KINEMATIC/MPPI_Float/clip.cpp' to the project
INFO: [HLS 200-1465] Applying ini 'tb.file=tb.cpp' from /home/tanmay-desai/MPPI_FPGA_DATAFLOW/MPPI_FLOAT_KINEMATIC/MPPI_Float/hls_config.cfg(8)
INFO: [HLS 200-10] Adding test bench file '/home/tanmay-desai/MPPI_FPGA_DATAFLOW/MPPI_FLOAT_KINEMATIC/MPPI_Float/tb.cpp' to the project
INFO: [HLS 200-1465] Applying ini 'syn.top=calc_control_input' from /home/tanmay-desai/MPPI_FPGA_DATAFLOW/MPPI_FLOAT_KINEMATIC/MPPI_Float/hls_config.cfg(23)
INFO: [HLS 200-1465] Applying ini 'flow_target=vivado' from /home/tanmay-desai/MPPI_FPGA_DATAFLOW/MPPI_FLOAT_KINEMATIC/MPPI_Float/hls_config.cfg(4)
INFO: [HLS 200-1505] Using flow_target 'vivado'
Resolution: For help on HLS 200-1505 see docs.xilinx.com/access/sources/dita/topic?Doc_Version=2024.2%20English&url=ug1448-hls-guidance&resourceid=200-1505.html
INFO: [HLS 200-1465] Applying ini 'part=xczu9eg-ffvb1156-2-e' from /home/tanmay-desai/MPPI_FPGA_DATAFLOW/MPPI_FLOAT_KINEMATIC/MPPI_Float/hls_config.cfg(1)
INFO: [HLS 200-1611] Setting target device to 'xczu9eg-ffvb1156-2-e'
INFO: [HLS 200-1465] Applying ini 'clock=5' from /home/tanmay-desai/MPPI_FPGA_DATAFLOW/MPPI_FLOAT_KINEMATIC/MPPI_Float/hls_config.cfg(7)
INFO: [SYN 201-201] Setting up clock 'default' with a period of 5ns.
INFO: [HLS 200-1465] Applying ini 'csim.clean=1' from /home/tanmay-desai/MPPI_FPGA_DATAFLOW/MPPI_FLOAT_KINEMATIC/MPPI_Float/hls_config.cfg(24)
INFO: [HLS 200-1465] Applying ini 'csim.code_analyzer=0' from /home/tanmay-desai/MPPI_FPGA_DATAFLOW/MPPI_FLOAT_KINEMATIC/MPPI_Float/hls_config.cfg(25)
INFO: [HLS 200-1465] Applying ini 'csim.sanitize_address=1' from /home/tanmay-desai/MPPI_FPGA_DATAFLOW/MPPI_FLOAT_KINEMATIC/MPPI_Float/hls_config.cfg(26)
INFO: [HLS 200-1465] Applying ini 'csim.sanitize_undefined=1' from /home/tanmay-desai/MPPI_FPGA_DATAFLOW/MPPI_FLOAT_KINEMATIC/MPPI_Float/hls_config.cfg(28)
INFO: [HLS 200-1465] Applying ini 'package.output.format=ip_catalog' from /home/tanmay-desai/MPPI_FPGA_DATAFLOW/MPPI_FLOAT_KINEMATIC/MPPI_Float/hls_config.cfg(5)
INFO: [HLS 200-1465] Applying ini 'syn.dataflow.default_channel=pingpong' from /home/tanmay-desai/MPPI_FPGA_DATAFLOW/MPPI_FLOAT_KINEMATIC/MPPI_Float/hls_config.cfg(27)
INFO: [XFORM 203-701] Set the default channel type in dataflow to ping-pong buffer.
INFO: [SIM 211-2] *************** CSIM start ***************
INFO: [SIM 211-4] CSIM will launch CLANG as the compiler.
INFO: [HLS 200-2153] Enabled Clang AddressSanitizer.
INFO: [HLS 200-2154] Enabled Clang UndefinedSanitizer.
INFO: [SIM 211-6] Clang sanitizer requests large memory space to detect memory errors. In order to run Clang sanitizer correctly, you will need to 1) set the value of /proc/sys/vm/overcommit_memory to 0; or 2) run HLS on a machine with sufficient memory space.
INFO: [HLS 200-2036] Building debug C Simulation binaries
   Compiling ../../../../tb.cpp in debug mode
   Compiling ../../../../clip.cpp in debug mode
   Compiling ../../../../dynamics.cpp in debug mode
   Compiling ../../../../mppi_control.cpp in debug mode
   Compiling ../../../../ref_path.cpp in debug mode
   Compiling ../../../../nearest_neighbor.cpp in debug mode
   Compiling ../../../../smoothning_filter.cpp in debug mode
   Compiling ../../../../costs.cpp in debug mode
   Compiling ../../../../helper.cpp in debug mode
   Compiling ../../../../globals.cpp in debug mode
   Compiling ../../../../compute_weight.cpp in debug mode
   Compiling ../../../../gaussian_noise_gen.cpp in debug mode
   Generating csim.exe
[INFO] Start simulation of pathtracking with MPPI controller
[INFO] delta_t: 0.04[s], sim_steps: 1000[steps], total_sim_time: 40[s]
Time: 0.00[s], x=0.00000[m], y=0.00000[m], yaw=0.00000[rad], v=5.00000[m/s], steer=0.16360[rad], accel=0.01571[m/s^2]
Time: 0.04[s], x=0.20000[m], y=0.00000[m], yaw=0.01321[rad], v=5.00063[m/s], steer=0.27433[rad], accel=0.01273[m/s^2]
Time: 0.08[s], x=0.40001[m], y=0.00264[m], yaw=0.03572[rad], v=5.00114[m/s], steer=0.34331[rad], accel=-0.03400[m/s^2]
Time: 0.12[s], x=0.59993[m], y=0.00979[m], yaw=0.06433[rad], v=4.99978[m/s], steer=0.27279[rad], accel=-0.06466[m/s^2]
Time: 0.16[s], x=0.79950[m], y=0.02264[m], yaw=0.08671[rad], v=4.99719[m/s], steer=0.22049[rad], accel=-0.09324[m/s^2]
Time: 0.20[s], x=0.99864[m], y=0.03995[m], yaw=0.10463[rad], v=4.99346[m/s], steer=0.19020[rad], accel=-0.12627[m/s^2]
Time: 0.24[s], x=1.19729[m], y=0.06081[m], yaw=0.12001[rad], v=4.98841[m/s], steer=0.15053[rad], accel=-0.15913[m/s^2]
Time: 0.28[s], x=1.39539[m], y=0.08470[m], yaw=0.13212[rad], v=4.98205[m/s], steer=0.12114[rad], accel=-0.19571[m/s^2]
Time: 0.32[s], x=1.59293[m], y=0.11095[m], yaw=0.14182[rad], v=4.97422[m/s], steer=0.09808[rad], accel=-0.21990[m/s^2]
Time: 0.36[s], x=1.78990[m], y=0.13908[m], yaw=0.14965[rad], v=4.96542[m/s], steer=0.10540[rad], accel=-0.24253[m/s^2]
Time: 0.40[s], x=1.98630[m], y=0.16869[m], yaw=0.15806[rad], v=4.95572[m/s], steer=0.10748[rad], accel=-0.28085[m/s^2]
Time: 0.44[s], x=2.18206[m], y=0.19989[m], yaw=0.16661[rad], v=4.94449[m/s], steer=0.09282[rad], accel=-0.30699[m/s^2]
Time: 0.48[s], x=2.37710[m], y=0.23269[m], yaw=0.17398[rad], v=4.93221[m/s], steer=0.08159[rad], accel=-0.30554[m/s^2]
Time: 0.52[s], x=2.57141[m], y=0.26684[m], yaw=0.18043[rad], v=4.91998[m/s], steer=0.07072[rad], accel=-0.30544[m/s^2]
Time: 0.56[s], x=2.76501[m], y=0.30216[m], yaw=0.18601[rad], v=4.90777[m/s], steer=0.05417[rad], accel=-0.29849[m/s^2]
Time: 0.60[s], x=2.95794[m], y=0.33846[m], yaw=0.19026[rad], v=4.89583[m/s], steer=0.03644[rad], accel=-0.28787[m/s^2]
Time: 0.64[s], x=3.15024[m], y=0.37550[m], yaw=0.19312[rad], v=4.88431[m/s], steer=0.05454[rad], accel=-0.28057[m/s^2]
Time: 0.68[s], x=3.34198[m], y=0.41299[m], yaw=0.19739[rad], v=4.87309[m/s], steer=0.07498[rad], accel=-0.28199[m/s^2]
Time: 0.72[s], x=3.53312[m], y=0.45122[m], yaw=0.20324[rad], v=4.86181[m/s], steer=0.09264[rad], accel=-0.28865[m/s^2]
Time: 0.76[s], x=3.72359[m], y=0.49047[m], yaw=0.21047[rad], v=4.85026[m/s], steer=0.08291[rad], accel=-0.27802[m/s^2]
Time: 0.80[s], x=3.91332[m], y=0.53100[m], yaw=0.21692[rad], v=4.83914[m/s], steer=0.06471[rad], accel=-0.25909[m/s^2]
Time: 0.84[s], x=4.10234[m], y=0.57266[m], yaw=0.22194[rad], v=4.82878[m/s], steer=0.06898[rad], accel=-0.26457[m/s^2]
Time: 0.88[s], x=4.29076[m], y=0.61518[m], yaw=0.22727[rad], v=4.81820[m/s], steer=0.05374[rad], accel=-0.28407[m/s^2]
Time: 0.92[s], x=4.47853[m], y=0.65860[m], yaw=0.23142[rad], v=4.80683[m/s], steer=0.05704[rad], accel=-0.29481[m/s^2]
Time: 0.96[s], x=4.66568[m], y=0.70270[m], yaw=0.23581[rad], v=4.79504[m/s], steer=0.06910[rad], accel=-0.30315[m/s^2]
Time: 1.00[s], x=4.85217[m], y=0.74752[m], yaw=0.24112[rad], v=4.78292[m/s], steer=0.06033[rad], accel=-0.29464[m/s^2]
Time: 1.04[s], x=5.03795[m], y=0.79320[m], yaw=0.24574[rad], v=4.77113[m/s], steer=0.04536[rad], accel=-0.28101[m/s^2]
Time: 1.08[s], x=5.22306[m], y=0.83963[m], yaw=0.24921[rad], v=4.75989[m/s], steer=0.06120[rad], accel=-0.27139[m/s^2]
Time: 1.12[s], x=5.40758[m], y=0.88659[m], yaw=0.25388[rad], v=4.74903[m/s], steer=0.06809[rad], accel=-0.26608[m/s^2]
Time: 1.16[s], x=5.59145[m], y=0.93430[m], yaw=0.25906[rad], v=4.73839[m/s], steer=0.07848[rad], accel=-0.29093[m/s^2]
Time: 1.20[s], x=5.77466[m], y=0.98285[m], yaw=0.26502[rad], v=4.72675[m/s], steer=0.07833[rad], accel=-0.29988[m/s^2]
Time: 1.24[s], x=5.95713[m], y=1.03237[m], yaw=0.27096[rad], v=4.71476[m/s], steer=0.06557[rad], accel=-0.27665[m/s^2]
Time: 1.28[s], x=6.13884[m], y=1.08285[m], yaw=0.27591[rad], v=4.70369[m/s], steer=0.05850[rad], accel=-0.25815[m/s^2]
Time: 1.32[s], x=6.31987[m], y=1.13411[m], yaw=0.28032[rad], v=4.69337[m/s], steer=0.04873[rad], accel=-0.24700[m/s^2]
Time: 1.36[s], x=6.50028[m], y=1.18605[m], yaw=0.28398[rad], v=4.68349[m/s], steer=0.04889[rad], accel=-0.24460[m/s^2]
Time: 1.40[s], x=6.68012[m], y=1.23853[m], yaw=0.28765[rad], v=4.67370[m/s], steer=0.05853[rad], accel=-0.24016[m/s^2]
Time: 1.44[s], x=6.85938[m], y=1.29157[m], yaw=0.29203[rad], v=4.66410[m/s], steer=0.06836[rad], accel=-0.23314[m/s^2]
Time: 1.48[s], x=7.03805[m], y=1.34528[m], yaw=0.29714[rad], v=4.65477[m/s], steer=0.07111[rad], accel=-0.22385[m/s^2]
Time: 1.52[s], x=7.21608[m], y=1.39979[m], yaw=0.30244[rad], v=4.64582[m/s], steer=0.07257[rad], accel=-0.21308[m/s^2]
Time: 1.56[s], x=7.39348[m], y=1.45514[m], yaw=0.30784[rad], v=4.63729[m/s], steer=0.06691[rad], accel=-0.20107[m/s^2]
Time: 1.60[s], x=7.57025[m], y=1.51135[m], yaw=0.31282[rad], v=4.62925[m/s], steer=0.05951[rad], accel=-0.18774[m/s^2]
Time: 1.64[s], x=7.74643[m], y=1.56833[m], yaw=0.31723[rad], v=4.62174[m/s], steer=0.05566[rad], accel=-0.17429[m/s^2]
Time: 1.68[s], x=7.92208[m], y=1.62600[m], yaw=0.32135[rad], v=4.61477[m/s], steer=0.05623[rad], accel=-0.16154[m/s^2]
Time: 1.72[s], x=8.09722[m], y=1.68430[m], yaw=0.32551[rad], v=4.60831[m/s], steer=0.05908[rad], accel=-0.14868[m/s^2]
Time: 1.76[s], x=8.27187[m], y=1.74325[m], yaw=0.32987[rad], v=4.60236[m/s], steer=0.06399[rad], accel=-0.13564[m/s^2]
Time: 1.80[s], x=8.44604[m], y=1.80288[m], yaw=0.33459[rad], v=4.59694[m/s], steer=0.06729[rad], accel=-0.12237[m/s^2]
Time: 1.84[s], x=8.61972[m], y=1.86326[m], yaw=0.33954[rad], v=4.59204[m/s], steer=0.06730[rad], accel=-0.10877[m/s^2]
Time: 1.88[s], x=8.79292[m], y=1.92444[m], yaw=0.34450[rad], v=4.58769[m/s], steer=0.06499[rad], accel=-0.09507[m/s^2]
Time: 1.92[s], x=8.96564[m], y=1.98641[m], yaw=0.34927[rad], v=4.58389[m/s], steer=0.06221[rad], accel=-0.08167[m/s^2]
Time: 1.96[s], x=9.13793[m], y=2.04916[m], yaw=0.35384[rad], v=4.58062[m/s], steer=0.06016[rad], accel=-0.06862[m/s^2]
Time: 2.00[s], x=9.30980[m], y=2.11265[m], yaw=0.35826[rad], v=4.57788[m/s], steer=0.06003[rad], accel=-0.05590[m/s^2]
Time: 2.04[s], x=9.48129[m], y=2.17686[m], yaw=0.36266[rad], v=4.57564[m/s], steer=0.06157[rad], accel=-0.04300[m/s^2]
Time: 2.08[s], x=9.65241[m], y=2.24179[m], yaw=0.36717[rad], v=4.57392[m/s], steer=0.06343[rad], accel=-0.02990[m/s^2]
Time: 2.12[s], x=9.82317[m], y=2.30746[m], yaw=0.37182[rad], v=4.57272[m/s], steer=0.06453[rad], accel=-0.01709[m/s^2]
Time: 2.16[s], x=9.99358[m], y=2.37392[m], yaw=0.37655[rad], v=4.57204[m/s], steer=0.06475[rad], accel=-0.00445[m/s^2]
Time: 2.20[s], x=10.16365[m], y=2.44116[m], yaw=0.38129[rad], v=4.57186[m/s], steer=0.06417[rad], accel=0.00795[m/s^2]
Time: 2.24[s], x=10.33340[m], y=2.50922[m], yaw=0.38599[rad], v=4.57218[m/s], steer=0.06336[rad], accel=0.02009[m/s^2]
Time: 2.28[s], x=10.50283[m], y=2.57807[m], yaw=0.39063[rad], v=4.57298[m/s], steer=0.06297[rad], accel=0.03214[m/s^2]
Time: 2.32[s], x=10.67197[m], y=2.64772[m], yaw=0.39525[rad], v=4.57427[m/s], steer=0.06305[rad], accel=0.04412[m/s^2]
Time: 2.36[s], x=10.84083[m], y=2.71817[m], yaw=0.39987[rad], v=4.57603[m/s], steer=0.06337[rad], accel=0.05597[m/s^2]
Time: 2.40[s], x=11.00943[m], y=2.78943[m], yaw=0.40451[rad], v=4.57827[m/s], steer=0.06376[rad], accel=0.06768[m/s^2]
Time: 2.44[s], x=11.17778[m], y=2.86150[m], yaw=0.40919[rad], v=4.58098[m/s], steer=0.06403[rad], accel=0.07915[m/s^2]
Time: 2.48[s], x=11.34590[m], y=2.93441[m], yaw=0.41389[rad], v=4.58415[m/s], steer=0.06417[rad], accel=0.09035[m/s^2]
Time: 2.52[s], x=11.51378[m], y=3.00815[m], yaw=0.41860[rad], v=4.58776[m/s], steer=0.06431[rad], accel=0.10133[m/s^2]
Time: 2.56[s], x=11.68144[m], y=3.08274[m], yaw=0.42333[rad], v=4.59181[m/s], steer=0.06449[rad], accel=0.11212[m/s^2]
Time: 2.60[s], x=11.84890[m], y=3.15820[m], yaw=0.42807[rad], v=4.59630[m/s], steer=0.06468[rad], accel=0.12272[m/s^2]
Time: 2.64[s], x=12.01617[m], y=3.23452[m], yaw=0.43284[rad], v=4.60121[m/s], steer=0.06481[rad], accel=0.13317[m/s^2]
Time: 2.68[s], x=12.18324[m], y=3.31171[m], yaw=0.43761[rad], v=4.60653[m/s], steer=0.06481[rad], accel=0.14345[m/s^2]
Time: 2.72[s], x=12.35014[m], y=3.38980[m], yaw=0.44240[rad], v=4.61227[m/s], steer=0.06476[rad], accel=0.15351[m/s^2]
Time: 2.76[s], x=12.51687[m], y=3.46878[m], yaw=0.44718[rad], v=4.61841[m/s], steer=0.06476[rad], accel=0.16331[m/s^2]
Time: 2.80[s], x=12.68344[m], y=3.54867[m], yaw=0.45197[rad], v=4.62494[m/s], steer=0.06491[rad], accel=0.17285[m/s^2]
Time: 2.84[s], x=12.84986[m], y=3.62946[m], yaw=0.45678[rad], v=4.63186[m/s], steer=0.06522[rad], accel=0.18214[m/s^2]
Time: 2.88[s], x=13.01614[m], y=3.71118[m], yaw=0.46162[rad], v=4.63914[m/s], steer=0.06562[rad], accel=0.19120[m/s^2]
Time: 2.92[s], x=13.18228[m], y=3.79383[m], yaw=0.46650[rad], v=4.64679[m/s], steer=0.06595[rad], accel=0.20005[m/s^2]
Time: 2.96[s], x=13.34829[m], y=3.87743[m], yaw=0.47141[rad], v=4.65479[m/s], steer=0.06611[rad], accel=0.20869[m/s^2]
Time: 3.00[s], x=13.51418[m], y=3.96199[m], yaw=0.47634[rad], v=4.66314[m/s], steer=0.06612[rad], accel=0.21711[m/s^2]
Time: 3.04[s], x=13.67994[m], y=4.04752[m], yaw=0.48128[rad], v=4.67183[m/s], steer=0.06606[rad], accel=0.22528[m/s^2]
Time: 3.08[s], x=13.84558[m], y=4.13402[m], yaw=0.48623[rad], v=4.68084[m/s], steer=0.06606[rad], accel=0.23319[m/s^2]
Time: 3.12[s], x=14.01112[m], y=4.22152[m], yaw=0.49118[rad], v=4.69016[m/s], steer=0.06622[rad], accel=0.24084[m/s^2]
Time: 3.16[s], x=14.17654[m], y=4.31001[m], yaw=0.49616[rad], v=4.69980[m/s], steer=0.06652[rad], accel=0.24823[m/s^2]
Time: 3.20[s], x=14.34187[m], y=4.39950[m], yaw=0.50117[rad], v=4.70973[m/s], steer=0.06687[rad], accel=0.25538[m/s^2]
Time: 3.24[s], x=14.50709[m], y=4.49001[m], yaw=0.50622[rad], v=4.71994[m/s], steer=0.06717[rad], accel=0.26229[m/s^2]
Time: 3.28[s], x=14.67221[m], y=4.58155[m], yaw=0.51130[rad], v=4.73043[m/s], steer=0.06736[rad], accel=0.26897[m/s^2]
Time: 3.32[s], x=14.83723[m], y=4.67414[m], yaw=0.51640[rad], v=4.74119[m/s], steer=0.06744[rad], accel=0.27539[m/s^2]
Time: 3.36[s], x=15.00214[m], y=4.76778[m], yaw=0.52153[rad], v=4.75221[m/s], steer=0.06749[rad], accel=0.28156[m/s^2]
Time: 3.40[s], x=15.16696[m], y=4.86248[m], yaw=0.52667[rad], v=4.76347[m/s], steer=0.06757[rad], accel=0.28747[m/s^2]
Time: 3.44[s], x=15.33168[m], y=4.95826[m], yaw=0.53182[rad], v=4.77497[m/s], steer=0.06774[rad], accel=0.29312[m/s^2]
Time: 3.48[s], x=15.49630[m], y=5.05511[m], yaw=0.53701[rad], v=4.78670[m/s], steer=0.06799[rad], accel=0.29852[m/s^2]
Time: 3.52[s], x=15.66082[m], y=5.15306[m], yaw=0.54222[rad], v=4.79864[m/s], steer=0.06826[rad], accel=0.30367[m/s^2]
Time: 3.56[s], x=15.82523[m], y=5.25211[m], yaw=0.54747[rad], v=4.81078[m/s], steer=0.06850[rad], accel=0.30857[m/s^2]
Time: 3.60[s], x=15.98954[m], y=5.35228[m], yaw=0.55275[rad], v=4.82313[m/s], steer=0.06869[rad], accel=0.31322[m/s^2]
Time: 3.64[s], x=16.15373[m], y=5.45357[m], yaw=0.55806[rad], v=4.83566[m/s], steer=0.06874[rad], accel=0.31767[m/s^2]
Time: 3.68[s], x=16.31781[m], y=5.55600[m], yaw=0.56339[rad], v=4.84836[m/s], steer=0.06880[rad], accel=0.32185[m/s^2]
Time: 3.72[s], x=16.48177[m], y=5.65957[m], yaw=0.56873[rad], v=4.86124[m/s], steer=0.06895[rad], accel=0.32573[m/s^2]
Time: 3.76[s], x=16.64561[m], y=5.76429[m], yaw=0.57410[rad], v=4.87427[m/s], steer=0.06909[rad], accel=0.32928[m/s^2]
Time: 3.80[s], x=16.80933[m], y=5.87018[m], yaw=0.57950[rad], v=4.88744[m/s], steer=0.06928[rad], accel=0.33263[m/s^2]
Time: 3.84[s], x=16.97291[m], y=5.97723[m], yaw=0.58493[rad], v=4.90074[m/s], steer=0.06955[rad], accel=0.33579[m/s^2]
Time: 3.88[s], x=17.13635[m], y=6.08547[m], yaw=0.59039[rad], v=4.91417[m/s], steer=0.06978[rad], accel=0.33867[m/s^2]
Time: 3.92[s], x=17.29964[m], y=6.19489[m], yaw=0.59589[rad], v=4.92772[m/s], steer=0.07004[rad], accel=0.34136[m/s^2]
Time: 3.96[s], x=17.46278[m], y=6.30552[m], yaw=0.60142[rad], v=4.94137[m/s], steer=0.07031[rad], accel=0.34378[m/s^2]
Time: 4.00[s], x=17.62575[m], y=6.41736[m], yaw=0.60698[rad], v=4.95513[m/s], steer=0.07052[rad], accel=0.34597[m/s^2]
Time: 4.04[s], x=17.78855[m], y=6.53041[m], yaw=0.61258[rad], v=4.96896[m/s], steer=0.07058[rad], accel=0.34796[m/s^2]
Time: 4.08[s], x=17.95117[m], y=6.64469[m], yaw=0.61821[rad], v=4.98288[m/s], steer=0.07072[rad], accel=0.34970[m/s^2]
Time: 4.12[s], x=18.11359[m], y=6.76021[m], yaw=0.62385[rad], v=4.99687[m/s], steer=0.07083[rad], accel=0.35130[m/s^2]
Time: 4.16[s], x=18.27582[m], y=6.87697[m], yaw=0.62953[rad], v=5.01092[m/s], steer=0.07108[rad], accel=0.35263[m/s^2]
Time: 4.20[s], x=18.43783[m], y=6.99498[m], yaw=0.63523[rad], v=5.02503[m/s], steer=0.07137[rad], accel=0.35378[m/s^2]
Time: 4.24[s], x=18.59962[m], y=7.11425[m], yaw=0.64098[rad], v=5.03918[m/s], steer=0.07164[rad], accel=0.35467[m/s^2]
Time: 4.28[s], x=18.76118[m], y=7.23478[m], yaw=0.64677[rad], v=5.05337[m/s], steer=0.07174[rad], accel=0.35535[m/s^2]
Time: 4.32[s], x=18.92249[m], y=7.35659[m], yaw=0.65258[rad], v=5.06758[m/s], steer=0.07181[rad], accel=0.35578[m/s^2]
Time: 4.36[s], x=19.08355[m], y=7.47968[m], yaw=0.65841[rad], v=5.08181[m/s], steer=0.07182[rad], accel=0.35608[m/s^2]
Time: 4.40[s], x=19.24433[m], y=7.60405[m], yaw=0.66426[rad], v=5.09605[m/s], steer=0.07192[rad], accel=0.35610[m/s^2]
Time: 4.44[s], x=19.40483[m], y=7.72972[m], yaw=0.67014[rad], v=5.11030[m/s], steer=0.07215[rad], accel=0.35586[m/s^2]
Time: 4.48[s], x=19.56503[m], y=7.85668[m], yaw=0.67605[rad], v=5.12453[m/s], steer=0.07269[rad], accel=0.35530[m/s^2]
Time: 4.52[s], x=19.72493[m], y=7.98494[m], yaw=0.68202[rad], v=5.13874[m/s], steer=0.07358[rad], accel=0.35459[m/s^2]
Time: 4.56[s], x=19.88450[m], y=8.11451[m], yaw=0.68808[rad], v=5.15293[m/s], steer=0.07363[rad], accel=0.35364[m/s^2]
Time: 4.60[s], x=20.04372[m], y=8.24540[m], yaw=0.69416[rad], v=5.16707[m/s], steer=0.07280[rad], accel=0.35252[m/s^2]
Time: 4.64[s], x=20.20257[m], y=8.37763[m], yaw=0.70019[rad], v=5.18118[m/s], steer=0.07108[rad], accel=0.35127[m/s^2]
Time: 4.68[s], x=20.36106[m], y=8.51117[m], yaw=0.70609[rad], v=5.19523[m/s], steer=0.07104[rad], accel=0.34992[m/s^2]
Time: 4.72[s], x=20.51918[m], y=8.64601[m], yaw=0.71201[rad], v=5.20922[m/s], steer=0.07361[rad], accel=0.34827[m/s^2]
Time: 4.76[s], x=20.67693[m], y=8.78215[m], yaw=0.71815[rad], v=5.22315[m/s], steer=0.07633[rad], accel=0.34639[m/s^2]
Time: 4.80[s], x=20.83425[m], y=8.91962[m], yaw=0.72454[rad], v=5.23701[m/s], steer=0.07913[rad], accel=0.34438[m/s^2]
Time: 4.84[s], x=20.99111[m], y=9.05846[m], yaw=0.73119[rad], v=5.25078[m/s], steer=0.08081[rad], accel=0.34220[m/s^2]
Time: 4.88[s], x=21.14746[m], y=9.19871[m], yaw=0.73799[rad], v=5.26447[m/s], steer=0.08076[rad], accel=0.33975[m/s^2]
Time: 4.92[s], x=21.30325[m], y=9.34039[m], yaw=0.74481[rad], v=5.27806[m/s], steer=0.07933[rad], accel=0.33715[m/s^2]
Time: 4.96[s], x=21.45847[m], y=9.48349[m], yaw=0.75152[rad], v=5.29155[m/s], steer=0.07922[rad], accel=0.33439[m/s^2]
Time: 5.00[s], x=21.61312[m], y=9.62801[m], yaw=0.75824[rad], v=5.30492[m/s], steer=0.08055[rad], accel=0.33139[m/s^2]
Time: 5.04[s], x=21.76718[m], y=9.77392[m], yaw=0.76510[rad], v=5.31818[m/s], steer=0.08322[rad], accel=0.32814[m/s^2]
Time: 5.08[s], x=21.92063[m], y=9.92126[m], yaw=0.77219[rad], v=5.33131[m/s], steer=0.08476[rad], accel=0.32483[m/s^2]
Time: 5.12[s], x=22.07340[m], y=10.07005[m], yaw=0.77944[rad], v=5.34430[m/s], steer=0.08440[rad], accel=0.32140[m/s^2]
Time: 5.16[s], x=22.22545[m], y=10.22030[m], yaw=0.78667[rad], v=5.35716[m/s], steer=0.08334[rad], accel=0.31787[m/s^2]
Time: 5.20[s], x=22.37678[m], y=10.37202[m], yaw=0.79383[rad], v=5.36987[m/s], steer=0.08197[rad], accel=0.31414[m/s^2]
Time: 5.24[s], x=22.52738[m], y=10.52518[m], yaw=0.80089[rad], v=5.38244[m/s], steer=0.08096[rad], accel=0.31026[m/s^2]
Time: 5.28[s], x=22.67724[m], y=10.67976[m], yaw=0.80788[rad], v=5.39485[m/s], steer=0.08114[rad], accel=0.30621[m/s^2]
Time: 5.32[s], x=22.82636[m], y=10.83574[m], yaw=0.81490[rad], v=5.40709[m/s], steer=0.08249[rad], accel=0.30188[m/s^2]
Time: 5.36[s], x=22.97472[m], y=10.99312[m], yaw=0.82205[rad], v=5.41917[m/s], steer=0.08371[rad], accel=0.29746[m/s^2]
Time: 5.40[s], x=23.12227[m], y=11.15191[m], yaw=0.82933[rad], v=5.43107[m/s], steer=0.08443[rad], accel=0.29301[m/s^2]
Time: 5.44[s], x=23.26899[m], y=11.31212[m], yaw=0.83668[rad], v=5.44279[m/s], steer=0.08450[rad], accel=0.28849[m/s^2]
Time: 5.48[s], x=23.41484[m], y=11.47376[m], yaw=0.84406[rad], v=5.45433[m/s], steer=0.08388[rad], accel=0.28378[m/s^2]
Time: 5.52[s], x=23.55981[m], y=11.63681[m], yaw=0.85140[rad], v=5.46568[m/s], steer=0.08317[rad], accel=0.27900[m/s^2]
Time: 5.56[s], x=23.70387[m], y=11.80126[m], yaw=0.85869[rad], v=5.47684[m/s], steer=0.08294[rad], accel=0.27407[m/s^2]
Time: 5.60[s], x=23.84702[m], y=11.96709[m], yaw=0.86597[rad], v=5.48780[m/s], steer=0.08319[rad], accel=0.26896[m/s^2]
Time: 5.64[s], x=23.98924[m], y=12.13430[m], yaw=0.87329[rad], v=5.49856[m/s], steer=0.08367[rad], accel=0.26372[m/s^2]
Time: 5.68[s], x=24.13051[m], y=12.30288[m], yaw=0.88067[rad], v=5.50911[m/s], steer=0.08424[rad], accel=0.25855[m/s^2]
Time: 5.72[s], x=24.27080[m], y=12.47281[m], yaw=0.88811[rad], v=5.51945[m/s], steer=0.08451[rad], accel=0.25327[m/s^2]
Time: 5.76[s], x=24.41008[m], y=12.64411[m], yaw=0.89559[rad], v=5.52958[m/s], steer=0.08447[rad], accel=0.24784[m/s^2]
Time: 5.80[s], x=24.54834[m], y=12.81676[m], yaw=0.90309[rad], v=5.53950[m/s], steer=0.08432[rad], accel=0.24230[m/s^2]
Time: 5.84[s], x=24.68554[m], y=12.99076[m], yaw=0.91058[rad], v=5.54919[m/s], steer=0.08420[rad], accel=0.23665[m/s^2]
Time: 5.88[s], x=24.82167[m], y=13.16608[m], yaw=0.91807[rad], v=5.55865[m/s], steer=0.08419[rad], accel=0.23094[m/s^2]
Time: 5.92[s], x=24.95671[m], y=13.34272[m], yaw=0.92558[rad], v=5.56789[m/s], steer=0.08435[rad], accel=0.22515[m/s^2]
Time: 5.96[s], x=25.09064[m], y=13.52066[m], yaw=0.93311[rad], v=5.57690[m/s], steer=0.08452[rad], accel=0.21929[m/s^2]
Time: 6.00[s], x=25.22345[m], y=13.69989[m], yaw=0.94067[rad], v=5.58567[m/s], steer=0.08464[rad], accel=0.21340[m/s^2]
Time: 6.04[s], x=25.35511[m], y=13.88041[m], yaw=0.94825[rad], v=5.59421[m/s], steer=0.08470[rad], accel=0.20744[m/s^2]
Time: 6.08[s], x=25.48559[m], y=14.06220[m], yaw=0.95585[rad], v=5.60250[m/s], steer=0.08470[rad], accel=0.20138[m/s^2]
Time: 6.12[s], x=25.61487[m], y=14.24525[m], yaw=0.96346[rad], v=5.61056[m/s], steer=0.08471[rad], accel=0.19525[m/s^2]
Time: 6.16[s], x=25.74295[m], y=14.42954[m], yaw=0.97108[rad], v=5.61837[m/s], steer=0.08476[rad], accel=0.18905[m/s^2]
Time: 6.20[s], x=25.86979[m], y=14.61505[m], yaw=0.97872[rad], v=5.62593[m/s], steer=0.08484[rad], accel=0.18281[m/s^2]
Time: 6.24[s], x=25.99538[m], y=14.80179[m], yaw=0.98638[rad], v=5.63324[m/s], steer=0.08490[rad], accel=0.17654[m/s^2]
Time: 6.28[s], x=26.11970[m], y=14.98972[m], yaw=0.99405[rad], v=5.64030[m/s], steer=0.08492[rad], accel=0.17024[m/s^2]
Time: 6.32[s], x=26.24272[m], y=15.17884[m], yaw=1.00173[rad], v=5.64711[m/s], steer=0.08491[rad], accel=0.16389[m/s^2]
Time: 6.36[s], x=26.36444[m], y=15.36912[m], yaw=1.00942[rad], v=5.65367[m/s], steer=0.08488[rad], accel=0.15749[m/s^2]
Time: 6.40[s], x=26.48483[m], y=15.56056[m], yaw=1.01712[rad], v=5.65997[m/s], steer=0.08488[rad], accel=0.15105[m/s^2]
Time: 6.44[s], x=26.60388[m], y=15.75313[m], yaw=1.02482[rad], v=5.66601[m/s], steer=0.08492[rad], accel=0.14457[m/s^2]
Time: 6.48[s], x=26.72156[m], y=15.94683[m], yaw=1.03254[rad], v=5.67179[m/s], steer=0.08498[rad], accel=0.13806[m/s^2]
Time: 6.52[s], x=26.83786[m], y=16.14162[m], yaw=1.04027[rad], v=5.67732[m/s], steer=0.08503[rad], accel=0.13154[m/s^2]
Time: 6.56[s], x=26.95277[m], y=16.33749[m], yaw=1.04801[rad], v=5.68258[m/s], steer=0.08504[rad], accel=0.12501[m/s^2]
Time: 6.60[s], x=27.06626[m], y=16.53444[m], yaw=1.05576[rad], v=5.68758[m/s], steer=0.08501[rad], accel=0.11847[m/s^2]
Time: 6.64[s], x=27.17832[m], y=16.73243[m], yaw=1.06352[rad], v=5.69232[m/s], steer=0.08495[rad], accel=0.11192[m/s^2]
Time: 6.68[s], x=27.28893[m], y=16.93145[m], yaw=1.07127[rad], v=5.69679[m/s], steer=0.08491[rad], accel=0.10536[m/s^2]
Time: 6.72[s], x=27.39809[m], y=17.13147[m], yaw=1.07903[rad], v=5.70101[m/s], steer=0.08489[rad], accel=0.09879[m/s^2]
Time: 6.76[s], x=27.50576[m], y=17.33249[m], yaw=1.08679[rad], v=5.70496[m/s], steer=0.08490[rad], accel=0.09221[m/s^2]
Time: 6.80[s], x=27.61195[m], y=17.53448[m], yaw=1.09456[rad], v=5.70865[m/s], steer=0.08493[rad], accel=0.08565[m/s^2]
Time: 6.84[s], x=27.71663[m], y=17.73742[m], yaw=1.10234[rad], v=5.71207[m/s], steer=0.08493[rad], accel=0.07910[m/s^2]
Time: 6.88[s], x=27.81980[m], y=17.94128[m], yaw=1.11012[rad], v=5.71524[m/s], steer=0.08491[rad], accel=0.07257[m/s^2]
