  **** HLS Build v2024.2 5238294
INFO: [HLS 200-2005] Using work_dir /home/tanmay-desai/MPPI_FPGA_DATAFLOW/MPPI_FLOAT_KINEMATIC/MPPI_Float/MPPI_Float 
INFO: [HLS 200-1611] Setting target device to 'xczu9eg-ffvb1156-2-e'
INFO: [HLS 200-1505] Using default flow_target 'vivado'
Resolution: For help on HLS 200-1505 see docs.xilinx.com/access/sources/dita/topic?Doc_Version=2024.2%20English&url=ug1448-hls-guidance&resourceid=200-1505.html
INFO: [HLS 200-1465] Applying ini 'syn.file=gaussian_noise_gen.cpp' from /home/tanmay-desai/MPPI_FPGA_DATAFLOW/MPPI_FLOAT_KINEMATIC/MPPI_Float/hls_config.cfg(9)
INFO: [HLS 200-10] Adding design file '/home/tanmay-desai/MPPI_FPGA_DATAFLOW/MPPI_FLOAT_KINEMATIC/MPPI_Float/gaussian_noise_gen.cpp' to the project
INFO: [HLS 200-1465] Applying ini 'syn.file=globals.hpp' from /home/tanmay-desai/MPPI_FPGA_DATAFLOW/MPPI_FLOAT_KINEMATIC/MPPI_Float/hls_config.cfg(10)
INFO: [HLS 200-10] Adding design file '/home/tanmay-desai/MPPI_FPGA_DATAFLOW/MPPI_FLOAT_KINEMATIC/MPPI_Float/globals.hpp' to the project
INFO: [HLS 200-1465] Applying ini 'syn.file=datatypes.hpp' from /home/tanmay-desai/MPPI_FPGA_DATAFLOW/MPPI_FLOAT_KINEMATIC/MPPI_Float/hls_config.cfg(11)
INFO: [HLS 200-10] Adding design file '/home/tanmay-desai/MPPI_FPGA_DATAFLOW/MPPI_FLOAT_KINEMATIC/MPPI_Float/datatypes.hpp' to the project
INFO: [HLS 200-1465] Applying ini 'syn.file=compute_weight.cpp' from /home/tanmay-desai/MPPI_FPGA_DATAFLOW/MPPI_FLOAT_KINEMATIC/MPPI_Float/hls_config.cfg(12)
INFO: [HLS 200-10] Adding design file '/home/tanmay-desai/MPPI_FPGA_DATAFLOW/MPPI_FLOAT_KINEMATIC/MPPI_Float/compute_weight.cpp' to the project
INFO: [HLS 200-1465] Applying ini 'syn.file=globals.cpp' from /home/tanmay-desai/MPPI_FPGA_DATAFLOW/MPPI_FLOAT_KINEMATIC/MPPI_Float/hls_config.cfg(13)
INFO: [HLS 200-10] Adding design file '/home/tanmay-desai/MPPI_FPGA_DATAFLOW/MPPI_FLOAT_KINEMATIC/MPPI_Float/globals.cpp' to the project
INFO: [HLS 200-1465] Applying ini 'syn.file=helper.cpp' from /home/tanmay-desai/MPPI_FPGA_DATAFLOW/MPPI_FLOAT_KINEMATIC/MPPI_Float/hls_config.cfg(14)
INFO: [HLS 200-10] Adding design file '/home/tanmay-desai/MPPI_FPGA_DATAFLOW/MPPI_FLOAT_KINEMATIC/MPPI_Float/helper.cpp' to the project
INFO: [HLS 200-1465] Applying ini 'syn.file=costs.cpp' from /home/tanmay-desai/MPPI_FPGA_DATAFLOW/MPPI_FLOAT_KINEMATIC/MPPI_Float/hls_config.cfg(15)
INFO: [HLS 200-10] Adding design file '/home/tanmay-desai/MPPI_FPGA_DATAFLOW/MPPI_FLOAT_KINEMATIC/MPPI_Float/costs.cpp' to the project
INFO: [HLS 200-1465] Applying ini 'syn.file=smoothning_filter.cpp' from /home/tanmay-desai/MPPI_FPGA_DATAFLOW/MPPI_FLOAT_KINEMATIC/MPPI_Float/hls_config.cfg(16)
INFO: [HLS 200-10] Adding design file '/home/tanmay-desai/MPPI_FPGA_DATAFLOW/MPPI_FLOAT_KINEMATIC/MPPI_Float/smoothning_filter.cpp' to the project
INFO: [HLS 200-1465] Applying ini 'syn.file=nearest_neighbor.cpp' from /home/tanmay-desai/MPPI_FPGA_DATAFLOW/MPPI_FLOAT_KINEMATIC/MPPI_Float/hls_config.cfg(17)
INFO: [HLS 200-10] Adding design file '/home/tanmay-desai/MPPI_FPGA_DATAFLOW/MPPI_FLOAT_KINEMATIC/MPPI_Float/nearest_neighbor.cpp' to the project
INFO: [HLS 200-1465] Applying ini 'syn.file=ref_path.hpp' from /home/tanmay-desai/MPPI_FPGA_DATAFLOW/MPPI_FLOAT_KINEMATIC/MPPI_Float/hls_config.cfg(18)
INFO: [HLS 200-10] Adding design file '/home/tanmay-desai/MPPI_FPGA_DATAFLOW/MPPI_FLOAT_KINEMATIC/MPPI_Float/ref_path.hpp' to the project
INFO: [HLS 200-1465] Applying ini 'syn.file=ref_path.cpp' from /home/tanmay-desai/MPPI_FPGA_DATAFLOW/MPPI_FLOAT_KINEMATIC/MPPI_Float/hls_config.cfg(19)
INFO: [HLS 200-10] Adding design file '/home/tanmay-desai/MPPI_FPGA_DATAFLOW/MPPI_FLOAT_KINEMATIC/MPPI_Float/ref_path.cpp' to the project
INFO: [HLS 200-1465] Applying ini 'syn.file=mppi_control.cpp' from /home/tanmay-desai/MPPI_FPGA_DATAFLOW/MPPI_FLOAT_KINEMATIC/MPPI_Float/hls_config.cfg(20)
INFO: [HLS 200-10] Adding design file '/home/tanmay-desai/MPPI_FPGA_DATAFLOW/MPPI_FLOAT_KINEMATIC/MPPI_Float/mppi_control.cpp' to the project
INFO: [HLS 200-1465] Applying ini 'syn.file=dynamics.cpp' from /home/tanmay-desai/MPPI_FPGA_DATAFLOW/MPPI_FLOAT_KINEMATIC/MPPI_Float/hls_config.cfg(21)
INFO: [HLS 200-10] Adding design file '/home/tanmay-desai/MPPI_FPGA_DATAFLOW/MPPI_FLOAT_KINEMATIC/MPPI_Float/dynamics.cpp' to the project
INFO: [HLS 200-1465] Applying ini 'syn.file=clip.cpp' from /home/tanmay-desai/MPPI_FPGA_DATAFLOW/MPPI_FLOAT_KINEMATIC/MPPI_Float/hls_config.cfg(22)
INFO: [HLS 200-10] Adding design file '/home/tanmay-desai/MPPI_FPGA_DATAFLOW/MPPI_FLOAT_KINEMATIC/MPPI_Float/clip.cpp' to the project
INFO: [HLS 200-1465] Applying ini 'tb.file=tb.cpp' from /home/tanmay-desai/MPPI_FPGA_DATAFLOW/MPPI_FLOAT_KINEMATIC/MPPI_Float/hls_config.cfg(8)
INFO: [HLS 200-10] Adding test bench file '/home/tanmay-desai/MPPI_FPGA_DATAFLOW/MPPI_FLOAT_KINEMATIC/MPPI_Float/tb.cpp' to the project
INFO: [HLS 200-1465] Applying ini 'syn.top=calc_control_input' from /home/tanmay-desai/MPPI_FPGA_DATAFLOW/MPPI_FLOAT_KINEMATIC/MPPI_Float/hls_config.cfg(23)
INFO: [HLS 200-1465] Applying ini 'flow_target=vivado' from /home/tanmay-desai/MPPI_FPGA_DATAFLOW/MPPI_FLOAT_KINEMATIC/MPPI_Float/hls_config.cfg(4)
INFO: [HLS 200-1505] Using flow_target 'vivado'
Resolution: For help on HLS 200-1505 see docs.xilinx.com/access/sources/dita/topic?Doc_Version=2024.2%20English&url=ug1448-hls-guidance&resourceid=200-1505.html
INFO: [HLS 200-1465] Applying ini 'part=xczu9eg-ffvb1156-2-e' from /home/tanmay-desai/MPPI_FPGA_DATAFLOW/MPPI_FLOAT_KINEMATIC/MPPI_Float/hls_config.cfg(1)
INFO: [HLS 200-1465] Applying ini 'clock=5' from /home/tanmay-desai/MPPI_FPGA_DATAFLOW/MPPI_FLOAT_KINEMATIC/MPPI_Float/hls_config.cfg(7)
INFO: [SYN 201-201] Setting up clock 'default' with a period of 5ns.
INFO: [HLS 200-1465] Applying ini 'csim.clean=1' from /home/tanmay-desai/MPPI_FPGA_DATAFLOW/MPPI_FLOAT_KINEMATIC/MPPI_Float/hls_config.cfg(24)
INFO: [HLS 200-1465] Applying ini 'csim.code_analyzer=0' from /home/tanmay-desai/MPPI_FPGA_DATAFLOW/MPPI_FLOAT_KINEMATIC/MPPI_Float/hls_config.cfg(25)
INFO: [HLS 200-1465] Applying ini 'csim.sanitize_address=0' from /home/tanmay-desai/MPPI_FPGA_DATAFLOW/MPPI_FLOAT_KINEMATIC/MPPI_Float/hls_config.cfg(26)
INFO: [HLS 200-1465] Applying ini 'csim.sanitize_undefined=0' from /home/tanmay-desai/MPPI_FPGA_DATAFLOW/MPPI_FLOAT_KINEMATIC/MPPI_Float/hls_config.cfg(28)
INFO: [HLS 200-1465] Applying ini 'package.output.format=ip_catalog' from /home/tanmay-desai/MPPI_FPGA_DATAFLOW/MPPI_FLOAT_KINEMATIC/MPPI_Float/hls_config.cfg(5)
INFO: [HLS 200-1465] Applying ini 'syn.dataflow.default_channel=fifo' from /home/tanmay-desai/MPPI_FPGA_DATAFLOW/MPPI_FLOAT_KINEMATIC/MPPI_Float/hls_config.cfg(27)
INFO: [XFORM 203-701] Set the default channel type in dataflow to FIFO.
INFO: [IMPL 213-8] Exporting RTL as a Vivado IP.
WARNING: /tools/Xilinx/Vivado/2024.2/tps/lnx64/jre11.0.16_1 does not exist.

****** Vivado v2024.2 (64-bit)
  **** SW Build 5239630 on Fri Nov 08 22:34:34 MST 2024
  **** IP Build 5239520 on Sun Nov 10 16:12:51 MST 2024
  **** SharedData Build 5239561 on Fri Nov 08 14:39:27 MST 2024
  **** Start of session at: Wed Feb 18 09:44:23 2026
    ** Copyright 1986-2022 Xilinx, Inc. All Rights Reserved.
    ** Copyright 2022-2024 Advanced Micro Devices, Inc. All Rights Reserved.

source run_ippack.tcl -notrace
INFO: calling package_hls_ip ip_types=vitis sysgen json_file=/home/tanmay-desai/MPPI_FPGA_DATAFLOW/MPPI_FLOAT_KINEMATIC/MPPI_Float/MPPI_Float/hls/hls_data.json outdir=/home/tanmay-desai/MPPI_FPGA_DATAFLOW/MPPI_FLOAT_KINEMATIC/MPPI_Float/MPPI_Float/hls/impl/ip srcdir=/home/tanmay-desai/MPPI_FPGA_DATAFLOW/MPPI_FLOAT_KINEMATIC/MPPI_Float/MPPI_Float/hls sort_interfaces_ports=false
INFO: Copied 1 ipmisc file(s) to /home/tanmay-desai/MPPI_FPGA_DATAFLOW/MPPI_FLOAT_KINEMATIC/MPPI_Float/MPPI_Float/hls/impl/ip/misc
INFO: Copied 214 verilog file(s) to /home/tanmay-desai/MPPI_FPGA_DATAFLOW/MPPI_FLOAT_KINEMATIC/MPPI_Float/MPPI_Float/hls/impl/ip/hdl/verilog
INFO: Copied 162 vhdl file(s) to /home/tanmay-desai/MPPI_FPGA_DATAFLOW/MPPI_FLOAT_KINEMATIC/MPPI_Float/MPPI_Float/hls/impl/ip/hdl/vhdl
INFO: Copied 10 swdriver file(s) to /home/tanmay-desai/MPPI_FPGA_DATAFLOW/MPPI_FLOAT_KINEMATIC/MPPI_Float/MPPI_Float/hls/impl/ip/drivers
Generating 9 subcores in /home/tanmay-desai/MPPI_FPGA_DATAFLOW/MPPI_FLOAT_KINEMATIC/MPPI_Float/MPPI_Float/hls/impl/ip/hdl/ip.tmp:
impl/misc/calc_control_input_fadd_32ns_32ns_32_8_full_dsp_1_ip.tcl
impl/misc/calc_control_input_faddfsub_32ns_32ns_32_6_no_dsp_1_ip.tcl
impl/misc/calc_control_input_faddfsub_32ns_32ns_32_8_full_dsp_1_ip.tcl
impl/misc/calc_control_input_fcmp_32ns_32ns_1_2_no_dsp_1_ip.tcl
impl/misc/calc_control_input_fdiv_32ns_32ns_32_16_no_dsp_1_ip.tcl
impl/misc/calc_control_input_fexp_32ns_32ns_32_13_full_dsp_1_ip.tcl
impl/misc/calc_control_input_fmul_32ns_32ns_32_5_max_dsp_1_ip.tcl
impl/misc/calc_control_input_fsub_32ns_32ns_32_8_full_dsp_1_ip.tcl
impl/misc/calc_control_input_sitofp_32ns_32_6_no_dsp_1_ip.tcl
INFO: Using COE_DIR=/home/tanmay-desai/MPPI_FPGA_DATAFLOW/MPPI_FLOAT_KINEMATIC/MPPI_Float/MPPI_Float/hls/impl/ip/hdl/verilog
INFO: Generating calc_control_input_fadd_32ns_32ns_32_8_full_dsp_1_ip via file impl/misc/calc_control_input_fadd_32ns_32ns_32_8_full_dsp_1_ip.tcl
INFO: [IP_Flow 19-234] Refreshing IP repositories
INFO: [IP_Flow 19-1704] No user IP repositories specified
INFO: [IP_Flow 19-2313] Loaded Vivado IP repository '/tools/Xilinx/Vivado/2024.2/data/ip'.
INFO: [IP_Flow 19-1686] Generating 'Synthesis' target for IP 'calc_control_input_fadd_32ns_32ns_32_8_full_dsp_1_ip'...
INFO: [IP_Flow 19-1686] Generating 'Simulation' target for IP 'calc_control_input_fadd_32ns_32ns_32_8_full_dsp_1_ip'...
INFO: Done generating calc_control_input_fadd_32ns_32ns_32_8_full_dsp_1_ip via file impl/misc/calc_control_input_fadd_32ns_32ns_32_8_full_dsp_1_ip.tcl
INFO: Generating calc_control_input_faddfsub_32ns_32ns_32_6_no_dsp_1_ip via file impl/misc/calc_control_input_faddfsub_32ns_32ns_32_6_no_dsp_1_ip.tcl
INFO: [IP_Flow 19-1686] Generating 'Synthesis' target for IP 'calc_control_input_faddfsub_32ns_32ns_32_6_no_dsp_1_ip'...
INFO: [IP_Flow 19-1686] Generating 'Simulation' target for IP 'calc_control_input_faddfsub_32ns_32ns_32_6_no_dsp_1_ip'...
INFO: Done generating calc_control_input_faddfsub_32ns_32ns_32_6_no_dsp_1_ip via file impl/misc/calc_control_input_faddfsub_32ns_32ns_32_6_no_dsp_1_ip.tcl
INFO: Generating calc_control_input_faddfsub_32ns_32ns_32_8_full_dsp_1_ip via file impl/misc/calc_control_input_faddfsub_32ns_32ns_32_8_full_dsp_1_ip.tcl
INFO: [IP_Flow 19-1686] Generating 'Synthesis' target for IP 'calc_control_input_faddfsub_32ns_32ns_32_8_full_dsp_1_ip'...
INFO: [IP_Flow 19-1686] Generating 'Simulation' target for IP 'calc_control_input_faddfsub_32ns_32ns_32_8_full_dsp_1_ip'...
INFO: Done generating calc_control_input_faddfsub_32ns_32ns_32_8_full_dsp_1_ip via file impl/misc/calc_control_input_faddfsub_32ns_32ns_32_8_full_dsp_1_ip.tcl
INFO: Generating calc_control_input_fcmp_32ns_32ns_1_2_no_dsp_1_ip via file impl/misc/calc_control_input_fcmp_32ns_32ns_1_2_no_dsp_1_ip.tcl
INFO: [IP_Flow 19-1686] Generating 'Synthesis' target for IP 'calc_control_input_fcmp_32ns_32ns_1_2_no_dsp_1_ip'...
INFO: [IP_Flow 19-1686] Generating 'Simulation' target for IP 'calc_control_input_fcmp_32ns_32ns_1_2_no_dsp_1_ip'...
INFO: Done generating calc_control_input_fcmp_32ns_32ns_1_2_no_dsp_1_ip via file impl/misc/calc_control_input_fcmp_32ns_32ns_1_2_no_dsp_1_ip.tcl
INFO: Generating calc_control_input_fdiv_32ns_32ns_32_16_no_dsp_1_ip via file impl/misc/calc_control_input_fdiv_32ns_32ns_32_16_no_dsp_1_ip.tcl
INFO: [IP_Flow 19-1686] Generating 'Synthesis' target for IP 'calc_control_input_fdiv_32ns_32ns_32_16_no_dsp_1_ip'...
INFO: [IP_Flow 19-1686] Generating 'Simulation' target for IP 'calc_control_input_fdiv_32ns_32ns_32_16_no_dsp_1_ip'...
INFO: Done generating calc_control_input_fdiv_32ns_32ns_32_16_no_dsp_1_ip via file impl/misc/calc_control_input_fdiv_32ns_32ns_32_16_no_dsp_1_ip.tcl
INFO: Generating calc_control_input_fexp_32ns_32ns_32_13_full_dsp_1_ip via file impl/misc/calc_control_input_fexp_32ns_32ns_32_13_full_dsp_1_ip.tcl
INFO: [IP_Flow 19-1686] Generating 'Synthesis' target for IP 'calc_control_input_fexp_32ns_32ns_32_13_full_dsp_1_ip'...
INFO: [IP_Flow 19-1686] Generating 'Simulation' target for IP 'calc_control_input_fexp_32ns_32ns_32_13_full_dsp_1_ip'...
INFO: Done generating calc_control_input_fexp_32ns_32ns_32_13_full_dsp_1_ip via file impl/misc/calc_control_input_fexp_32ns_32ns_32_13_full_dsp_1_ip.tcl
INFO: Generating calc_control_input_fmul_32ns_32ns_32_5_max_dsp_1_ip via file impl/misc/calc_control_input_fmul_32ns_32ns_32_5_max_dsp_1_ip.tcl
INFO: [IP_Flow 19-1686] Generating 'Synthesis' target for IP 'calc_control_input_fmul_32ns_32ns_32_5_max_dsp_1_ip'...
INFO: [IP_Flow 19-1686] Generating 'Simulation' target for IP 'calc_control_input_fmul_32ns_32ns_32_5_max_dsp_1_ip'...
INFO: Done generating calc_control_input_fmul_32ns_32ns_32_5_max_dsp_1_ip via file impl/misc/calc_control_input_fmul_32ns_32ns_32_5_max_dsp_1_ip.tcl
INFO: Generating calc_control_input_fsub_32ns_32ns_32_8_full_dsp_1_ip via file impl/misc/calc_control_input_fsub_32ns_32ns_32_8_full_dsp_1_ip.tcl
INFO: [IP_Flow 19-1686] Generating 'Synthesis' target for IP 'calc_control_input_fsub_32ns_32ns_32_8_full_dsp_1_ip'...
INFO: [IP_Flow 19-1686] Generating 'Simulation' target for IP 'calc_control_input_fsub_32ns_32ns_32_8_full_dsp_1_ip'...
INFO: Done generating calc_control_input_fsub_32ns_32ns_32_8_full_dsp_1_ip via file impl/misc/calc_control_input_fsub_32ns_32ns_32_8_full_dsp_1_ip.tcl
INFO: Generating calc_control_input_sitofp_32ns_32_6_no_dsp_1_ip via file impl/misc/calc_control_input_sitofp_32ns_32_6_no_dsp_1_ip.tcl
INFO: [IP_Flow 19-1686] Generating 'Synthesis' target for IP 'calc_control_input_sitofp_32ns_32_6_no_dsp_1_ip'...
INFO: [IP_Flow 19-1686] Generating 'Simulation' target for IP 'calc_control_input_sitofp_32ns_32_6_no_dsp_1_ip'...
INFO: Done generating calc_control_input_sitofp_32ns_32_6_no_dsp_1_ip via file impl/misc/calc_control_input_sitofp_32ns_32_6_no_dsp_1_ip.tcl
INFO: Import ports from HDL: /home/tanmay-desai/MPPI_FPGA_DATAFLOW/MPPI_FLOAT_KINEMATIC/MPPI_Float/MPPI_Float/hls/impl/ip/hdl/vhdl/calc_control_input.vhd (calc_control_input)
INFO: Add axi4lite interface s_axi_control
INFO: Add clock interface ap_clk
INFO: Add reset interface ap_rst_n
INFO: Add interrupt interface interrupt
INFO: [IP_Flow 19-234] Refreshing IP repositories
INFO: [IP_Flow 19-1704] No user IP repositories specified
INFO: [IP_Flow 19-2313] Loaded Vivado IP repository '/tools/Xilinx/Vivado/2024.2/data/ip'.
INFO: Add bram interface observed_x_PORTA
INFO: Add bram interface ref_path_array_0_PORTA
INFO: Add bram interface ref_path_array_0_PORTB
INFO: Add bram interface ref_path_array_1_PORTA
INFO: Add bram interface ref_path_array_1_PORTB
INFO: Add bram interface ref_path_array_2_PORTA
INFO: Add bram interface ref_path_array_2_PORTB
INFO: Add bram interface ref_path_array_3_PORTA
INFO: Add bram interface ref_path_array_3_PORTB
INFO: Add bram interface u_out_PORTA
INFO: Add bram interface all_params_PORTA
INFO: Calling post_process_vitis to specialize IP
INFO: Calling post_process_sysgen to specialize IP
Generating sysgen info xml from json file
INFO: Created IP /home/tanmay-desai/MPPI_FPGA_DATAFLOW/MPPI_FLOAT_KINEMATIC/MPPI_Float/MPPI_Float/hls/impl/ip/component.xml
INFO: Created IP archive /home/tanmay-desai/MPPI_FPGA_DATAFLOW/MPPI_FLOAT_KINEMATIC/MPPI_Float/MPPI_Float/hls/impl/ip/xilinx_com_hls_calc_control_input_1_0.zip
INFO: [Common 17-206] Exiting Vivado at Wed Feb 18 09:44:39 2026...
INFO: [HLS 200-802] Generated output file MPPI_Float/calc_control_input.zip
INFO: [HLS 200-112] Total CPU user time: 50.76 seconds. Total CPU system time: 0.71 seconds. Total elapsed time: 60.74 seconds; peak allocated memory: 744.926 MB.
INFO: [vitis-run 60-791] Total elapsed time: 0h 1m 4s
