  **** HLS Build v2024.2 5238294
INFO: [HLS 200-2005] Using work_dir /home/tanmay-desai/MPPI_FPGA_DATAFLOW/MPPI_FLOAT_KINEMATIC/MPPI_Float/MPPI_Float 
INFO: [HLS 200-1505] Using default flow_target 'vivado'
Resolution: For help on HLS 200-1505 see docs.xilinx.com/access/sources/dita/topic?Doc_Version=2024.2%20English&url=ug1448-hls-guidance&resourceid=200-1505.html
INFO: [HLS 200-1465] Applying ini 'syn.file=gaussian_noise_gen.cpp' from /home/tanmay-desai/MPPI_FPGA_DATAFLOW/MPPI_FLOAT_KINEMATIC/MPPI_Float/hls_config.cfg(9)
INFO: [HLS 200-10] Adding design file '/home/tanmay-desai/MPPI_FPGA_DATAFLOW/MPPI_FLOAT_KINEMATIC/MPPI_Float/gaussian_noise_gen.cpp' to the project
INFO: [HLS 200-1465] Applying ini 'syn.file=globals.hpp' from /home/tanmay-desai/MPPI_FPGA_DATAFLOW/MPPI_FLOAT_KINEMATIC/MPPI_Float/hls_config.cfg(10)
INFO: [HLS 200-10] Adding design file '/home/tanmay-desai/MPPI_FPGA_DATAFLOW/MPPI_FLOAT_KINEMATIC/MPPI_Float/globals.hpp' to the project
INFO: [HLS 200-1465] Applying ini 'syn.file=datatypes.hpp' from /home/tanmay-desai/MPPI_FPGA_DATAFLOW/MPPI_FLOAT_KINEMATIC/MPPI_Float/hls_config.cfg(11)
INFO: [HLS 200-10] Adding design file '/home/tanmay-desai/MPPI_FPGA_DATAFLOW/MPPI_FLOAT_KINEMATIC/MPPI_Float/datatypes.hpp' to the project
INFO: [HLS 200-1465] Applying ini 'syn.file=compute_weight.cpp' from /home/tanmay-desai/MPPI_FPGA_DATAFLOW/MPPI_FLOAT_KINEMATIC/MPPI_Float/hls_config.cfg(12)
INFO: [HLS 200-10] Adding design file '/home/tanmay-desai/MPPI_FPGA_DATAFLOW/MPPI_FLOAT_KINEMATIC/MPPI_Float/compute_weight.cpp' to the project
INFO: [HLS 200-1465] Applying ini 'syn.file=globals.cpp' from /home/tanmay-desai/MPPI_FPGA_DATAFLOW/MPPI_FLOAT_KINEMATIC/MPPI_Float/hls_config.cfg(13)
INFO: [HLS 200-10] Adding design file '/home/tanmay-desai/MPPI_FPGA_DATAFLOW/MPPI_FLOAT_KINEMATIC/MPPI_Float/globals.cpp' to the project
INFO: [HLS 200-1465] Applying ini 'syn.file=helper.cpp' from /home/tanmay-desai/MPPI_FPGA_DATAFLOW/MPPI_FLOAT_KINEMATIC/MPPI_Float/hls_config.cfg(14)
INFO: [HLS 200-10] Adding design file '/home/tanmay-desai/MPPI_FPGA_DATAFLOW/MPPI_FLOAT_KINEMATIC/MPPI_Float/helper.cpp' to the project
INFO: [HLS 200-1465] Applying ini 'syn.file=costs.cpp' from /home/tanmay-desai/MPPI_FPGA_DATAFLOW/MPPI_FLOAT_KINEMATIC/MPPI_Float/hls_config.cfg(15)
INFO: [HLS 200-10] Adding design file '/home/tanmay-desai/MPPI_FPGA_DATAFLOW/MPPI_FLOAT_KINEMATIC/MPPI_Float/costs.cpp' to the project
INFO: [HLS 200-1465] Applying ini 'syn.file=smoothning_filter.cpp' from /home/tanmay-desai/MPPI_FPGA_DATAFLOW/MPPI_FLOAT_KINEMATIC/MPPI_Float/hls_config.cfg(16)
INFO: [HLS 200-10] Adding design file '/home/tanmay-desai/MPPI_FPGA_DATAFLOW/MPPI_FLOAT_KINEMATIC/MPPI_Float/smoothning_filter.cpp' to the project
INFO: [HLS 200-1465] Applying ini 'syn.file=nearest_neighbor.cpp' from /home/tanmay-desai/MPPI_FPGA_DATAFLOW/MPPI_FLOAT_KINEMATIC/MPPI_Float/hls_config.cfg(17)
INFO: [HLS 200-10] Adding design file '/home/tanmay-desai/MPPI_FPGA_DATAFLOW/MPPI_FLOAT_KINEMATIC/MPPI_Float/nearest_neighbor.cpp' to the project
INFO: [HLS 200-1465] Applying ini 'syn.file=ref_path.hpp' from /home/tanmay-desai/MPPI_FPGA_DATAFLOW/MPPI_FLOAT_KINEMATIC/MPPI_Float/hls_config.cfg(18)
INFO: [HLS 200-10] Adding design file '/home/tanmay-desai/MPPI_FPGA_DATAFLOW/MPPI_FLOAT_KINEMATIC/MPPI_Float/ref_path.hpp' to the project
INFO: [HLS 200-1465] Applying ini 'syn.file=ref_path.cpp' from /home/tanmay-desai/MPPI_FPGA_DATAFLOW/MPPI_FLOAT_KINEMATIC/MPPI_Float/hls_config.cfg(19)
INFO: [HLS 200-10] Adding design file '/home/tanmay-desai/MPPI_FPGA_DATAFLOW/MPPI_FLOAT_KINEMATIC/MPPI_Float/ref_path.cpp' to the project
INFO: [HLS 200-1465] Applying ini 'syn.file=mppi_control.cpp' from /home/tanmay-desai/MPPI_FPGA_DATAFLOW/MPPI_FLOAT_KINEMATIC/MPPI_Float/hls_config.cfg(20)
INFO: [HLS 200-10] Adding design file '/home/tanmay-desai/MPPI_FPGA_DATAFLOW/MPPI_FLOAT_KINEMATIC/MPPI_Float/mppi_control.cpp' to the project
INFO: [HLS 200-1465] Applying ini 'syn.file=dynamics.cpp' from /home/tanmay-desai/MPPI_FPGA_DATAFLOW/MPPI_FLOAT_KINEMATIC/MPPI_Float/hls_config.cfg(21)
INFO: [HLS 200-10] Adding design file '/home/tanmay-desai/MPPI_FPGA_DATAFLOW/MPPI_FLOAT_KINEMATIC/MPPI_Float/dynamics.cpp' to the project
INFO: [HLS 200-1465] Applying ini 'syn.file=clip.cpp' from /home/tanmay-desai/MPPI_FPGA_DATAFLOW/MPPI_FLOAT_KINEMATIC/MPPI_Float/hls_config.cfg(22)
INFO: [HLS 200-10] Adding design file '/home/tanmay-desai/MPPI_FPGA_DATAFLOW/MPPI_FLOAT_KINEMATIC/MPPI_Float/clip.cpp' to the project
INFO: [HLS 200-1465] Applying ini 'tb.file=tb.cpp' from /home/tanmay-desai/MPPI_FPGA_DATAFLOW/MPPI_FLOAT_KINEMATIC/MPPI_Float/hls_config.cfg(8)
INFO: [HLS 200-10] Adding test bench file '/home/tanmay-desai/MPPI_FPGA_DATAFLOW/MPPI_FLOAT_KINEMATIC/MPPI_Float/tb.cpp' to the project
INFO: [HLS 200-1465] Applying ini 'syn.top=calc_control_input' from /home/tanmay-desai/MPPI_FPGA_DATAFLOW/MPPI_FLOAT_KINEMATIC/MPPI_Float/hls_config.cfg(23)
INFO: [HLS 200-1465] Applying ini 'flow_target=vivado' from /home/tanmay-desai/MPPI_FPGA_DATAFLOW/MPPI_FLOAT_KINEMATIC/MPPI_Float/hls_config.cfg(4)
INFO: [HLS 200-1505] Using flow_target 'vivado'
Resolution: For help on HLS 200-1505 see docs.xilinx.com/access/sources/dita/topic?Doc_Version=2024.2%20English&url=ug1448-hls-guidance&resourceid=200-1505.html
INFO: [HLS 200-1465] Applying ini 'part=xczu9eg-ffvb1156-2-e' from /home/tanmay-desai/MPPI_FPGA_DATAFLOW/MPPI_FLOAT_KINEMATIC/MPPI_Float/hls_config.cfg(1)
INFO: [HLS 200-1611] Setting target device to 'xczu9eg-ffvb1156-2-e'
INFO: [HLS 200-1465] Applying ini 'clock=5' from /home/tanmay-desai/MPPI_FPGA_DATAFLOW/MPPI_FLOAT_KINEMATIC/MPPI_Float/hls_config.cfg(7)
INFO: [SYN 201-201] Setting up clock 'default' with a period of 5ns.
INFO: [HLS 200-1465] Applying ini 'csim.clean=1' from /home/tanmay-desai/MPPI_FPGA_DATAFLOW/MPPI_FLOAT_KINEMATIC/MPPI_Float/hls_config.cfg(24)
INFO: [HLS 200-1465] Applying ini 'csim.code_analyzer=0' from /home/tanmay-desai/MPPI_FPGA_DATAFLOW/MPPI_FLOAT_KINEMATIC/MPPI_Float/hls_config.cfg(25)
INFO: [HLS 200-1465] Applying ini 'csim.sanitize_address=0' from /home/tanmay-desai/MPPI_FPGA_DATAFLOW/MPPI_FLOAT_KINEMATIC/MPPI_Float/hls_config.cfg(26)
INFO: [HLS 200-1465] Applying ini 'csim.sanitize_undefined=0' from /home/tanmay-desai/MPPI_FPGA_DATAFLOW/MPPI_FLOAT_KINEMATIC/MPPI_Float/hls_config.cfg(28)
INFO: [HLS 200-1465] Applying ini 'package.output.format=ip_catalog' from /home/tanmay-desai/MPPI_FPGA_DATAFLOW/MPPI_FLOAT_KINEMATIC/MPPI_Float/hls_config.cfg(5)
INFO: [HLS 200-1465] Applying ini 'syn.dataflow.default_channel=fifo' from /home/tanmay-desai/MPPI_FPGA_DATAFLOW/MPPI_FLOAT_KINEMATIC/MPPI_Float/hls_config.cfg(27)
INFO: [XFORM 203-701] Set the default channel type in dataflow to FIFO.
INFO: [SIM 211-2] *************** CSIM start ***************
INFO: [SIM 211-4] CSIM will launch CLANG as the compiler.
INFO: [HLS 200-2036] Building debug C Simulation binaries
   Compiling ../../../../tb.cpp in debug mode
   Compiling ../../../../clip.cpp in debug mode
   Compiling ../../../../dynamics.cpp in debug mode
   Compiling ../../../../mppi_control.cpp in debug mode
   Compiling ../../../../ref_path.cpp in debug mode
   Compiling ../../../../nearest_neighbor.cpp in debug mode
   Compiling ../../../../smoothning_filter.cpp in debug mode
   Compiling ../../../../costs.cpp in debug mode
   Compiling ../../../../helper.cpp in debug mode
   Compiling ../../../../globals.cpp in debug mode
   Compiling ../../../../compute_weight.cpp in debug mode
   Compiling ../../../../gaussian_noise_gen.cpp in debug mode
   Generating csim.exe
[INFO] Start simulation of pathtracking with MPPI controller
[INFO] delta_t: 0.04[s], sim_steps: 1000[steps], total_sim_time: 40[s]
Time: 0.00[s], x=0.00000[m], y=0.00000[m], yaw=0.00000[rad], v=0.00000[m/s], steer=-0.31571[rad], accel=1.51075[m/s^2]
Time: 0.04[s], x=0.00000[m], y=0.00000[m], yaw=0.00000[rad], v=0.06043[m/s], steer=0.05446[rad], accel=2.00000[m/s^2]
Time: 0.08[s], x=0.00242[m], y=0.00000[m], yaw=0.00005[rad], v=0.14043[m/s], steer=0.33834[rad], accel=2.00000[m/s^2]
Time: 0.12[s], x=0.00803[m], y=0.00000[m], yaw=0.00084[rad], v=0.22043[m/s], steer=0.40713[rad], accel=2.00000[m/s^2]
Time: 0.16[s], x=0.01685[m], y=0.00001[m], yaw=0.00236[rad], v=0.30043[m/s], steer=0.52300[rad], accel=2.00000[m/s^2]
Time: 0.20[s], x=0.02887[m], y=0.00004[m], yaw=0.00514[rad], v=0.38043[m/s], steer=0.52300[rad], accel=2.00000[m/s^2]
Time: 0.24[s], x=0.04409[m], y=0.00011[m], yaw=0.00865[rad], v=0.46043[m/s], steer=0.52300[rad], accel=2.00000[m/s^2]
Time: 0.28[s], x=0.06250[m], y=0.00027[m], yaw=0.01289[rad], v=0.54043[m/s], steer=0.52300[rad], accel=2.00000[m/s^2]
Time: 0.32[s], x=0.08412[m], y=0.00055[m], yaw=0.01788[rad], v=0.62043[m/s], steer=0.42216[rad], accel=2.00000[m/s^2]
Time: 0.36[s], x=0.10893[m], y=0.00100[m], yaw=0.02234[rad], v=0.70043[m/s], steer=0.33998[rad], accel=2.00000[m/s^2]
Time: 0.40[s], x=0.13694[m], y=0.00162[m], yaw=0.02630[rad], v=0.78043[m/s], steer=0.41567[rad], accel=2.00000[m/s^2]
Time: 0.44[s], x=0.16815[m], y=0.00244[m], yaw=0.03181[rad], v=0.86043[m/s], steer=0.39978[rad], accel=2.00000[m/s^2]
Time: 0.48[s], x=0.20255[m], y=0.00354[m], yaw=0.03763[rad], v=0.94043[m/s], steer=0.38998[rad], accel=2.00000[m/s^2]
Time: 0.52[s], x=0.24014[m], y=0.00495[m], yaw=0.04381[rad], v=1.02043[m/s], steer=0.46426[rad], accel=2.00000[m/s^2]
Time: 0.56[s], x=0.28092[m], y=0.00674[m], yaw=0.05199[rad], v=1.10043[m/s], steer=0.18301[rad], accel=2.00000[m/s^2]
Time: 0.60[s], x=0.32487[m], y=0.00903[m], yaw=0.05525[rad], v=1.18043[m/s], steer=0.14683[rad], accel=2.00000[m/s^2]
Time: 0.64[s], x=0.37202[m], y=0.01163[m], yaw=0.05804[rad], v=1.26043[m/s], steer=0.13480[rad], accel=2.00000[m/s^2]
Time: 0.68[s], x=0.42235[m], y=0.01456[m], yaw=0.06078[rad], v=1.34043[m/s], steer=0.15708[rad], accel=2.00000[m/s^2]
Time: 0.72[s], x=0.47587[m], y=0.01782[m], yaw=0.06417[rad], v=1.42043[m/s], steer=0.19409[rad], accel=2.00000[m/s^2]
Time: 0.76[s], x=0.53257[m], y=0.02146[m], yaw=0.06864[rad], v=1.50043[m/s], steer=0.26366[rad], accel=2.00000[m/s^2]
Time: 0.80[s], x=0.59245[m], y=0.02558[m], yaw=0.07512[rad], v=1.58043[m/s], steer=0.23917[rad], accel=2.00000[m/s^2]
Time: 0.84[s], x=0.65548[m], y=0.03032[m], yaw=0.08129[rad], v=1.66043[m/s], steer=0.20044[rad], accel=2.00000[m/s^2]
Time: 0.88[s], x=0.72168[m], y=0.03571[m], yaw=0.08669[rad], v=1.74043[m/s], steer=0.16476[rad], accel=2.00000[m/s^2]
Time: 0.92[s], x=0.79104[m], y=0.04174[m], yaw=0.09131[rad], v=1.82043[m/s], steer=0.13734[rad], accel=2.00000[m/s^2]
Time: 0.96[s], x=0.86355[m], y=0.04838[m], yaw=0.09534[rad], v=1.90043[m/s], steer=0.12456[rad], accel=2.00000[m/s^2]
Time: 1.00[s], x=0.93922[m], y=0.05562[m], yaw=0.09915[rad], v=1.98043[m/s], steer=0.13594[rad], accel=2.00000[m/s^2]
Time: 1.04[s], x=1.01805[m], y=0.06346[m], yaw=0.10348[rad], v=2.06043[m/s], steer=0.14494[rad], accel=2.00000[m/s^2]
Time: 1.08[s], x=1.10003[m], y=0.07197[m], yaw=0.10829[rad], v=2.14043[m/s], steer=0.14828[rad], accel=2.00000[m/s^2]
Time: 1.12[s], x=1.18514[m], y=0.08123[m], yaw=0.11341[rad], v=2.22043[m/s], steer=0.13873[rad], accel=2.00000[m/s^2]
Time: 1.16[s], x=1.27339[m], y=0.09128[m], yaw=0.11837[rad], v=2.30043[m/s], steer=0.12585[rad], accel=2.00000[m/s^2]
Time: 1.20[s], x=1.36476[m], y=0.10214[m], yaw=0.12303[rad], v=2.38043[m/s], steer=0.11031[rad], accel=2.00000[m/s^2]
Time: 1.24[s], x=1.45926[m], y=0.11383[m], yaw=0.12725[rad], v=2.46043[m/s], steer=0.09488[rad], accel=2.00000[m/s^2]
Time: 1.28[s], x=1.55688[m], y=0.12632[m], yaw=0.13099[rad], v=2.54043[m/s], steer=0.08443[rad], accel=2.00000[m/s^2]
Time: 1.32[s], x=1.65763[m], y=0.13959[m], yaw=0.13443[rad], v=2.62043[m/s], steer=0.07169[rad], accel=2.00000[m/s^2]
Time: 1.36[s], x=1.76150[m], y=0.15364[m], yaw=0.13744[rad], v=2.70043[m/s], steer=0.06100[rad], accel=2.00000[m/s^2]
Time: 1.40[s], x=1.86850[m], y=0.16844[m], yaw=0.14008[rad], v=2.78043[m/s], steer=0.05209[rad], accel=2.00000[m/s^2]
Time: 1.44[s], x=1.97863[m], y=0.18397[m], yaw=0.14240[rad], v=2.86043[m/s], steer=0.03651[rad], accel=2.00000[m/s^2]
Time: 1.48[s], x=2.09189[m], y=0.20021[m], yaw=0.14407[rad], v=2.94043[m/s], steer=0.02368[rad], accel=2.00000[m/s^2]
Time: 1.52[s], x=2.20828[m], y=0.21709[m], yaw=0.14519[rad], v=3.02043[m/s], steer=0.00265[rad], accel=2.00000[m/s^2]
Time: 1.56[s], x=2.32783[m], y=0.23457[m], yaw=0.14532[rad], v=3.10043[m/s], steer=-0.01291[rad], accel=2.00000[m/s^2]
Time: 1.60[s], x=2.45054[m], y=0.25253[m], yaw=0.14467[rad], v=3.18043[m/s], steer=-0.03178[rad], accel=2.00000[m/s^2]
Time: 1.64[s], x=2.57643[m], y=0.27087[m], yaw=0.14306[rad], v=3.26043[m/s], steer=-0.04041[rad], accel=2.00000[m/s^2]
Time: 1.68[s], x=2.70551[m], y=0.28947[m], yaw=0.14095[rad], v=3.34043[m/s], steer=-0.05556[rad], accel=2.00000[m/s^2]
Time: 1.72[s], x=2.83781[m], y=0.30824[m], yaw=0.13798[rad], v=3.42043[m/s], steer=-0.05631[rad], accel=2.00000[m/s^2]
Time: 1.76[s], x=2.97332[m], y=0.32705[m], yaw=0.13489[rad], v=3.50043[m/s], steer=-0.06256[rad], accel=2.00000[m/s^2]
Time: 1.80[s], x=3.11207[m], y=0.34588[m], yaw=0.13138[rad], v=3.58043[m/s], steer=-0.06351[rad], accel=2.00000[m/s^2]
Time: 1.84[s], x=3.25405[m], y=0.36465[m], yaw=0.12774[rad], v=3.66043[m/s], steer=-0.07200[rad], accel=2.00000[m/s^2]
Time: 1.88[s], x=3.39927[m], y=0.38330[m], yaw=0.12351[rad], v=3.74043[m/s], steer=-0.07758[rad], accel=2.00000[m/s^2]
Time: 1.92[s], x=3.54775[m], y=0.40173[m], yaw=0.11886[rad], v=3.82043[m/s], steer=-0.07070[rad], accel=2.00000[m/s^2]
Time: 1.96[s], x=3.69949[m], y=0.41985[m], yaw=0.11453[rad], v=3.90043[m/s], steer=-0.06806[rad], accel=2.00000[m/s^2]
Time: 2.00[s], x=3.85449[m], y=0.43768[m], yaw=0.11028[rad], v=3.98043[m/s], steer=-0.05259[rad], accel=1.96996[m/s^2]
Time: 2.04[s], x=4.01274[m], y=0.45521[m], yaw=0.10693[rad], v=4.05923[m/s], steer=-0.04812[rad], accel=1.84805[m/s^2]
Time: 2.08[s], x=4.17418[m], y=0.47253[m], yaw=0.10380[rad], v=4.13315[m/s], steer=-0.05134[rad], accel=1.71897[m/s^2]
Time: 2.12[s], x=4.33861[m], y=0.48966[m], yaw=0.10040[rad], v=4.20191[m/s], steer=-0.04986[rad], accel=1.56224[m/s^2]
Time: 2.16[s], x=4.50584[m], y=0.50651[m], yaw=0.09705[rad], v=4.26440[m/s], steer=-0.05512[rad], accel=1.41765[m/s^2]
Time: 2.20[s], x=4.67562[m], y=0.52304[m], yaw=0.09328[rad], v=4.32110[m/s], steer=-0.05410[rad], accel=1.27415[m/s^2]
Time: 2.24[s], x=4.84771[m], y=0.53914[m], yaw=0.08954[rad], v=4.37207[m/s], steer=-0.03634[rad], accel=1.10914[m/s^2]
Time: 2.28[s], x=5.02189[m], y=0.55478[m], yaw=0.08699[rad], v=4.41643[m/s], steer=-0.02861[rad], accel=0.95274[m/s^2]
Time: 2.32[s], x=5.19788[m], y=0.57013[m], yaw=0.08497[rad], v=4.45454[m/s], steer=-0.02941[rad], accel=0.81013[m/s^2]
Time: 2.36[s], x=5.37542[m], y=0.58525[m], yaw=0.08288[rad], v=4.48695[m/s], steer=-0.01568[rad], accel=0.68200[m/s^2]
Time: 2.40[s], x=5.55428[m], y=0.60010[m], yaw=0.08175[rad], v=4.51423[m/s], steer=0.00194[rad], accel=0.53956[m/s^2]
Time: 2.44[s], x=5.73425[m], y=0.61485[m], yaw=0.08189[rad], v=4.53581[m/s], steer=-0.00411[rad], accel=0.40578[m/s^2]
Time: 2.48[s], x=5.91507[m], y=0.62969[m], yaw=0.08159[rad], v=4.55204[m/s], steer=-0.00889[rad], accel=0.30021[m/s^2]
Time: 2.52[s], x=6.09655[m], y=0.64453[m], yaw=0.08094[rad], v=4.56405[m/s], steer=-0.00603[rad], accel=0.17466[m/s^2]
Time: 2.56[s], x=6.27851[m], y=0.65929[m], yaw=0.08050[rad], v=4.57104[m/s], steer=-0.00584[rad], accel=0.07117[m/s^2]
Time: 2.60[s], x=6.46076[m], y=0.67400[m], yaw=0.08008[rad], v=4.57388[m/s], steer=-0.01325[rad], accel=-0.00655[m/s^2]
Time: 2.64[s], x=6.64313[m], y=0.68863[m], yaw=0.07911[rad], v=4.57362[m/s], steer=-0.02054[rad], accel=-0.06746[m/s^2]
Time: 2.68[s], x=6.82550[m], y=0.70309[m], yaw=0.07760[rad], v=4.57092[m/s], steer=-0.01053[rad], accel=-0.14776[m/s^2]
Time: 2.72[s], x=7.00779[m], y=0.71726[m], yaw=0.07683[rad], v=4.56501[m/s], steer=-0.02101[rad], accel=-0.20628[m/s^2]
Time: 2.76[s], x=7.18985[m], y=0.73128[m], yaw=0.07530[rad], v=4.55676[m/s], steer=-0.02827[rad], accel=-0.24362[m/s^2]
Time: 2.80[s], x=7.37161[m], y=0.74499[m], yaw=0.07324[rad], v=4.54702[m/s], steer=-0.02224[rad], accel=-0.29622[m/s^2]
Time: 2.84[s], x=7.55300[m], y=0.75830[m], yaw=0.07162[rad], v=4.53517[m/s], steer=-0.02237[rad], accel=-0.33296[m/s^2]
Time: 2.88[s], x=7.73394[m], y=0.77128[m], yaw=0.06999[rad], v=4.52185[m/s], steer=-0.01179[rad], accel=-0.35344[m/s^2]
Time: 2.92[s], x=7.91437[m], y=0.78393[m], yaw=0.06914[rad], v=4.50771[m/s], steer=-0.01207[rad], accel=-0.36030[m/s^2]
Time: 2.96[s], x=8.09425[m], y=0.79639[m], yaw=0.06827[rad], v=4.49330[m/s], steer=-0.01061[rad], accel=-0.38911[m/s^2]
Time: 3.00[s], x=8.27356[m], y=0.80865[m], yaw=0.06751[rad], v=4.47774[m/s], steer=-0.00980[rad], accel=-0.40317[m/s^2]
Time: 3.04[s], x=8.45226[m], y=0.82073[m], yaw=0.06681[rad], v=4.46161[m/s], steer=-0.01084[rad], accel=-0.40244[m/s^2]
Time: 3.08[s], x=8.63033[m], y=0.83264[m], yaw=0.06603[rad], v=4.44551[m/s], steer=-0.01486[rad], accel=-0.38593[m/s^2]
Time: 3.12[s], x=8.80776[m], y=0.84438[m], yaw=0.06498[rad], v=4.43007[m/s], steer=-0.01106[rad], accel=-0.39840[m/s^2]
Time: 3.16[s], x=8.98459[m], y=0.85588[m], yaw=0.06419[rad], v=4.41414[m/s], steer=-0.00890[rad], accel=-0.39453[m/s^2]
Time: 3.20[s], x=9.16079[m], y=0.86721[m], yaw=0.06356[rad], v=4.39836[m/s], steer=-0.01099[rad], accel=-0.38025[m/s^2]
Time: 3.24[s], x=9.33637[m], y=0.87838[m], yaw=0.06279[rad], v=4.38315[m/s], steer=-0.00513[rad], accel=-0.39273[m/s^2]
Time: 3.28[s], x=9.51135[m], y=0.88939[m], yaw=0.06243[rad], v=4.36744[m/s], steer=-0.00611[rad], accel=-0.39143[m/s^2]
Time: 3.32[s], x=9.68571[m], y=0.90028[m], yaw=0.06200[rad], v=4.35178[m/s], steer=-0.00734[rad], accel=-0.37277[m/s^2]
Time: 3.36[s], x=9.85945[m], y=0.91107[m], yaw=0.06149[rad], v=4.33687[m/s], steer=-0.00315[rad], accel=-0.37897[m/s^2]
Time: 3.40[s], x=10.03259[m], y=0.92173[m], yaw=0.06127[rad], v=4.32171[m/s], steer=-0.00540[rad], accel=-0.37602[m/s^2]
Time: 3.44[s], x=10.20514[m], y=0.93232[m], yaw=0.06090[rad], v=4.30667[m/s], steer=-0.01112[rad], accel=-0.35777[m/s^2]
Time: 3.48[s], x=10.37709[m], y=0.94280[m], yaw=0.06013[rad], v=4.29236[m/s], steer=-0.01415[rad], accel=-0.32581[m/s^2]
Time: 3.52[s], x=10.54847[m], y=0.95312[m], yaw=0.05916[rad], v=4.27933[m/s], steer=-0.01274[rad], accel=-0.32223[m/s^2]
Time: 3.56[s], x=10.71934[m], y=0.96324[m], yaw=0.05829[rad], v=4.26644[m/s], steer=-0.00996[rad], accel=-0.30886[m/s^2]
Time: 3.60[s], x=10.88971[m], y=0.97318[m], yaw=0.05761[rad], v=4.25408[m/s], steer=-0.00991[rad], accel=-0.28352[m/s^2]
Time: 3.64[s], x=11.05959[m], y=0.98298[m], yaw=0.05693[rad], v=4.24274[m/s], steer=-0.00755[rad], accel=-0.29299[m/s^2]
Time: 3.68[s], x=11.22903[m], y=0.99264[m], yaw=0.05642[rad], v=4.23102[m/s], steer=-0.01092[rad], accel=-0.28276[m/s^2]
Time: 3.72[s], x=11.39800[m], y=1.00218[m], yaw=0.05568[rad], v=4.21971[m/s], steer=-0.01239[rad], accel=-0.25891[m/s^2]
Time: 3.76[s], x=11.56653[m], y=1.01157[m], yaw=0.05485[rad], v=4.20936[m/s], steer=-0.01015[rad], accel=-0.26568[m/s^2]
Time: 3.80[s], x=11.73465[m], y=1.02080[m], yaw=0.05416[rad], v=4.19873[m/s], steer=-0.01067[rad], accel=-0.25811[m/s^2]
Time: 3.84[s], x=11.90235[m], y=1.02990[m], yaw=0.05345[rad], v=4.18840[m/s], steer=-0.01303[rad], accel=-0.23799[m/s^2]
Time: 3.88[s], x=12.06965[m], y=1.03885[m], yaw=0.05257[rad], v=4.17888[m/s], steer=-0.00853[rad], accel=-0.24517[m/s^2]
Time: 3.92[s], x=12.23657[m], y=1.04763[m], yaw=0.05200[rad], v=4.16908[m/s], steer=-0.00865[rad], accel=-0.23425[m/s^2]
Time: 3.96[s], x=12.40311[m], y=1.05630[m], yaw=0.05143[rad], v=4.15971[m/s], steer=-0.00987[rad], accel=-0.21272[m/s^2]
Time: 4.00[s], x=12.56928[m], y=1.06485[m], yaw=0.05077[rad], v=4.15120[m/s], steer=-0.00367[rad], accel=-0.22082[m/s^2]
Time: 4.04[s], x=12.73511[m], y=1.07328[m], yaw=0.05052[rad], v=4.14237[m/s], steer=-0.00107[rad], accel=-0.21080[m/s^2]
Time: 4.08[s], x=12.90059[m], y=1.08165[m], yaw=0.05045[rad], v=4.13393[m/s], steer=-0.00421[rad], accel=-0.18824[m/s^2]
Time: 4.12[s], x=13.06574[m], y=1.08998[m], yaw=0.05017[rad], v=4.12640[m/s], steer=-0.00166[rad], accel=-0.19248[m/s^2]
Time: 4.16[s], x=13.23059[m], y=1.09826[m], yaw=0.05006[rad], v=4.11871[m/s], steer=-0.00626[rad], accel=-0.18220[m/s^2]
Time: 4.20[s], x=13.39513[m], y=1.10651[m], yaw=0.04965[rad], v=4.11142[m/s], steer=-0.00813[rad], accel=-0.15986[m/s^2]
Time: 4.24[s], x=13.55939[m], y=1.11467[m], yaw=0.04912[rad], v=4.10502[m/s], steer=-0.00059[rad], accel=-0.16338[m/s^2]
Time: 4.28[s], x=13.72339[m], y=1.12273[m], yaw=0.04908[rad], v=4.09849[m/s], steer=-0.00324[rad], accel=-0.15198[m/s^2]
Time: 4.32[s], x=13.88713[m], y=1.13077[m], yaw=0.04887[rad], v=4.09241[m/s], steer=-0.00430[rad], accel=-0.12593[m/s^2]
Time: 4.36[s], x=14.05063[m], y=1.13877[m], yaw=0.04858[rad], v=4.08737[m/s], steer=-0.00541[rad], accel=-0.13300[m/s^2]
Time: 4.40[s], x=14.21393[m], y=1.14671[m], yaw=0.04823[rad], v=4.08205[m/s], steer=-0.00798[rad], accel=-0.12056[m/s^2]
Time: 4.44[s], x=14.37703[m], y=1.15458[m], yaw=0.04771[rad], v=4.07723[m/s], steer=-0.00996[rad], accel=-0.09909[m/s^2]
Time: 4.48[s], x=14.53993[m], y=1.16236[m], yaw=0.04706[rad], v=4.07327[m/s], steer=-0.00960[rad], accel=-0.10411[m/s^2]
Time: 4.52[s], x=14.70268[m], y=1.17003[m], yaw=0.04643[rad], v=4.06910[m/s], steer=-0.00840[rad], accel=-0.09521[m/s^2]
Time: 4.56[s], x=14.86527[m], y=1.17758[m], yaw=0.04589[rad], v=4.06529[m/s], steer=-0.00897[rad], accel=-0.10957[m/s^2]
Time: 4.60[s], x=15.02771[m], y=1.18504[m], yaw=0.04530[rad], v=4.06091[m/s], steer=-0.00927[rad], accel=-0.11087[m/s^2]
Time: 4.64[s], x=15.18998[m], y=1.19240[m], yaw=0.04470[rad], v=4.05648[m/s], steer=-0.00956[rad], accel=-0.09650[m/s^2]
Time: 4.68[s], x=15.35208[m], y=1.19965[m], yaw=0.04408[rad], v=4.05262[m/s], steer=-0.00677[rad], accel=-0.10579[m/s^2]
Time: 4.72[s], x=15.51402[m], y=1.20679[m], yaw=0.04364[rad], v=4.04838[m/s], steer=-0.00567[rad], accel=-0.10372[m/s^2]
Time: 4.76[s], x=15.67580[m], y=1.21386[m], yaw=0.04327[rad], v=4.04423[m/s], steer=-0.00404[rad], accel=-0.08548[m/s^2]
Time: 4.80[s], x=15.83742[m], y=1.22085[m], yaw=0.04301[rad], v=4.04082[m/s], steer=-0.00382[rad], accel=-0.08970[m/s^2]
Time: 4.84[s], x=15.99891[m], y=1.22780[m], yaw=0.04277[rad], v=4.03723[m/s], steer=-0.00498[rad], accel=-0.07752[m/s^2]
Time: 4.88[s], x=16.16025[m], y=1.23471[m], yaw=0.04245[rad], v=4.03413[m/s], steer=-0.00820[rad], accel=-0.05480[m/s^2]
Time: 4.92[s], x=16.32147[m], y=1.24156[m], yaw=0.04192[rad], v=4.03193[m/s], steer=-0.00477[rad], accel=-0.05371[m/s^2]
Time: 4.96[s], x=16.48260[m], y=1.24831[m], yaw=0.04161[rad], v=4.02979[m/s], steer=-0.00616[rad], accel=-0.03918[m/s^2]
Time: 5.00[s], x=16.64366[m], y=1.25502[m], yaw=0.04121[rad], v=4.02822[m/s], steer=-0.00517[rad], accel=-0.01297[m/s^2]
Time: 5.04[s], x=16.80465[m], y=1.26166[m], yaw=0.04088[rad], v=4.02770[m/s], steer=-0.00781[rad], accel=-0.01252[m/s^2]
Time: 5.08[s], x=16.96562[m], y=1.26824[m], yaw=0.04037[rad], v=4.02720[m/s], steer=-0.01055[rad], accel=0.00378[m/s^2]
Time: 5.12[s], x=17.12658[m], y=1.27474[m], yaw=0.03970[rad], v=4.02735[m/s], steer=-0.01124[rad], accel=0.02632[m/s^2]
Time: 5.16[s], x=17.28754[m], y=1.28114[m], yaw=0.03897[rad], v=4.02840[m/s], steer=-0.00880[rad], accel=0.02191[m/s^2]
Time: 5.20[s], x=17.44856[m], y=1.28741[m], yaw=0.03840[rad], v=4.02928[m/s], steer=-0.00744[rad], accel=0.02928[m/s^2]
Time: 5.24[s], x=17.60961[m], y=1.29360[m], yaw=0.03792[rad], v=4.03045[m/s], steer=-0.00536[rad], accel=0.00802[m/s^2]
Time: 5.28[s], x=17.77071[m], y=1.29971[m], yaw=0.03758[rad], v=4.03077[m/s], steer=-0.00345[rad], accel=0.00554[m/s^2]
Time: 5.32[s], x=17.93183[m], y=1.30577[m], yaw=0.03736[rad], v=4.03099[m/s], steer=-0.00234[rad], accel=0.01005[m/s^2]
Time: 5.36[s], x=18.09296[m], y=1.31179[m], yaw=0.03720[rad], v=4.03140[m/s], steer=0.00308[rad], accel=-0.01354[m/s^2]
Time: 5.40[s], x=18.25410[m], y=1.31779[m], yaw=0.03740[rad], v=4.03085[m/s], steer=-0.00337[rad], accel=-0.01571[m/s^2]
Time: 5.44[s], x=18.41522[m], y=1.32382[m], yaw=0.03719[rad], v=4.03023[m/s], steer=-0.00267[rad], accel=-0.00894[m/s^2]
Time: 5.48[s], x=18.57632[m], y=1.32981[m], yaw=0.03701[rad], v=4.02987[m/s], steer=0.01889[rad], accel=-0.01970[m/s^2]
Time: 5.52[s], x=18.73741[m], y=1.33578[m], yaw=0.03823[rad], v=4.02908[m/s], steer=-0.00294[rad], accel=-0.01774[m/s^2]
Time: 5.56[s], x=18.89845[m], y=1.34194[m], yaw=0.03804[rad], v=4.02837[m/s], steer=-0.01187[rad], accel=-0.00214[m/s^2]
Time: 5.60[s], x=19.05947[m], y=1.34807[m], yaw=0.03728[rad], v=4.02829[m/s], steer=-0.01171[rad], accel=-0.00864[m/s^2]
Time: 5.64[s], x=19.22049[m], y=1.35407[m], yaw=0.03652[rad], v=4.02794[m/s], steer=0.01623[rad], accel=-0.00035[m/s^2]
Time: 5.68[s], x=19.38150[m], y=1.35996[m], yaw=0.03757[rad], v=4.02793[m/s], steer=-0.00522[rad], accel=0.01629[m/s^2]
Time: 5.72[s], x=19.54251[m], y=1.36601[m], yaw=0.03723[rad], v=4.02858[m/s], steer=-0.02240[rad], accel=0.00948[m/s^2]
Time: 5.76[s], x=19.70354[m], y=1.37201[m], yaw=0.03579[rad], v=4.02896[m/s], steer=0.00272[rad], accel=0.02141[m/s^2]
Time: 5.80[s], x=19.86459[m], y=1.37777[m], yaw=0.03596[rad], v=4.02981[m/s], steer=0.01942[rad], accel=0.01120[m/s^2]
Time: 5.84[s], x=20.02568[m], y=1.38357[m], yaw=0.03722[rad], v=4.03026[m/s], steer=-0.00152[rad], accel=0.00022[m/s^2]
Time: 5.88[s], x=20.18678[m], y=1.38957[m], yaw=0.03712[rad], v=4.03027[m/s], steer=-0.00507[rad], accel=0.01195[m/s^2]
Time: 5.92[s], x=20.34788[m], y=1.39555[m], yaw=0.03679[rad], v=4.03075[m/s], steer=0.01206[rad], accel=-0.00656[m/s^2]
Time: 5.96[s], x=20.50900[m], y=1.40148[m], yaw=0.03757[rad], v=4.03049[m/s], steer=-0.00427[rad], accel=0.00037[m/s^2]
Time: 6.00[s], x=20.67011[m], y=1.40753[m], yaw=0.03729[rad], v=4.03050[m/s], steer=-0.02635[rad], accel=0.01761[m/s^2]
Time: 6.04[s], x=20.83121[m], y=1.41354[m], yaw=0.03559[rad], v=4.03120[m/s], steer=-0.01826[rad], accel=0.00503[m/s^2]
Time: 6.08[s], x=20.99236[m], y=1.41928[m], yaw=0.03442[rad], v=4.03141[m/s], steer=0.00313[rad], accel=0.01000[m/s^2]
Time: 6.12[s], x=21.15352[m], y=1.42483[m], yaw=0.03462[rad], v=4.03181[m/s], steer=0.00111[rad], accel=0.02125[m/s^2]
Time: 6.16[s], x=21.31470[m], y=1.43041[m], yaw=0.03469[rad], v=4.03266[m/s], steer=-0.00057[rad], accel=0.00970[m/s^2]
Time: 6.20[s], x=21.47591[m], y=1.43601[m], yaw=0.03465[rad], v=4.03304[m/s], steer=0.00996[rad], accel=0.01515[m/s^2]
Time: 6.24[s], x=21.63713[m], y=1.44160[m], yaw=0.03529[rad], v=4.03365[m/s], steer=0.01555[rad], accel=0.03703[m/s^2]
Time: 6.28[s], x=21.79838[m], y=1.44729[m], yaw=0.03630[rad], v=4.03513[m/s], steer=0.00343[rad], accel=0.03703[m/s^2]
Time: 6.32[s], x=21.95967[m], y=1.45315[m], yaw=0.03652[rad], v=4.03661[m/s], steer=-0.01169[rad], accel=0.04525[m/s^2]
Time: 6.36[s], x=22.12103[m], y=1.45904[m], yaw=0.03576[rad], v=4.03842[m/s], steer=-0.01801[rad], accel=0.01909[m/s^2]
Time: 6.40[s], x=22.28246[m], y=1.46482[m], yaw=0.03460[rad], v=4.03919[m/s], steer=-0.01145[rad], accel=0.01608[m/s^2]
Time: 6.44[s], x=22.44394[m], y=1.47041[m], yaw=0.03386[rad], v=4.03983[m/s], steer=-0.01429[rad], accel=0.01766[m/s^2]
Time: 6.48[s], x=22.60544[m], y=1.47588[m], yaw=0.03294[rad], v=4.04054[m/s], steer=-0.00971[rad], accel=-0.00286[m/s^2]
Time: 6.52[s], x=22.76697[m], y=1.48120[m], yaw=0.03231[rad], v=4.04042[m/s], steer=-0.00339[rad], accel=-0.00088[m/s^2]
Time: 6.56[s], x=22.92850[m], y=1.48642[m], yaw=0.03209[rad], v=4.04039[m/s], steer=-0.00118[rad], accel=0.00705[m/s^2]
Time: 6.60[s], x=23.09003[m], y=1.49161[m], yaw=0.03201[rad], v=4.04067[m/s], steer=-0.00570[rad], accel=-0.01137[m/s^2]
Time: 6.64[s], x=23.25158[m], y=1.49678[m], yaw=0.03165[rad], v=4.04021[m/s], steer=-0.00787[rad], accel=0.00037[m/s^2]
Time: 6.68[s], x=23.41311[m], y=1.50189[m], yaw=0.03114[rad], v=4.04023[m/s], steer=-0.01197[rad], accel=0.01669[m/s^2]
Time: 6.72[s], x=23.57464[m], y=1.50692[m], yaw=0.03036[rad], v=4.04090[m/s], steer=-0.00471[rad], accel=0.00640[m/s^2]
Time: 6.76[s], x=23.73620[m], y=1.51183[m], yaw=0.03006[rad], v=4.04115[m/s], steer=-0.00567[rad], accel=0.01256[m/s^2]
Time: 6.80[s], x=23.89777[m], y=1.51669[m], yaw=0.02969[rad], v=4.04166[m/s], steer=-0.00288[rad], accel=0.03646[m/s^2]
Time: 6.84[s], x=24.05937[m], y=1.52149[m], yaw=0.02951[rad], v=4.04311[m/s], steer=0.00124[rad], accel=0.03762[m/s^2]
Time: 6.88[s], x=24.22102[m], y=1.52626[m], yaw=0.02959[rad], v=4.04462[m/s], steer=-0.00121[rad], accel=0.05012[m/s^2]
Time: 6.92[s], x=24.38274[m], y=1.53105[m], yaw=0.02951[rad], v=4.04662[m/s], steer=-0.01280[rad], accel=0.07100[m/s^2]
Time: 6.96[s], x=24.54453[m], y=1.53582[m], yaw=0.02868[rad], v=4.04946[m/s], steer=-0.01182[rad], accel=0.06581[m/s^2]
Time: 7.00[s], x=24.70644[m], y=1.54047[m], yaw=0.02791[rad], v=4.05210[m/s], steer=-0.01292[rad], accel=0.07822[m/s^2]
Time: 7.04[s], x=24.86846[m], y=1.54499[m], yaw=0.02708[rad], v=4.05522[m/s], steer=-0.01231[rad], accel=0.06210[m/s^2]
Time: 7.08[s], x=25.03061[m], y=1.54938[m], yaw=0.02628[rad], v=4.05771[m/s], steer=-0.00572[rad], accel=0.06394[m/s^2]
Time: 7.12[s], x=25.19286[m], y=1.55365[m], yaw=0.02591[rad], v=4.06027[m/s], steer=-0.00825[rad], accel=0.07592[m/s^2]
Time: 7.16[s], x=25.35522[m], y=1.55785[m], yaw=0.02537[rad], v=4.06330[m/s], steer=-0.00726[rad], accel=0.09581[m/s^2]
Time: 7.20[s], x=25.51770[m], y=1.56198[m], yaw=0.02490[rad], v=4.06713[m/s], steer=-0.01556[rad], accel=0.08906[m/s^2]
Time: 7.24[s], x=25.68033[m], y=1.56603[m], yaw=0.02389[rad], v=4.07070[m/s], steer=-0.02258[rad], accel=0.09886[m/s^2]
Time: 7.28[s], x=25.84311[m], y=1.56992[m], yaw=0.02241[rad], v=4.07465[m/s], steer=-0.02160[rad], accel=0.11559[m/s^2]
Time: 7.32[s], x=26.00606[m], y=1.57357[m], yaw=0.02101[rad], v=4.07928[m/s], steer=-0.01705[rad], accel=0.14257[m/s^2]
Time: 7.36[s], x=26.16920[m], y=1.57700[m], yaw=0.01989[rad], v=4.08498[m/s], steer=-0.00749[rad], accel=0.17167[m/s^2]
Time: 7.40[s], x=26.33256[m], y=1.58025[m], yaw=0.01940[rad], v=4.09185[m/s], steer=-0.01053[rad], accel=0.16942[m/s^2]
Time: 7.44[s], x=26.49620[m], y=1.58342[m], yaw=0.01871[rad], v=4.09862[m/s], steer=-0.00015[rad], accel=0.17485[m/s^2]
Time: 7.48[s], x=26.66012[m], y=1.58649[m], yaw=0.01870[rad], v=4.10562[m/s], steer=0.01423[rad], accel=0.19104[m/s^2]
Time: 7.52[s], x=26.82432[m], y=1.58956[m], yaw=0.01964[rad], v=4.11326[m/s], steer=0.03288[rad], accel=0.20722[m/s^2]
Time: 7.56[s], x=26.98882[m], y=1.59279[m], yaw=0.02180[rad], v=4.12155[m/s], steer=0.05337[rad], accel=0.22449[m/s^2]
Time: 7.60[s], x=27.15364[m], y=1.59639[m], yaw=0.02533[rad], v=4.13053[m/s], steer=0.04344[rad], accel=0.20659[m/s^2]
Time: 7.64[s], x=27.31881[m], y=1.60057[m], yaw=0.02820[rad], v=4.13879[m/s], steer=0.04948[rad], accel=0.20348[m/s^2]
Time: 7.68[s], x=27.48429[m], y=1.60524[m], yaw=0.03148[rad], v=4.14693[m/s], steer=0.06226[rad], accel=0.20502[m/s^2]
Time: 7.72[s], x=27.65009[m], y=1.61046[m], yaw=0.03562[rad], v=4.15513[m/s], steer=0.07533[rad], accel=0.21404[m/s^2]
Time: 7.76[s], x=27.81619[m], y=1.61638[m], yaw=0.04063[rad], v=4.16369[m/s], steer=0.03501[rad], accel=0.19004[m/s^2]
Time: 7.80[s], x=27.98260[m], y=1.62314[m], yaw=0.04297[rad], v=4.17129[m/s], steer=0.03939[rad], accel=0.17803[m/s^2]
Time: 7.84[s], x=28.14930[m], y=1.63031[m], yaw=0.04560[rad], v=4.17841[m/s], steer=0.04982[rad], accel=0.16833[m/s^2]
Time: 7.88[s], x=28.31626[m], y=1.63793[m], yaw=0.04893[rad], v=4.18515[m/s], steer=0.04973[rad], accel=0.13076[m/s^2]
Time: 7.92[s], x=28.48347[m], y=1.64612[m], yaw=0.05226[rad], v=4.19038[m/s], steer=0.05671[rad], accel=0.09377[m/s^2]
Time: 7.96[s], x=28.65085[m], y=1.65487[m], yaw=0.05607[rad], v=4.19413[m/s], steer=0.07634[rad], accel=0.06964[m/s^2]
Time: 8.00[s], x=28.81835[m], y=1.66427[m], yaw=0.06120[rad], v=4.19691[m/s], steer=0.08804[rad], accel=0.01930[m/s^2]
Time: 8.04[s], x=28.98592[m], y=1.67454[m], yaw=0.06713[rad], v=4.19769[m/s], steer=0.11125[rad], accel=-0.00408[m/s^2]
Time: 8.08[s], x=29.15345[m], y=1.68580[m], yaw=0.07463[rad], v=4.19752[m/s], steer=0.13133[rad], accel=-0.01733[m/s^2]
Time: 8.12[s], x=29.32088[m], y=1.69832[m], yaw=0.08350[rad], v=4.19683[m/s], steer=0.12153[rad], accel=-0.04164[m/s^2]
Time: 8.16[s], x=29.48817[m], y=1.71233[m], yaw=0.09170[rad], v=4.19516[m/s], steer=0.13861[rad], accel=-0.05510[m/s^2]
Time: 8.20[s], x=29.65527[m], y=1.72769[m], yaw=0.10107[rad], v=4.19296[m/s], steer=0.13257[rad], accel=-0.09568[m/s^2]
Time: 8.24[s], x=29.82213[m], y=1.74461[m], yaw=0.11001[rad], v=4.18913[m/s], steer=0.17169[rad], accel=-0.11428[m/s^2]
Time: 8.28[s], x=29.98868[m], y=1.76301[m], yaw=0.12164[rad], v=4.18456[m/s], steer=0.21482[rad], accel=-0.12827[m/s^2]
Time: 8.32[s], x=30.15483[m], y=1.78332[m], yaw=0.13625[rad], v=4.17943[m/s], steer=0.23502[rad], accel=-0.15275[m/s^2]
Time: 8.36[s], x=30.32046[m], y=1.80603[m], yaw=0.15226[rad], v=4.17332[m/s], steer=0.29237[rad], accel=-0.17571[m/s^2]
Time: 8.40[s], x=30.48546[m], y=1.83135[m], yaw=0.17236[rad], v=4.16629[m/s], steer=0.32149[rad], accel=-0.21845[m/s^2]
Time: 8.44[s], x=30.64964[m], y=1.85993[m], yaw=0.19456[rad], v=4.15755[m/s], steer=0.39212[rad], accel=-0.23913[m/s^2]
Time: 8.48[s], x=30.81280[m], y=1.89208[m], yaw=0.22207[rad], v=4.14799[m/s], steer=0.45903[rad], accel=-0.27002[m/s^2]
Time: 8.52[s], x=30.97465[m], y=1.92862[m], yaw=0.25487[rad], v=4.13719[m/s], steer=0.52300[rad], accel=-0.28347[m/s^2]
Time: 8.56[s], x=31.13479[m], y=1.97034[m], yaw=0.29303[rad], v=4.12585[m/s], steer=0.52300[rad], accel=-0.30326[m/s^2]
Time: 8.60[s], x=31.29279[m], y=2.01802[m], yaw=0.33109[rad], v=4.11372[m/s], steer=0.52300[rad], accel=-0.29693[m/s^2]
Time: 8.64[s], x=31.44840[m], y=2.07151[m], yaw=0.36904[rad], v=4.10184[m/s], steer=0.52300[rad], accel=-0.31158[m/s^2]
Time: 8.68[s], x=31.60143[m], y=2.13069[m], yaw=0.40688[rad], v=4.08938[m/s], steer=0.52300[rad], accel=-0.29576[m/s^2]
Time: 8.72[s], x=31.75165[m], y=2.19543[m], yaw=0.44460[rad], v=4.07755[m/s], steer=0.52300[rad], accel=-0.25489[m/s^2]
Time: 8.76[s], x=31.89889[m], y=2.26558[m], yaw=0.48222[rad], v=4.06735[m/s], steer=0.52300[rad], accel=-0.22948[m/s^2]
Time: 8.80[s], x=32.04303[m], y=2.34102[m], yaw=0.51974[rad], v=4.05817[m/s], steer=0.52300[rad], accel=-0.17837[m/s^2]
Time: 8.84[s], x=32.18393[m], y=2.42164[m], yaw=0.55717[rad], v=4.05104[m/s], steer=0.52300[rad], accel=-0.14829[m/s^2]
Time: 8.88[s], x=32.32146[m], y=2.50733[m], yaw=0.59454[rad], v=4.04511[m/s], steer=0.52300[rad], accel=-0.09250[m/s^2]
Time: 8.92[s], x=32.45550[m], y=2.59796[m], yaw=0.63186[rad], v=4.04141[m/s], steer=0.52300[rad], accel=-0.05940[m/s^2]
Time: 8.96[s], x=32.58595[m], y=2.69344[m], yaw=0.66914[rad], v=4.03903[m/s], steer=0.52300[rad], accel=-0.00658[m/s^2]
Time: 9.00[s], x=32.71267[m], y=2.79366[m], yaw=0.70640[rad], v=4.03877[m/s], steer=0.52300[rad], accel=0.02435[m/s^2]
Time: 9.04[s], x=32.83556[m], y=2.89852[m], yaw=0.74366[rad], v=4.03974[m/s], steer=0.52300[rad], accel=0.07609[m/s^2]
Time: 9.08[s], x=32.95449[m], y=3.00792[m], yaw=0.78092[rad], v=4.04279[m/s], steer=0.52300[rad], accel=0.10601[m/s^2]
Time: 9.12[s], x=33.06934[m], y=3.12175[m], yaw=0.81822[rad], v=4.04703[m/s], steer=0.52300[rad], accel=0.15504[m/s^2]
Time: 9.16[s], x=33.17999[m], y=3.23991[m], yaw=0.85555[rad], v=4.05323[m/s], steer=0.52300[rad], accel=0.18383[m/s^2]
Time: 9.20[s], x=33.28632[m], y=3.36231[m], yaw=0.89294[rad], v=4.06058[m/s], steer=0.52300[rad], accel=0.22723[m/s^2]
Time: 9.24[s], x=33.38818[m], y=3.48883[m], yaw=0.93040[rad], v=4.06967[m/s], steer=0.52300[rad], accel=0.25148[m/s^2]
Time: 9.28[s], x=33.48544[m], y=3.61936[m], yaw=0.96794[rad], v=4.07973[m/s], steer=0.52300[rad], accel=0.29090[m/s^2]
Time: 9.32[s], x=33.57797[m], y=3.75378[m], yaw=1.00558[rad], v=4.09137[m/s], steer=0.52300[rad], accel=0.31237[m/s^2]
Time: 9.36[s], x=33.66563[m], y=3.89198[m], yaw=1.04332[rad], v=4.10386[m/s], steer=0.52300[rad], accel=0.34841[m/s^2]
Time: 9.40[s], x=33.74825[m], y=4.03382[m], yaw=1.08118[rad], v=4.11780[m/s], steer=0.52300[rad], accel=0.39911[m/s^2]
Time: 9.44[s], x=33.82571[m], y=4.17918[m], yaw=1.11916[rad], v=4.13376[m/s], steer=0.52300[rad], accel=0.42516[m/s^2]
Time: 9.48[s], x=33.89788[m], y=4.32796[m], yaw=1.15729[rad], v=4.15077[m/s], steer=0.52300[rad], accel=0.46783[m/s^2]
Time: 9.52[s], x=33.96460[m], y=4.47999[m], yaw=1.19559[rad], v=4.16948[m/s], steer=0.52300[rad], accel=0.48629[m/s^2]
Time: 9.56[s], x=34.02571[m], y=4.63517[m], yaw=1.23405[rad], v=4.18893[m/s], steer=0.52300[rad], accel=0.52104[m/s^2]
Time: 9.60[s], x=34.08108[m], y=4.79332[m], yaw=1.27269[rad], v=4.20977[m/s], steer=0.52300[rad], accel=0.53234[m/s^2]
Time: 9.64[s], x=34.13054[m], y=4.95428[m], yaw=1.31152[rad], v=4.23107[m/s], steer=0.52300[rad], accel=0.55690[m/s^2]
Time: 9.68[s], x=34.17392[m], y=5.11787[m], yaw=1.35056[rad], v=4.25334[m/s], steer=0.52300[rad], accel=0.55929[m/s^2]
Time: 9.72[s], x=34.21109[m], y=5.28389[m], yaw=1.38979[rad], v=4.27572[m/s], steer=0.52300[rad], accel=0.57402[m/s^2]
Time: 9.76[s], x=34.24188[m], y=5.45213[m], yaw=1.42923[rad], v=4.29868[m/s], steer=0.52300[rad], accel=0.56915[m/s^2]
Time: 9.80[s], x=34.26614[m], y=5.62235[m], yaw=1.46889[rad], v=4.32144[m/s], steer=0.52300[rad], accel=0.57648[m/s^2]
Time: 9.84[s], x=34.28373[m], y=5.79431[m], yaw=1.50875[rad], v=4.34450[m/s], steer=0.52300[rad], accel=0.59460[m/s^2]
Time: 9.88[s], x=34.29450[m], y=5.96776[m], yaw=1.54883[rad], v=4.36829[m/s], steer=0.52300[rad], accel=0.59023[m/s^2]
Time: 9.92[s], x=34.29834[m], y=6.14245[m], yaw=1.58913[rad], v=4.39189[m/s], steer=0.52300[rad], accel=0.59850[m/s^2]
Time: 9.96[s], x=34.29512[m], y=6.31809[m], yaw=1.62964[rad], v=4.41583[m/s], steer=0.52300[rad], accel=0.58558[m/s^2]
Time: 10.00[s], x=34.28473[m], y=6.49442[m], yaw=1.67038[rad], v=4.43926[m/s], steer=0.52300[rad], accel=0.58522[m/s^2]
Time: 10.04[s], x=34.26708[m], y=6.67111[m], yaw=1.71133[rad], v=4.46267[m/s], steer=0.52300[rad], accel=0.56493[m/s^2]
Time: 10.08[s], x=34.24207[m], y=6.84786[m], yaw=1.75250[rad], v=4.48526[m/s], steer=0.52300[rad], accel=0.55399[m/s^2]
Time: 10.12[s], x=34.20965[m], y=7.02432[m], yaw=1.79387[rad], v=4.50742[m/s], steer=0.52300[rad], accel=0.54929[m/s^2]
Time: 10.16[s], x=34.16977[m], y=7.20015[m], yaw=1.83545[rad], v=4.52940[m/s], steer=0.52300[rad], accel=0.52207[m/s^2]
Time: 10.20[s], x=34.12238[m], y=7.37501[m], yaw=1.87724[rad], v=4.55028[m/s], steer=0.52300[rad], accel=0.50234[m/s^2]
Time: 10.24[s], x=34.06747[m], y=7.54855[m], yaw=1.91921[rad], v=4.57037[m/s], steer=0.52300[rad], accel=0.46206[m/s^2]
Time: 10.28[s], x=34.00505[m], y=7.72038[m], yaw=1.96137[rad], v=4.58885[m/s], steer=0.52300[rad], accel=0.43054[m/s^2]
Time: 10.32[s], x=33.93517[m], y=7.89011[m], yaw=2.00370[rad], v=4.60608[m/s], steer=0.52300[rad], accel=0.40306[m/s^2]
Time: 10.36[s], x=33.85788[m], y=8.05735[m], yaw=2.04619[rad], v=4.62220[m/s], steer=0.52300[rad], accel=0.35365[m/s^2]
Time: 10.40[s], x=33.77326[m], y=8.22174[m], yaw=2.08883[rad], v=4.63634[m/s], steer=0.52300[rad], accel=0.31019[m/s^2]
Time: 10.44[s], x=33.68143[m], y=8.38286[m], yaw=2.13160[rad], v=4.64875[m/s], steer=0.52300[rad], accel=0.24565[m/s^2]
Time: 10.48[s], x=33.58253[m], y=8.54033[m], yaw=2.17449[rad], v=4.65858[m/s], steer=0.52300[rad], accel=0.18879[m/s^2]
Time: 10.52[s], x=33.47674[m], y=8.69373[m], yaw=2.21746[rad], v=4.66613[m/s], steer=0.52300[rad], accel=0.13736[m/s^2]
Time: 10.56[s], x=33.36428[m], y=8.84270[m], yaw=2.26050[rad], v=4.67162[m/s], steer=0.52300[rad], accel=0.06606[m/s^2]
Time: 10.60[s], x=33.24538[m], y=8.98685[m], yaw=2.30360[rad], v=4.67427[m/s], steer=0.52300[rad], accel=0.00606[m/s^2]
Time: 10.64[s], x=33.12030[m], y=9.12582[m], yaw=2.34672[rad], v=4.67451[m/s], steer=0.52300[rad], accel=-0.07321[m/s^2]
Time: 10.68[s], x=32.98935[m], y=9.25929[m], yaw=2.38984[rad], v=4.67158[m/s], steer=0.52300[rad], accel=-0.13849[m/s^2]
Time: 10.72[s], x=32.85285[m], y=9.38690[m], yaw=2.43294[rad], v=4.66604[m/s], steer=0.52300[rad], accel=-0.19195[m/s^2]
Time: 10.76[s], x=32.71114[m], y=9.50837[m], yaw=2.47598[rad], v=4.65836[m/s], steer=0.45348[rad], accel=-0.26382[m/s^2]
Time: 10.80[s], x=32.56458[m], y=9.62344[m], yaw=2.51230[rad], v=4.64781[m/s], steer=0.29017[rad], accel=-0.31750[m/s^2]
Time: 10.84[s], x=32.41428[m], y=9.73286[m], yaw=2.53451[rad], v=4.63511[m/s], steer=0.17247[rad], accel=-0.38926[m/s^2]
Time: 10.88[s], x=32.26201[m], y=9.83863[m], yaw=2.54743[rad], v=4.61954[m/s], steer=-0.00626[rad], accel=-0.43842[m/s^2]
Time: 10.92[s], x=32.10889[m], y=9.94207[m], yaw=2.54697[rad], v=4.60200[m/s], steer=-0.14401[rad], accel=-0.50709[m/s^2]
Time: 10.96[s], x=31.95641[m], y=10.04519[m], yaw=2.53629[rad], v=4.58172[m/s], steer=-0.32106[rad], accel=-0.54968[m/s^2]
Time: 11.00[s], x=31.80570[m], y=10.14948[m], yaw=2.51191[rad], v=4.55973[m/s], steer=-0.51795[rad], accel=-0.56953[m/s^2]
Time: 11.04[s], x=31.65829[m], y=10.25688[m], yaw=2.47033[rad], v=4.53695[m/s], steer=-0.52300[rad], accel=-0.60381[m/s^2]
Time: 11.08[s], x=31.51619[m], y=10.36976[m], yaw=2.42848[rad], v=4.51280[m/s], steer=-0.52300[rad], accel=-0.60058[m/s^2]
Time: 11.12[s], x=31.37966[m], y=10.48785[m], yaw=2.38685[rad], v=4.48877[m/s], steer=-0.52300[rad], accel=-0.57662[m/s^2]
Time: 11.16[s], x=31.24887[m], y=10.61086[m], yaw=2.34544[rad], v=4.46571[m/s], steer=-0.52300[rad], accel=-0.52358[m/s^2]
Time: 11.20[s], x=31.12392[m], y=10.73852[m], yaw=2.30425[rad], v=4.44477[m/s], steer=-0.52300[rad], accel=-0.49521[m/s^2]
Time: 11.24[s], x=31.00490[m], y=10.87059[m], yaw=2.26325[rad], v=4.42496[m/s], steer=-0.52300[rad], accel=-0.44242[m/s^2]
Time: 11.28[s], x=30.89190[m], y=11.00683[m], yaw=2.22243[rad], v=4.40726[m/s], steer=-0.52300[rad], accel=-0.37242[m/s^2]
Time: 11.32[s], x=30.78498[m], y=11.14699[m], yaw=2.18177[rad], v=4.39236[m/s], steer=-0.52300[rad], accel=-0.29719[m/s^2]
Time: 11.36[s], x=30.68419[m], y=11.29090[m], yaw=2.14125[rad], v=4.38048[m/s], steer=-0.52300[rad], accel=-0.21133[m/s^2]
Time: 11.40[s], x=30.58957[m], y=11.43838[m], yaw=2.10084[rad], v=4.37202[m/s], steer=-0.52300[rad], accel=-0.15594[m/s^2]
Time: 11.44[s], x=30.50116[m], y=11.58926[m], yaw=2.06051[rad], v=4.36579[m/s], steer=-0.52300[rad], accel=-0.09181[m/s^2]
Time: 11.48[s], x=30.41902[m], y=11.74337[m], yaw=2.02024[rad], v=4.36211[m/s], steer=-0.52300[rad], accel=-0.02440[m/s^2]
Time: 11.52[s], x=30.34321[m], y=11.90053[m], yaw=1.98000[rad], v=4.36114[m/s], steer=-0.52300[rad], accel=0.04208[m/s^2]
Time: 11.56[s], x=30.27380[m], y=12.06057[m], yaw=1.93977[rad], v=4.36282[m/s], steer=-0.52300[rad], accel=0.10233[m/s^2]
Time: 11.60[s], x=30.21086[m], y=12.22334[m], yaw=1.89952[rad], v=4.36691[m/s], steer=-0.52300[rad], accel=0.12573[m/s^2]
Time: 11.64[s], x=30.15447[m], y=12.38866[m], yaw=1.85924[rad], v=4.37194[m/s], steer=-0.52300[rad], accel=0.15097[m/s^2]
Time: 11.68[s], x=30.10472[m], y=12.55631[m], yaw=1.81891[rad], v=4.37798[m/s], steer=-0.52300[rad], accel=0.17564[m/s^2]
Time: 11.72[s], x=30.06172[m], y=12.72607[m], yaw=1.77852[rad], v=4.38501[m/s], steer=-0.52300[rad], accel=0.17561[m/s^2]
Time: 11.76[s], x=30.02555[m], y=12.89770[m], yaw=1.73807[rad], v=4.39203[m/s], steer=-0.52300[rad], accel=0.17224[m/s^2]
Time: 11.80[s], x=29.99630[m], y=13.07093[m], yaw=1.69755[rad], v=4.39892[m/s], steer=-0.52300[rad], accel=0.16026[m/s^2]
Time: 11.84[s], x=29.97405[m], y=13.24547[m], yaw=1.65697[rad], v=4.40533[m/s], steer=-0.52300[rad], accel=0.12160[m/s^2]
Time: 11.88[s], x=29.95889[m], y=13.42103[m], yaw=1.61634[rad], v=4.41020[m/s], steer=-0.43475[rad], accel=0.08051[m/s^2]
Time: 11.92[s], x=29.95086[m], y=13.59726[m], yaw=1.58357[rad], v=4.41342[m/s], steer=-0.32984[rad], accel=0.01608[m/s^2]
Time: 11.96[s], x=29.94860[m], y=13.77378[m], yaw=1.55939[rad], v=4.41406[m/s], steer=-0.15260[rad], accel=-0.04742[m/s^2]
Time: 12.00[s], x=29.95061[m], y=13.95033[m], yaw=1.54853[rad], v=4.41216[m/s], steer=-0.01654[rad], accel=-0.12474[m/s^2]
Time: 12.04[s], x=29.95454[m], y=14.12677[m], yaw=1.54736[rad], v=4.40717[m/s], steer=0.07906[rad], accel=-0.21752[m/s^2]
Time: 12.08[s], x=29.95868[m], y=14.30301[m], yaw=1.55295[rad], v=4.39847[m/s], steer=0.25737[rad], accel=-0.30083[m/s^2]
Time: 12.12[s], x=29.96181[m], y=14.47892[m], yaw=1.57147[rad], v=4.38644[m/s], steer=0.39346[rad], accel=-0.39069[m/s^2]
Time: 12.16[s], x=29.96170[m], y=14.65438[m], yaw=1.60061[rad], v=4.37081[m/s], steer=0.52300[rad], accel=-0.45976[m/s^2]
Time: 12.20[s], x=29.95649[m], y=14.82914[m], yaw=1.64093[rad], v=4.35242[m/s], steer=0.52300[rad], accel=-0.52867[m/s^2]
Time: 12.24[s], x=29.94429[m], y=15.00281[m], yaw=1.68108[rad], v=4.33127[m/s], steer=0.52300[rad], accel=-0.59258[m/s^2]
Time: 12.28[s], x=29.92522[m], y=15.17500[m], yaw=1.72103[rad], v=4.30757[m/s], steer=0.52300[rad], accel=-0.62098[m/s^2]
Time: 12.32[s], x=29.89943[m], y=15.34537[m], yaw=1.76077[rad], v=4.28273[m/s], steer=0.52300[rad], accel=-0.64283[m/s^2]
Time: 12.36[s], x=29.86708[m], y=15.51359[m], yaw=1.80028[rad], v=4.25702[m/s], steer=0.52300[rad], accel=-0.66453[m/s^2]
Time: 12.40[s], x=29.82835[m], y=15.67941[m], yaw=1.83955[rad], v=4.23044[m/s], steer=0.52300[rad], accel=-0.65067[m/s^2]
Time: 12.44[s], x=29.78341[m], y=15.84255[m], yaw=1.87857[rad], v=4.20441[m/s], steer=0.52300[rad], accel=-0.64212[m/s^2]
Time: 12.48[s], x=29.73247[m], y=16.00283[m], yaw=1.91736[rad], v=4.17873[m/s], steer=0.52300[rad], accel=-0.59784[m/s^2]
Time: 12.52[s], x=29.67569[m], y=16.16004[m], yaw=1.95590[rad], v=4.15481[m/s], steer=0.52300[rad], accel=-0.56034[m/s^2]
Time: 12.56[s], x=29.61326[m], y=16.31406[m], yaw=1.99423[rad], v=4.13240[m/s], steer=0.52300[rad], accel=-0.48922[m/s^2]
Time: 12.60[s], x=29.54534[m], y=16.46476[m], yaw=2.03235[rad], v=4.11283[m/s], steer=0.52300[rad], accel=-0.39672[m/s^2]
Time: 12.64[s], x=29.47208[m], y=16.61205[m], yaw=2.07029[rad], v=4.09696[m/s], steer=0.52300[rad], accel=-0.32092[m/s^2]
Time: 12.68[s], x=29.39358[m], y=16.75591[m], yaw=2.10809[rad], v=4.08412[m/s], steer=0.52300[rad], accel=-0.21993[m/s^2]
Time: 12.72[s], x=29.30997[m], y=16.89626[m], yaw=2.14576[rad], v=4.07533[m/s], steer=0.52300[rad], accel=-0.14008[m/s^2]
Time: 12.76[s], x=29.22132[m], y=17.03306[m], yaw=2.18336[rad], v=4.06972[m/s], steer=0.52300[rad], accel=-0.03906[m/s^2]
Time: 12.80[s], x=29.12773[m], y=17.16625[m], yaw=2.22090[rad], v=4.06816[m/s], steer=0.52300[rad], accel=0.03924[m/s^2]
Time: 12.84[s], x=29.02923[m], y=17.29578[m], yaw=2.25843[rad], v=4.06973[m/s], steer=0.52300[rad], accel=0.13329[m/s^2]
Time: 12.88[s], x=28.92591[m], y=17.42158[m], yaw=2.29597[rad], v=4.07506[m/s], steer=0.52300[rad], accel=0.23676[m/s^2]
Time: 12.92[s], x=28.81779[m], y=17.54357[m], yaw=2.33356[rad], v=4.08453[m/s], steer=0.52300[rad], accel=0.31925[m/s^2]
Time: 12.96[s], x=28.70491[m], y=17.66168[m], yaw=2.37124[rad], v=4.09730[m/s], steer=0.52300[rad], accel=0.41298[m/s^2]
Time: 13.00[s], x=28.58729[m], y=17.77581[m], yaw=2.40904[rad], v=4.11382[m/s], steer=0.52300[rad], accel=0.51787[m/s^2]
Time: 13.04[s], x=28.46495[m], y=17.88586[m], yaw=2.44699[rad], v=4.13454[m/s], steer=0.52300[rad], accel=0.60276[m/s^2]
Time: 13.08[s], x=28.33789[m], y=17.99172[m], yaw=2.48513[rad], v=4.15865[m/s], steer=0.52300[rad], accel=0.69376[m/s^2]
Time: 13.12[s], x=28.20612[m], y=18.09324[m], yaw=2.52349[rad], v=4.18640[m/s], steer=0.52300[rad], accel=0.78928[m/s^2]
Time: 13.16[s], x=28.06964[m], y=18.19028[m], yaw=2.56211[rad], v=4.21797[m/s], steer=0.52300[rad], accel=0.85938[m/s^2]
Time: 13.20[s], x=27.92847[m], y=18.28267[m], yaw=2.60102[rad], v=4.25234[m/s], steer=0.52300[rad], accel=0.93792[m/s^2]
Time: 13.24[s], x=27.78263[m], y=18.37021[m], yaw=2.64025[rad], v=4.28986[m/s], steer=0.52300[rad], accel=1.01809[m/s^2]
Time: 13.28[s], x=27.63215[m], y=18.45268[m], yaw=2.67982[rad], v=4.33058[m/s], steer=0.52300[rad], accel=1.07773[m/s^2]
Time: 13.32[s], x=27.47707[m], y=18.52985[m], yaw=2.71977[rad], v=4.37369[m/s], steer=0.52300[rad], accel=1.13839[m/s^2]
Time: 13.36[s], x=27.31746[m], y=18.60148[m], yaw=2.76011[rad], v=4.41923[m/s], steer=0.52300[rad], accel=1.19553[m/s^2]
Time: 13.40[s], x=27.15340[m], y=18.66729[m], yaw=2.80088[rad], v=4.46705[m/s], steer=0.52300[rad], accel=1.22984[m/s^2]
Time: 13.44[s], x=26.98499[m], y=18.72700[m], yaw=2.84209[rad], v=4.51624[m/s], steer=0.52300[rad], accel=1.26394[m/s^2]
Time: 13.48[s], x=26.81238[m], y=18.78030[m], yaw=2.88375[rad], v=4.56680[m/s], steer=0.52300[rad], accel=1.29645[m/s^2]
Time: 13.52[s], x=26.63574[m], y=18.82688[m], yaw=2.92588[rad], v=4.61866[m/s], steer=0.52300[rad], accel=1.30979[m/s^2]
Time: 13.56[s], x=26.45528[m], y=18.86642[m], yaw=2.96848[rad], v=4.67105[m/s], steer=0.52300[rad], accel=1.32326[m/s^2]
Time: 13.60[s], x=26.27123[m], y=18.89861[m], yaw=3.01157[rad], v=4.72398[m/s], steer=0.52300[rad], accel=1.33426[m/s^2]
Time: 13.64[s], x=26.08387[m], y=18.92311[m], yaw=3.05515[rad], v=4.77735[m/s], steer=0.52300[rad], accel=1.34219[m/s^2]
Time: 13.68[s], x=25.89349[m], y=18.93961[m], yaw=3.09922[rad], v=4.83104[m/s], steer=0.52300[rad], accel=1.32858[m/s^2]
Time: 13.72[s], x=25.70042[m], y=18.94779[m], yaw=3.14379[rad], v=4.88418[m/s], steer=0.52300[rad], accel=1.31310[m/s^2]
Time: 13.76[s], x=25.50505[m], y=18.94736[m], yaw=3.18884[rad], v=4.93670[m/s], steer=0.52300[rad], accel=1.29366[m/s^2]
Time: 13.80[s], x=25.30780[m], y=18.93803[m], yaw=3.23438[rad], v=4.98845[m/s], steer=0.52300[rad], accel=1.25172[m/s^2]
Time: 13.84[s], x=25.10913[m], y=18.91955[m], yaw=3.28040[rad], v=5.03852[m/s], steer=0.52300[rad], accel=1.20590[m/s^2]
Time: 13.88[s], x=24.90952[m], y=18.89166[m], yaw=3.32688[rad], v=5.08676[m/s], steer=0.52300[rad], accel=1.13830[m/s^2]
Time: 13.92[s], x=24.70954[m], y=18.85418[m], yaw=3.37381[rad], v=5.13229[m/s], steer=0.52300[rad], accel=1.06096[m/s^2]
Time: 13.96[s], x=24.50975[m], y=18.80693[m], yaw=3.42115[rad], v=5.17473[m/s], steer=0.52300[rad], accel=0.97005[m/s^2]
Time: 14.00[s], x=24.31080[m], y=18.74982[m], yaw=3.46889[rad], v=5.21353[m/s], steer=0.52300[rad], accel=0.84844[m/s^2]
Time: 14.04[s], x=24.11333[m], y=18.68278[m], yaw=3.51698[rad], v=5.24747[m/s], steer=0.52300[rad], accel=0.71618[m/s^2]
Time: 14.08[s], x=23.91805[m], y=18.60582[m], yaw=3.56539[rad], v=5.27611[m/s], steer=0.52300[rad], accel=0.55256[m/s^2]
Time: 14.12[s], x=23.72567[m], y=18.51903[m], yaw=3.61406[rad], v=5.29822[m/s], steer=0.52300[rad], accel=0.38347[m/s^2]
Time: 14.16[s], x=23.53696[m], y=18.42259[m], yaw=3.66293[rad], v=5.31355[m/s], steer=0.52300[rad], accel=0.19446[m/s^2]
Time: 14.20[s], x=23.35265[m], y=18.31673[m], yaw=3.71195[rad], v=5.32133[m/s], steer=0.52300[rad], accel=0.01632[m/s^2]
Time: 14.24[s], x=23.17349[m], y=18.20181[m], yaw=3.76104[rad], v=5.32199[m/s], steer=0.52300[rad], accel=-0.17463[m/s^2]
Time: 14.28[s], x=23.00017[m], y=18.07821[m], yaw=3.81013[rad], v=5.31500[m/s], steer=0.49858[rad], accel=-0.37549[m/s^2]
Time: 14.32[s], x=22.83333[m], y=17.94643[m], yaw=3.85643[rad], v=5.29998[m/s], steer=0.26077[rad], accel=-0.53422[m/s^2]
Time: 14.36[s], x=22.67323[m], y=17.80747[m], yaw=3.87906[rad], v=5.27861[m/s], steer=0.07992[rad], accel=-0.69961[m/s^2]
Time: 14.40[s], x=22.51695[m], y=17.66549[m], yaw=3.88583[rad], v=5.25063[m/s], steer=-0.05142[rad], accel=-0.85750[m/s^2]
Time: 14.44[s], x=22.36245[m], y=17.52322[m], yaw=3.88150[rad], v=5.21633[m/s], steer=-0.15096[rad], accel=-1.01633[m/s^2]
Time: 14.48[s], x=22.20836[m], y=17.38254[m], yaw=3.86881[rad], v=5.17567[m/s], steer=-0.41817[rad], accel=-1.11040[m/s^2]
Time: 14.52[s], x=22.05370[m], y=17.24491[m], yaw=3.83201[rad], v=5.13126[m/s], steer=-0.52300[rad], accel=-1.20999[m/s^2]
Time: 14.56[s], x=21.89546[m], y=17.11419[m], yaw=3.78467[rad], v=5.08286[m/s], steer=-0.52300[rad], accel=-1.31496[m/s^2]
Time: 14.60[s], x=21.73275[m], y=16.99227[m], yaw=3.73778[rad], v=5.03026[m/s], steer=-0.52300[rad], accel=-1.38768[m/s^2]
Time: 14.64[s], x=21.56626[m], y=16.87930[m], yaw=3.69138[rad], v=4.97475[m/s], steer=-0.52300[rad], accel=-1.42058[m/s^2]
Time: 14.68[s], x=21.39659[m], y=16.77532[m], yaw=3.64549[rad], v=4.91793[m/s], steer=-0.52300[rad], accel=-1.44662[m/s^2]
Time: 14.72[s], x=21.22432[m], y=16.68034[m], yaw=3.60012[rad], v=4.86007[m/s], steer=-0.52300[rad], accel=-1.47081[m/s^2]
Time: 14.76[s], x=21.05000[m], y=16.59429[m], yaw=3.55529[rad], v=4.80123[m/s], steer=-0.52300[rad], accel=-1.45389[m/s^2]
Time: 14.80[s], x=20.87415[m], y=16.51709[m], yaw=3.51100[rad], v=4.74308[m/s], steer=-0.52300[rad], accel=-1.42606[m/s^2]
Time: 14.84[s], x=20.69723[m], y=16.44858[m], yaw=3.46725[rad], v=4.68604[m/s], steer=-0.52300[rad], accel=-1.35962[m/s^2]
Time: 14.88[s], x=20.51964[m], y=16.38862[m], yaw=3.42402[rad], v=4.63165[m/s], steer=-0.52300[rad], accel=-1.28341[m/s^2]
Time: 14.92[s], x=20.34171[m], y=16.33699[m], yaw=3.38129[rad], v=4.58032[m/s], steer=-0.52300[rad], accel=-1.18452[m/s^2]
Time: 14.96[s], x=20.16374[m], y=16.29349[m], yaw=3.33904[rad], v=4.53293[m/s], steer=-0.52300[rad], accel=-1.07946[m/s^2]
Time: 15.00[s], x=19.98594[m], y=16.25792[m], yaw=3.29722[rad], v=4.48976[m/s], steer=-0.52300[rad], accel=-0.95778[m/s^2]
Time: 15.04[s], x=19.80852[m], y=16.23008[m], yaw=3.25581[rad], v=4.45145[m/s], steer=-0.52300[rad], accel=-0.86247[m/s^2]
Time: 15.08[s], x=19.63162[m], y=16.20979[m], yaw=3.21474[rad], v=4.41695[m/s], steer=-0.52300[rad], accel=-0.77135[m/s^2]
Time: 15.12[s], x=19.45542[m], y=16.19688[m], yaw=3.17400[rad], v=4.38609[m/s], steer=-0.52300[rad], accel=-0.66028[m/s^2]
Time: 15.16[s], x=19.28007[m], y=16.19119[m], yaw=3.13354[rad], v=4.35968[m/s], steer=-0.52300[rad], accel=-0.56594[m/s^2]
Time: 15.20[s], x=19.10569[m], y=16.19260[m], yaw=3.09332[rad], v=4.33704[m/s], steer=-0.52300[rad], accel=-0.44425[m/s^2]
Time: 15.24[s], x=18.93241[m], y=16.20097[m], yaw=3.05331[rad], v=4.31927[m/s], steer=-0.52300[rad], accel=-0.33966[m/s^2]
Time: 15.28[s], x=18.76031[m], y=16.21620[m], yaw=3.01346[rad], v=4.30569[m/s], steer=-0.52300[rad], accel=0.31578[m/s^2]
Time: 15.32[s], x=18.58949[m], y=16.23821[m], yaw=2.97375[rad], v=4.31832[m/s], steer=-0.05740[rad], accel=0.73714[m/s^2]
Time: 15.36[s], x=18.41919[m], y=16.26707[m], yaw=2.96977[rad], v=4.34780[m/s], steer=0.30332[rad], accel=1.02687[m/s^2]
Time: 15.40[s], x=18.24784[m], y=16.29680[m], yaw=2.99155[rad], v=4.38888[m/s], steer=0.52300[rad], accel=1.23057[m/s^2]
Time: 15.44[s], x=18.07425[m], y=16.32304[m], yaw=3.03203[rad], v=4.43810[m/s], steer=0.52300[rad], accel=1.43344[m/s^2]
Time: 15.48[s], x=17.89779[m], y=16.34245[m], yaw=3.07297[rad], v=4.49544[m/s], steer=0.52300[rad], accel=1.62855[m/s^2]
Time: 15.52[s], x=17.71840[m], y=16.35478[m], yaw=3.11444[rad], v=4.56058[m/s], steer=0.52300[rad], accel=1.60898[m/s^2]
Time: 15.56[s], x=17.53605[m], y=16.35974[m], yaw=3.15651[rad], v=4.62494[m/s], steer=0.52300[rad], accel=1.53180[m/s^2]
Time: 15.60[s], x=17.35107[m], y=16.35698[m], yaw=3.19918[rad], v=4.68621[m/s], steer=0.52300[rad], accel=1.41779[m/s^2]
Time: 15.64[s], x=17.16393[m], y=16.34619[m], yaw=3.24241[rad], v=4.74292[m/s], steer=0.52300[rad], accel=1.22399[m/s^2]
Time: 15.68[s], x=16.97518[m], y=16.32709[m], yaw=3.28616[rad], v=4.79188[m/s], steer=0.51967[rad], accel=1.08480[m/s^2]
Time: 15.72[s], x=16.78550[m], y=16.29948[m], yaw=3.33003[rad], v=4.83528[m/s], steer=0.45861[rad], accel=1.02798[m/s^2]
Time: 15.76[s], x=16.59551[m], y=16.26325[m], yaw=3.36822[rad], v=4.87640[m/s], steer=0.45507[rad], accel=0.92004[m/s^2]
Time: 15.80[s], x=16.40545[m], y=16.21942[m], yaw=3.40640[rad], v=4.91320[m/s], steer=0.37040[rad], accel=0.78554[m/s^2]
Time: 15.84[s], x=16.21577[m], y=16.16799[m], yaw=3.43693[rad], v=4.94462[m/s], steer=0.22555[rad], accel=0.57287[m/s^2]
Time: 15.88[s], x=16.02655[m], y=16.11042[m], yaw=3.45508[rad], v=4.96753[m/s], steer=0.18617[rad], accel=0.29114[m/s^2]
Time: 15.92[s], x=15.83753[m], y=16.04914[m], yaw=3.47005[rad], v=4.97918[m/s], steer=0.16883[rad], accel=0.05859[m/s^2]
Time: 15.96[s], x=15.64901[m], y=15.98489[m], yaw=3.48363[rad], v=4.98152[m/s], steer=0.14428[rad], accel=-0.16792[m/s^2]
Time: 16.00[s], x=15.46129[m], y=15.91806[m], yaw=3.49521[rad], v=4.97481[m/s], steer=0.14593[rad], accel=-0.38279[m/s^2]
Time: 16.04[s], x=15.27461[m], y=15.84915[m], yaw=3.50691[rad], v=4.95949[m/s], steer=0.15045[rad], accel=-0.58221[m/s^2]
Time: 16.08[s], x=15.08932[m], y=15.77828[m], yaw=3.51894[rad], v=4.93621[m/s], steer=0.13440[rad], accel=-0.76254[m/s^2]
Time: 16.12[s], x=14.90576[m], y=15.70553[m], yaw=3.52962[rad], v=4.90570[m/s], steer=0.12392[rad], accel=-0.92251[m/s^2]
Time: 16.16[s], x=14.72412[m], y=15.63129[m], yaw=3.53939[rad], v=4.86880[m/s], steer=0.12189[rad], accel=-1.06290[m/s^2]
Time: 16.20[s], x=14.54458[m], y=15.55584[m], yaw=3.54894[rad], v=4.82629[m/s], steer=0.12327[rad], accel=-1.18390[m/s^2]
Time: 16.24[s], x=14.36732[m], y=15.47936[m], yaw=3.55850[rad], v=4.77893[m/s], steer=0.13327[rad], accel=-1.28770[m/s^2]
Time: 16.28[s], x=14.19254[m], y=15.40195[m], yaw=3.56875[rad], v=4.72742[m/s], steer=0.30198[rad], accel=-1.37289[m/s^2]
Time: 16.32[s], x=14.02043[m], y=15.32361[m], yaw=3.59232[rad], v=4.67251[m/s], steer=0.44344[rad], accel=-1.44212[m/s^2]
Time: 16.36[s], x=13.85220[m], y=15.24220[m], yaw=3.62783[rad], v=4.61482[m/s], steer=0.52300[rad], accel=-1.49975[m/s^2]
Time: 16.40[s], x=13.68900[m], y=15.15594[m], yaw=3.67040[rad], v=4.55483[m/s], steer=0.52300[rad], accel=-1.54234[m/s^2]
Time: 16.44[s], x=13.53169[m], y=15.06402[m], yaw=3.71242[rad], v=4.49314[m/s], steer=0.52300[rad], accel=-1.55569[m/s^2]
Time: 16.48[s], x=13.38046[m], y=14.96691[m], yaw=3.75386[rad], v=4.43091[m/s], steer=0.52300[rad], accel=-1.55930[m/s^2]
Time: 16.52[s], x=13.23542[m], y=14.86505[m], yaw=3.79474[rad], v=4.36854[m/s], steer=0.52300[rad], accel=-1.54499[m/s^2]
Time: 16.56[s], x=13.09664[m], y=14.75886[m], yaw=3.83504[rad], v=4.30674[m/s], steer=0.52300[rad], accel=-1.52648[m/s^2]
Time: 16.60[s], x=12.96416[m], y=14.64874[m], yaw=3.87477[rad], v=4.24568[m/s], steer=0.52300[rad], accel=-1.47691[m/s^2]
Time: 16.64[s], x=12.83797[m], y=14.53509[m], yaw=3.91393[rad], v=4.18660[m/s], steer=0.52300[rad], accel=-1.43014[m/s^2]
Time: 16.68[s], x=12.71802[m], y=14.41823[m], yaw=3.95255[rad], v=4.12940[m/s], steer=0.52300[rad], accel=-1.34938[m/s^2]
Time: 16.72[s], x=12.60425[m], y=14.29849[m], yaw=3.99065[rad], v=4.07542[m/s], steer=0.52300[rad], accel=-1.27776[m/s^2]
Time: 16.76[s], x=12.49654[m], y=14.17612[m], yaw=4.02824[rad], v=4.02431[m/s], steer=0.52300[rad], accel=-1.20558[m/s^2]
Time: 16.80[s], x=12.39480[m], y=14.05137[m], yaw=4.06536[rad], v=3.97609[m/s], steer=0.52300[rad], accel=-1.10710[m/s^2]
Time: 16.84[s], x=12.29893[m], y=13.92447[m], yaw=4.10204[rad], v=3.93181[m/s], steer=0.52300[rad], accel=-1.01517[m/s^2]
Time: 16.88[s], x=12.20879[m], y=13.79560[m], yaw=4.13831[rad], v=3.89120[m/s], steer=0.52300[rad], accel=-0.88622[m/s^2]
Time: 16.92[s], x=12.12426[m], y=13.66490[m], yaw=4.17421[rad], v=3.85575[m/s], steer=0.52300[rad], accel=-0.77653[m/s^2]
Time: 16.96[s], x=12.04521[m], y=13.53247[m], yaw=4.20978[rad], v=3.82469[m/s], steer=0.52300[rad], accel=-0.64560[m/s^2]
Time: 17.00[s], x=11.97151[m], y=13.39840[m], yaw=4.24506[rad], v=3.79887[m/s], steer=0.52300[rad], accel=-0.52846[m/s^2]
Time: 17.04[s], x=11.90306[m], y=13.26274[m], yaw=4.28010[rad], v=3.77773[m/s], steer=0.52300[rad], accel=-0.38476[m/s^2]
Time: 17.08[s], x=11.83975[m], y=13.12553[m], yaw=4.31495[rad], v=3.76234[m/s], steer=0.52300[rad], accel=-0.26167[m/s^2]
Time: 17.12[s], x=11.78150[m], y=12.98677[m], yaw=4.34966[rad], v=3.75187[m/s], steer=0.52300[rad], accel=-0.11794[m/s^2]
Time: 17.16[s], x=11.72825[m], y=12.84646[m], yaw=4.38427[rad], v=3.74715[m/s], steer=0.52300[rad], accel=0.00797[m/s^2]
Time: 17.20[s], x=11.67995[m], y=12.70457[m], yaw=4.41884[rad], v=3.74747[m/s], steer=0.52300[rad], accel=0.15410[m/s^2]
Time: 17.24[s], x=11.63657[m], y=12.56108[m], yaw=4.45341[rad], v=3.75364[m/s], steer=0.52300[rad], accel=0.28383[m/s^2]
Time: 17.28[s], x=11.59812[m], y=12.41595[m], yaw=4.48803[rad], v=3.76499[m/s], steer=0.52300[rad], accel=0.42720[m/s^2]
Time: 17.32[s], x=11.56462[m], y=12.26912[m], yaw=4.52276[rad], v=3.78208[m/s], steer=0.52300[rad], accel=0.55228[m/s^2]
Time: 17.36[s], x=11.53610[m], y=12.12055[m], yaw=4.55765[rad], v=3.80417[m/s], steer=0.52300[rad], accel=0.68840[m/s^2]
Time: 17.40[s], x=11.51265[m], y=11.97020[m], yaw=4.59275[rad], v=3.83170[m/s], steer=0.52300[rad], accel=0.80913[m/s^2]
Time: 17.44[s], x=11.49436[m], y=11.81803[m], yaw=4.62809[rad], v=3.86407[m/s], steer=0.52300[rad], accel=0.93882[m/s^2]
Time: 17.48[s], x=11.48134[m], y=11.66402[m], yaw=4.66374[rad], v=3.90162[m/s], steer=0.52300[rad], accel=1.07346[m/s^2]
Time: 17.52[s], x=11.47375[m], y=11.50814[m], yaw=4.69973[rad], v=3.94456[m/s], steer=0.52300[rad], accel=1.18144[m/s^2]
Time: 17.56[s], x=11.47176[m], y=11.35037[m], yaw=4.73612[rad], v=3.99182[m/s], steer=0.52300[rad], accel=1.29438[m/s^2]
Time: 17.60[s], x=11.47554[m], y=11.19074[m], yaw=4.77294[rad], v=4.04359[m/s], steer=0.52300[rad], accel=1.38126[m/s^2]
Time: 17.64[s], x=11.48533[m], y=11.02929[m], yaw=4.81024[rad], v=4.09884[m/s], steer=0.52300[rad], accel=1.47698[m/s^2]
Time: 17.68[s], x=11.50135[m], y=10.86612[m], yaw=4.84805[rad], v=4.15792[m/s], steer=0.52300[rad], accel=1.56910[m/s^2]
Time: 17.72[s], x=11.52385[m], y=10.70133[m], yaw=4.88641[rad], v=4.22069[m/s], steer=0.52300[rad], accel=1.64736[m/s^2]
Time: 17.76[s], x=11.55308[m], y=10.53505[m], yaw=4.92535[rad], v=4.28658[m/s], steer=0.52300[rad], accel=1.72689[m/s^2]
Time: 17.80[s], x=11.58932[m], y=10.36746[m], yaw=4.96489[rad], v=4.35566[m/s], steer=0.52300[rad], accel=1.80548[m/s^2]
Time: 17.84[s], x=11.63284[m], y=10.19876[m], yaw=5.00507[rad], v=4.42788[m/s], steer=0.52300[rad], accel=1.86890[m/s^2]
Time: 17.88[s], x=11.68394[m], y=10.02918[m], yaw=5.04592[rad], v=4.50263[m/s], steer=0.52300[rad], accel=1.93360[m/s^2]
Time: 17.92[s], x=11.74291[m], y=9.85900[m], yaw=5.08745[rad], v=4.57998[m/s], steer=0.52300[rad], accel=1.99436[m/s^2]
Time: 17.96[s], x=11.81002[m], y=9.68853[m], yaw=5.12970[rad], v=4.65975[m/s], steer=0.52300[rad], accel=2.00000[m/s^2]
Time: 18.00[s], x=11.88556[m], y=9.51814[m], yaw=5.17269[rad], v=4.73975[m/s], steer=0.52300[rad], accel=2.00000[m/s^2]
Time: 18.04[s], x=11.96978[m], y=9.34828[m], yaw=5.21641[rad], v=4.81975[m/s], steer=0.52300[rad], accel=2.00000[m/s^2]
Time: 18.08[s], x=12.06289[m], y=9.17947[m], yaw=5.26087[rad], v=4.89975[m/s], steer=0.52300[rad], accel=2.00000[m/s^2]
Time: 18.12[s], x=12.16508[m], y=9.01223[m], yaw=5.30607[rad], v=4.97975[m/s], steer=0.52300[rad], accel=2.00000[m/s^2]
Time: 18.16[s], x=12.27651[m], y=8.84712[m], yaw=5.35201[rad], v=5.05975[m/s], steer=0.52300[rad], accel=2.00000[m/s^2]
Time: 18.20[s], x=12.39732[m], y=8.68474[m], yaw=5.39868[rad], v=5.13975[m/s], steer=0.52300[rad], accel=2.00000[m/s^2]
Time: 18.24[s], x=12.52759[m], y=8.52569[m], yaw=5.44610[rad], v=5.21975[m/s], steer=0.52300[rad], accel=2.00000[m/s^2]
Time: 18.28[s], x=12.66740[m], y=8.37063[m], yaw=5.49425[rad], v=5.29975[m/s], steer=0.52300[rad], accel=2.00000[m/s^2]
Time: 18.32[s], x=12.81677[m], y=8.22020[m], yaw=5.54314[rad], v=5.37975[m/s], steer=0.52300[rad], accel=2.00000[m/s^2]
Time: 18.36[s], x=12.97568[m], y=8.07509[m], yaw=5.59277[rad], v=5.45975[m/s], steer=0.52300[rad], accel=2.00000[m/s^2]
Time: 18.40[s], x=13.14405[m], y=7.93601[m], yaw=5.64313[rad], v=5.53975[m/s], steer=0.52300[rad], accel=2.00000[m/s^2]
Time: 18.44[s], x=13.32178[m], y=7.80367[m], yaw=5.69423[rad], v=5.61975[m/s], steer=0.52300[rad], accel=2.00000[m/s^2]
Time: 18.48[s], x=13.50870[m], y=7.67880[m], yaw=5.74608[rad], v=5.69975[m/s], steer=0.52300[rad], accel=2.00000[m/s^2]
Time: 18.52[s], x=13.70459[m], y=7.56214[m], yaw=5.79865[rad], v=5.77975[m/s], steer=0.52300[rad], accel=2.00000[m/s^2]
Time: 18.56[s], x=13.90916[m], y=7.45446[m], yaw=5.85197[rad], v=5.85975[m/s], steer=0.52300[rad], accel=2.00000[m/s^2]
Time: 18.60[s], x=14.12210[m], y=7.35649[m], yaw=5.90603[rad], v=5.93975[m/s], steer=0.52300[rad], accel=2.00000[m/s^2]
Time: 18.64[s], x=14.34299[m], y=7.26899[m], yaw=5.96082[rad], v=6.01975[m/s], steer=0.52300[rad], accel=2.00000[m/s^2]
Time: 18.68[s], x=14.57137[m], y=7.19270[m], yaw=6.01635[rad], v=6.09975[m/s], steer=0.52300[rad], accel=2.00000[m/s^2]
Time: 18.72[s], x=14.80673[m], y=7.12837[m], yaw=6.07262[rad], v=6.17975[m/s], steer=0.52300[rad], accel=2.00000[m/s^2]
Time: 18.76[s], x=15.04846[m], y=7.07670[m], yaw=6.12963[rad], v=6.25975[m/s], steer=0.52300[rad], accel=2.00000[m/s^2]
Time: 18.80[s], x=15.29590[m], y=7.03841[m], yaw=6.18737[rad], v=6.33975[m/s], steer=0.52300[rad], accel=2.00000[m/s^2]
Time: 18.84[s], x=15.54833[m], y=7.01415[m], yaw=6.24586[rad], v=6.41975[m/s], steer=0.52300[rad], accel=2.00000[m/s^2]
Time: 18.88[s], x=15.80494[m], y=7.00456[m], yaw=6.30508[rad], v=6.49975[m/s], steer=0.52300[rad], accel=1.99328[m/s^2]
Time: 18.92[s], x=16.06487[m], y=7.01025[m], yaw=6.36504[rad], v=6.57948[m/s], steer=0.52300[rad], accel=1.76500[m/s^2]
Time: 18.96[s], x=16.32717[m], y=7.03177[m], yaw=6.42573[rad], v=6.65008[m/s], steer=0.40166[rad], accel=1.50909[m/s^2]
Time: 19.00[s], x=16.59047[m], y=7.06956[m], yaw=6.47092[rad], v=6.71044[m/s], steer=0.28001[rad], accel=1.17961[m/s^2]
Time: 19.04[s], x=16.85417[m], y=7.11966[m], yaw=6.50180[rad], v=6.75763[m/s], steer=0.15849[rad], accel=0.82355[m/s^2]
Time: 19.08[s], x=17.11805[m], y=7.17828[m], yaw=6.51908[rad], v=6.79057[m/s], steer=0.07157[rad], accel=0.48866[m/s^2]
Time: 19.12[s], x=17.38215[m], y=7.24176[m], yaw=6.52687[rad], v=6.81012[m/s], steer=0.17502[rad], accel=0.21492[m/s^2]
Time: 19.16[s], x=17.64650[m], y=7.30749[m], yaw=6.54614[rad], v=6.81871[m/s], steer=0.44801[rad], accel=-0.03585[m/s^2]
Time: 19.20[s], x=17.90988[m], y=7.37838[m], yaw=6.59857[rad], v=6.81728[m/s], steer=0.52300[rad], accel=-0.29869[m/s^2]
Time: 19.24[s], x=18.16912[m], y=7.46297[m], yaw=6.66146[rad], v=6.80533[m/s], steer=0.52300[rad], accel=-0.57000[m/s^2]
Time: 19.28[s], x=18.42208[m], y=7.56350[m], yaw=6.72424[rad], v=6.78253[m/s], steer=0.52300[rad], accel=-0.88787[m/s^2]
Time: 19.32[s], x=18.66742[m], y=7.67932[m], yaw=6.78681[rad], v=6.74702[m/s], steer=0.52300[rad], accel=-1.19098[m/s^2]
Time: 19.36[s], x=18.90380[m], y=7.80956[m], yaw=6.84905[rad], v=6.69938[m/s], steer=0.52300[rad], accel=-1.48659[m/s^2]
Time: 19.40[s], x=19.13000[m], y=7.95323[m], yaw=6.91085[rad], v=6.63991[m/s], steer=0.52300[rad], accel=-1.73646[m/s^2]
Time: 19.44[s], x=19.34498[m], y=8.10921[m], yaw=6.97210[rad], v=6.57046[m/s], steer=0.52300[rad], accel=-1.92728[m/s^2]
Time: 19.48[s], x=19.54786[m], y=8.27628[m], yaw=7.03271[rad], v=6.49336[m/s], steer=0.52300[rad], accel=-2.00000[m/s^2]
Time: 19.52[s], x=19.73798[m], y=8.45323[m], yaw=7.09261[rad], v=6.41336[m/s], steer=0.52300[rad], accel=-2.00000[m/s^2]
Time: 19.56[s], x=19.91497[m], y=8.63894[m], yaw=7.15177[rad], v=6.33336[m/s], steer=0.52300[rad], accel=-2.00000[m/s^2]
Time: 19.60[s], x=20.07860[m], y=8.83234[m], yaw=7.21020[rad], v=6.25336[m/s], steer=0.52300[rad], accel=-2.00000[m/s^2]
Time: 19.64[s], x=20.22874[m], y=9.03240[m], yaw=7.26788[rad], v=6.17336[m/s], steer=0.52300[rad], accel=-2.00000[m/s^2]
Time: 19.68[s], x=20.36532[m], y=9.23812[m], yaw=7.32483[rad], v=6.09336[m/s], steer=0.52300[rad], accel=-2.00000[m/s^2]
Time: 19.72[s], x=20.48836[m], y=9.44853[m], yaw=7.38104[rad], v=6.01336[m/s], steer=0.52300[rad], accel=-2.00000[m/s^2]
Time: 19.76[s], x=20.59792[m], y=9.66266[m], yaw=7.43651[rad], v=5.93336[m/s], steer=0.52300[rad], accel=-2.00000[m/s^2]
Time: 19.80[s], x=20.69415[m], y=9.87961[m], yaw=7.49125[rad], v=5.85336[m/s], steer=0.52300[rad], accel=-1.90297[m/s^2]
Time: 19.84[s], x=20.77723[m], y=10.09851[m], yaw=7.54524[rad], v=5.77725[m/s], steer=0.52300[rad], accel=-1.73870[m/s^2]
Time: 19.88[s], x=20.84744[m], y=10.31867[m], yaw=7.59854[rad], v=5.70770[m/s], steer=0.52300[rad], accel=-1.65968[m/s^2]
Time: 19.92[s], x=20.90513[m], y=10.53957[m], yaw=7.65119[rad], v=5.64131[m/s], steer=0.52300[rad], accel=-1.65011[m/s^2]
Time: 19.96[s], x=20.95058[m], y=10.76060[m], yaw=7.70323[rad], v=5.57531[m/s], steer=0.52300[rad], accel=-1.59310[m/s^2]
Time: 20.00[s], x=20.98407[m], y=10.98108[m], yaw=7.75466[rad], v=5.51158[m/s], steer=0.52300[rad], accel=-1.46244[m/s^2]
Time: 20.04[s], x=21.00593[m], y=11.20046[m], yaw=7.80551[rad], v=5.45308[m/s], steer=0.52300[rad], accel=-1.18945[m/s^2]
Time: 20.08[s], x=21.01650[m], y=11.41833[m], yaw=7.85581[rad], v=5.40551[m/s], steer=0.52300[rad], accel=-0.75210[m/s^2]
Time: 20.12[s], x=21.01611[m], y=11.63455[m], yaw=7.90567[rad], v=5.37542[m/s], steer=0.52300[rad], accel=-0.29722[m/s^2]
Time: 20.16[s], x=21.00500[m], y=11.84928[m], yaw=7.95526[rad], v=5.36353[m/s], steer=0.52300[rad], accel=0.06198[m/s^2]
Time: 20.20[s], x=20.98330[m], y=12.06272[m], yaw=8.00474[rad], v=5.36601[m/s], steer=0.52300[rad], accel=0.43919[m/s^2]
Time: 20.24[s], x=20.95107[m], y=12.27492[m], yaw=8.05424[rad], v=5.38358[m/s], steer=0.52300[rad], accel=0.75137[m/s^2]
Time: 20.28[s], x=20.90823[m], y=12.48596[m], yaw=8.10390[rad], v=5.41363[m/s], steer=0.52300[rad], accel=1.16268[m/s^2]
Time: 20.32[s], x=20.85467[m], y=12.69578[m], yaw=8.15384[rad], v=5.46014[m/s], steer=0.52300[rad], accel=1.68336[m/s^2]
Time: 20.36[s], x=20.79016[m], y=12.90444[m], yaw=8.20421[rad], v=5.52748[m/s], steer=0.52300[rad], accel=2.00000[m/s^2]
Time: 20.40[s], x=20.71429[m], y=13.11212[m], yaw=8.25520[rad], v=5.60748[m/s], steer=0.52300[rad], accel=2.00000[m/s^2]
Time: 20.44[s], x=20.62670[m], y=13.31860[m], yaw=8.30693[rad], v=5.68748[m/s], steer=0.52300[rad], accel=2.00000[m/s^2]
Time: 20.48[s], x=20.52714[m], y=13.52316[m], yaw=8.35940[rad], v=5.76748[m/s], steer=0.52300[rad], accel=2.00000[m/s^2]
Time: 20.52[s], x=20.41544[m], y=13.72502[m], yaw=8.41260[rad], v=5.84748[m/s], steer=0.52300[rad], accel=2.00000[m/s^2]
Time: 20.56[s], x=20.29147[m], y=13.92336[m], yaw=8.46654[rad], v=5.92748[m/s], steer=0.52300[rad], accel=2.00000[m/s^2]
Time: 20.60[s], x=20.15515[m], y=14.11735[m], yaw=8.52122[rad], v=6.00748[m/s], steer=0.52300[rad], accel=2.00000[m/s^2]
Time: 20.64[s], x=20.00644[m], y=14.30611[m], yaw=8.57664[rad], v=6.08748[m/s], steer=0.52300[rad], accel=2.00000[m/s^2]
Time: 20.68[s], x=19.84540[m], y=14.48875[m], yaw=8.63280[rad], v=6.16748[m/s], steer=0.52300[rad], accel=2.00000[m/s^2]
Time: 20.72[s], x=19.67211[m], y=14.66434[m], yaw=8.68969[rad], v=6.24748[m/s], steer=0.52300[rad], accel=2.00000[m/s^2]
Time: 20.76[s], x=19.48674[m], y=14.83193[m], yaw=8.74732[rad], v=6.32748[m/s], steer=0.52300[rad], accel=2.00000[m/s^2]
Time: 20.80[s], x=19.28953[m], y=14.99058[m], yaw=8.80569[rad], v=6.40747[m/s], steer=0.52300[rad], accel=2.00000[m/s^2]
Time: 20.84[s], x=19.08080[m], y=15.13931[m], yaw=8.86480[rad], v=6.48747[m/s], steer=0.52300[rad], accel=2.00000[m/s^2]
Time: 20.88[s], x=18.86094[m], y=15.27715[m], yaw=8.92464[rad], v=6.56747[m/s], steer=0.52300[rad], accel=2.00000[m/s^2]
Time: 20.92[s], x=18.63041[m], y=15.40312[m], yaw=8.98523[rad], v=6.64747[m/s], steer=0.52300[rad], accel=2.00000[m/s^2]
Time: 20.96[s], x=18.38979[m], y=15.51627[m], yaw=9.04655[rad], v=6.72747[m/s], steer=0.52300[rad], accel=2.00000[m/s^2]
Time: 21.00[s], x=18.13971[m], y=15.61564[m], yaw=9.10861[rad], v=6.80747[m/s], steer=0.52300[rad], accel=2.00000[m/s^2]
Time: 21.04[s], x=17.88091[m], y=15.70031[m], yaw=9.17141[rad], v=6.88747[m/s], steer=0.52300[rad], accel=2.00000[m/s^2]
Time: 21.08[s], x=17.61420[m], y=15.76936[m], yaw=9.23494[rad], v=6.96747[m/s], steer=0.52300[rad], accel=2.00000[m/s^2]
Time: 21.12[s], x=17.34051[m], y=15.82195[m], yaw=9.29922[rad], v=7.04747[m/s], steer=0.52300[rad], accel=2.00000[m/s^2]
Time: 21.16[s], x=17.06083[m], y=15.85726[m], yaw=9.36423[rad], v=7.12747[m/s], steer=0.52300[rad], accel=2.00000[m/s^2]
Time: 21.20[s], x=16.77625[m], y=15.87451[m], yaw=9.42998[rad], v=7.20747[m/s], steer=0.52300[rad], accel=2.00000[m/s^2]
Time: 21.24[s], x=16.48796[m], y=15.87301[m], yaw=9.49647[rad], v=7.28747[m/s], steer=0.52300[rad], accel=2.00000[m/s^2]
Time: 21.28[s], x=16.19721[m], y=15.85213[m], yaw=9.56369[rad], v=7.36747[m/s], steer=0.52300[rad], accel=2.00000[m/s^2]
Time: 21.32[s], x=15.90535[m], y=15.81132[m], yaw=9.63166[rad], v=7.44747[m/s], steer=0.52300[rad], accel=2.00000[m/s^2]
Time: 21.36[s], x=15.61380[m], y=15.75013[m], yaw=9.70036[rad], v=7.52747[m/s], steer=0.52300[rad], accel=2.00000[m/s^2]
Time: 21.40[s], x=15.32406[m], y=15.66820[m], yaw=9.76980[rad], v=7.60747[m/s], steer=0.52300[rad], accel=2.00000[m/s^2]
Time: 21.44[s], x=15.03770[m], y=15.56528[m], yaw=9.83998[rad], v=7.68747[m/s], steer=0.52300[rad], accel=2.00000[m/s^2]
Time: 21.48[s], x=14.75632[m], y=15.44125[m], yaw=9.91089[rad], v=7.76747[m/s], steer=0.52300[rad], accel=2.00000[m/s^2]
Time: 21.52[s], x=14.48162[m], y=15.29609[m], yaw=9.98254[rad], v=7.84747[m/s], steer=0.52300[rad], accel=2.00000[m/s^2]
Time: 21.56[s], x=14.21529[m], y=15.12995[m], yaw=10.05494[rad], v=7.92747[m/s], steer=0.52300[rad], accel=2.00000[m/s^2]
Time: 21.60[s], x=13.95910[m], y=14.94309[m], yaw=10.12807[rad], v=8.00747[m/s], steer=0.52300[rad], accel=2.00000[m/s^2]
Time: 21.64[s], x=13.71480[m], y=14.73594[m], yaw=10.20193[rad], v=8.08747[m/s], steer=0.52300[rad], accel=2.00000[m/s^2]
Time: 21.68[s], x=13.48417[m], y=14.50909[m], yaw=10.27654[rad], v=8.16747[m/s], steer=0.52300[rad], accel=2.00000[m/s^2]
Time: 21.72[s], x=13.26899[m], y=14.26327[m], yaw=10.35188[rad], v=8.24747[m/s], steer=0.52300[rad], accel=2.00000[m/s^2]
Time: 21.76[s], x=13.07100[m], y=13.99938[m], yaw=10.42796[rad], v=8.32747[m/s], steer=0.52300[rad], accel=2.00000[m/s^2]
Time: 21.80[s], x=12.89192[m], y=13.71852[m], yaw=10.50478[rad], v=8.40747[m/s], steer=0.52300[rad], accel=2.00000[m/s^2]
Time: 21.84[s], x=12.73342[m], y=13.42192[m], yaw=10.58234[rad], v=8.48747[m/s], steer=0.52300[rad], accel=2.00000[m/s^2]
Time: 21.88[s], x=12.59708[m], y=13.11100[m], yaw=10.66064[rad], v=8.56747[m/s], steer=0.52300[rad], accel=2.00000[m/s^2]
Time: 21.92[s], x=12.48443[m], y=12.78734[m], yaw=10.73967[rad], v=8.64747[m/s], steer=0.52300[rad], accel=2.00000[m/s^2]
Time: 21.96[s], x=12.39688[m], y=12.45271[m], yaw=10.81944[rad], v=8.72747[m/s], steer=0.52300[rad], accel=2.00000[m/s^2]
Time: 22.00[s], x=12.33571[m], y=12.10901[m], yaw=10.89995[rad], v=8.80747[m/s], steer=0.52300[rad], accel=2.00000[m/s^2]
Time: 22.04[s], x=12.30207[m], y=11.75832[m], yaw=10.98120[rad], v=8.88747[m/s], steer=0.52300[rad], accel=2.00000[m/s^2]
Time: 22.08[s], x=12.29696[m], y=11.40286[m], yaw=11.06318[rad], v=8.96747[m/s], steer=0.52300[rad], accel=2.00000[m/s^2]
Time: 22.12[s], x=12.32119[m], y=11.04498[m], yaw=11.14591[rad], v=9.04747[m/s], steer=0.52300[rad], accel=2.00000[m/s^2]
Time: 22.16[s], x=12.37539[m], y=10.68716[m], yaw=11.22937[rad], v=9.12747[m/s], steer=0.52300[rad], accel=2.00000[m/s^2]
Time: 22.20[s], x=12.45998[m], y=10.33199[m], yaw=11.31357[rad], v=9.20747[m/s], steer=0.52300[rad], accel=2.00000[m/s^2]
Time: 22.24[s], x=12.57513[m], y=9.98216[m], yaw=11.39851[rad], v=9.28747[m/s], steer=0.52300[rad], accel=2.00000[m/s^2]
Time: 22.28[s], x=12.72080[m], y=9.64041[m], yaw=11.48418[rad], v=9.36747[m/s], steer=0.52300[rad], accel=2.00000[m/s^2]
Time: 22.32[s], x=12.89668[m], y=9.30956[m], yaw=11.57059[rad], v=9.44747[m/s], steer=0.52300[rad], accel=2.00000[m/s^2]
Time: 22.36[s], x=13.10220[m], y=8.99243[m], yaw=11.65775[rad], v=9.52747[m/s], steer=0.52300[rad], accel=2.00000[m/s^2]
Time: 22.40[s], x=13.33652[m], y=8.69187[m], yaw=11.74564[rad], v=9.60747[m/s], steer=0.52300[rad], accel=2.00000[m/s^2]
Time: 22.44[s], x=13.59849[m], y=8.41070[m], yaw=11.83426[rad], v=9.68747[m/s], steer=0.52300[rad], accel=2.00000[m/s^2]
Time: 22.48[s], x=13.88669[m], y=8.15168[m], yaw=11.92363[rad], v=9.76747[m/s], steer=0.52300[rad], accel=2.00000[m/s^2]
Time: 22.52[s], x=14.19943[m], y=7.91750[m], yaw=12.01373[rad], v=9.84747[m/s], steer=0.52300[rad], accel=2.00000[m/s^2]
Time: 22.56[s], x=14.53470[m], y=7.71073[m], yaw=12.10457[rad], v=9.92747[m/s], steer=0.52300[rad], accel=2.00000[m/s^2]
Time: 22.60[s], x=14.89020[m], y=7.53380[m], yaw=12.19615[rad], v=10.00747[m/s], steer=0.52300[rad], accel=2.00000[m/s^2]
Time: 22.64[s], x=15.26338[m], y=7.38896[m], yaw=12.28847[rad], v=10.08747[m/s], steer=0.34210[rad], accel=2.00000[m/s^2]
Time: 22.68[s], x=15.65139[m], y=7.27827[m], yaw=12.34594[rad], v=10.16747[m/s], steer=0.32092[rad], accel=2.00000[m/s^2]
Time: 22.72[s], x=16.04825[m], y=7.18934[m], yaw=12.40002[rad], v=10.24747[m/s], steer=0.49773[rad], accel=2.00000[m/s^2]
Time: 22.76[s], x=16.45249[m], y=7.12147[m], yaw=12.48911[rad], v=10.32747[m/s], steer=0.52300[rad], accel=2.00000[m/s^2]
Time: 22.80[s], x=16.86436[m], y=7.08959[m], yaw=12.58438[rad], v=10.40747[m/s], steer=0.52300[rad], accel=2.00000[m/s^2]
Time: 22.84[s], x=17.28059[m], y=7.09708[m], yaw=12.68038[rad], v=10.48747[m/s], steer=0.52300[rad], accel=2.00000[m/s^2]
Time: 22.88[s], x=17.69737[m], y=7.14481[m], yaw=12.77713[rad], v=10.56747[m/s], steer=0.52300[rad], accel=2.00000[m/s^2]
Time: 22.92[s], x=18.11071[m], y=7.23324[m], yaw=12.87461[rad], v=10.64747[m/s], steer=0.52300[rad], accel=2.00000[m/s^2]
Time: 22.96[s], x=18.51654[m], y=7.36245[m], yaw=12.97283[rad], v=10.72747[m/s], steer=0.52300[rad], accel=2.00000[m/s^2]
Time: 23.00[s], x=18.91068[m], y=7.53210[m], yaw=13.07179[rad], v=10.80747[m/s], steer=0.52300[rad], accel=2.00000[m/s^2]
Time: 23.04[s], x=19.28892[m], y=7.74141[m], yaw=13.17149[rad], v=10.88747[m/s], steer=0.52300[rad], accel=2.00000[m/s^2]
Time: 23.08[s], x=19.64709[m], y=7.98915[m], yaw=13.27193[rad], v=10.96747[m/s], steer=0.52300[rad], accel=2.00000[m/s^2]
Time: 23.12[s], x=19.98105[m], y=8.27362[m], yaw=13.37310[rad], v=11.04747[m/s], steer=0.52300[rad], accel=2.00000[m/s^2]
Time: 23.16[s], x=20.28679[m], y=8.59269[m], yaw=13.47501[rad], v=11.12747[m/s], steer=0.52300[rad], accel=2.00000[m/s^2]
Time: 23.20[s], x=20.56044[m], y=8.94372[m], yaw=13.57766[rad], v=11.20747[m/s], steer=0.52300[rad], accel=2.00000[m/s^2]
Time: 23.24[s], x=20.79839[m], y=9.32366[m], yaw=13.68105[rad], v=11.28747[m/s], steer=0.52300[rad], accel=2.00000[m/s^2]
Time: 23.28[s], x=20.99726[m], y=9.72900[m], yaw=13.78517[rad], v=11.36747[m/s], steer=0.52300[rad], accel=2.00000[m/s^2]
Time: 23.32[s], x=21.15402[m], y=10.15582[m], yaw=13.89003[rad], v=11.44747[m/s], steer=0.52300[rad], accel=2.00000[m/s^2]
Time: 23.36[s], x=21.26604[m], y=10.59981[m], yaw=13.99564[rad], v=11.52747[m/s], steer=0.52300[rad], accel=2.00000[m/s^2]
Time: 23.40[s], x=21.33108[m], y=11.05630[m], yaw=14.10198[rad], v=11.60747[m/s], steer=0.52300[rad], accel=2.00000[m/s^2]
Time: 23.44[s], x=21.34742[m], y=11.52031[m], yaw=14.20905[rad], v=11.68747[m/s], steer=0.52300[rad], accel=2.00000[m/s^2]
Time: 23.48[s], x=21.31384[m], y=11.98660[m], yaw=14.31687[rad], v=11.76747[m/s], steer=0.52300[rad], accel=2.00000[m/s^2]
Time: 23.52[s], x=21.22971[m], y=12.44972[m], yaw=14.42542[rad], v=11.84747[m/s], steer=0.52300[rad], accel=2.00000[m/s^2]
Time: 23.56[s], x=21.09499[m], y=12.90407[m], yaw=14.53471[rad], v=11.92747[m/s], steer=0.52300[rad], accel=2.00000[m/s^2]
Time: 23.60[s], x=20.91028[m], y=13.34396[m], yaw=14.64474[rad], v=12.00747[m/s], steer=0.52300[rad], accel=2.00000[m/s^2]
Time: 23.64[s], x=20.67683[m], y=13.76371[m], yaw=14.75551[rad], v=12.08747[m/s], steer=0.52300[rad], accel=2.00000[m/s^2]
Time: 23.68[s], x=20.39655[m], y=14.15768[m], yaw=14.86701[rad], v=12.16747[m/s], steer=0.52300[rad], accel=2.00000[m/s^2]
Time: 23.72[s], x=20.07204[m], y=14.52041[m], yaw=14.97925[rad], v=12.24747[m/s], steer=0.52300[rad], accel=2.00000[m/s^2]
Time: 23.76[s], x=19.70656[m], y=14.84663[m], yaw=15.09224[rad], v=12.32747[m/s], steer=0.52300[rad], accel=2.00000[m/s^2]
Time: 23.80[s], x=19.30402[m], y=15.13142[m], yaw=15.20595[rad], v=12.40747[m/s], steer=0.52300[rad], accel=2.00000[m/s^2]
Time: 23.84[s], x=18.86895[m], y=15.37024[m], yaw=15.32041[rad], v=12.48747[m/s], steer=0.52300[rad], accel=2.00000[m/s^2]
Time: 23.88[s], x=18.40650[m], y=15.55901[m], yaw=15.43561[rad], v=12.56747[m/s], steer=0.52300[rad], accel=2.00000[m/s^2]
Time: 23.92[s], x=17.92233[m], y=15.69424[m], yaw=15.55154[rad], v=12.64747[m/s], steer=0.52300[rad], accel=2.00000[m/s^2]
Time: 23.96[s], x=17.42261[m], y=15.77305[m], yaw=15.66821[rad], v=12.72747[m/s], steer=0.52300[rad], accel=2.00000[m/s^2]
Time: 24.00[s], x=16.91391[m], y=15.79328[m], yaw=15.78562[rad], v=12.80747[m/s], steer=0.52300[rad], accel=2.00000[m/s^2]
Time: 24.04[s], x=16.40316[m], y=15.75354[m], yaw=15.90377[rad], v=12.88747[m/s], steer=0.52300[rad], accel=2.00000[m/s^2]
Time: 24.08[s], x=15.89751[m], y=15.65325[m], yaw=16.02265[rad], v=12.96747[m/s], steer=0.52300[rad], accel=2.00000[m/s^2]
Time: 24.12[s], x=15.40428[m], y=15.49270[m], yaw=16.14227[rad], v=13.04747[m/s], steer=0.52300[rad], accel=2.00000[m/s^2]
Time: 24.16[s], x=14.93083[m], y=15.27309[m], yaw=16.26263[rad], v=13.12747[m/s], steer=0.52300[rad], accel=2.00000[m/s^2]
Time: 24.20[s], x=14.48446[m], y=14.99654[m], yaw=16.38373[rad], v=13.20747[m/s], steer=0.52300[rad], accel=2.00000[m/s^2]
Time: 24.24[s], x=14.07227[m], y=14.66609[m], yaw=16.50557[rad], v=13.28747[m/s], steer=0.52300[rad], accel=2.00000[m/s^2]
Time: 24.28[s], x=13.70106[m], y=14.28571[m], yaw=16.62815[rad], v=13.36747[m/s], steer=0.52300[rad], accel=2.00000[m/s^2]
Time: 24.32[s], x=13.37721[m], y=13.86024[m], yaw=16.75146[rad], v=13.44747[m/s], steer=0.52300[rad], accel=2.00000[m/s^2]
Time: 24.36[s], x=13.10653[m], y=13.39540[m], yaw=16.87551[rad], v=13.52747[m/s], steer=0.52300[rad], accel=2.00000[m/s^2]
Time: 24.40[s], x=12.89420[m], y=12.89771[m], yaw=17.00030[rad], v=13.60747[m/s], steer=0.52300[rad], accel=2.00000[m/s^2]
Time: 24.44[s], x=12.74458[m], y=12.37438[m], yaw=17.12582[rad], v=13.68747[m/s], steer=0.52300[rad], accel=2.00000[m/s^2]
Time: 24.48[s], x=12.66118[m], y=11.83327[m], yaw=17.25209[rad], v=13.76747[m/s], steer=0.52300[rad], accel=2.00000[m/s^2]
Time: 24.52[s], x=12.64649[m], y=11.28277[m], yaw=17.37909[rad], v=13.84747[m/s], steer=0.52300[rad], accel=2.00000[m/s^2]
Time: 24.56[s], x=12.70197[m], y=10.73165[m], yaw=17.50683[rad], v=13.92747[m/s], steer=0.52300[rad], accel=2.00000[m/s^2]
Time: 24.60[s], x=12.82793[m], y=10.18898[m], yaw=17.63531[rad], v=14.00747[m/s], steer=0.52300[rad], accel=2.00000[m/s^2]
Time: 24.64[s], x=13.02350[m], y=9.66392[m], yaw=17.76453[rad], v=14.08747[m/s], steer=0.52300[rad], accel=2.00000[m/s^2]
Time: 24.68[s], x=13.28659[m], y=9.16561[m], yaw=17.89448[rad], v=14.16747[m/s], steer=0.52300[rad], accel=2.00000[m/s^2]
Time: 24.72[s], x=13.61388[m], y=8.70298[m], yaw=18.02518[rad], v=14.24747[m/s], steer=0.52300[rad], accel=2.00000[m/s^2]
Time: 24.76[s], x=14.00085[m], y=8.28460[m], yaw=18.15660[rad], v=14.32747[m/s], steer=0.52300[rad], accel=2.00000[m/s^2]
Time: 24.80[s], x=14.44177[m], y=7.91850[m], yaw=18.28877[rad], v=14.40747[m/s], steer=0.52300[rad], accel=2.00000[m/s^2]
Time: 24.84[s], x=14.92980[m], y=7.61200[m], yaw=18.42168[rad], v=14.48747[m/s], steer=0.52300[rad], accel=2.00000[m/s^2]
Time: 24.88[s], x=15.45706[m], y=7.37154[m], yaw=18.55532[rad], v=14.56747[m/s], steer=0.52300[rad], accel=2.00000[m/s^2]
Time: 24.92[s], x=16.01472[m], y=7.20255[m], yaw=18.68970[rad], v=14.64747[m/s], steer=0.52300[rad], accel=2.00000[m/s^2]
Time: 24.96[s], x=16.59314[m], y=7.10929[m], yaw=18.82483[rad], v=14.72747[m/s], steer=0.52300[rad], accel=2.00000[m/s^2]
Time: 25.00[s], x=17.18206[m], y=7.09473[m], yaw=18.96068[rad], v=14.80747[m/s], steer=0.52300[rad], accel=2.00000[m/s^2]
Time: 25.04[s], x=17.77071[m], y=7.16041[m], yaw=19.09728[rad], v=14.88747[m/s], steer=0.52300[rad], accel=2.00000[m/s^2]
Time: 25.08[s], x=18.34803[m], y=7.30643[m], yaw=19.23462[rad], v=14.96747[m/s], steer=0.52300[rad], accel=2.00000[m/s^2]
Time: 25.12[s], x=18.90289[m], y=7.53131[m], yaw=19.37269[rad], v=15.04747[m/s], steer=0.52300[rad], accel=2.00000[m/s^2]
Time: 25.16[s], x=19.42429[m], y=7.83201[m], yaw=19.51150[rad], v=15.12747[m/s], steer=0.52300[rad], accel=2.00000[m/s^2]
Time: 25.20[s], x=19.90159[m], y=8.20394[m], yaw=19.65105[rad], v=15.20747[m/s], steer=0.52300[rad], accel=2.00000[m/s^2]
Time: 25.24[s], x=20.32474[m], y=8.64094[m], yaw=19.79133[rad], v=15.28747[m/s], steer=0.52300[rad], accel=2.00000[m/s^2]
Time: 25.28[s], x=20.68452[m], y=9.13540[m], yaw=19.93236[rad], v=15.36747[m/s], steer=0.52300[rad], accel=2.00000[m/s^2]
Time: 25.32[s], x=20.97272[m], y=9.67835[m], yaw=20.07412[rad], v=15.44747[m/s], steer=0.52300[rad], accel=2.00000[m/s^2]
Time: 25.36[s], x=21.18241[m], y=10.25958[m], yaw=20.21662[rad], v=15.52747[m/s], steer=0.52300[rad], accel=2.00000[m/s^2]
Time: 25.40[s], x=21.30807[m], y=10.86783[m], yaw=20.35986[rad], v=15.60747[m/s], steer=0.52300[rad], accel=2.00000[m/s^2]
Time: 25.44[s], x=21.34582[m], y=11.49099[m], yaw=20.50383[rad], v=15.68747[m/s], steer=0.52300[rad], accel=2.00000[m/s^2]
Time: 25.48[s], x=21.29350[m], y=12.11630[m], yaw=20.64855[rad], v=15.76747[m/s], steer=0.52300[rad], accel=2.00000[m/s^2]
Time: 25.52[s], x=21.15082[m], y=12.73065[m], yaw=20.79400[rad], v=15.84747[m/s], steer=0.52300[rad], accel=2.00000[m/s^2]
Time: 25.56[s], x=20.91944[m], y=13.32081[m], yaw=20.94019[rad], v=15.92747[m/s], steer=0.52300[rad], accel=2.00000[m/s^2]
Time: 25.60[s], x=20.60296[m], y=13.87375[m], yaw=21.08712[rad], v=16.00747[m/s], steer=0.52300[rad], accel=2.00000[m/s^2]
Time: 25.64[s], x=20.20697[m], y=14.37691[m], yaw=21.23479[rad], v=16.08747[m/s], steer=0.52300[rad], accel=2.00000[m/s^2]
Time: 25.68[s], x=19.73893[m], y=14.81853[m], yaw=21.38319[rad], v=16.16747[m/s], steer=0.52300[rad], accel=2.00000[m/s^2]
Time: 25.72[s], x=19.20811[m], y=15.18792[m], yaw=21.53233[rad], v=16.24747[m/s], steer=0.52300[rad], accel=2.00000[m/s^2]
Time: 25.76[s], x=18.62542[m], y=15.47575[m], yaw=21.68221[rad], v=16.32747[m/s], steer=0.52300[rad], accel=2.00000[m/s^2]
Time: 25.80[s], x=18.00324[m], y=15.67432[m], yaw=21.83283[rad], v=16.40747[m/s], steer=0.52300[rad], accel=2.00000[m/s^2]
Time: 25.84[s], x=17.35515[m], y=15.77779[m], yaw=21.98419[rad], v=16.48747[m/s], steer=0.52300[rad], accel=2.00000[m/s^2]
Time: 25.88[s], x=16.69567[m], y=15.78238[m], yaw=22.13628[rad], v=16.56747[m/s], steer=0.52300[rad], accel=2.00000[m/s^2]
Time: 25.92[s], x=16.03994[m], y=15.68654[m], yaw=22.28911[rad], v=16.64747[m/s], steer=0.52300[rad], accel=2.00000[m/s^2]
Time: 25.96[s], x=15.40338[m], y=15.49105[m], yaw=22.44268[rad], v=16.72747[m/s], steer=0.52300[rad], accel=2.00000[m/s^2]
Time: 26.00[s], x=14.80134[m], y=15.19909[m], yaw=22.59699[rad], v=16.80747[m/s], steer=0.52300[rad], accel=2.00000[m/s^2]
Time: 26.04[s], x=14.24870[m], y=14.81625[m], yaw=22.75204[rad], v=16.88747[m/s], steer=0.52300[rad], accel=2.00000[m/s^2]
Time: 26.08[s], x=13.75949[m], y=14.35045[m], yaw=22.90782[rad], v=16.96747[m/s], steer=0.52300[rad], accel=2.00000[m/s^2]
Time: 26.12[s], x=13.34652[m], y=13.81185[m], yaw=23.06434[rad], v=17.04747[m/s], steer=0.52300[rad], accel=2.00000[m/s^2]
Time: 26.16[s], x=13.02104[m], y=13.21264[m], yaw=23.22161[rad], v=17.12747[m/s], steer=0.52300[rad], accel=2.00000[m/s^2]
Time: 26.20[s], x=12.79235[m], y=12.56684[m], yaw=23.37960[rad], v=17.20747[m/s], steer=0.52300[rad], accel=2.00000[m/s^2]
Time: 26.24[s], x=12.66754[m], y=11.88995[m], yaw=23.53834[rad], v=17.28747[m/s], steer=0.52300[rad], accel=2.00000[m/s^2]
Time: 26.28[s], x=12.65121[m], y=11.19865[m], yaw=23.69781[rad], v=17.36747[m/s], steer=0.52300[rad], accel=2.00000[m/s^2]
Time: 26.32[s], x=12.74531[m], y=10.51035[m], yaw=23.85802[rad], v=17.44747[m/s], steer=0.52300[rad], accel=2.00000[m/s^2]
Time: 26.36[s], x=12.94894[m], y=9.84282[m], yaw=24.01897[rad], v=17.52747[m/s], steer=0.52300[rad], accel=2.00000[m/s^2]
Time: 26.40[s], x=13.25832[m], y=9.21367[m], yaw=24.18066[rad], v=17.60747[m/s], steer=0.52300[rad], accel=2.00000[m/s^2]
Time: 26.44[s], x=13.66680[m], y=8.63993[m], yaw=24.34309[rad], v=17.68747[m/s], steer=0.52300[rad], accel=2.00000[m/s^2]
Time: 26.48[s], x=14.16495[m], y=8.13753[m], yaw=24.50625[rad], v=17.76747[m/s], steer=0.52300[rad], accel=2.00000[m/s^2]
Time: 26.52[s], x=14.74068[m], y=7.72085[m], yaw=24.67015[rad], v=17.84747[m/s], steer=0.52300[rad], accel=2.00000[m/s^2]
Time: 26.56[s], x=15.37954[m], y=7.40226[m], yaw=24.83479[rad], v=17.92747[m/s], steer=0.52300[rad], accel=2.00000[m/s^2]
Time: 26.60[s], x=16.06505[m], y=7.19175[m], yaw=25.00017[rad], v=18.00747[m/s], steer=0.52300[rad], accel=2.00000[m/s^2]
Time: 26.64[s], x=16.77903[m], y=7.09654[m], yaw=25.16629[rad], v=18.08747[m/s], steer=0.52300[rad], accel=2.00000[m/s^2]
Time: 26.68[s], x=17.50212[m], y=7.12080[m], yaw=25.33314[rad], v=18.16747[m/s], steer=0.52300[rad], accel=2.00000[m/s^2]
Time: 26.72[s], x=18.21427[m], y=7.26546[m], yaw=25.50073[rad], v=18.24747[m/s], steer=0.52300[rad], accel=2.00000[m/s^2]
Time: 26.76[s], x=18.89531[m], y=7.52804[m], yaw=25.66906[rad], v=18.32747[m/s], steer=0.52300[rad], accel=2.00000[m/s^2]
Time: 26.80[s], x=19.52547[m], y=7.90263[m], yaw=25.83813[rad], v=18.40746[m/s], steer=0.52300[rad], accel=2.00000[m/s^2]
Time: 26.84[s], x=20.08606[m], y=8.38000[m], yaw=26.00793[rad], v=18.48746[m/s], steer=0.52300[rad], accel=2.00000[m/s^2]
Time: 26.88[s], x=20.55997[m], y=8.94768[m], yaw=26.17848[rad], v=18.56746[m/s], steer=0.52300[rad], accel=2.00000[m/s^2]
Time: 26.92[s], x=20.93225[m], y=9.59034[m], yaw=26.34976[rad], v=18.64746[m/s], steer=0.52300[rad], accel=2.00000[m/s^2]
Time: 26.96[s], x=21.19067[m], y=10.29004[m], yaw=26.52178[rad], v=18.72746[m/s], steer=0.52300[rad], accel=2.00000[m/s^2]
Time: 27.00[s], x=21.32607[m], y=11.02680[m], yaw=26.69454[rad], v=18.80746[m/s], steer=0.52300[rad], accel=2.00000[m/s^2]
Time: 27.04[s], x=21.33284[m], y=11.77907[m], yaw=26.86803[rad], v=18.88746[m/s], steer=0.52300[rad], accel=2.00000[m/s^2]
Time: 27.08[s], x=21.20913[m], y=12.52437[m], yaw=27.04227[rad], v=18.96746[m/s], steer=0.52300[rad], accel=2.00000[m/s^2]
Time: 27.12[s], x=20.95702[m], y=13.23996[m], yaw=27.21724[rad], v=19.04746[m/s], steer=0.52300[rad], accel=2.00000[m/s^2]
Time: 27.16[s], x=20.58262[m], y=13.90352[m], yaw=27.39295[rad], v=19.12746[m/s], steer=0.52300[rad], accel=2.00000[m/s^2]
Time: 27.20[s], x=20.09595[m], y=14.49388[m], yaw=27.56940[rad], v=19.20746[m/s], steer=0.52300[rad], accel=2.00000[m/s^2]
Time: 27.24[s], x=19.51077[m], y=14.99173[m], yaw=27.74658[rad], v=19.28746[m/s], steer=0.52300[rad], accel=2.00000[m/s^2]
Time: 27.28[s], x=18.84424[m], y=15.38025[m], yaw=27.92451[rad], v=19.36746[m/s], steer=0.52300[rad], accel=2.00000[m/s^2]
Time: 27.32[s], x=18.11646[m], y=15.64576[m], yaw=28.10317[rad], v=19.44746[m/s], steer=0.52300[rad], accel=2.00000[m/s^2]
Time: 27.36[s], x=17.34993[m], y=15.77826[m], yaw=28.28257[rad], v=19.52746[m/s], steer=0.52300[rad], accel=2.00000[m/s^2]
Time: 27.40[s], x=16.56886[m], y=15.77183[m], yaw=28.46271[rad], v=19.60746[m/s], steer=0.52300[rad], accel=2.00000[m/s^2]
