  **** HLS Build v2024.2 5238294
INFO: [HLS 200-2005] Using work_dir /home/tanmay-desai/MPPI_FPGA_DATAFLOW/MPPI_FLOAT_KINEMATIC/MPPI_Float/MPPI_Float 
INFO: [HLS 200-1505] Using default flow_target 'vivado'
Resolution: For help on HLS 200-1505 see docs.xilinx.com/access/sources/dita/topic?Doc_Version=2024.2%20English&url=ug1448-hls-guidance&resourceid=200-1505.html
INFO: [HLS 200-1465] Applying ini 'syn.file=gaussian_noise_gen.cpp' from /home/tanmay-desai/MPPI_FPGA_DATAFLOW/MPPI_FLOAT_KINEMATIC/MPPI_Float/hls_config.cfg(9)
INFO: [HLS 200-10] Adding design file '/home/tanmay-desai/MPPI_FPGA_DATAFLOW/MPPI_FLOAT_KINEMATIC/MPPI_Float/gaussian_noise_gen.cpp' to the project
INFO: [HLS 200-1465] Applying ini 'syn.file=globals.hpp' from /home/tanmay-desai/MPPI_FPGA_DATAFLOW/MPPI_FLOAT_KINEMATIC/MPPI_Float/hls_config.cfg(10)
INFO: [HLS 200-10] Adding design file '/home/tanmay-desai/MPPI_FPGA_DATAFLOW/MPPI_FLOAT_KINEMATIC/MPPI_Float/globals.hpp' to the project
INFO: [HLS 200-1465] Applying ini 'syn.file=datatypes.hpp' from /home/tanmay-desai/MPPI_FPGA_DATAFLOW/MPPI_FLOAT_KINEMATIC/MPPI_Float/hls_config.cfg(11)
INFO: [HLS 200-10] Adding design file '/home/tanmay-desai/MPPI_FPGA_DATAFLOW/MPPI_FLOAT_KINEMATIC/MPPI_Float/datatypes.hpp' to the project
INFO: [HLS 200-1465] Applying ini 'syn.file=compute_weight.cpp' from /home/tanmay-desai/MPPI_FPGA_DATAFLOW/MPPI_FLOAT_KINEMATIC/MPPI_Float/hls_config.cfg(12)
INFO: [HLS 200-10] Adding design file '/home/tanmay-desai/MPPI_FPGA_DATAFLOW/MPPI_FLOAT_KINEMATIC/MPPI_Float/compute_weight.cpp' to the project
INFO: [HLS 200-1465] Applying ini 'syn.file=globals.cpp' from /home/tanmay-desai/MPPI_FPGA_DATAFLOW/MPPI_FLOAT_KINEMATIC/MPPI_Float/hls_config.cfg(13)
INFO: [HLS 200-10] Adding design file '/home/tanmay-desai/MPPI_FPGA_DATAFLOW/MPPI_FLOAT_KINEMATIC/MPPI_Float/globals.cpp' to the project
INFO: [HLS 200-1465] Applying ini 'syn.file=helper.cpp' from /home/tanmay-desai/MPPI_FPGA_DATAFLOW/MPPI_FLOAT_KINEMATIC/MPPI_Float/hls_config.cfg(14)
INFO: [HLS 200-10] Adding design file '/home/tanmay-desai/MPPI_FPGA_DATAFLOW/MPPI_FLOAT_KINEMATIC/MPPI_Float/helper.cpp' to the project
INFO: [HLS 200-1465] Applying ini 'syn.file=costs.cpp' from /home/tanmay-desai/MPPI_FPGA_DATAFLOW/MPPI_FLOAT_KINEMATIC/MPPI_Float/hls_config.cfg(15)
INFO: [HLS 200-10] Adding design file '/home/tanmay-desai/MPPI_FPGA_DATAFLOW/MPPI_FLOAT_KINEMATIC/MPPI_Float/costs.cpp' to the project
INFO: [HLS 200-1465] Applying ini 'syn.file=smoothning_filter.cpp' from /home/tanmay-desai/MPPI_FPGA_DATAFLOW/MPPI_FLOAT_KINEMATIC/MPPI_Float/hls_config.cfg(16)
INFO: [HLS 200-10] Adding design file '/home/tanmay-desai/MPPI_FPGA_DATAFLOW/MPPI_FLOAT_KINEMATIC/MPPI_Float/smoothning_filter.cpp' to the project
INFO: [HLS 200-1465] Applying ini 'syn.file=nearest_neighbor.cpp' from /home/tanmay-desai/MPPI_FPGA_DATAFLOW/MPPI_FLOAT_KINEMATIC/MPPI_Float/hls_config.cfg(17)
INFO: [HLS 200-10] Adding design file '/home/tanmay-desai/MPPI_FPGA_DATAFLOW/MPPI_FLOAT_KINEMATIC/MPPI_Float/nearest_neighbor.cpp' to the project
INFO: [HLS 200-1465] Applying ini 'syn.file=ref_path.hpp' from /home/tanmay-desai/MPPI_FPGA_DATAFLOW/MPPI_FLOAT_KINEMATIC/MPPI_Float/hls_config.cfg(18)
INFO: [HLS 200-10] Adding design file '/home/tanmay-desai/MPPI_FPGA_DATAFLOW/MPPI_FLOAT_KINEMATIC/MPPI_Float/ref_path.hpp' to the project
INFO: [HLS 200-1465] Applying ini 'syn.file=ref_path.cpp' from /home/tanmay-desai/MPPI_FPGA_DATAFLOW/MPPI_FLOAT_KINEMATIC/MPPI_Float/hls_config.cfg(19)
INFO: [HLS 200-10] Adding design file '/home/tanmay-desai/MPPI_FPGA_DATAFLOW/MPPI_FLOAT_KINEMATIC/MPPI_Float/ref_path.cpp' to the project
INFO: [HLS 200-1465] Applying ini 'syn.file=mppi_control.cpp' from /home/tanmay-desai/MPPI_FPGA_DATAFLOW/MPPI_FLOAT_KINEMATIC/MPPI_Float/hls_config.cfg(20)
INFO: [HLS 200-10] Adding design file '/home/tanmay-desai/MPPI_FPGA_DATAFLOW/MPPI_FLOAT_KINEMATIC/MPPI_Float/mppi_control.cpp' to the project
INFO: [HLS 200-1465] Applying ini 'syn.file=dynamics.cpp' from /home/tanmay-desai/MPPI_FPGA_DATAFLOW/MPPI_FLOAT_KINEMATIC/MPPI_Float/hls_config.cfg(21)
INFO: [HLS 200-10] Adding design file '/home/tanmay-desai/MPPI_FPGA_DATAFLOW/MPPI_FLOAT_KINEMATIC/MPPI_Float/dynamics.cpp' to the project
INFO: [HLS 200-1465] Applying ini 'syn.file=clip.cpp' from /home/tanmay-desai/MPPI_FPGA_DATAFLOW/MPPI_FLOAT_KINEMATIC/MPPI_Float/hls_config.cfg(22)
INFO: [HLS 200-10] Adding design file '/home/tanmay-desai/MPPI_FPGA_DATAFLOW/MPPI_FLOAT_KINEMATIC/MPPI_Float/clip.cpp' to the project
INFO: [HLS 200-1465] Applying ini 'tb.file=tb.cpp' from /home/tanmay-desai/MPPI_FPGA_DATAFLOW/MPPI_FLOAT_KINEMATIC/MPPI_Float/hls_config.cfg(8)
INFO: [HLS 200-10] Adding test bench file '/home/tanmay-desai/MPPI_FPGA_DATAFLOW/MPPI_FLOAT_KINEMATIC/MPPI_Float/tb.cpp' to the project
INFO: [HLS 200-1465] Applying ini 'syn.top=calc_control_input' from /home/tanmay-desai/MPPI_FPGA_DATAFLOW/MPPI_FLOAT_KINEMATIC/MPPI_Float/hls_config.cfg(23)
INFO: [HLS 200-1465] Applying ini 'flow_target=vivado' from /home/tanmay-desai/MPPI_FPGA_DATAFLOW/MPPI_FLOAT_KINEMATIC/MPPI_Float/hls_config.cfg(4)
INFO: [HLS 200-1505] Using flow_target 'vivado'
Resolution: For help on HLS 200-1505 see docs.xilinx.com/access/sources/dita/topic?Doc_Version=2024.2%20English&url=ug1448-hls-guidance&resourceid=200-1505.html
INFO: [HLS 200-1465] Applying ini 'part=xczu9eg-ffvb1156-2-e' from /home/tanmay-desai/MPPI_FPGA_DATAFLOW/MPPI_FLOAT_KINEMATIC/MPPI_Float/hls_config.cfg(1)
INFO: [HLS 200-1611] Setting target device to 'xczu9eg-ffvb1156-2-e'
INFO: [HLS 200-1465] Applying ini 'clock=5' from /home/tanmay-desai/MPPI_FPGA_DATAFLOW/MPPI_FLOAT_KINEMATIC/MPPI_Float/hls_config.cfg(7)
INFO: [SYN 201-201] Setting up clock 'default' with a period of 5ns.
INFO: [HLS 200-1465] Applying ini 'csim.clean=1' from /home/tanmay-desai/MPPI_FPGA_DATAFLOW/MPPI_FLOAT_KINEMATIC/MPPI_Float/hls_config.cfg(24)
INFO: [HLS 200-1465] Applying ini 'csim.code_analyzer=1' from /home/tanmay-desai/MPPI_FPGA_DATAFLOW/MPPI_FLOAT_KINEMATIC/MPPI_Float/hls_config.cfg(25)
INFO: [HLS 200-1465] Applying ini 'csim.sanitize_address=0' from /home/tanmay-desai/MPPI_FPGA_DATAFLOW/MPPI_FLOAT_KINEMATIC/MPPI_Float/hls_config.cfg(26)
INFO: [HLS 200-1465] Applying ini 'package.output.format=ip_catalog' from /home/tanmay-desai/MPPI_FPGA_DATAFLOW/MPPI_FLOAT_KINEMATIC/MPPI_Float/hls_config.cfg(5)
INFO: [HLS 200-1465] Applying ini 'syn.dataflow.default_channel=pingpong' from /home/tanmay-desai/MPPI_FPGA_DATAFLOW/MPPI_FLOAT_KINEMATIC/MPPI_Float/hls_config.cfg(27)
INFO: [XFORM 203-701] Set the default channel type in dataflow to ping-pong buffer.
INFO: [SIM 211-200] Executing Code Analyzer instead of classic HLS C simulation
INFO: [SIM 211-200] Cleaning
slxcmd:0:0: info: [ Cleaned build and execution files ]
INFO: [HLS 211-200] Compiling source code gaussian_noise_gen.cpp as hardware code with instrumentation
INFO: [HLS 211-200] Compiling source code compute_weight.cpp as hardware code with instrumentation
INFO: [HLS 211-200] Compiling source code globals.cpp as hardware code with instrumentation
INFO: [HLS 211-200] Compiling source code helper.cpp as hardware code with instrumentation
INFO: [HLS 211-200] Compiling source code costs.cpp as hardware code with instrumentation
INFO: [HLS 211-200] Compiling source code smoothning_filter.cpp as hardware code with instrumentation
INFO: [HLS 211-200] Compiling source code nearest_neighbor.cpp as hardware code with instrumentation
INFO: [HLS 211-200] Compiling source code ref_path.cpp as hardware code with instrumentation
INFO: [HLS 211-200] Compiling source code mppi_control.cpp as hardware code with instrumentation
INFO: [HLS 211-200] Compiling source code dynamics.cpp as hardware code with instrumentation
INFO: [HLS 211-200] Compiling source code clip.cpp as hardware code with instrumentation
INFO: [HLS 211-200] Compiling source code /home/tanmay-desai/MPPI_FPGA_DATAFLOW/MPPI_FLOAT_KINEMATIC/MPPI_Float/tb.cpp as test bench code with instrumentation
INFO: [HLS 211-200] Compiling source code clip.cpp as test bench code with instrumentation
INFO: [HLS 211-200] Compiling source code compute_weight.cpp as test bench code with instrumentation
INFO: [HLS 211-200] Compiling source code costs.cpp as test bench code with instrumentation
INFO: [HLS 211-200] Compiling source code dynamics.cpp as test bench code with instrumentation
INFO: [HLS 211-200] Compiling source code gaussian_noise_gen.cpp as test bench code with instrumentation
INFO: [HLS 211-200] Compiling source code globals.cpp as test bench code with instrumentation
INFO: [HLS 211-200] Compiling source code helper.cpp as test bench code with instrumentation
INFO: [HLS 211-200] Compiling source code mppi_control.cpp as test bench code with instrumentation
INFO: [HLS 211-200] Compiling source code nearest_neighbor.cpp as test bench code with instrumentation
INFO: [HLS 211-200] Compiling source code ref_path.cpp as test bench code with instrumentation
INFO: [HLS 211-200] Compiling source code smoothning_filter.cpp as test bench code with instrumentation
mppi_control.cpp:675:32: warning: unexpected pragma argument 'End Of Pragma Line', expects '=' [-Winvalid-hls-pragmas]
        #pragma HLS PIPELINE II
                               ^
1 warning generated.
mppi_control.cpp:675:32: warning: unexpected pragma argument 'End Of Pragma Line', expects '=' [-Winvalid-hls-pragmas]
        #pragma HLS PIPELINE II
                               ^
1 warning generated.
INFO: [HLS 211-200] Linking hardware code
INFO: [HLS 211-200] Transforming hardware bitcode
INFO: [HLS 211-200] Linking executable
INFO: [HLS 211-200] Computing HLS IR Information
INFO: [HLS 211-200] Determining source code dependencies
INFO: [SIM 211-200] Running executable
[INFO] Start simulation of pathtracking with MPPI controller
[INFO] delta_t: 0.04[s], sim_steps: 1000[steps], total_sim_time: 40[s]
Time: 0.00[s], x=0.00000[m], y=0.00000[m], yaw=0.00000[rad], v=5.00000[m/s], steer=0.38890[rad], accel=-0.37818[m/s^2]
Time: 0.04[s], x=0.20000[m], y=0.00000[m], yaw=0.03278[rad], v=4.98487[m/s], steer=0.52863[rad], accel=-0.63919[m/s^2]
Time: 0.08[s], x=0.39929[m], y=0.00654[m], yaw=0.07937[rad], v=4.95931[m/s], steer=0.49337[rad], accel=-0.85537[m/s^2]
Time: 0.12[s], x=0.59704[m], y=0.02226[m], yaw=0.12203[rad], v=4.92509[m/s], steer=0.45378[rad], accel=-1.03416[m/s^2]
Time: 0.16[s], x=0.79257[m], y=0.04624[m], yaw=0.16047[rad], v=4.88372[m/s], steer=0.38749[rad], accel=-1.17126[m/s^2]
Time: 0.20[s], x=0.98541[m], y=0.07746[m], yaw=0.19236[rad], v=4.83687[m/s], steer=0.27962[rad], accel=-1.27925[m/s^2]
Time: 0.24[s], x=1.17532[m], y=0.11444[m], yaw=0.21458[rad], v=4.78570[m/s], steer=0.14265[rad], accel=-1.32062[m/s^2]
Time: 0.28[s], x=1.36236[m], y=0.15521[m], yaw=0.22558[rad], v=4.73288[m/s], steer=0.05562[rad], accel=-1.35822[m/s^2]
Time: 0.32[s], x=1.54688[m], y=0.19755[m], yaw=0.22979[rad], v=4.67855[m/s], steer=-0.01625[rad], accel=-1.33882[m/s^2]
Time: 0.36[s], x=1.72910[m], y=0.24018[m], yaw=0.22858[rad], v=4.62500[m/s], steer=-0.09775[rad], accel=-1.29806[m/s^2]
Time: 0.40[s], x=1.90929[m], y=0.28210[m], yaw=0.22132[rad], v=4.57308[m/s], steer=-0.16214[rad], accel=-1.22326[m/s^2]
Time: 0.44[s], x=2.08775[m], y=0.32225[m], yaw=0.20935[rad], v=4.52415[m/s], steer=-0.21021[rad], accel=-1.16552[m/s^2]
Time: 0.48[s], x=2.26476[m], y=0.35986[m], yaw=0.19391[rad], v=4.47752[m/s], steer=-0.23552[rad], accel=-1.09287[m/s^2]
Time: 0.52[s], x=2.44051[m], y=0.39437[m], yaw=0.17672[rad], v=4.43381[m/s], steer=-0.25720[rad], accel=-1.01400[m/s^2]
Time: 0.56[s], x=2.61510[m], y=0.42555[m], yaw=0.15806[rad], v=4.39325[m/s], steer=-0.24985[rad], accel=-0.95422[m/s^2]
Time: 0.60[s], x=2.78864[m], y=0.45321[m], yaw=0.14012[rad], v=4.35508[m/s], steer=-0.20236[rad], accel=-0.87072[m/s^2]
Time: 0.64[s], x=2.96113[m], y=0.47754[m], yaw=0.12582[rad], v=4.32025[m/s], steer=-0.16431[rad], accel=-0.79809[m/s^2]
Time: 0.68[s], x=3.13258[m], y=0.49923[m], yaw=0.11436[rad], v=4.28833[m/s], steer=-0.13057[rad], accel=-0.71413[m/s^2]
Time: 0.72[s], x=3.30299[m], y=0.51880[m], yaw=0.10535[rad], v=4.25976[m/s], steer=-0.09738[rad], accel=-0.66808[m/s^2]
Time: 0.76[s], x=3.47243[m], y=0.53672[m], yaw=0.09870[rad], v=4.23304[m/s], steer=-0.07475[rad], accel=-0.61197[m/s^2]
Time: 0.80[s], x=3.64093[m], y=0.55341[m], yaw=0.09362[rad], v=4.20856[m/s], steer=-0.06296[rad], accel=-0.55049[m/s^2]
Time: 0.84[s], x=3.80854[m], y=0.56914[m], yaw=0.08938[rad], v=4.18654[m/s], steer=-0.04197[rad], accel=-0.51513[m/s^2]
Time: 0.88[s], x=3.97533[m], y=0.58409[m], yaw=0.08657[rad], v=4.16594[m/s], steer=-0.02702[rad], accel=-0.46785[m/s^2]
Time: 0.92[s], x=4.14134[m], y=0.59850[m], yaw=0.08476[rad], v=4.14722[m/s], steer=-0.01814[rad], accel=-0.41142[m/s^2]
Time: 0.96[s], x=4.30664[m], y=0.61254[m], yaw=0.08356[rad], v=4.13077[m/s], steer=-0.00891[rad], accel=-0.38379[m/s^2]
Time: 1.00[s], x=4.47129[m], y=0.62633[m], yaw=0.08297[rad], v=4.11542[m/s], steer=-0.01077[rad], accel=-0.34468[m/s^2]
Time: 1.04[s], x=4.63534[m], y=0.63998[m], yaw=0.08226[rad], v=4.10163[m/s], steer=-0.01789[rad], accel=-0.29486[m/s^2]
Time: 1.08[s], x=4.79885[m], y=0.65346[m], yaw=0.08109[rad], v=4.08983[m/s], steer=-0.01590[rad], accel=-0.27693[m/s^2]
Time: 1.12[s], x=4.96191[m], y=0.66671[m], yaw=0.08005[rad], v=4.07876[m/s], steer=-0.01642[rad], accel=-0.24843[m/s^2]
Time: 1.16[s], x=5.12454[m], y=0.67975[m], yaw=0.07898[rad], v=4.06882[m/s], steer=-0.01464[rad], accel=-0.25030[m/s^2]
Time: 1.20[s], x=5.28678[m], y=0.69259[m], yaw=0.07802[rad], v=4.05881[m/s], steer=-0.01251[rad], accel=-0.23257[m/s^2]
Time: 1.24[s], x=5.44864[m], y=0.70525[m], yaw=0.07721[rad], v=4.04951[m/s], steer=-0.01470[rad], accel=-0.20588[m/s^2]
Time: 1.28[s], x=5.61014[m], y=0.71774[m], yaw=0.07626[rad], v=4.04127[m/s], steer=-0.01468[rad], accel=-0.20287[m/s^2]
Time: 1.32[s], x=5.77132[m], y=0.73006[m], yaw=0.07531[rad], v=4.03316[m/s], steer=-0.01722[rad], accel=-0.18548[m/s^2]
Time: 1.36[s], x=5.93219[m], y=0.74220[m], yaw=0.07420[rad], v=4.02574[m/s], steer=-0.00921[rad], accel=-0.15705[m/s^2]
Time: 1.40[s], x=6.09277[m], y=0.75413[m], yaw=0.07360[rad], v=4.01945[m/s], steer=0.00159[rad], accel=-0.15231[m/s^2]
Time: 1.44[s], x=6.25312[m], y=0.76596[m], yaw=0.07371[rad], v=4.01336[m/s], steer=0.00121[rad], accel=-0.13706[m/s^2]
Time: 1.48[s], x=6.41322[m], y=0.77778[m], yaw=0.07378[rad], v=4.00788[m/s], steer=-0.00602[rad], accel=-0.10722[m/s^2]
Time: 1.52[s], x=6.57309[m], y=0.78960[m], yaw=0.07340[rad], v=4.00359[m/s], steer=-0.00696[rad], accel=-0.10158[m/s^2]
Time: 1.56[s], x=6.73281[m], y=0.80134[m], yaw=0.07295[rad], v=3.99953[m/s], steer=-0.00411[rad], accel=-0.07875[m/s^2]
Time: 1.60[s], x=6.89236[m], y=0.81300[m], yaw=0.07269[rad], v=3.99638[m/s], steer=-0.00831[rad], accel=-0.04967[m/s^2]
Time: 1.64[s], x=7.05180[m], y=0.82461[m], yaw=0.07216[rad], v=3.99439[m/s], steer=-0.00631[rad], accel=-0.04570[m/s^2]
Time: 1.68[s], x=7.21116[m], y=0.83613[m], yaw=0.07175[rad], v=3.99256[m/s], steer=-0.00898[rad], accel=-0.02866[m/s^2]
Time: 1.72[s], x=7.37045[m], y=0.84758[m], yaw=0.07118[rad], v=3.99142[m/s], steer=-0.00773[rad], accel=-0.03448[m/s^2]
Time: 1.76[s], x=7.52970[m], y=0.85893[m], yaw=0.07069[rad], v=3.99004[m/s], steer=-0.00948[rad], accel=-0.02829[m/s^2]
Time: 1.80[s], x=7.68890[m], y=0.87020[m], yaw=0.07008[rad], v=3.98891[m/s], steer=-0.01504[rad], accel=-0.01429[m/s^2]
Time: 1.84[s], x=7.84807[m], y=0.88138[m], yaw=0.06912[rad], v=3.98833[m/s], steer=-0.01754[rad], accel=-0.02424[m/s^2]
Time: 1.88[s], x=8.00722[m], y=0.89239[m], yaw=0.06800[rad], v=3.98737[m/s], steer=-0.01691[rad], accel=-0.02155[m/s^2]
Time: 1.92[s], x=8.16635[m], y=0.90323[m], yaw=0.06692[rad], v=3.98650[m/s], steer=-0.01442[rad], accel=-0.00660[m/s^2]
Time: 1.96[s], x=8.32545[m], y=0.91390[m], yaw=0.06600[rad], v=3.98624[m/s], steer=-0.01037[rad], accel=-0.01494[m/s^2]
Time: 2.00[s], x=8.48455[m], y=0.92441[m], yaw=0.06534[rad], v=3.98564[m/s], steer=-0.00849[rad], accel=-0.00789[m/s^2]
Time: 2.04[s], x=8.64364[m], y=0.93482[m], yaw=0.06480[rad], v=3.98533[m/s], steer=-0.00949[rad], accel=0.01551[m/s^2]
Time: 2.08[s], x=8.80272[m], y=0.94514[m], yaw=0.06419[rad], v=3.98595[m/s], steer=-0.00848[rad], accel=0.01120[m/s^2]
Time: 2.12[s], x=8.96182[m], y=0.95537[m], yaw=0.06365[rad], v=3.98639[m/s], steer=-0.00858[rad], accel=0.01808[m/s^2]
Time: 2.16[s], x=9.12096[m], y=0.96551[m], yaw=0.06311[rad], v=3.98712[m/s], steer=-0.00725[rad], accel=-0.00354[m/s^2]
Time: 2.20[s], x=9.28012[m], y=0.97557[m], yaw=0.06264[rad], v=3.98698[m/s], steer=-0.00819[rad], accel=-0.00697[m/s^2]
Time: 2.24[s], x=9.43929[m], y=0.98556[m], yaw=0.06212[rad], v=3.98670[m/s], steer=-0.01007[rad], accel=0.00645[m/s^2]
Time: 2.28[s], x=9.59845[m], y=0.99546[m], yaw=0.06148[rad], v=3.98695[m/s], steer=-0.01057[rad], accel=-0.00737[m/s^2]
Time: 2.32[s], x=9.75763[m], y=1.00525[m], yaw=0.06080[rad], v=3.98666[m/s], steer=-0.01133[rad], accel=-0.00549[m/s^2]
Time: 2.36[s], x=9.91680[m], y=1.01494[m], yaw=0.06008[rad], v=3.98644[m/s], steer=-0.01198[rad], accel=0.00999[m/s^2]
Time: 2.40[s], x=10.07597[m], y=1.02452[m], yaw=0.05932[rad], v=3.98684[m/s], steer=-0.01035[rad], accel=-0.00036[m/s^2]
Time: 2.44[s], x=10.23516[m], y=1.03397[m], yaw=0.05866[rad], v=3.98683[m/s], steer=-0.01052[rad], accel=0.00280[m/s^2]
Time: 2.48[s], x=10.39436[m], y=1.04332[m], yaw=0.05798[rad], v=3.98694[m/s], steer=-0.00863[rad], accel=0.02069[m/s^2]
Time: 2.52[s], x=10.55357[m], y=1.05256[m], yaw=0.05743[rad], v=3.98777[m/s], steer=-0.00562[rad], accel=0.00917[m/s^2]
Time: 2.56[s], x=10.71282[m], y=1.06172[m], yaw=0.05708[rad], v=3.98813[m/s], steer=-0.00450[rad], accel=0.01472[m/s^2]
Time: 2.60[s], x=10.87208[m], y=1.07082[m], yaw=0.05679[rad], v=3.98872[m/s], steer=-0.00627[rad], accel=-0.00214[m/s^2]
Time: 2.64[s], x=11.03138[m], y=1.07988[m], yaw=0.05639[rad], v=3.98863[m/s], steer=-0.00720[rad], accel=-0.00012[m/s^2]
Time: 2.68[s], x=11.19067[m], y=1.08887[m], yaw=0.05593[rad], v=3.98863[m/s], steer=-0.01084[rad], accel=0.01349[m/s^2]
Time: 2.72[s], x=11.34996[m], y=1.09779[m], yaw=0.05524[rad], v=3.98917[m/s], steer=-0.01041[rad], accel=0.00717[m/s^2]
Time: 2.76[s], x=11.50929[m], y=1.10660[m], yaw=0.05457[rad], v=3.98946[m/s], steer=-0.01254[rad], accel=0.01332[m/s^2]
Time: 2.80[s], x=11.66863[m], y=1.11530[m], yaw=0.05377[rad], v=3.98999[m/s], steer=-0.01690[rad], accel=0.03322[m/s^2]
Time: 2.84[s], x=11.82800[m], y=1.12388[m], yaw=0.05269[rad], v=3.99132[m/s], steer=-0.01741[rad], accel=0.02567[m/s^2]
Time: 2.88[s], x=11.98743[m], y=1.13229[m], yaw=0.05158[rad], v=3.99234[m/s], steer=-0.01785[rad], accel=0.03431[m/s^2]
Time: 2.92[s], x=12.14691[m], y=1.14052[m], yaw=0.05044[rad], v=3.99372[m/s], steer=-0.01703[rad], accel=0.05441[m/s^2]
Time: 2.96[s], x=12.30646[m], y=1.14857[m], yaw=0.04935[rad], v=3.99589[m/s], steer=-0.01447[rad], accel=0.04681[m/s^2]
Time: 3.00[s], x=12.46610[m], y=1.15646[m], yaw=0.04843[rad], v=3.99777[m/s], steer=-0.00985[rad], accel=0.05207[m/s^2]
Time: 3.04[s], x=12.62582[m], y=1.16420[m], yaw=0.04780[rad], v=3.99985[m/s], steer=-0.01017[rad], accel=0.06828[m/s^2]
Time: 3.08[s], x=12.78563[m], y=1.17185[m], yaw=0.04715[rad], v=4.00258[m/s], steer=-0.00627[rad], accel=0.05414[m/s^2]
Time: 3.12[s], x=12.94556[m], y=1.17939[m], yaw=0.04675[rad], v=4.00475[m/s], steer=-0.00627[rad], accel=0.05566[m/s^2]
Time: 3.16[s], x=13.10557[m], y=1.18688[m], yaw=0.04634[rad], v=4.00697[m/s], steer=-0.00616[rad], accel=0.03275[m/s^2]
Time: 3.20[s], x=13.26568[m], y=1.19430[m], yaw=0.04595[rad], v=4.00828[m/s], steer=-0.00697[rad], accel=0.02988[m/s^2]
Time: 3.24[s], x=13.42584[m], y=1.20167[m], yaw=0.04550[rad], v=4.00948[m/s], steer=-0.00955[rad], accel=0.03943[m/s^2]
Time: 3.28[s], x=13.58605[m], y=1.20896[m], yaw=0.04489[rad], v=4.01105[m/s], steer=-0.01251[rad], accel=0.02059[m/s^2]
Time: 3.32[s], x=13.74633[m], y=1.21616[m], yaw=0.04409[rad], v=4.01188[m/s], steer=-0.01533[rad], accel=0.01723[m/s^2]
Time: 3.36[s], x=13.90665[m], y=1.22323[m], yaw=0.04310[rad], v=4.01257[m/s], steer=-0.01074[rad], accel=0.03269[m/s^2]
Time: 3.40[s], x=14.06701[m], y=1.23015[m], yaw=0.04241[rad], v=4.01388[m/s], steer=-0.00549[rad], accel=0.02524[m/s^2]
Time: 3.44[s], x=14.22742[m], y=1.23696[m], yaw=0.04206[rad], v=4.01488[m/s], steer=-0.00457[rad], accel=0.03041[m/s^2]
Time: 3.48[s], x=14.38787[m], y=1.24371[m], yaw=0.04177[rad], v=4.01610[m/s], steer=-0.00418[rad], accel=0.05112[m/s^2]
Time: 3.52[s], x=14.54838[m], y=1.25042[m], yaw=0.04150[rad], v=4.01815[m/s], steer=-0.00399[rad], accel=0.04375[m/s^2]
Time: 3.56[s], x=14.70896[m], y=1.25708[m], yaw=0.04124[rad], v=4.01990[m/s], steer=-0.00589[rad], accel=0.05244[m/s^2]
Time: 3.60[s], x=14.86962[m], y=1.26371[m], yaw=0.04086[rad], v=4.02199[m/s], steer=-0.00910[rad], accel=0.03685[m/s^2]
Time: 3.64[s], x=15.03037[m], y=1.27028[m], yaw=0.04028[rad], v=4.02347[m/s], steer=-0.01266[rad], accel=0.03629[m/s^2]
Time: 3.68[s], x=15.19118[m], y=1.27676[m], yaw=0.03946[rad], v=4.02492[m/s], steer=-0.00807[rad], accel=0.04472[m/s^2]
Time: 3.72[s], x=15.35205[m], y=1.28312[m], yaw=0.03894[rad], v=4.02671[m/s], steer=-0.00652[rad], accel=0.02644[m/s^2]
Time: 3.76[s], x=15.51299[m], y=1.28939[m], yaw=0.03852[rad], v=4.02777[m/s], steer=-0.00688[rad], accel=0.02344[m/s^2]
Time: 3.80[s], x=15.67398[m], y=1.29559[m], yaw=0.03808[rad], v=4.02870[m/s], steer=-0.00724[rad], accel=0.03494[m/s^2]
Time: 3.84[s], x=15.83502[m], y=1.30173[m], yaw=0.03761[rad], v=4.03010[m/s], steer=-0.00548[rad], accel=0.02142[m/s^2]
Time: 3.88[s], x=15.99611[m], y=1.30779[m], yaw=0.03726[rad], v=4.03096[m/s], steer=-0.00273[rad], accel=0.01845[m/s^2]
Time: 3.92[s], x=16.15723[m], y=1.31379[m], yaw=0.03708[rad], v=4.03170[m/s], steer=0.01903[rad], accel=0.02759[m/s^2]
Time: 3.96[s], x=16.31839[m], y=1.31977[m], yaw=0.03831[rad], v=4.03280[m/s], steer=0.00010[rad], accel=0.00791[m/s^2]
Time: 4.00[s], x=16.47958[m], y=1.32595[m], yaw=0.03832[rad], v=4.03311[m/s], steer=-0.00723[rad], accel=0.00864[m/s^2]
Time: 4.04[s], x=16.64079[m], y=1.33213[m], yaw=0.03785[rad], v=4.03346[m/s], steer=-0.00892[rad], accel=0.02655[m/s^2]
Time: 4.08[s], x=16.80201[m], y=1.33824[m], yaw=0.03727[rad], v=4.03452[m/s], steer=-0.00301[rad], accel=0.01810[m/s^2]
Time: 4.12[s], x=16.96328[m], y=1.34425[m], yaw=0.03708[rad], v=4.03525[m/s], steer=0.01643[rad], accel=0.02273[m/s^2]
Time: 4.16[s], x=17.12458[m], y=1.35023[m], yaw=0.03814[rad], v=4.03616[m/s], steer=-0.02157[rad], accel=0.00223[m/s^2]
Time: 4.20[s], x=17.28591[m], y=1.35639[m], yaw=0.03675[rad], v=4.03624[m/s], steer=0.00907[rad], accel=-0.00326[m/s^2]
Time: 4.24[s], x=17.44725[m], y=1.36232[m], yaw=0.03733[rad], v=4.03611[m/s], steer=-0.01159[rad], accel=0.00695[m/s^2]
Time: 4.28[s], x=17.60858[m], y=1.36835[m], yaw=0.03658[rad], v=4.03639[m/s], steer=0.01322[rad], accel=-0.00958[m/s^2]
Time: 4.32[s], x=17.76993[m], y=1.37425[m], yaw=0.03744[rad], v=4.03601[m/s], steer=-0.00268[rad], accel=-0.00837[m/s^2]
Time: 4.36[s], x=17.93126[m], y=1.38029[m], yaw=0.03726[rad], v=4.03567[m/s], steer=-0.01711[rad], accel=0.00515[m/s^2]
Time: 4.40[s], x=18.09257[m], y=1.38631[m], yaw=0.03616[rad], v=4.03588[m/s], steer=0.00093[rad], accel=-0.01141[m/s^2]
Time: 4.44[s], x=18.25390[m], y=1.39214[m], yaw=0.03622[rad], v=4.03542[m/s], steer=0.00741[rad], accel=0.00083[m/s^2]
Time: 4.48[s], x=18.41521[m], y=1.39799[m], yaw=0.03670[rad], v=4.03546[m/s], steer=0.01159[rad], accel=0.00753[m/s^2]
Time: 4.52[s], x=18.57652[m], y=1.40391[m], yaw=0.03745[rad], v=4.03576[m/s], steer=-0.02346[rad], accel=0.00480[m/s^2]
Time: 4.56[s], x=18.73784[m], y=1.40996[m], yaw=0.03593[rad], v=4.03595[m/s], steer=0.00629[rad], accel=0.00069[m/s^2]
Time: 4.60[s], x=18.89917[m], y=1.41576[m], yaw=0.03634[rad], v=4.03598[m/s], steer=0.00786[rad], accel=0.02603[m/s^2]
Time: 4.64[s], x=19.06050[m], y=1.42162[m], yaw=0.03685[rad], v=4.03702[m/s], steer=0.00789[rad], accel=0.01488[m/s^2]
Time: 4.68[s], x=19.22187[m], y=1.42757[m], yaw=0.03735[rad], v=4.03761[m/s], steer=-0.03518[rad], accel=0.01892[m/s^2]
Time: 4.72[s], x=19.38327[m], y=1.43360[m], yaw=0.03508[rad], v=4.03837[m/s], steer=-0.01728[rad], accel=0.03374[m/s^2]
Time: 4.76[s], x=19.54470[m], y=1.43927[m], yaw=0.03396[rad], v=4.03972[m/s], steer=-0.00326[rad], accel=0.01703[m/s^2]
Time: 4.80[s], x=19.70620[m], y=1.44475[m], yaw=0.03375[rad], v=4.04040[m/s], steer=0.00402[rad], accel=0.02584[m/s^2]
Time: 4.84[s], x=19.86772[m], y=1.45021[m], yaw=0.03401[rad], v=4.04143[m/s], steer=-0.00835[rad], accel=-0.00441[m/s^2]
Time: 4.88[s], x=20.02929[m], y=1.45570[m], yaw=0.03347[rad], v=4.04126[m/s], steer=-0.01090[rad], accel=-0.00447[m/s^2]
Time: 4.92[s], x=20.19085[m], y=1.46111[m], yaw=0.03277[rad], v=4.04108[m/s], steer=0.00234[rad], accel=-0.00057[m/s^2]
Time: 4.96[s], x=20.35240[m], y=1.46641[m], yaw=0.03292[rad], v=4.04106[m/s], steer=-0.00588[rad], accel=-0.01831[m/s^2]
Time: 5.00[s], x=20.51396[m], y=1.47173[m], yaw=0.03254[rad], v=4.04032[m/s], steer=-0.00496[rad], accel=-0.02244[m/s^2]
Time: 5.04[s], x=20.67548[m], y=1.47699[m], yaw=0.03222[rad], v=4.03943[m/s], steer=-0.00685[rad], accel=-0.00995[m/s^2]
Time: 5.08[s], x=20.83698[m], y=1.48219[m], yaw=0.03178[rad], v=4.03903[m/s], steer=0.00200[rad], accel=-0.01416[m/s^2]
Time: 5.12[s], x=20.99846[m], y=1.48733[m], yaw=0.03191[rad], v=4.03846[m/s], steer=-0.00537[rad], accel=-0.01109[m/s^2]
Time: 5.16[s], x=21.15991[m], y=1.49248[m], yaw=0.03156[rad], v=4.03802[m/s], steer=-0.00207[rad], accel=0.01050[m/s^2]
Time: 5.20[s], x=21.32135[m], y=1.49758[m], yaw=0.03143[rad], v=4.03844[m/s], steer=-0.00795[rad], accel=0.00450[m/s^2]
Time: 5.24[s], x=21.48281[m], y=1.50265[m], yaw=0.03091[rad], v=4.03862[m/s], steer=0.00041[rad], accel=0.01688[m/s^2]
Time: 5.28[s], x=21.64428[m], y=1.50764[m], yaw=0.03094[rad], v=4.03929[m/s], steer=-0.00437[rad], accel=0.03548[m/s^2]
Time: 5.32[s], x=21.80577[m], y=1.51264[m], yaw=0.03066[rad], v=4.04071[m/s], steer=-0.00250[rad], accel=0.02986[m/s^2]
Time: 5.36[s], x=21.96733[m], y=1.51760[m], yaw=0.03049[rad], v=4.04191[m/s], steer=-0.00443[rad], accel=0.04266[m/s^2]
Time: 5.40[s], x=22.12893[m], y=1.52253[m], yaw=0.03021[rad], v=4.04361[m/s], steer=-0.00594[rad], accel=0.06360[m/s^2]
Time: 5.44[s], x=22.29060[m], y=1.52741[m], yaw=0.02982[rad], v=4.04616[m/s], steer=-0.01429[rad], accel=0.05670[m/s^2]
Time: 5.48[s], x=22.45237[m], y=1.53224[m], yaw=0.02890[rad], v=4.04843[m/s], steer=-0.01244[rad], accel=0.06867[m/s^2]
Time: 5.52[s], x=22.61424[m], y=1.53692[m], yaw=0.02809[rad], v=4.05117[m/s], steer=-0.01167[rad], accel=0.05252[m/s^2]
Time: 5.56[s], x=22.77623[m], y=1.54147[m], yaw=0.02734[rad], v=4.05327[m/s], steer=-0.00786[rad], accel=0.05412[m/s^2]
Time: 5.60[s], x=22.93830[m], y=1.54590[m], yaw=0.02683[rad], v=4.05544[m/s], steer=-0.00748[rad], accel=0.06393[m/s^2]
Time: 5.64[s], x=23.10046[m], y=1.55025[m], yaw=0.02634[rad], v=4.05800[m/s], steer=-0.00762[rad], accel=0.04992[m/s^2]
Time: 5.68[s], x=23.26272[m], y=1.55453[m], yaw=0.02584[rad], v=4.05999[m/s], steer=0.00097[rad], accel=0.05601[m/s^2]
Time: 5.72[s], x=23.42507[m], y=1.55872[m], yaw=0.02591[rad], v=4.06223[m/s], steer=-0.00374[rad], accel=0.07149[m/s^2]
Time: 5.76[s], x=23.58750[m], y=1.56293[m], yaw=0.02566[rad], v=4.06509[m/s], steer=-0.00948[rad], accel=0.05932[m/s^2]
Time: 5.80[s], x=23.75005[m], y=1.56710[m], yaw=0.02505[rad], v=4.06746[m/s], steer=-0.00836[rad], accel=0.06044[m/s^2]
Time: 5.84[s], x=23.91270[m], y=1.57118[m], yaw=0.02450[rad], v=4.06988[m/s], steer=-0.01050[rad], accel=0.07166[m/s^2]
Time: 5.88[s], x=24.07545[m], y=1.57517[m], yaw=0.02382[rad], v=4.07275[m/s], steer=-0.01237[rad], accel=0.05271[m/s^2]
Time: 5.92[s], x=24.23831[m], y=1.57905[m], yaw=0.02301[rad], v=4.07486[m/s], steer=-0.01062[rad], accel=0.05460[m/s^2]
Time: 5.96[s], x=24.40126[m], y=1.58280[m], yaw=0.02232[rad], v=4.07704[m/s], steer=-0.01434[rad], accel=0.06135[m/s^2]
Time: 6.00[s], x=24.56430[m], y=1.58644[m], yaw=0.02139[rad], v=4.07950[m/s], steer=-0.01253[rad], accel=0.05253[m/s^2]
Time: 6.04[s], x=24.72744[m], y=1.58993[m], yaw=0.02057[rad], v=4.08160[m/s], steer=-0.01679[rad], accel=0.04647[m/s^2]
Time: 6.08[s], x=24.89067[m], y=1.59329[m], yaw=0.01947[rad], v=4.08346[m/s], steer=-0.02059[rad], accel=0.05273[m/s^2]
Time: 6.12[s], x=25.05398[m], y=1.59647[m], yaw=0.01813[rad], v=4.08557[m/s], steer=-0.01873[rad], accel=0.03557[m/s^2]
Time: 6.16[s], x=25.21737[m], y=1.59943[m], yaw=0.01690[rad], v=4.08699[m/s], steer=-0.01924[rad], accel=0.03380[m/s^2]
Time: 6.20[s], x=25.38083[m], y=1.60219[m], yaw=0.01564[rad], v=4.08834[m/s], steer=-0.02617[rad], accel=0.04800[m/s^2]
Time: 6.24[s], x=25.54434[m], y=1.60475[m], yaw=0.01393[rad], v=4.09026[m/s], steer=-0.02417[rad], accel=0.07402[m/s^2]
Time: 6.28[s], x=25.70794[m], y=1.60703[m], yaw=0.01235[rad], v=4.09322[m/s], steer=-0.02412[rad], accel=0.07277[m/s^2]
Time: 6.32[s], x=25.87166[m], y=1.60905[m], yaw=0.01077[rad], v=4.09613[m/s], steer=-0.02692[rad], accel=0.08140[m/s^2]
Time: 6.36[s], x=26.03549[m], y=1.61081[m], yaw=0.00900[rad], v=4.09939[m/s], steer=-0.02621[rad], accel=0.09673[m/s^2]
Time: 6.40[s], x=26.19946[m], y=1.61229[m], yaw=0.00728[rad], v=4.10326[m/s], steer=-0.01318[rad], accel=0.12017[m/s^2]
Time: 6.44[s], x=26.36359[m], y=1.61349[m], yaw=0.00642[rad], v=4.10806[m/s], steer=0.00500[rad], accel=0.15307[m/s^2]
Time: 6.48[s], x=26.52791[m], y=1.61454[m], yaw=0.00675[rad], v=4.11419[m/s], steer=0.01224[rad], accel=0.14958[m/s^2]
Time: 6.52[s], x=26.69247[m], y=1.61565[m], yaw=0.00755[rad], v=4.12017[m/s], steer=0.03367[rad], accel=0.15489[m/s^2]
Time: 6.56[s], x=26.85727[m], y=1.61690[m], yaw=0.00977[rad], v=4.12637[m/s], steer=0.05637[rad], accel=0.16740[m/s^2]
Time: 6.60[s], x=27.02232[m], y=1.61851[m], yaw=0.01350[rad], v=4.13306[m/s], steer=0.07544[rad], accel=0.17946[m/s^2]
Time: 6.64[s], x=27.18763[m], y=1.62074[m], yaw=0.01850[rad], v=4.14024[m/s], steer=0.08254[rad], accel=0.19153[m/s^2]
Time: 6.68[s], x=27.35321[m], y=1.62380[m], yaw=0.02398[rad], v=4.14790[m/s], steer=0.07482[rad], accel=0.15858[m/s^2]
Time: 6.72[s], x=27.51908[m], y=1.62778[m], yaw=0.02895[rad], v=4.15424[m/s], steer=0.07809[rad], accel=0.14567[m/s^2]
Time: 6.76[s], x=27.68518[m], y=1.63259[m], yaw=0.03415[rad], v=4.16007[m/s], steer=0.08204[rad], accel=0.14667[m/s^2]
Time: 6.80[s], x=27.85148[m], y=1.63828[m], yaw=0.03963[rad], v=4.16594[m/s], steer=0.06788[rad], accel=0.15423[m/s^2]
Time: 6.84[s], x=28.01799[m], y=1.64488[m], yaw=0.04416[rad], v=4.17211[m/s], steer=0.04491[rad], accel=0.13037[m/s^2]
Time: 6.88[s], x=28.18471[m], y=1.65224[m], yaw=0.04716[rad], v=4.17732[m/s], steer=0.04997[rad], accel=0.11714[m/s^2]
Time: 6.92[s], x=28.35162[m], y=1.66012[m], yaw=0.05050[rad], v=4.18201[m/s], steer=0.06702[rad], accel=0.10283[m/s^2]
Time: 6.96[s], x=28.51868[m], y=1.66857[m], yaw=0.05499[rad], v=4.18612[m/s], steer=0.05419[rad], accel=0.05422[m/s^2]
Time: 7.00[s], x=28.68587[m], y=1.67777[m], yaw=0.05863[rad], v=4.18829[m/s], steer=0.05994[rad], accel=0.03104[m/s^2]
Time: 7.04[s], x=28.85312[m], y=1.68758[m], yaw=0.06265[rad], v=4.18953[m/s], steer=0.09687[rad], accel=0.00876[m/s^2]
Time: 7.08[s], x=29.02037[m], y=1.69808[m], yaw=0.06916[rad], v=4.18988[m/s], steer=0.10290[rad], accel=-0.02007[m/s^2]
Time: 7.12[s], x=29.18756[m], y=1.70966[m], yaw=0.07608[rad], v=4.18908[m/s], steer=0.11935[rad], accel=-0.04007[m/s^2]
Time: 7.16[s], x=29.35464[m], y=1.72239[m], yaw=0.08412[rad], v=4.18748[m/s], steer=0.11164[rad], accel=-0.07310[m/s^2]
Time: 7.20[s], x=29.52155[m], y=1.73647[m], yaw=0.09163[rad], v=4.18455[m/s], steer=0.12912[rad], accel=-0.08972[m/s^2]
Time: 7.24[s], x=29.68823[m], y=1.75178[m], yaw=0.10032[rad], v=4.18096[m/s], steer=0.16586[rad], accel=-0.09556[m/s^2]
Time: 7.28[s], x=29.85463[m], y=1.76853[m], yaw=0.11152[rad], v=4.17714[m/s], steer=0.17788[rad], accel=-0.12171[m/s^2]
Time: 7.32[s], x=30.02067[m], y=1.78713[m], yaw=0.12354[rad], v=4.17227[m/s], steer=0.20770[rad], accel=-0.13426[m/s^2]
Time: 7.36[s], x=30.18629[m], y=1.80769[m], yaw=0.13761[rad], v=4.16690[m/s], steer=0.21857[rad], accel=-0.16763[m/s^2]
Time: 7.40[s], x=30.35139[m], y=1.83056[m], yaw=0.15242[rad], v=4.16020[m/s], steer=0.26933[rad], accel=-0.19612[m/s^2]
Time: 7.44[s], x=30.51587[m], y=1.85582[m], yaw=0.17079[rad], v=4.15235[m/s], steer=0.30116[rad], accel=-0.23693[m/s^2]
Time: 7.48[s], x=30.67955[m], y=1.88405[m], yaw=0.19143[rad], v=4.14287[m/s], steer=0.37335[rad], accel=-0.25982[m/s^2]
Time: 7.52[s], x=30.84224[m], y=1.91558[m], yaw=0.21739[rad], v=4.13248[m/s], steer=0.48537[rad], accel=-0.26181[m/s^2]
Time: 7.56[s], x=31.00364[m], y=1.95123[m], yaw=0.25227[rad], v=4.12201[m/s], steer=0.56277[rad], accel=-0.28049[m/s^2]
Time: 7.60[s], x=31.16331[m], y=1.99239[m], yaw=0.29387[rad], v=4.11079[m/s], steer=0.65817[rad], accel=-0.26495[m/s^2]
Time: 7.64[s], x=31.32069[m], y=2.04002[m], yaw=0.34472[rad], v=4.10019[m/s], steer=0.72483[rad], accel=-0.26721[m/s^2]
Time: 7.68[s], x=31.47505[m], y=2.09544[m], yaw=0.40283[rad], v=4.08950[m/s], steer=0.80214[rad], accel=-0.24424[m/s^2]
Time: 7.72[s], x=31.62554[m], y=2.15957[m], yaw=0.47049[rad], v=4.07973[m/s], steer=0.86248[rad], accel=-0.23375[m/s^2]
Time: 7.76[s], x=31.77099[m], y=2.23354[m], yaw=0.54669[rad], v=4.07038[m/s], steer=0.92916[rad], accel=-0.19269[m/s^2]
Time: 7.80[s], x=31.91008[m], y=2.31819[m], yaw=0.63386[rad], v=4.06268[m/s], steer=0.98218[rad], accel=-0.16442[m/s^2]
Time: 7.84[s], x=32.04102[m], y=2.41443[m], yaw=0.73124[rad], v=4.05610[m/s], steer=1.02826[rad], accel=-0.10464[m/s^2]
Time: 7.88[s], x=32.16179[m], y=2.52278[m], yaw=0.83888[rad], v=4.05191[m/s], steer=1.06257[rad], accel=-0.05503[m/s^2]
Time: 7.92[s], x=32.27010[m], y=2.64334[m], yaw=0.95527[rad], v=4.04971[m/s], steer=1.08024[rad], accel=0.02249[m/s^2]
Time: 7.96[s], x=32.36363[m], y=2.77560[m], yaw=1.07658[rad], v=4.05061[m/s], steer=1.09255[rad], accel=0.08704[m/s^2]
Time: 8.00[s], x=32.44048[m], y=2.91824[m], yaw=1.20161[rad], v=4.05409[m/s], steer=1.08454[rad], accel=0.16709[m/s^2]
Time: 8.04[s], x=32.49900[m], y=3.06948[m], yaw=1.32432[rad], v=4.06078[m/s], steer=1.05642[rad], accel=0.26146[m/s^2]
Time: 8.08[s], x=32.53863[m], y=3.22700[m], yaw=1.43929[rad], v=4.07124[m/s], steer=1.03509[rad], accel=0.32757[m/s^2]
Time: 8.12[s], x=32.55999[m], y=3.38844[m], yaw=1.54903[rad], v=4.08434[m/s], steer=0.98391[rad], accel=0.39859[m/s^2]
Time: 8.16[s], x=32.56354[m], y=3.55178[m], yaw=1.64729[rad], v=4.10028[m/s], steer=0.94512[rad], accel=0.43757[m/s^2]
Time: 8.20[s], x=32.55101[m], y=3.71531[m], yaw=1.73809[rad], v=4.11779[m/s], steer=0.86468[rad], accel=0.47491[m/s^2]
Time: 8.24[s], x=32.52358[m], y=3.87772[m], yaw=1.81535[rad], v=4.13678[m/s], steer=0.80553[rad], accel=0.47856[m/s^2]
Time: 8.28[s], x=32.48352[m], y=4.03827[m], yaw=1.88425[rad], v=4.15593[m/s], steer=0.69697[rad], accel=0.47503[m/s^2]
Time: 8.32[s], x=32.43226[m], y=4.19641[m], yaw=1.93992[rad], v=4.17493[m/s], steer=0.61949[rad], accel=0.44054[m/s^2]
Time: 8.36[s], x=32.37201[m], y=4.35216[m], yaw=1.98756[rad], v=4.19255[m/s], steer=0.48721[rad], accel=0.40081[m/s^2]
Time: 8.40[s], x=32.30412[m], y=4.50550[m], yaw=2.02310[rad], v=4.20858[m/s], steer=0.39094[rad], accel=0.33635[m/s^2]
Time: 8.44[s], x=32.23055[m], y=4.65692[m], yaw=2.05085[rad], v=4.22203[m/s], steer=0.32777[rad], accel=0.24792[m/s^2]
Time: 8.48[s], x=32.15255[m], y=4.80671[m], yaw=2.07382[rad], v=4.23195[m/s], steer=0.18875[rad], accel=0.17022[m/s^2]
Time: 8.52[s], x=32.07095[m], y=4.95502[m], yaw=2.08675[rad], v=4.23876[m/s], steer=0.08619[rad], accel=0.07425[m/s^2]
Time: 8.56[s], x=31.98730[m], y=5.10250[m], yaw=2.09261[rad], v=4.24173[m/s], steer=-0.08295[rad], accel=-0.00544[m/s^2]
Time: 8.60[s], x=31.90273[m], y=5.24959[m], yaw=2.08697[rad], v=4.24151[m/s], steer=-0.20968[rad], accel=-0.10070[m/s^2]
Time: 8.64[s], x=31.81899[m], y=5.39714[m], yaw=2.07253[rad], v=4.23748[m/s], steer=-0.38420[rad], accel=-0.17069[m/s^2]
Time: 8.68[s], x=31.73747[m], y=5.54575[m], yaw=2.04512[rad], v=4.23066[m/s], steer=-0.51765[rad], accel=-0.24591[m/s^2]
Time: 8.72[s], x=31.66018[m], y=5.69630[m], yaw=2.00657[rad], v=4.22082[m/s], steer=-0.66894[rad], accel=-0.28989[m/s^2]
Time: 8.76[s], x=31.58891[m], y=5.84935[m], yaw=1.95318[rad], v=4.20923[m/s], steer=-0.78200[rad], accel=-0.32903[m/s^2]
Time: 8.80[s], x=31.52609[m], y=6.00556[m], yaw=1.88629[rad], v=4.19606[m/s], steer=-0.89554[rad], accel=-0.33305[m/s^2]
Time: 8.84[s], x=31.47401[m], y=6.16512[m], yaw=1.80246[rad], v=4.18274[m/s], steer=-0.99768[rad], accel=-0.29825[m/s^2]
Time: 8.88[s], x=31.43559[m], y=6.32796[m], yaw=1.69876[rad], v=4.17081[m/s], steer=-1.06305[rad], accel=-0.27182[m/s^2]
Time: 8.92[s], x=31.41430[m], y=6.49343[m], yaw=1.57883[rad], v=4.15994[m/s], steer=-1.11440[rad], accel=-0.20193[m/s^2]
Time: 8.96[s], x=31.41297[m], y=6.65982[m], yaw=1.44326[rad], v=4.15186[m/s], steer=-1.14986[rad], accel=-0.09436[m/s^2]
Time: 9.00[s], x=31.43409[m], y=6.82454[m], yaw=1.29488[rad], v=4.14809[m/s], steer=-1.15986[rad], accel=0.04224[m/s^2]
Time: 9.04[s], x=31.47929[m], y=6.98419[m], yaw=1.14257[rad], v=4.14978[m/s], steer=-1.16278[rad], accel=0.16339[m/s^2]
Time: 9.08[s], x=31.54822[m], y=7.13519[m], yaw=0.98897[rad], v=4.15631[m/s], steer=-1.13307[rad], accel=0.29481[m/s^2]
Time: 9.12[s], x=31.63959[m], y=7.27409[m], yaw=0.84687[rad], v=4.16811[m/s], steer=-1.06675[rad], accel=0.42216[m/s^2]
Time: 9.16[s], x=31.75001[m], y=7.39900[m], yaw=0.72597[rad], v=4.18499[m/s], steer=-1.00727[rad], accel=0.51049[m/s^2]
Time: 9.20[s], x=31.87520[m], y=7.51013[m], yaw=0.61999[rad], v=4.20541[m/s], steer=-0.89962[rad], accel=0.57928[m/s^2]
Time: 9.24[s], x=32.01211[m], y=7.60787[m], yaw=0.53527[rad], v=4.22858[m/s], steer=-0.81527[rad], accel=0.60450[m/s^2]
Time: 9.28[s], x=32.15760[m], y=7.69415[m], yaw=0.46344[rad], v=4.25276[m/s], steer=-0.66530[rad], accel=0.60195[m/s^2]
Time: 9.32[s], x=32.30976[m], y=7.77019[m], yaw=0.41005[rad], v=4.27684[m/s], steer=-0.55527[rad], accel=0.56092[m/s^2]
Time: 9.36[s], x=32.46666[m], y=7.83839[m], yaw=0.36760[rad], v=4.29928[m/s], steer=-0.47586[rad], accel=0.48689[m/s^2]
Time: 9.40[s], x=32.62714[m], y=7.90019[m], yaw=0.33215[rad], v=4.31875[m/s], steer=-0.30203[rad], accel=0.39625[m/s^2]
Time: 9.44[s], x=32.79044[m], y=7.95652[m], yaw=0.31062[rad], v=4.33460[m/s], steer=-0.17048[rad], accel=0.28494[m/s^2]
Time: 9.48[s], x=32.95553[m], y=8.00952[m], yaw=0.29868[rad], v=4.34600[m/s], steer=-0.07560[rad], accel=0.16036[m/s^2]
Time: 9.52[s], x=33.12167[m], y=8.06067[m], yaw=0.29341[rad], v=4.35242[m/s], steer=-0.00666[rad], accel=0.02540[m/s^2]
Time: 9.56[s], x=33.28833[m], y=8.11103[m], yaw=0.29295[rad], v=4.35343[m/s], steer=0.04500[rad], accel=-0.11294[m/s^2]
Time: 9.60[s], x=33.45504[m], y=8.16131[m], yaw=0.29609[rad], v=4.34891[m/s], steer=0.20982[rad], accel=-0.24902[m/s^2]
Time: 9.64[s], x=33.62143[m], y=8.21207[m], yaw=0.31091[rad], v=4.33895[m/s], steer=0.33300[rad], accel=-0.37636[m/s^2]
Time: 9.68[s], x=33.78667[m], y=8.26517[m], yaw=0.33492[rad], v=4.32390[m/s], steer=0.42840[rad], accel=-0.50416[m/s^2]
Time: 9.72[s], x=33.95001[m], y=8.32201[m], yaw=0.36651[rad], v=4.30373[m/s], steer=0.51658[rad], accel=-0.62207[m/s^2]
Time: 9.76[s], x=34.11073[m], y=8.38371[m], yaw=0.40563[rad], v=4.27885[m/s], steer=0.60087[rad], accel=-0.72710[m/s^2]
Time: 9.80[s], x=34.26799[m], y=8.45124[m], yaw=0.45255[rad], v=4.24977[m/s], steer=0.68669[rad], accel=-0.82208[m/s^2]
Time: 9.84[s], x=34.42087[m], y=8.52557[m], yaw=0.50829[rad], v=4.21688[m/s], steer=0.83514[rad], accel=-0.87416[m/s^2]
Time: 9.88[s], x=34.56822[m], y=8.60767[m], yaw=0.58283[rad], v=4.18192[m/s], steer=0.95917[rad], accel=-0.91251[m/s^2]
Time: 9.92[s], x=34.70788[m], y=8.69973[m], yaw=0.67824[rad], v=4.14542[m/s], steer=1.06325[rad], accel=-0.92489[m/s^2]
Time: 9.96[s], x=34.83700[m], y=8.80377[m], yaw=0.79750[rad], v=4.10842[m/s], steer=1.15378[rad], accel=-0.90663[m/s^2]
Time: 10.00[s], x=34.95179[m], y=8.92137[m], yaw=0.94589[rad], v=4.07215[m/s], steer=1.26206[rad], accel=-0.81484[m/s^2]
Time: 10.04[s], x=35.04708[m], y=9.05348[m], yaw=1.15017[rad], v=4.03956[m/s], steer=1.34862[rad], accel=-0.68161[m/s^2]
Time: 10.08[s], x=35.11306[m], y=9.20097[m], yaw=1.43628[rad], v=4.01230[m/s], steer=1.41328[rad], accel=-0.48168[m/s^2]
Time: 10.12[s], x=35.13458[m], y=9.36002[m], yaw=1.84047[rad], v=3.99303[m/s], steer=1.44654[rad], accel=-0.17135[m/s^2]
Time: 10.16[s], x=35.09203[m], y=9.51396[m], yaw=2.35200[rad], v=3.98618[m/s], steer=1.41260[rad], accel=0.21116[m/s^2]
Time: 10.20[s], x=34.97976[m], y=9.62718[m], yaw=2.75180[rad], v=3.99462[m/s], steer=1.26615[rad], accel=0.61581[m/s^2]
Time: 10.24[s], x=34.83196[m], y=9.68790[m], yaw=2.95506[rad], v=4.01925[m/s], steer=1.10200[rad], accel=0.94334[m/s^2]
Time: 10.28[s], x=34.67398[m], y=9.71772[m], yaw=3.08204[rad], v=4.05699[m/s], steer=0.94256[rad], accel=1.19614[m/s^2]
Time: 10.32[s], x=34.51199[m], y=9.72737[m], yaw=3.17140[rad], v=4.10483[m/s], steer=0.80356[rad], accel=1.37468[m/s^2]
Time: 10.36[s], x=34.34787[m], y=9.72248[m], yaw=3.23951[rad], v=4.15982[m/s], steer=0.57973[rad], accel=1.48926[m/s^2]
Time: 10.40[s], x=34.18227[m], y=9.70621[m], yaw=3.28309[rad], v=4.21939[m/s], steer=0.39073[rad], accel=1.54289[m/s^2]
Time: 10.44[s], x=34.01518[m], y=9.68241[m], yaw=3.31090[rad], v=4.28111[m/s], steer=0.24735[rad], accel=1.53741[m/s^2]
Time: 10.48[s], x=33.84639[m], y=9.65356[m], yaw=3.32819[rad], v=4.34260[m/s], steer=0.13863[rad], accel=1.47482[m/s^2]
Time: 10.52[s], x=33.67570[m], y=9.62133[m], yaw=3.33789[rad], v=4.40160[m/s], steer=0.06034[rad], accel=1.36180[m/s^2]
Time: 10.56[s], x=33.50301[m], y=9.58700[m], yaw=3.34214[rad], v=4.45607[m/s], steer=0.00324[rad], accel=1.20609[m/s^2]
Time: 10.60[s], x=33.32834[m], y=9.55149[m], yaw=3.34237[rad], v=4.50431[m/s], steer=-0.03630[rad], accel=1.01820[m/s^2]
Time: 10.64[s], x=33.15179[m], y=9.51556[m], yaw=3.33976[rad], v=4.54504[m/s], steer=-0.06717[rad], accel=0.81303[m/s^2]
Time: 10.68[s], x=32.97355[m], y=9.47976[m], yaw=3.33486[rad], v=4.57756[m/s], steer=-0.08767[rad], accel=0.59796[m/s^2]
Time: 10.72[s], x=32.79385[m], y=9.44460[m], yaw=3.32843[rad], v=4.60148[m/s], steer=-0.10164[rad], accel=0.38118[m/s^2]
Time: 10.76[s], x=32.61300[m], y=9.41041[m], yaw=3.32092[rad], v=4.61673[m/s], steer=-0.10420[rad], accel=0.16464[m/s^2]
Time: 10.80[s], x=32.43129[m], y=9.37747[m], yaw=3.31319[rad], v=4.62331[m/s], steer=-0.10117[rad], accel=-0.05084[m/s^2]
Time: 10.84[s], x=32.24907[m], y=9.34589[m], yaw=3.30568[rad], v=4.62128[m/s], steer=-0.10108[rad], accel=-0.25380[m/s^2]
Time: 10.88[s], x=32.06670[m], y=9.31569[m], yaw=3.29818[rad], v=4.61113[m/s], steer=-0.10800[rad], accel=-0.44261[m/s^2]
Time: 10.92[s], x=31.88451[m], y=9.28693[m], yaw=3.29018[rad], v=4.59342[m/s], steer=-0.12070[rad], accel=-0.61782[m/s^2]
Time: 10.96[s], x=31.70280[m], y=9.25973[m], yaw=3.28127[rad], v=4.56871[m/s], steer=-0.13804[rad], accel=-0.77434[m/s^2]
Time: 11.00[s], x=31.52183[m], y=9.23428[m], yaw=3.27111[rad], v=4.53774[m/s], steer=-0.16008[rad], accel=-0.91151[m/s^2]
Time: 11.04[s], x=31.34184[m], y=9.21084[m], yaw=3.25939[rad], v=4.50128[m/s], steer=-0.18591[rad], accel=-1.02997[m/s^2]
Time: 11.08[s], x=31.16304[m], y=9.18968[m], yaw=3.24585[rad], v=4.46008[m/s], steer=-0.21643[rad], accel=-1.13086[m/s^2]
Time: 11.12[s], x=30.98560[m], y=9.17111[m], yaw=3.23016[rad], v=4.41484[m/s], steer=-0.25413[rad], accel=-1.21631[m/s^2]
Time: 11.16[s], x=30.80970[m], y=9.15549[m], yaw=3.21181[rad], v=4.36619[m/s], steer=-0.42444[rad], accel=-1.27018[m/s^2]
Time: 11.20[s], x=30.63548[m], y=9.14324[m], yaw=3.18024[rad], v=4.31538[m/s], steer=-0.57424[rad], accel=-1.31787[m/s^2]
Time: 11.24[s], x=30.46300[m], y=9.13657[m], yaw=3.13557[rad], v=4.26267[m/s], steer=-0.70235[rad], accel=-1.35443[m/s^2]
Time: 11.28[s], x=30.29249[m], y=9.13760[m], yaw=3.07785[rad], v=4.20849[m/s], steer=-0.82058[rad], accel=-1.37558[m/s^2]
Time: 11.32[s], x=30.12450[m], y=9.14832[m], yaw=3.00560[rad], v=4.15347[m/s], steer=-0.97848[rad], accel=-1.35359[m/s^2]
Time: 11.36[s], x=29.95989[m], y=9.17085[m], yaw=2.90684[rad], v=4.09932[m/s], steer=-1.10039[rad], accel=-1.33199[m/s^2]
Time: 11.40[s], x=29.80042[m], y=9.20899[m], yaw=2.77785[rad], v=4.04604[m/s], steer=-1.21217[rad], accel=-1.26212[m/s^2]
Time: 11.44[s], x=29.64916[m], y=9.26657[m], yaw=2.60514[rad], v=3.99556[m/s], steer=-1.29816[rad], accel=-1.12910[m/s^2]
Time: 11.48[s], x=29.51179[m], y=9.34825[m], yaw=2.37650[rad], v=3.95040[m/s], steer=-1.36807[rad], accel=-0.88957[m/s^2]
Time: 11.52[s], x=29.39781[m], y=9.45769[m], yaw=2.06900[rad], v=3.91481[m/s], steer=-1.41741[rad], accel=-0.50218[m/s^2]
Time: 11.56[s], x=29.32299[m], y=9.59525[m], yaw=1.66386[rad], v=3.89473[m/s], steer=-1.43252[rad], accel=0.02699[m/s^2]
Time: 11.60[s], x=29.30851[m], y=9.75037[m], yaw=1.21606[rad], v=3.89581[m/s], steer=-1.34915[rad], accel=0.57855[m/s^2]
Time: 11.64[s], x=29.36264[m], y=9.89649[m], yaw=0.93945[rad], v=3.91895[m/s], steer=-1.17413[rad], accel=1.04208[m/s^2]
Time: 11.68[s], x=29.45516[m], y=10.02304[m], yaw=0.78976[rad], v=3.96063[m/s], steer=-1.00263[rad], accel=1.40137[m/s^2]
Time: 11.72[s], x=29.56669[m], y=10.13555[m], yaw=0.69049[rad], v=4.01669[m/s], steer=-0.84698[rad], accel=1.66958[m/s^2]
Time: 11.76[s], x=29.69056[m], y=10.23788[m], yaw=0.61778[rad], v=4.08347[m/s], steer=-0.60635[rad], accel=1.85011[m/s^2]
Time: 11.80[s], x=29.82371[m], y=10.33249[m], yaw=0.57247[rad], v=4.15747[m/s], steer=-0.40548[rad], accel=1.94243[m/s^2]
Time: 11.84[s], x=29.96349[m], y=10.42257[m], yaw=0.54391[rad], v=4.23517[m/s], steer=-0.23717[rad], accel=1.94551[m/s^2]
Time: 11.88[s], x=30.10845[m], y=10.51024[m], yaw=0.52753[rad], v=4.31299[m/s], steer=-0.09566[rad], accel=1.87902[m/s^2]
Time: 11.92[s], x=30.25752[m], y=10.59708[m], yaw=0.52091[rad], v=4.38815[m/s], steer=0.00719[rad], accel=1.77221[m/s^2]
Time: 11.96[s], x=30.40976[m], y=10.68444[m], yaw=0.52142[rad], v=4.45904[m/s], steer=0.07137[rad], accel=1.64304[m/s^2]
Time: 12.00[s], x=30.56442[m], y=10.77328[m], yaw=0.52652[rad], v=4.52476[m/s], steer=0.10028[rad], accel=1.49451[m/s^2]
Time: 12.04[s], x=30.72090[m], y=10.86423[m], yaw=0.53380[rad], v=4.58454[m/s], steer=0.11734[rad], accel=1.33098[m/s^2]
Time: 12.08[s], x=30.87877[m], y=10.95754[m], yaw=0.54245[rad], v=4.63778[m/s], steer=0.13297[rad], accel=1.15259[m/s^2]
Time: 12.12[s], x=31.03765[m], y=11.05331[m], yaw=0.55237[rad], v=4.68388[m/s], steer=0.14178[rad], accel=0.95570[m/s^2]
Time: 12.16[s], x=31.19714[m], y=11.15162[m], yaw=0.56307[rad], v=4.72211[m/s], steer=0.14009[rad], accel=0.72833[m/s^2]
Time: 12.20[s], x=31.35686[m], y=11.25244[m], yaw=0.57372[rad], v=4.75125[m/s], steer=0.13272[rad], accel=0.48599[m/s^2]
Time: 12.24[s], x=31.51649[m], y=11.35559[m], yaw=0.58387[rad], v=4.77069[m/s], steer=0.12352[rad], accel=0.24396[m/s^2]
Time: 12.28[s], x=31.67570[m], y=11.46079[m], yaw=0.59335[rad], v=4.78044[m/s], steer=0.11334[rad], accel=0.00842[m/s^2]
Time: 12.32[s], x=31.83423[m], y=11.56770[m], yaw=0.60206[rad], v=4.78078[m/s], steer=0.10919[rad], accel=-0.21351[m/s^2]
Time: 12.36[s], x=31.99184[m], y=11.67600[m], yaw=0.61044[rad], v=4.77224[m/s], steer=0.11323[rad], accel=-0.41969[m/s^2]
Time: 12.40[s], x=32.14825[m], y=11.78543[m], yaw=0.61912[rad], v=4.75545[m/s], steer=0.12451[rad], accel=-0.60718[m/s^2]
Time: 12.44[s], x=32.30317[m], y=11.89582[m], yaw=0.62865[rad], v=4.73117[m/s], steer=0.14049[rad], accel=-0.77464[m/s^2]
Time: 12.48[s], x=32.45623[m], y=12.00710[m], yaw=0.63935[rad], v=4.70018[m/s], steer=0.16008[rad], accel=-0.92255[m/s^2]
Time: 12.52[s], x=32.60711[m], y=12.11928[m], yaw=0.65150[rad], v=4.66328[m/s], steer=0.18171[rad], accel=-1.05194[m/s^2]
Time: 12.56[s], x=32.75543[m], y=12.23239[m], yaw=0.66520[rad], v=4.62120[m/s], steer=0.20692[rad], accel=-1.16397[m/s^2]
Time: 12.60[s], x=32.90087[m], y=12.34648[m], yaw=0.68073[rad], v=4.57464[m/s], steer=0.23843[rad], accel=-1.26066[m/s^2]
Time: 12.64[s], x=33.04307[m], y=12.46165[m], yaw=0.69852[rad], v=4.52422[m/s], steer=0.41394[rad], accel=-1.34021[m/s^2]
Time: 12.68[s], x=33.18165[m], y=12.57802[m], yaw=0.73032[rad], v=4.47061[m/s], steer=0.57057[rad], accel=-1.40427[m/s^2]
Time: 12.72[s], x=33.31487[m], y=12.69732[m], yaw=0.77622[rad], v=4.41444[m/s], steer=0.70525[rad], accel=-1.45620[m/s^2]
Time: 12.76[s], x=33.44087[m], y=12.82103[m], yaw=0.83635[rad], v=4.35619[m/s], steer=0.83149[rad], accel=-1.48797[m/s^2]
Time: 12.80[s], x=33.55764[m], y=12.95035[m], yaw=0.91279[rad], v=4.29667[m/s], steer=0.95545[rad], accel=-1.49920[m/s^2]
Time: 12.84[s], x=33.66275[m], y=13.08634[m], yaw=1.01004[rad], v=4.23670[m/s], steer=1.07810[rad], accel=-1.48624[m/s^2]
Time: 12.88[s], x=33.75287[m], y=13.22985[m], yaw=1.13631[rad], v=4.17725[m/s], steer=1.18613[rad], accel=-1.43956[m/s^2]
Time: 12.92[s], x=33.82321[m], y=13.38142[m], yaw=1.30140[rad], v=4.11967[m/s], steer=1.30697[rad], accel=-1.31852[m/s^2]
Time: 12.96[s], x=33.86707[m], y=13.54026[m], yaw=1.54542[rad], v=4.06693[m/s], steer=1.40491[rad], accel=-1.14497[m/s^2]
Time: 13.00[s], x=33.87119[m], y=13.70288[m], yaw=1.93407[rad], v=4.02113[m/s], steer=1.47503[rad], accel=-0.85973[m/s^2]
Time: 13.04[s], x=33.81404[m], y=13.85323[m], yaw=2.60385[rad], v=3.98674[m/s], steer=1.47591[rad], accel=-0.36449[m/s^2]
Time: 13.08[s], x=33.67707[m], y=13.93491[m], yaw=3.27410[rad], v=3.97216[m/s], steer=1.30003[rad], accel=0.22696[m/s^2]
Time: 13.12[s], x=33.51958[m], y=13.91392[m], yaw=3.50305[rad], v=3.98124[m/s], steer=1.04869[rad], accel=0.71613[m/s^2]
Time: 13.16[s], x=33.37062[m], y=13.85760[m], yaw=3.61377[rad], v=4.00988[m/s], steer=0.81190[rad], accel=1.08442[m/s^2]
Time: 13.20[s], x=33.22778[m], y=13.78465[m], yaw=3.68142[rad], v=4.05326[m/s], steer=0.61219[rad], accel=1.35605[m/s^2]
Time: 13.24[s], x=33.08870[m], y=13.70132[m], yaw=3.72696[rad], v=4.10750[m/s], steer=0.44277[rad], accel=1.55668[m/s^2]
Time: 13.28[s], x=32.95175[m], y=13.61054[m], yaw=3.75812[rad], v=4.16977[m/s], steer=0.29373[rad], accel=1.69329[m/s^2]
Time: 13.32[s], x=32.81567[m], y=13.51410[m], yaw=3.77830[rad], v=4.23750[m/s], steer=0.17106[rad], accel=1.75250[m/s^2]
Time: 13.36[s], x=32.67938[m], y=13.41333[m], yaw=3.79001[rad], v=4.30760[m/s], steer=0.08011[rad], accel=1.74103[m/s^2]
Time: 13.40[s], x=32.54205[m], y=13.30927[m], yaw=3.79554[rad], v=4.37724[m/s], steer=0.01809[rad], accel=1.65678[m/s^2]
Time: 13.44[s], x=32.40308[m], y=13.20276[m], yaw=3.79681[rad], v=4.44351[m/s], steer=-0.01003[rad], accel=1.51301[m/s^2]
Time: 13.48[s], x=32.26215[m], y=13.09445[m], yaw=3.79610[rad], v=4.50403[m/s], steer=-0.03152[rad], accel=1.34204[m/s^2]
Time: 13.52[s], x=32.11922[m], y=12.98478[m], yaw=3.79383[rad], v=4.55772[m/s], steer=-0.05667[rad], accel=1.15337[m/s^2]
Time: 13.56[s], x=31.97433[m], y=12.87412[m], yaw=3.78969[rad], v=4.60385[m/s], steer=-0.07458[rad], accel=0.94878[m/s^2]
Time: 13.60[s], x=31.82752[m], y=12.76295[m], yaw=3.78419[rad], v=4.64180[m/s], steer=-0.09265[rad], accel=0.73903[m/s^2]
Time: 13.64[s], x=31.67888[m], y=12.65169[m], yaw=3.77728[rad], v=4.67136[m/s], steer=-0.09673[rad], accel=0.52659[m/s^2]
Time: 13.68[s], x=31.52853[m], y=12.54074[m], yaw=3.77003[rad], v=4.69243[m/s], steer=-0.08225[rad], accel=0.29167[m/s^2]
Time: 13.72[s], x=31.37669[m], y=12.43040[m], yaw=3.76384[rad], v=4.70409[m/s], steer=-0.06831[rad], accel=0.05875[m/s^2]
Time: 13.76[s], x=31.22379[m], y=12.32073[m], yaw=3.75869[rad], v=4.70644[m/s], steer=-0.06070[rad], accel=-0.16124[m/s^2]
Time: 13.80[s], x=31.07026[m], y=12.21179[m], yaw=3.75412[rad], v=4.69999[m/s], steer=-0.06041[rad], accel=-0.36495[m/s^2]
Time: 13.84[s], x=30.91644[m], y=12.10370[m], yaw=3.74957[rad], v=4.68540[m/s], steer=-0.06894[rad], accel=-0.55049[m/s^2]
Time: 13.88[s], x=30.76260[m], y=11.99664[m], yaw=3.74439[rad], v=4.66338[m/s], steer=-0.08225[rad], accel=-0.71684[m/s^2]
Time: 13.92[s], x=30.60895[m], y=11.89089[m], yaw=3.73824[rad], v=4.63470[m/s], steer=-0.09466[rad], accel=-0.86361[m/s^2]
Time: 13.96[s], x=30.45559[m], y=11.78672[m], yaw=3.73120[rad], v=4.60016[m/s], steer=-0.10659[rad], accel=-0.99128[m/s^2]
Time: 14.00[s], x=30.30265[m], y=11.68441[m], yaw=3.72333[rad], v=4.56051[m/s], steer=-0.11962[rad], accel=-1.10132[m/s^2]
Time: 14.04[s], x=30.15024[m], y=11.58418[m], yaw=3.71456[rad], v=4.51645[m/s], steer=-0.13592[rad], accel=-1.19583[m/s^2]
Time: 14.08[s], x=29.99843[m], y=11.48624[m], yaw=3.70467[rad], v=4.46862[m/s], steer=-0.15851[rad], accel=-1.27660[m/s^2]
Time: 14.12[s], x=29.84728[m], y=11.39082[m], yaw=3.69324[rad], v=4.41756[m/s], steer=-0.18951[rad], accel=-1.34511[m/s^2]
Time: 14.16[s], x=29.69679[m], y=11.29821[m], yaw=3.67969[rad], v=4.36375[m/s], steer=-0.22900[rad], accel=-1.40353[m/s^2]
Time: 14.20[s], x=29.54691[m], y=11.20876[m], yaw=3.66341[rad], v=4.30761[m/s], steer=-0.39952[rad], accel=-1.43712[m/s^2]
Time: 14.24[s], x=29.39754[m], y=11.12287[m], yaw=3.63431[rad], v=4.25013[m/s], steer=-0.54955[rad], accel=-1.46634[m/s^2]
Time: 14.28[s], x=29.24775[m], y=11.04245[m], yaw=3.59266[rad], v=4.19147[m/s], steer=-0.67851[rad], accel=-1.48754[m/s^2]
Time: 14.32[s], x=29.09686[m], y=10.96937[m], yaw=3.53860[rad], v=4.13197[m/s], steer=-0.79719[rad], accel=-1.49534[m/s^2]
Time: 14.36[s], x=28.94444[m], y=10.90546[m], yaw=3.47091[rad], v=4.07216[m/s], steer=-0.90836[rad], accel=-1.48670[m/s^2]
Time: 14.40[s], x=28.79031[m], y=10.85278[m], yaw=3.38738[rad], v=4.01269[m/s], steer=-1.05337[rad], accel=-1.44439[m/s^2]
Time: 14.44[s], x=28.63462[m], y=10.81373[m], yaw=3.27457[rad], v=3.95491[m/s], steer=-1.15541[rad], accel=-1.40002[m/s^2]
Time: 14.48[s], x=28.47782[m], y=10.79276[m], yaw=3.13110[rad], v=3.89891[m/s], steer=-1.25781[rad], accel=-1.27837[m/s^2]
Time: 14.52[s], x=28.32187[m], y=10.79439[m], yaw=2.93834[rad], v=3.84778[m/s], steer=-1.34102[rad], accel=-1.06188[m/s^2]
Time: 14.56[s], x=28.17113[m], y=10.82546[m], yaw=2.67514[rad], v=3.80530[m/s], steer=-1.39900[rad], accel=-0.74655[m/s^2]
Time: 14.60[s], x=28.03518[m], y=10.89391[m], yaw=2.32424[rad], v=3.77544[m/s], steer=-1.44573[rad], accel=-0.20880[m/s^2]
Time: 14.64[s], x=27.93186[m], y=11.00406[m], yaw=1.84375[rad], v=3.76709[m/s], steer=-1.42163[rad], accel=0.42923[m/s^2]
Time: 14.68[s], x=27.89124[m], y=11.14916[m], yaw=1.44267[rad], v=3.78426[m/s], steer=-1.29308[rad], accel=0.98115[m/s^2]
Time: 14.72[s], x=27.91058[m], y=11.29929[m], yaw=1.23028[rad], v=3.82350[m/s], steer=-1.08860[rad], accel=1.41335[m/s^2]
Time: 14.76[s], x=27.96166[m], y=11.44345[m], yaw=1.11339[rad], v=3.88004[m/s], steer=-0.90088[rad], accel=1.72994[m/s^2]
Time: 14.80[s], x=28.03020[m], y=11.58270[m], yaw=1.03502[rad], v=3.94924[m/s], steer=-0.64760[rad], accel=1.96425[m/s^2]
Time: 14.84[s], x=28.11085[m], y=11.71853[m], yaw=0.98722[rad], v=4.02781[m/s], steer=-0.43309[rad], accel=2.10829[m/s^2]
Time: 14.88[s], x=28.19962[m], y=11.85298[m], yaw=0.95743[rad], v=4.11214[m/s], steer=-0.25525[rad], accel=2.16324[m/s^2]
Time: 14.92[s], x=28.29430[m], y=11.98748[m], yaw=0.94026[rad], v=4.19867[m/s], steer=-0.10415[rad], accel=2.13180[m/s^2]
Time: 14.96[s], x=28.39332[m], y=12.12313[m], yaw=0.93324[rad], v=4.28394[m/s], steer=0.01432[rad], accel=2.04623[m/s^2]
Time: 15.00[s], x=28.49532[m], y=12.26083[m], yaw=0.93422[rad], v=4.36579[m/s], steer=0.08718[rad], accel=1.93616[m/s^2]
Time: 15.04[s], x=28.59913[m], y=12.40125[m], yaw=0.94032[rad], v=4.44324[m/s], steer=0.12348[rad], accel=1.80787[m/s^2]
Time: 15.08[s], x=28.70391[m], y=12.54481[m], yaw=0.94915[rad], v=4.51555[m/s], steer=0.13140[rad], accel=1.67110[m/s^2]
Time: 15.12[s], x=28.80910[m], y=12.69164[m], yaw=0.95869[rad], v=4.58239[m/s], steer=0.13761[rad], accel=1.51914[m/s^2]
Time: 15.16[s], x=28.91442[m], y=12.84166[m], yaw=0.96885[rad], v=4.64316[m/s], steer=0.14054[rad], accel=1.35628[m/s^2]
Time: 15.20[s], x=29.01958[m], y=12.99474[m], yaw=0.97936[rad], v=4.69741[m/s], steer=0.13636[rad], accel=1.15548[m/s^2]
Time: 15.24[s], x=29.12435[m], y=13.15072[m], yaw=0.98967[rad], v=4.74363[m/s], steer=0.12514[rad], accel=0.91931[m/s^2]
Time: 15.28[s], x=29.22851[m], y=13.30932[m], yaw=0.99922[rad], v=4.78040[m/s], steer=0.11309[rad], accel=0.67078[m/s^2]
Time: 15.32[s], x=29.33195[m], y=13.47014[m], yaw=1.00791[rad], v=4.80723[m/s], steer=0.09534[rad], accel=0.41872[m/s^2]
Time: 15.36[s], x=29.43456[m], y=13.63276[m], yaw=1.01526[rad], v=4.82398[m/s], steer=0.08240[rad], accel=0.17214[m/s^2]
Time: 15.40[s], x=29.53633[m], y=13.79671[m], yaw=1.02164[rad], v=4.83087[m/s], steer=0.07735[rad], accel=-0.06422[m/s^2]
Time: 15.44[s], x=29.63719[m], y=13.96153[m], yaw=1.02763[rad], v=4.82830[m/s], steer=0.08058[rad], accel=-0.28617[m/s^2]
Time: 15.48[s], x=29.73701[m], y=14.12686[m], yaw=1.03386[rad], v=4.81685[m/s], steer=0.08770[rad], accel=-0.49034[m/s^2]
Time: 15.52[s], x=29.83556[m], y=14.29243[m], yaw=1.04064[rad], v=4.79724[m/s], steer=0.09776[rad], accel=-0.67479[m/s^2]
Time: 15.56[s], x=29.93260[m], y=14.45797[m], yaw=1.04817[rad], v=4.77025[m/s], steer=0.10856[rad], accel=-0.83894[m/s^2]
Time: 15.60[s], x=30.02784[m], y=14.62331[m], yaw=1.05649[rad], v=4.73669[m/s], steer=0.12025[rad], accel=-0.98304[m/s^2]
Time: 15.64[s], x=30.12105[m], y=14.78827[m], yaw=1.06564[rad], v=4.69737[m/s], steer=0.13402[rad], accel=-1.10834[m/s^2]
Time: 15.68[s], x=30.21198[m], y=14.95270[m], yaw=1.07578[rad], v=4.65303[m/s], steer=0.15241[rad], accel=-1.21646[m/s^2]
Time: 15.72[s], x=30.30039[m], y=15.11648[m], yaw=1.08721[rad], v=4.60438[m/s], steer=0.32452[rad], accel=-1.30912[m/s^2]
Time: 15.76[s], x=30.38603[m], y=15.27953[m], yaw=1.11200[rad], v=4.55201[m/s], steer=0.47565[rad], accel=-1.38441[m/s^2]
Time: 15.80[s], x=30.46667[m], y=15.44278[m], yaw=1.14951[rad], v=4.49663[m/s], steer=0.60594[rad], accel=-1.44756[m/s^2]
Time: 15.84[s], x=30.54022[m], y=15.60692[m], yaw=1.19936[rad], v=4.43873[m/s], steer=0.73122[rad], accel=-1.49318[m/s^2]
Time: 15.88[s], x=30.60466[m], y=15.77236[m], yaw=1.26308[rad], v=4.37900[m/s], steer=0.85508[rad], accel=-1.52206[m/s^2]
Time: 15.92[s], x=30.65771[m], y=15.93929[m], yaw=1.34365[rad], v=4.31812[m/s], steer=0.97969[rad], accel=-1.53200[m/s^2]
Time: 15.96[s], x=30.69661[m], y=16.10758[m], yaw=1.44659[rad], v=4.25684[m/s], steer=1.09268[rad], accel=-1.51008[m/s^2]
Time: 16.00[s], x=30.71770[m], y=16.27655[m], yaw=1.57803[rad], v=4.19644[m/s], steer=1.20138[rad], accel=-1.46245[m/s^2]
Time: 16.04[s], x=30.71649[m], y=16.44440[m], yaw=1.75144[rad], v=4.13794[m/s], steer=1.31983[rad], accel=-1.33654[m/s^2]
Time: 16.08[s], x=30.68675[m], y=16.60722[m], yaw=2.00969[rad], v=4.08448[m/s], steer=1.41101[rad], accel=-1.15455[m/s^2]
Time: 16.12[s], x=30.61733[m], y=16.75512[m], yaw=2.41520[rad], v=4.03830[m/s], steer=1.48164[rad], accel=-0.82438[m/s^2]
Time: 16.16[s], x=30.49657[m], y=16.86240[m], yaw=3.13800[rad], v=4.00532[m/s], steer=1.45976[rad], accel=-0.31025[m/s^2]
Time: 16.20[s], x=30.33636[m], y=16.86298[m], yaw=3.71281[rad], v=3.99291[m/s], steer=1.25248[rad], accel=0.27437[m/s^2]
Time: 16.24[s], x=30.20200[m], y=16.77663[m], yaw=3.90669[rad], v=4.00389[m/s], steer=1.03231[rad], accel=0.73334[m/s^2]
Time: 16.28[s], x=30.08648[m], y=16.66570[m], yaw=4.01393[rad], v=4.03322[m/s], steer=0.82237[rad], accel=1.08816[m/s^2]
Time: 16.32[s], x=29.98273[m], y=16.54215[m], yaw=4.08342[rad], v=4.07675[m/s], steer=0.64463[rad], accel=1.35313[m/s^2]
Time: 16.36[s], x=29.88680[m], y=16.41029[m], yaw=4.13245[rad], v=4.13087[m/s], steer=0.48555[rad], accel=1.53934[m/s^2]
Time: 16.40[s], x=29.79626[m], y=16.27207[m], yaw=4.16733[rad], v=4.19245[m/s], steer=0.34237[rad], accel=1.66307[m/s^2]
Time: 16.44[s], x=29.70931[m], y=16.12867[m], yaw=4.19124[rad], v=4.25897[m/s], steer=0.22737[rad], accel=1.70540[m/s^2]
Time: 16.48[s], x=29.62449[m], y=15.98093[m], yaw=4.20700[rad], v=4.32718[m/s], steer=0.13666[rad], accel=1.68340[m/s^2]
Time: 16.52[s], x=29.54069[m], y=15.82948[m], yaw=4.21653[rad], v=4.39452[m/s], steer=0.07770[rad], accel=1.58783[m/s^2]
Time: 16.56[s], x=29.45706[m], y=15.67487[m], yaw=4.22200[rad], v=4.45803[m/s], steer=0.04799[rad], accel=1.43807[m/s^2]
Time: 16.60[s], x=29.37307[m], y=15.51756[m], yaw=4.22542[rad], v=4.51556[m/s], steer=0.01965[rad], accel=1.26348[m/s^2]
Time: 16.64[s], x=29.28855[m], y=15.35794[m], yaw=4.22684[rad], v=4.56610[m/s], steer=-0.01171[rad], accel=1.07173[m/s^2]
Time: 16.68[s], x=29.20331[m], y=15.19640[m], yaw=4.22599[rad], v=4.60896[m/s], steer=-0.03451[rad], accel=0.86164[m/s^2]
Time: 16.72[s], x=29.11713[m], y=15.03343[m], yaw=4.22344[rad], v=4.64343[m/s], steer=-0.05762[rad], accel=0.65219[m/s^2]
Time: 16.76[s], x=29.02989[m], y=14.86945[m], yaw=4.21916[rad], v=4.66952[m/s], steer=-0.05957[rad], accel=0.43781[m/s^2]
Time: 16.80[s], x=28.94146[m], y=14.70494[m], yaw=4.21470[rad], v=4.68703[m/s], steer=-0.04678[rad], accel=0.20419[m/s^2]
Time: 16.84[s], x=28.85196[m], y=14.54020[m], yaw=4.21119[rad], v=4.69520[m/s], steer=-0.03478[rad], accel=-0.02107[m/s^2]
Time: 16.88[s], x=28.76172[m], y=14.37549[m], yaw=4.20858[rad], v=4.69435[m/s], steer=-0.02905[rad], accel=-0.23315[m/s^2]
Time: 16.92[s], x=28.67107[m], y=14.21105[m], yaw=4.20639[rad], v=4.68503[m/s], steer=-0.02972[rad], accel=-0.42888[m/s^2]
Time: 16.96[s], x=28.58024[m], y=14.04713[m], yaw=4.20417[rad], v=4.66787[m/s], steer=-0.03855[rad], accel=-0.60662[m/s^2]
Time: 17.00[s], x=28.48938[m], y=13.88401[m], yaw=4.20128[rad], v=4.64361[m/s], steer=-0.04943[rad], accel=-0.76528[m/s^2]
Time: 17.04[s], x=28.39852[m], y=13.72200[m], yaw=4.19761[rad], v=4.61300[m/s], steer=-0.05843[rad], accel=-0.90468[m/s^2]
Time: 17.08[s], x=28.30768[m], y=13.56140[m], yaw=4.19329[rad], v=4.57681[m/s], steer=-0.06596[rad], accel=-1.02596[m/s^2]
Time: 17.12[s], x=28.21685[m], y=13.40244[m], yaw=4.18845[rad], v=4.53577[m/s], steer=-0.07362[rad], accel=-1.13051[m/s^2]
Time: 17.16[s], x=28.12609[m], y=13.24535[m], yaw=4.18310[rad], v=4.49055[m/s], steer=-0.08339[rad], accel=-1.22056[m/s^2]
Time: 17.20[s], x=28.03539[m], y=13.09030[m], yaw=4.17710[rad], v=4.44173[m/s], steer=-0.09804[rad], accel=-1.29740[m/s^2]
Time: 17.24[s], x=27.94476[m], y=12.93749[m], yaw=4.17011[rad], v=4.38983[m/s], steer=-0.11866[rad], accel=-1.36317[m/s^2]
Time: 17.28[s], x=27.85414[m], y=12.78709[m], yaw=4.16173[rad], v=4.33531[m/s], steer=-0.14511[rad], accel=-1.41967[m/s^2]
Time: 17.32[s], x=27.76340[m], y=12.63931[m], yaw=4.15160[rad], v=4.27852[m/s], steer=-0.17773[rad], accel=-1.46719[m/s^2]
Time: 17.36[s], x=27.67238[m], y=12.49438[m], yaw=4.13930[rad], v=4.21983[m/s], steer=-0.21704[rad], accel=-1.50655[m/s^2]
Time: 17.40[s], x=27.58086[m], y=12.35256[m], yaw=4.12441[rad], v=4.15957[m/s], steer=-0.26398[rad], accel=-1.53898[m/s^2]
Time: 17.44[s], x=27.48857[m], y=12.21411[m], yaw=4.10642[rad], v=4.09801[m/s], steer=-0.31980[rad], accel=-1.56501[m/s^2]
Time: 17.48[s], x=27.39520[m], y=12.07938[m], yaw=4.08471[rad], v=4.03541[m/s], steer=-0.38598[rad], accel=-1.58474[m/s^2]
Time: 17.52[s], x=27.30041[m], y=11.94873[m], yaw=4.05847[rad], v=3.97202[m/s], steer=-0.46316[rad], accel=-1.59772[m/s^2]
Time: 17.56[s], x=27.20376[m], y=11.82263[m], yaw=4.02673[rad], v=3.90811[m/s], steer=-0.54976[rad], accel=-1.60338[m/s^2]
Time: 17.60[s], x=27.10478[m], y=11.70163[m], yaw=3.98842[rad], v=3.84398[m/s], steer=-0.64388[rad], accel=-1.60036[m/s^2]
Time: 17.64[s], x=27.00294[m], y=11.58644[m], yaw=3.94225[rad], v=3.77996[m/s], steer=-0.74198[rad], accel=-1.58751[m/s^2]
Time: 17.68[s], x=26.89767[m], y=11.47790[m], yaw=3.88681[rad], v=3.71646[m/s], steer=-0.84074[rad], accel=-1.56456[m/s^2]
Time: 17.72[s], x=26.78841[m], y=11.37709[m], yaw=3.82037[rad], v=3.65388[m/s], steer=-0.93619[rad], accel=-1.52977[m/s^2]
Time: 17.76[s], x=26.67465[m], y=11.28533[m], yaw=3.74096[rad], v=3.59269[m/s], steer=-1.05464[rad], accel=-1.46457[m/s^2]
Time: 17.80[s], x=26.55600[m], y=11.20426[m], yaw=3.63966[rad], v=3.53411[m/s], steer=-1.14765[rad], accel=-1.38544[m/s^2]
Time: 17.84[s], x=26.43181[m], y=11.13673[m], yaw=3.51410[rad], v=3.47869[m/s], steer=-1.22965[rad], accel=-1.26527[m/s^2]
Time: 17.88[s], x=26.30220[m], y=11.08608[m], yaw=3.35733[rad], v=3.42808[m/s], steer=-1.30049[rad], accel=-1.08766[m/s^2]
Time: 17.92[s], x=26.16826[m], y=11.05673[m], yaw=3.15938[rad], v=3.38457[m/s], steer=-1.36857[rad], accel=-0.78789[m/s^2]
Time: 17.96[s], x=26.03290[m], y=11.05432[m], yaw=2.89526[rad], v=3.35306[m/s], steer=-1.42535[rad], accel=-0.34857[m/s^2]
Time: 18.00[s], x=25.90282[m], y=11.08703[m], yaw=2.52901[rad], v=3.33911[m/s], steer=-1.48044[rad], accel=0.31578[m/s^2]
Time: 18.04[s], x=25.79355[m], y=11.16383[m], yaw=1.93931[rad], v=3.35174[m/s], steer=-1.45379[rad], accel=1.08299[m/s^2]
Time: 18.08[s], x=25.74525[m], y=11.28889[m], yaw=1.48305[rad], v=3.39506[m/s], steer=-1.25762[rad], accel=1.65682[m/s^2]
Time: 18.12[s], x=25.75715[m], y=11.42417[m], yaw=1.31531[rad], v=3.46134[m/s], steer=-1.07502[rad], accel=2.06046[m/s^2]
Time: 18.16[s], x=25.79214[m], y=11.55813[m], yaw=1.21290[rad], v=3.54376[m/s], steer=-0.90619[rad], accel=2.35123[m/s^2]
Time: 18.20[s], x=25.84180[m], y=11.69090[m], yaw=1.14054[rad], v=3.63780[m/s], steer=-0.73204[rad], accel=2.56800[m/s^2]
Time: 18.24[s], x=25.90249[m], y=11.82315[m], yaw=1.08823[rad], v=3.74052[m/s], steer=-0.56916[rad], accel=2.69929[m/s^2]
Time: 18.28[s], x=25.97192[m], y=11.95569[m], yaw=1.04994[rad], v=3.84850[m/s], steer=-0.40922[rad], accel=2.74036[m/s^2]
