  **** HLS Build v2024.2 5238294
INFO: [HLS 200-2005] Using work_dir /home/tanmay-desai/MPPI_FPGA_DATAFLOW/MPPI_FLOAT_KINEMATIC/MPPI_Float/MPPI_Float 
INFO: [HLS 200-1505] Using default flow_target 'vivado'
Resolution: For help on HLS 200-1505 see docs.xilinx.com/access/sources/dita/topic?Doc_Version=2024.2%20English&url=ug1448-hls-guidance&resourceid=200-1505.html
INFO: [HLS 200-1465] Applying ini 'syn.file=gaussian_noise_gen.cpp' from /home/tanmay-desai/MPPI_FPGA_DATAFLOW/MPPI_FLOAT_KINEMATIC/MPPI_Float/hls_config.cfg(9)
INFO: [HLS 200-10] Adding design file '/home/tanmay-desai/MPPI_FPGA_DATAFLOW/MPPI_FLOAT_KINEMATIC/MPPI_Float/gaussian_noise_gen.cpp' to the project
INFO: [HLS 200-1465] Applying ini 'syn.file=globals.hpp' from /home/tanmay-desai/MPPI_FPGA_DATAFLOW/MPPI_FLOAT_KINEMATIC/MPPI_Float/hls_config.cfg(10)
INFO: [HLS 200-10] Adding design file '/home/tanmay-desai/MPPI_FPGA_DATAFLOW/MPPI_FLOAT_KINEMATIC/MPPI_Float/globals.hpp' to the project
INFO: [HLS 200-1465] Applying ini 'syn.file=datatypes.hpp' from /home/tanmay-desai/MPPI_FPGA_DATAFLOW/MPPI_FLOAT_KINEMATIC/MPPI_Float/hls_config.cfg(11)
INFO: [HLS 200-10] Adding design file '/home/tanmay-desai/MPPI_FPGA_DATAFLOW/MPPI_FLOAT_KINEMATIC/MPPI_Float/datatypes.hpp' to the project
INFO: [HLS 200-1465] Applying ini 'syn.file=compute_weight.cpp' from /home/tanmay-desai/MPPI_FPGA_DATAFLOW/MPPI_FLOAT_KINEMATIC/MPPI_Float/hls_config.cfg(12)
INFO: [HLS 200-10] Adding design file '/home/tanmay-desai/MPPI_FPGA_DATAFLOW/MPPI_FLOAT_KINEMATIC/MPPI_Float/compute_weight.cpp' to the project
INFO: [HLS 200-1465] Applying ini 'syn.file=globals.cpp' from /home/tanmay-desai/MPPI_FPGA_DATAFLOW/MPPI_FLOAT_KINEMATIC/MPPI_Float/hls_config.cfg(13)
INFO: [HLS 200-10] Adding design file '/home/tanmay-desai/MPPI_FPGA_DATAFLOW/MPPI_FLOAT_KINEMATIC/MPPI_Float/globals.cpp' to the project
INFO: [HLS 200-1465] Applying ini 'syn.file=helper.cpp' from /home/tanmay-desai/MPPI_FPGA_DATAFLOW/MPPI_FLOAT_KINEMATIC/MPPI_Float/hls_config.cfg(14)
INFO: [HLS 200-10] Adding design file '/home/tanmay-desai/MPPI_FPGA_DATAFLOW/MPPI_FLOAT_KINEMATIC/MPPI_Float/helper.cpp' to the project
INFO: [HLS 200-1465] Applying ini 'syn.file=costs.cpp' from /home/tanmay-desai/MPPI_FPGA_DATAFLOW/MPPI_FLOAT_KINEMATIC/MPPI_Float/hls_config.cfg(15)
INFO: [HLS 200-10] Adding design file '/home/tanmay-desai/MPPI_FPGA_DATAFLOW/MPPI_FLOAT_KINEMATIC/MPPI_Float/costs.cpp' to the project
INFO: [HLS 200-1465] Applying ini 'syn.file=smoothning_filter.cpp' from /home/tanmay-desai/MPPI_FPGA_DATAFLOW/MPPI_FLOAT_KINEMATIC/MPPI_Float/hls_config.cfg(16)
INFO: [HLS 200-10] Adding design file '/home/tanmay-desai/MPPI_FPGA_DATAFLOW/MPPI_FLOAT_KINEMATIC/MPPI_Float/smoothning_filter.cpp' to the project
INFO: [HLS 200-1465] Applying ini 'syn.file=nearest_neighbor.cpp' from /home/tanmay-desai/MPPI_FPGA_DATAFLOW/MPPI_FLOAT_KINEMATIC/MPPI_Float/hls_config.cfg(17)
INFO: [HLS 200-10] Adding design file '/home/tanmay-desai/MPPI_FPGA_DATAFLOW/MPPI_FLOAT_KINEMATIC/MPPI_Float/nearest_neighbor.cpp' to the project
INFO: [HLS 200-1465] Applying ini 'syn.file=ref_path.hpp' from /home/tanmay-desai/MPPI_FPGA_DATAFLOW/MPPI_FLOAT_KINEMATIC/MPPI_Float/hls_config.cfg(18)
INFO: [HLS 200-10] Adding design file '/home/tanmay-desai/MPPI_FPGA_DATAFLOW/MPPI_FLOAT_KINEMATIC/MPPI_Float/ref_path.hpp' to the project
INFO: [HLS 200-1465] Applying ini 'syn.file=ref_path.cpp' from /home/tanmay-desai/MPPI_FPGA_DATAFLOW/MPPI_FLOAT_KINEMATIC/MPPI_Float/hls_config.cfg(19)
INFO: [HLS 200-10] Adding design file '/home/tanmay-desai/MPPI_FPGA_DATAFLOW/MPPI_FLOAT_KINEMATIC/MPPI_Float/ref_path.cpp' to the project
INFO: [HLS 200-1465] Applying ini 'syn.file=mppi_control.cpp' from /home/tanmay-desai/MPPI_FPGA_DATAFLOW/MPPI_FLOAT_KINEMATIC/MPPI_Float/hls_config.cfg(20)
INFO: [HLS 200-10] Adding design file '/home/tanmay-desai/MPPI_FPGA_DATAFLOW/MPPI_FLOAT_KINEMATIC/MPPI_Float/mppi_control.cpp' to the project
INFO: [HLS 200-1465] Applying ini 'syn.file=dynamics.cpp' from /home/tanmay-desai/MPPI_FPGA_DATAFLOW/MPPI_FLOAT_KINEMATIC/MPPI_Float/hls_config.cfg(21)
INFO: [HLS 200-10] Adding design file '/home/tanmay-desai/MPPI_FPGA_DATAFLOW/MPPI_FLOAT_KINEMATIC/MPPI_Float/dynamics.cpp' to the project
INFO: [HLS 200-1465] Applying ini 'syn.file=clip.cpp' from /home/tanmay-desai/MPPI_FPGA_DATAFLOW/MPPI_FLOAT_KINEMATIC/MPPI_Float/hls_config.cfg(22)
INFO: [HLS 200-10] Adding design file '/home/tanmay-desai/MPPI_FPGA_DATAFLOW/MPPI_FLOAT_KINEMATIC/MPPI_Float/clip.cpp' to the project
INFO: [HLS 200-1465] Applying ini 'tb.file=tb.cpp' from /home/tanmay-desai/MPPI_FPGA_DATAFLOW/MPPI_FLOAT_KINEMATIC/MPPI_Float/hls_config.cfg(8)
INFO: [HLS 200-10] Adding test bench file '/home/tanmay-desai/MPPI_FPGA_DATAFLOW/MPPI_FLOAT_KINEMATIC/MPPI_Float/tb.cpp' to the project
INFO: [HLS 200-1465] Applying ini 'syn.top=calc_control_input' from /home/tanmay-desai/MPPI_FPGA_DATAFLOW/MPPI_FLOAT_KINEMATIC/MPPI_Float/hls_config.cfg(23)
INFO: [HLS 200-1465] Applying ini 'flow_target=vivado' from /home/tanmay-desai/MPPI_FPGA_DATAFLOW/MPPI_FLOAT_KINEMATIC/MPPI_Float/hls_config.cfg(4)
INFO: [HLS 200-1505] Using flow_target 'vivado'
Resolution: For help on HLS 200-1505 see docs.xilinx.com/access/sources/dita/topic?Doc_Version=2024.2%20English&url=ug1448-hls-guidance&resourceid=200-1505.html
INFO: [HLS 200-1465] Applying ini 'part=xczu9eg-ffvb1156-2-e' from /home/tanmay-desai/MPPI_FPGA_DATAFLOW/MPPI_FLOAT_KINEMATIC/MPPI_Float/hls_config.cfg(1)
INFO: [HLS 200-1611] Setting target device to 'xczu9eg-ffvb1156-2-e'
INFO: [HLS 200-1465] Applying ini 'clock=5' from /home/tanmay-desai/MPPI_FPGA_DATAFLOW/MPPI_FLOAT_KINEMATIC/MPPI_Float/hls_config.cfg(7)
INFO: [SYN 201-201] Setting up clock 'default' with a period of 5ns.
INFO: [HLS 200-1465] Applying ini 'csim.clean=1' from /home/tanmay-desai/MPPI_FPGA_DATAFLOW/MPPI_FLOAT_KINEMATIC/MPPI_Float/hls_config.cfg(24)
INFO: [HLS 200-1465] Applying ini 'csim.code_analyzer=0' from /home/tanmay-desai/MPPI_FPGA_DATAFLOW/MPPI_FLOAT_KINEMATIC/MPPI_Float/hls_config.cfg(25)
INFO: [HLS 200-1465] Applying ini 'csim.sanitize_address=1' from /home/tanmay-desai/MPPI_FPGA_DATAFLOW/MPPI_FLOAT_KINEMATIC/MPPI_Float/hls_config.cfg(26)
INFO: [HLS 200-1465] Applying ini 'csim.sanitize_undefined=1' from /home/tanmay-desai/MPPI_FPGA_DATAFLOW/MPPI_FLOAT_KINEMATIC/MPPI_Float/hls_config.cfg(28)
INFO: [HLS 200-1465] Applying ini 'package.output.format=ip_catalog' from /home/tanmay-desai/MPPI_FPGA_DATAFLOW/MPPI_FLOAT_KINEMATIC/MPPI_Float/hls_config.cfg(5)
INFO: [HLS 200-1465] Applying ini 'syn.dataflow.default_channel=pingpong' from /home/tanmay-desai/MPPI_FPGA_DATAFLOW/MPPI_FLOAT_KINEMATIC/MPPI_Float/hls_config.cfg(27)
INFO: [XFORM 203-701] Set the default channel type in dataflow to ping-pong buffer.
INFO: [SIM 211-2] *************** CSIM start ***************
INFO: [SIM 211-4] CSIM will launch CLANG as the compiler.
INFO: [HLS 200-2153] Enabled Clang AddressSanitizer.
INFO: [HLS 200-2154] Enabled Clang UndefinedSanitizer.
INFO: [SIM 211-6] Clang sanitizer requests large memory space to detect memory errors. In order to run Clang sanitizer correctly, you will need to 1) set the value of /proc/sys/vm/overcommit_memory to 0; or 2) run HLS on a machine with sufficient memory space.
INFO: [HLS 200-2036] Building debug C Simulation binaries
   Compiling ../../../../tb.cpp in debug mode
   Compiling ../../../../clip.cpp in debug mode
   Compiling ../../../../dynamics.cpp in debug mode
   Compiling ../../../../mppi_control.cpp in debug mode
   Compiling ../../../../ref_path.cpp in debug mode
   Compiling ../../../../nearest_neighbor.cpp in debug mode
   Compiling ../../../../smoothning_filter.cpp in debug mode
   Compiling ../../../../costs.cpp in debug mode
   Compiling ../../../../helper.cpp in debug mode
   Compiling ../../../../globals.cpp in debug mode
   Compiling ../../../../compute_weight.cpp in debug mode
   Compiling ../../../../gaussian_noise_gen.cpp in debug mode
   Generating csim.exe
[INFO] Start simulation of pathtracking with MPPI controller
[INFO] delta_t: 0.04[s], sim_steps: 1[steps], total_sim_time: 0.04[s]
../../../../compute_weight.cpp:33:9: runtime error: index 4 out of bounds for type 'weight_t[4]' (aka 'float[4]')
    #0 0x3824b0 in compute_weight_fixed(float*, float*) /home/tanmay-desai/MPPI_FPGA_DATAFLOW/MPPI_FLOAT_KINEMATIC/MPPI_Float/MPPI_Float/hls/csim/build/../../../../compute_weight.cpp:33:29
    #1 0x341a15 in compute_weights_stream(hls::stream<CostOutput, 0>&, hls::stream<float, 0>&) /home/tanmay-desai/MPPI_FPGA_DATAFLOW/MPPI_FLOAT_KINEMATIC/MPPI_Float/MPPI_Float/hls/csim/build/../../../../mppi_control.cpp:787:5
    #2 0x33b7af in calc_control_input(float*, float (*) [4], float*, float*) /home/tanmay-desai/MPPI_FPGA_DATAFLOW/MPPI_FLOAT_KINEMATIC/MPPI_Float/MPPI_Float/hls/csim/build/../../../../mppi_control.cpp:245:5
    #3 0x336f2f in main /home/tanmay-desai/MPPI_FPGA_DATAFLOW/MPPI_FLOAT_KINEMATIC/MPPI_Float/MPPI_Float/hls/csim/build/../../../../tb.cpp:100:9
    #4 0x7455e742a1c9 in __libc_start_call_main csu/../sysdeps/nptl/libc_start_call_main.h:58:16
    #5 0x7455e742a28a in __libc_start_main csu/../csu/libc-start.c:360:3
    #6 0x274ac4 in _start (/home/tanmay-desai/MPPI_FPGA_DATAFLOW/MPPI_FLOAT_KINEMATIC/MPPI_Float/MPPI_Float/hls/csim/build/csim.exe+0x274ac4)

SUMMARY: UndefinedBehaviorSanitizer: undefined-behavior ../../../../compute_weight.cpp:33:9 in 
@E Simulation failed with sanitizer error: check the log output for more details on the error.
ERROR: [SIM 211-100] CSim failed with errors.
INFO: [SIM 211-3] *************** CSIM finish ***************
ERROR: 4
INFO: [HLS 200-112] Total CPU user time: 31.49 seconds. Total CPU system time: 1.81 seconds. Total elapsed time: 33.27 seconds; peak allocated memory: 658.457 MB.
