  **** HLS Build v2024.2 5238294
INFO: [HLS 200-2005] Using work_dir /home/tanmay-desai/MPPI_FPGA_DATAFLOW/MPPI_FLOAT_KINEMATIC/MPPI_Float/MPPI_Float 
INFO: [HLS 200-1505] Using default flow_target 'vivado'
Resolution: For help on HLS 200-1505 see docs.xilinx.com/access/sources/dita/topic?Doc_Version=2024.2%20English&url=ug1448-hls-guidance&resourceid=200-1505.html
INFO: [HLS 200-1465] Applying ini 'syn.file=gaussian_noise_gen.cpp' from /home/tanmay-desai/MPPI_FPGA_DATAFLOW/MPPI_FLOAT_KINEMATIC/MPPI_Float/hls_config.cfg(9)
INFO: [HLS 200-10] Adding design file '/home/tanmay-desai/MPPI_FPGA_DATAFLOW/MPPI_FLOAT_KINEMATIC/MPPI_Float/gaussian_noise_gen.cpp' to the project
INFO: [HLS 200-1465] Applying ini 'syn.file=globals.hpp' from /home/tanmay-desai/MPPI_FPGA_DATAFLOW/MPPI_FLOAT_KINEMATIC/MPPI_Float/hls_config.cfg(10)
INFO: [HLS 200-10] Adding design file '/home/tanmay-desai/MPPI_FPGA_DATAFLOW/MPPI_FLOAT_KINEMATIC/MPPI_Float/globals.hpp' to the project
INFO: [HLS 200-1465] Applying ini 'syn.file=datatypes.hpp' from /home/tanmay-desai/MPPI_FPGA_DATAFLOW/MPPI_FLOAT_KINEMATIC/MPPI_Float/hls_config.cfg(11)
INFO: [HLS 200-10] Adding design file '/home/tanmay-desai/MPPI_FPGA_DATAFLOW/MPPI_FLOAT_KINEMATIC/MPPI_Float/datatypes.hpp' to the project
INFO: [HLS 200-1465] Applying ini 'syn.file=compute_weight.cpp' from /home/tanmay-desai/MPPI_FPGA_DATAFLOW/MPPI_FLOAT_KINEMATIC/MPPI_Float/hls_config.cfg(12)
INFO: [HLS 200-10] Adding design file '/home/tanmay-desai/MPPI_FPGA_DATAFLOW/MPPI_FLOAT_KINEMATIC/MPPI_Float/compute_weight.cpp' to the project
INFO: [HLS 200-1465] Applying ini 'syn.file=globals.cpp' from /home/tanmay-desai/MPPI_FPGA_DATAFLOW/MPPI_FLOAT_KINEMATIC/MPPI_Float/hls_config.cfg(13)
INFO: [HLS 200-10] Adding design file '/home/tanmay-desai/MPPI_FPGA_DATAFLOW/MPPI_FLOAT_KINEMATIC/MPPI_Float/globals.cpp' to the project
INFO: [HLS 200-1465] Applying ini 'syn.file=helper.cpp' from /home/tanmay-desai/MPPI_FPGA_DATAFLOW/MPPI_FLOAT_KINEMATIC/MPPI_Float/hls_config.cfg(14)
INFO: [HLS 200-10] Adding design file '/home/tanmay-desai/MPPI_FPGA_DATAFLOW/MPPI_FLOAT_KINEMATIC/MPPI_Float/helper.cpp' to the project
INFO: [HLS 200-1465] Applying ini 'syn.file=costs.cpp' from /home/tanmay-desai/MPPI_FPGA_DATAFLOW/MPPI_FLOAT_KINEMATIC/MPPI_Float/hls_config.cfg(15)
INFO: [HLS 200-10] Adding design file '/home/tanmay-desai/MPPI_FPGA_DATAFLOW/MPPI_FLOAT_KINEMATIC/MPPI_Float/costs.cpp' to the project
INFO: [HLS 200-1465] Applying ini 'syn.file=smoothning_filter.cpp' from /home/tanmay-desai/MPPI_FPGA_DATAFLOW/MPPI_FLOAT_KINEMATIC/MPPI_Float/hls_config.cfg(16)
INFO: [HLS 200-10] Adding design file '/home/tanmay-desai/MPPI_FPGA_DATAFLOW/MPPI_FLOAT_KINEMATIC/MPPI_Float/smoothning_filter.cpp' to the project
INFO: [HLS 200-1465] Applying ini 'syn.file=nearest_neighbor.cpp' from /home/tanmay-desai/MPPI_FPGA_DATAFLOW/MPPI_FLOAT_KINEMATIC/MPPI_Float/hls_config.cfg(17)
INFO: [HLS 200-10] Adding design file '/home/tanmay-desai/MPPI_FPGA_DATAFLOW/MPPI_FLOAT_KINEMATIC/MPPI_Float/nearest_neighbor.cpp' to the project
INFO: [HLS 200-1465] Applying ini 'syn.file=ref_path.hpp' from /home/tanmay-desai/MPPI_FPGA_DATAFLOW/MPPI_FLOAT_KINEMATIC/MPPI_Float/hls_config.cfg(18)
INFO: [HLS 200-10] Adding design file '/home/tanmay-desai/MPPI_FPGA_DATAFLOW/MPPI_FLOAT_KINEMATIC/MPPI_Float/ref_path.hpp' to the project
INFO: [HLS 200-1465] Applying ini 'syn.file=ref_path.cpp' from /home/tanmay-desai/MPPI_FPGA_DATAFLOW/MPPI_FLOAT_KINEMATIC/MPPI_Float/hls_config.cfg(19)
INFO: [HLS 200-10] Adding design file '/home/tanmay-desai/MPPI_FPGA_DATAFLOW/MPPI_FLOAT_KINEMATIC/MPPI_Float/ref_path.cpp' to the project
INFO: [HLS 200-1465] Applying ini 'syn.file=mppi_control.cpp' from /home/tanmay-desai/MPPI_FPGA_DATAFLOW/MPPI_FLOAT_KINEMATIC/MPPI_Float/hls_config.cfg(20)
INFO: [HLS 200-10] Adding design file '/home/tanmay-desai/MPPI_FPGA_DATAFLOW/MPPI_FLOAT_KINEMATIC/MPPI_Float/mppi_control.cpp' to the project
INFO: [HLS 200-1465] Applying ini 'syn.file=dynamics.cpp' from /home/tanmay-desai/MPPI_FPGA_DATAFLOW/MPPI_FLOAT_KINEMATIC/MPPI_Float/hls_config.cfg(21)
INFO: [HLS 200-10] Adding design file '/home/tanmay-desai/MPPI_FPGA_DATAFLOW/MPPI_FLOAT_KINEMATIC/MPPI_Float/dynamics.cpp' to the project
INFO: [HLS 200-1465] Applying ini 'syn.file=clip.cpp' from /home/tanmay-desai/MPPI_FPGA_DATAFLOW/MPPI_FLOAT_KINEMATIC/MPPI_Float/hls_config.cfg(22)
INFO: [HLS 200-10] Adding design file '/home/tanmay-desai/MPPI_FPGA_DATAFLOW/MPPI_FLOAT_KINEMATIC/MPPI_Float/clip.cpp' to the project
INFO: [HLS 200-1465] Applying ini 'tb.file=tb.cpp' from /home/tanmay-desai/MPPI_FPGA_DATAFLOW/MPPI_FLOAT_KINEMATIC/MPPI_Float/hls_config.cfg(8)
INFO: [HLS 200-10] Adding test bench file '/home/tanmay-desai/MPPI_FPGA_DATAFLOW/MPPI_FLOAT_KINEMATIC/MPPI_Float/tb.cpp' to the project
INFO: [HLS 200-1465] Applying ini 'syn.top=calc_control_input' from /home/tanmay-desai/MPPI_FPGA_DATAFLOW/MPPI_FLOAT_KINEMATIC/MPPI_Float/hls_config.cfg(23)
INFO: [HLS 200-1465] Applying ini 'flow_target=vivado' from /home/tanmay-desai/MPPI_FPGA_DATAFLOW/MPPI_FLOAT_KINEMATIC/MPPI_Float/hls_config.cfg(4)
INFO: [HLS 200-1505] Using flow_target 'vivado'
Resolution: For help on HLS 200-1505 see docs.xilinx.com/access/sources/dita/topic?Doc_Version=2024.2%20English&url=ug1448-hls-guidance&resourceid=200-1505.html
INFO: [HLS 200-1465] Applying ini 'part=xczu9eg-ffvb1156-2-e' from /home/tanmay-desai/MPPI_FPGA_DATAFLOW/MPPI_FLOAT_KINEMATIC/MPPI_Float/hls_config.cfg(1)
INFO: [HLS 200-1611] Setting target device to 'xczu9eg-ffvb1156-2-e'
INFO: [HLS 200-1465] Applying ini 'clock=5' from /home/tanmay-desai/MPPI_FPGA_DATAFLOW/MPPI_FLOAT_KINEMATIC/MPPI_Float/hls_config.cfg(7)
INFO: [SYN 201-201] Setting up clock 'default' with a period of 5ns.
INFO: [HLS 200-1465] Applying ini 'csim.clean=1' from /home/tanmay-desai/MPPI_FPGA_DATAFLOW/MPPI_FLOAT_KINEMATIC/MPPI_Float/hls_config.cfg(24)
INFO: [HLS 200-1465] Applying ini 'csim.code_analyzer=0' from /home/tanmay-desai/MPPI_FPGA_DATAFLOW/MPPI_FLOAT_KINEMATIC/MPPI_Float/hls_config.cfg(25)
INFO: [HLS 200-1465] Applying ini 'csim.sanitize_address=1' from /home/tanmay-desai/MPPI_FPGA_DATAFLOW/MPPI_FLOAT_KINEMATIC/MPPI_Float/hls_config.cfg(26)
INFO: [HLS 200-1465] Applying ini 'csim.sanitize_undefined=1' from /home/tanmay-desai/MPPI_FPGA_DATAFLOW/MPPI_FLOAT_KINEMATIC/MPPI_Float/hls_config.cfg(28)
INFO: [HLS 200-1465] Applying ini 'package.output.format=ip_catalog' from /home/tanmay-desai/MPPI_FPGA_DATAFLOW/MPPI_FLOAT_KINEMATIC/MPPI_Float/hls_config.cfg(5)
INFO: [HLS 200-1465] Applying ini 'syn.dataflow.default_channel=pingpong' from /home/tanmay-desai/MPPI_FPGA_DATAFLOW/MPPI_FLOAT_KINEMATIC/MPPI_Float/hls_config.cfg(27)
INFO: [XFORM 203-701] Set the default channel type in dataflow to ping-pong buffer.
INFO: [SIM 211-2] *************** CSIM start ***************
INFO: [SIM 211-4] CSIM will launch CLANG as the compiler.
INFO: [HLS 200-2153] Enabled Clang AddressSanitizer.
INFO: [HLS 200-2154] Enabled Clang UndefinedSanitizer.
INFO: [SIM 211-6] Clang sanitizer requests large memory space to detect memory errors. In order to run Clang sanitizer correctly, you will need to 1) set the value of /proc/sys/vm/overcommit_memory to 0; or 2) run HLS on a machine with sufficient memory space.
INFO: [HLS 200-2036] Building debug C Simulation binaries
   Compiling ../../../../tb.cpp in debug mode
   Compiling ../../../../clip.cpp in debug mode
   Compiling ../../../../dynamics.cpp in debug mode
   Compiling ../../../../mppi_control.cpp in debug mode
   Compiling ../../../../ref_path.cpp in debug mode
   Compiling ../../../../nearest_neighbor.cpp in debug mode
   Compiling ../../../../smoothning_filter.cpp in debug mode
   Compiling ../../../../costs.cpp in debug mode
   Compiling ../../../../helper.cpp in debug mode
   Compiling ../../../../globals.cpp in debug mode
   Compiling ../../../../compute_weight.cpp in debug mode
   Compiling ../../../../gaussian_noise_gen.cpp in debug mode
   Generating csim.exe
[INFO] Start simulation of pathtracking with MPPI controller
[INFO] delta_t: 0.04[s], sim_steps: 1000[steps], total_sim_time: 40[s]
Time: 0.00[s], x=0.00000[m], y=0.00000[m], yaw=0.00000[rad], v=0.00000[m/s], steer=0.09568[rad], accel=1.11544[m/s^2]
Time: 0.04[s], x=0.00000[m], y=0.00000[m], yaw=0.00000[rad], v=0.04462[m/s], steer=0.52300[rad], accel=1.48135[m/s^2]
Time: 0.08[s], x=0.00178[m], y=0.00000[m], yaw=0.00041[rad], v=0.10387[m/s], steer=0.52300[rad], accel=1.96842[m/s^2]
Time: 0.12[s], x=0.00594[m], y=0.00000[m], yaw=0.00137[rad], v=0.18261[m/s], steer=0.52300[rad], accel=2.00000[m/s^2]
Time: 0.16[s], x=0.01324[m], y=0.00001[m], yaw=0.00305[rad], v=0.26261[m/s], steer=0.52300[rad], accel=2.00000[m/s^2]
Time: 0.20[s], x=0.02375[m], y=0.00004[m], yaw=0.00548[rad], v=0.34261[m/s], steer=0.52300[rad], accel=2.00000[m/s^2]
Time: 0.24[s], x=0.03745[m], y=0.00012[m], yaw=0.00864[rad], v=0.42261[m/s], steer=0.52300[rad], accel=2.00000[m/s^2]
Time: 0.28[s], x=0.05436[m], y=0.00026[m], yaw=0.01254[rad], v=0.50261[m/s], steer=0.52300[rad], accel=2.00000[m/s^2]
Time: 0.32[s], x=0.07446[m], y=0.00052[m], yaw=0.01717[rad], v=0.58261[m/s], steer=0.52300[rad], accel=2.00000[m/s^2]
Time: 0.36[s], x=0.09776[m], y=0.00092[m], yaw=0.02255[rad], v=0.66261[m/s], steer=0.41442[rad], accel=2.00000[m/s^2]
Time: 0.40[s], x=0.12426[m], y=0.00151[m], yaw=0.02721[rad], v=0.74261[m/s], steer=0.43398[rad], accel=2.00000[m/s^2]
Time: 0.44[s], x=0.15395[m], y=0.00232[m], yaw=0.03272[rad], v=0.82261[m/s], steer=0.25240[rad], accel=2.00000[m/s^2]
Time: 0.48[s], x=0.18684[m], y=0.00340[m], yaw=0.03611[rad], v=0.90261[m/s], steer=0.26755[rad], accel=2.00000[m/s^2]
Time: 0.52[s], x=0.22292[m], y=0.00470[m], yaw=0.04007[rad], v=0.98261[m/s], steer=0.12197[rad], accel=2.00000[m/s^2]
Time: 0.56[s], x=0.26219[m], y=0.00628[m], yaw=0.04200[rad], v=1.06261[m/s], steer=0.15497[rad], accel=2.00000[m/s^2]
Time: 0.60[s], x=0.30466[m], y=0.00806[m], yaw=0.04465[rad], v=1.14261[m/s], steer=0.26847[rad], accel=2.00000[m/s^2]
Time: 0.64[s], x=0.35032[m], y=0.01010[m], yaw=0.04968[rad], v=1.22261[m/s], steer=0.20124[rad], accel=2.00000[m/s^2]
Time: 0.68[s], x=0.39916[m], y=0.01253[m], yaw=0.05367[rad], v=1.30261[m/s], steer=0.20206[rad], accel=2.00000[m/s^2]
Time: 0.72[s], x=0.45119[m], y=0.01533[m], yaw=0.05794[rad], v=1.38261[m/s], steer=0.11857[rad], accel=2.00000[m/s^2]
Time: 0.76[s], x=0.50640[m], y=0.01853[m], yaw=0.06058[rad], v=1.46261[m/s], steer=0.35128[rad], accel=2.00000[m/s^2]
Time: 0.80[s], x=0.56480[m], y=0.02207[m], yaw=0.06915[rad], v=1.54261[m/s], steer=0.24491[rad], accel=2.00000[m/s^2]
Time: 0.84[s], x=0.62636[m], y=0.02633[m], yaw=0.07532[rad], v=1.62261[m/s], steer=0.18677[rad], accel=2.00000[m/s^2]
Time: 0.88[s], x=0.69108[m], y=0.03122[m], yaw=0.08023[rad], v=1.70261[m/s], steer=-0.05475[rad], accel=2.00000[m/s^2]
Time: 0.92[s], x=0.75896[m], y=0.03668[m], yaw=0.07874[rad], v=1.78261[m/s], steer=-0.23644[rad], accel=2.00000[m/s^2]
Time: 0.96[s], x=0.83004[m], y=0.04229[m], yaw=0.07186[rad], v=1.86261[m/s], steer=-0.27828[rad], accel=2.00000[m/s^2]
Time: 1.00[s], x=0.90436[m], y=0.04763[m], yaw=0.06335[rad], v=1.94261[m/s], steer=-0.12525[rad], accel=2.00000[m/s^2]
Time: 1.04[s], x=0.98190[m], y=0.05255[m], yaw=0.05944[rad], v=2.02261[m/s], steer=0.28487[rad], accel=2.00000[m/s^2]
Time: 1.08[s], x=1.06267[m], y=0.05736[m], yaw=0.06891[rad], v=2.10261[m/s], steer=0.29947[rad], accel=2.00000[m/s^2]
Time: 1.12[s], x=1.14657[m], y=0.06315[m], yaw=0.07930[rad], v=2.18261[m/s], steer=0.26474[rad], accel=2.00000[m/s^2]
Time: 1.16[s], x=1.23360[m], y=0.07007[m], yaw=0.08877[rad], v=2.26261[m/s], steer=-0.12102[rad], accel=2.00000[m/s^2]
Time: 1.20[s], x=1.32375[m], y=0.07809[m], yaw=0.08437[rad], v=2.34261[m/s], steer=-0.44437[rad], accel=2.00000[m/s^2]
Time: 1.24[s], x=1.41712[m], y=0.08599[m], yaw=0.06652[rad], v=2.42261[m/s], steer=-0.33108[rad], accel=2.00000[m/s^2]
Time: 1.28[s], x=1.51381[m], y=0.09243[m], yaw=0.05320[rad], v=2.50261[m/s], steer=-0.12459[rad], accel=2.00000[m/s^2]
Time: 1.32[s], x=1.61377[m], y=0.09775[m], yaw=0.04818[rad], v=2.58261[m/s], steer=0.09116[rad], accel=2.00000[m/s^2]
Time: 1.36[s], x=1.71696[m], y=0.10273[m], yaw=0.05196[rad], v=2.66261[m/s], steer=0.31454[rad], accel=2.00000[m/s^2]
Time: 1.40[s], x=1.82332[m], y=0.10826[m], yaw=0.06582[rad], v=2.74261[m/s], steer=0.23740[rad], accel=2.00000[m/s^2]
Time: 1.44[s], x=1.93278[m], y=0.11547[m], yaw=0.07644[rad], v=2.82261[m/s], steer=-0.01600[rad], accel=2.00000[m/s^2]
Time: 1.48[s], x=2.04536[m], y=0.12409[m], yaw=0.07571[rad], v=2.90261[m/s], steer=-0.16666[rad], accel=2.00000[m/s^2]
Time: 1.52[s], x=2.16113[m], y=0.13288[m], yaw=0.06790[rad], v=2.98261[m/s], steer=-0.22944[rad], accel=2.00000[m/s^2]
Time: 1.56[s], x=2.28016[m], y=0.14097[m], yaw=0.05676[rad], v=3.06261[m/s], steer=-0.19137[rad], accel=2.00000[m/s^2]
Time: 1.60[s], x=2.40247[m], y=0.14792[m], yaw=0.04726[rad], v=3.14261[m/s], steer=-0.03822[rad], accel=2.00000[m/s^2]
Time: 1.64[s], x=2.52803[m], y=0.15386[m], yaw=0.04534[rad], v=3.22261[m/s], steer=0.11199[rad], accel=2.00000[m/s^2]
Time: 1.68[s], x=2.65680[m], y=0.15970[m], yaw=0.05114[rad], v=3.30261[m/s], steer=0.11374[rad], accel=2.00000[m/s^2]
Time: 1.72[s], x=2.78873[m], y=0.16645[m], yaw=0.05717[rad], v=3.38261[m/s], steer=0.08808[rad], accel=2.00000[m/s^2]
Time: 1.76[s], x=2.92382[m], y=0.17419[m], yaw=0.06195[rad], v=3.46261[m/s], steer=0.01607[rad], accel=2.00000[m/s^2]
Time: 1.80[s], x=3.06206[m], y=0.18276[m], yaw=0.06284[rad], v=3.54261[m/s], steer=-0.08709[rad], accel=2.00000[m/s^2]
Time: 1.84[s], x=3.20348[m], y=0.19166[m], yaw=0.05790[rad], v=3.62261[m/s], steer=-0.11706[rad], accel=2.00000[m/s^2]
Time: 1.88[s], x=3.34814[m], y=0.20005[m], yaw=0.05108[rad], v=3.70261[m/s], steer=-0.10227[rad], accel=2.00000[m/s^2]
Time: 1.92[s], x=3.49605[m], y=0.20761[m], yaw=0.04500[rad], v=3.78261[m/s], steer=-0.06212[rad], accel=2.00000[m/s^2]
Time: 1.96[s], x=3.64720[m], y=0.21441[m], yaw=0.04124[rad], v=3.86261[m/s], steer=-0.00865[rad], accel=1.99061[m/s^2]
Time: 2.00[s], x=3.80158[m], y=0.22078[m], yaw=0.04070[rad], v=3.94223[m/s], steer=0.02216[rad], accel=1.81239[m/s^2]
Time: 2.04[s], x=3.95914[m], y=0.22720[m], yaw=0.04210[rad], v=4.01473[m/s], steer=0.01766[rad], accel=1.60703[m/s^2]
Time: 2.08[s], x=4.11958[m], y=0.23396[m], yaw=0.04323[rad], v=4.07901[m/s], steer=0.00397[rad], accel=1.40717[m/s^2]
Time: 2.12[s], x=4.28259[m], y=0.24101[m], yaw=0.04349[rad], v=4.13529[m/s], steer=-0.03160[rad], accel=1.23428[m/s^2]
Time: 2.16[s], x=4.44785[m], y=0.24820[m], yaw=0.04140[rad], v=4.18467[m/s], steer=-0.04299[rad], accel=1.06219[m/s^2]
Time: 2.20[s], x=4.61509[m], y=0.25513[m], yaw=0.03852[rad], v=4.22715[m/s], steer=-0.01898[rad], accel=0.87315[m/s^2]
Time: 2.24[s], x=4.78405[m], y=0.26164[m], yaw=0.03724[rad], v=4.26208[m/s], steer=-0.00364[rad], accel=0.68750[m/s^2]
Time: 2.28[s], x=4.95441[m], y=0.26799[m], yaw=0.03699[rad], v=4.28958[m/s], steer=-0.00192[rad], accel=0.51898[m/s^2]
Time: 2.32[s], x=5.12588[m], y=0.27433[m], yaw=0.03686[rad], v=4.31034[m/s], steer=0.01933[rad], accel=0.36607[m/s^2]
Time: 2.36[s], x=5.29818[m], y=0.28069[m], yaw=0.03819[rad], v=4.32498[m/s], steer=0.01711[rad], accel=0.23001[m/s^2]
Time: 2.40[s], x=5.47105[m], y=0.28729[m], yaw=0.03937[rad], v=4.33418[m/s], steer=0.02429[rad], accel=0.12715[m/s^2]
Time: 2.44[s], x=5.64428[m], y=0.29412[m], yaw=0.04106[rad], v=4.33927[m/s], steer=-0.01204[rad], accel=0.06651[m/s^2]
Time: 2.48[s], x=5.81771[m], y=0.30124[m], yaw=0.04022[rad], v=4.34193[m/s], steer=-0.05545[rad], accel=-0.02487[m/s^2]
Time: 2.52[s], x=5.99124[m], y=0.30822[m], yaw=0.03637[rad], v=4.34093[m/s], steer=-0.06164[rad], accel=-0.10366[m/s^2]
Time: 2.56[s], x=6.16477[m], y=0.31454[m], yaw=0.03208[rad], v=4.33679[m/s], steer=-0.03398[rad], accel=-0.14568[m/s^2]
Time: 2.60[s], x=6.33815[m], y=0.32010[m], yaw=0.02972[rad], v=4.33096[m/s], steer=-0.01436[rad], accel=-0.16997[m/s^2]
Time: 2.64[s], x=6.51131[m], y=0.32525[m], yaw=0.02873[rad], v=4.32416[m/s], steer=0.00964[rad], accel=-0.18715[m/s^2]
Time: 2.68[s], x=6.68421[m], y=0.33022[m], yaw=0.02939[rad], v=4.31668[m/s], steer=0.03779[rad], accel=-0.17881[m/s^2]
Time: 2.72[s], x=6.85680[m], y=0.33529[m], yaw=0.03201[rad], v=4.30952[m/s], steer=0.03141[rad], accel=-0.15701[m/s^2]
Time: 2.76[s], x=7.02909[m], y=0.34081[m], yaw=0.03417[rad], v=4.30324[m/s], steer=0.01331[rad], accel=-0.14677[m/s^2]
Time: 2.80[s], x=7.20112[m], y=0.34669[m], yaw=0.03509[rad], v=4.29737[m/s], steer=-0.01279[rad], accel=-0.11565[m/s^2]
Time: 2.84[s], x=7.37291[m], y=0.35272[m], yaw=0.03421[rad], v=4.29275[m/s], steer=-0.05310[rad], accel=-0.10334[m/s^2]
Time: 2.88[s], x=7.54452[m], y=0.35859[m], yaw=0.03056[rad], v=4.28861[m/s], steer=-0.04212[rad], accel=-0.08638[m/s^2]
Time: 2.92[s], x=7.71598[m], y=0.36383[m], yaw=0.02767[rad], v=4.28516[m/s], steer=-0.01523[rad], accel=-0.08175[m/s^2]
Time: 2.96[s], x=7.88732[m], y=0.36857[m], yaw=0.02662[rad], v=4.28189[m/s], steer=0.00295[rad], accel=-0.08172[m/s^2]
Time: 3.00[s], x=8.05854[m], y=0.37313[m], yaw=0.02682[rad], v=4.27862[m/s], steer=0.01005[rad], accel=-0.07209[m/s^2]
Time: 3.04[s], x=8.22962[m], y=0.37772[m], yaw=0.02751[rad], v=4.27574[m/s], steer=-0.00333[rad], accel=-0.03927[m/s^2]
Time: 3.08[s], x=8.40059[m], y=0.38243[m], yaw=0.02728[rad], v=4.27416[m/s], steer=-0.01941[rad], accel=-0.04148[m/s^2]
Time: 3.12[s], x=8.57149[m], y=0.38709[m], yaw=0.02596[rad], v=4.27251[m/s], steer=-0.03263[rad], accel=-0.04196[m/s^2]
Time: 3.16[s], x=8.74233[m], y=0.39153[m], yaw=0.02372[rad], v=4.27083[m/s], steer=-0.04465[rad], accel=-0.04360[m/s^2]
Time: 3.20[s], x=8.91312[m], y=0.39558[m], yaw=0.02067[rad], v=4.26908[m/s], steer=-0.02235[rad], accel=-0.05563[m/s^2]
Time: 3.24[s], x=9.08384[m], y=0.39911[m], yaw=0.01914[rad], v=4.26686[m/s], steer=0.00290[rad], accel=-0.05911[m/s^2]
Time: 3.28[s], x=9.25449[m], y=0.40238[m], yaw=0.01934[rad], v=4.26449[m/s], steer=0.00991[rad], accel=-0.05407[m/s^2]
Time: 3.32[s], x=9.42503[m], y=0.40568[m], yaw=0.02002[rad], v=4.26233[m/s], steer=0.00316[rad], accel=-0.01788[m/s^2]
Time: 3.36[s], x=9.59549[m], y=0.40909[m], yaw=0.02023[rad], v=4.26162[m/s], steer=-0.01865[rad], accel=0.00117[m/s^2]
Time: 3.40[s], x=9.76592[m], y=0.41254[m], yaw=0.01896[rad], v=4.26166[m/s], steer=-0.02574[rad], accel=0.01264[m/s^2]
Time: 3.44[s], x=9.93636[m], y=0.41577[m], yaw=0.01721[rad], v=4.26217[m/s], steer=-0.03093[rad], accel=0.00542[m/s^2]
Time: 3.48[s], x=10.10682[m], y=0.41870[m], yaw=0.01510[rad], v=4.26238[m/s], steer=-0.01833[rad], accel=0.00290[m/s^2]
Time: 3.52[s], x=10.27730[m], y=0.42128[m], yaw=0.01385[rad], v=4.26250[m/s], steer=-0.01146[rad], accel=0.01036[m/s^2]
Time: 3.56[s], x=10.44778[m], y=0.42364[m], yaw=0.01307[rad], v=4.26292[m/s], steer=0.00240[rad], accel=0.02743[m/s^2]
Time: 3.60[s], x=10.61828[m], y=0.42587[m], yaw=0.01323[rad], v=4.26401[m/s], steer=0.00427[rad], accel=0.04209[m/s^2]
Time: 3.64[s], x=10.78883[m], y=0.42812[m], yaw=0.01352[rad], v=4.26570[m/s], steer=0.01012[rad], accel=0.06090[m/s^2]
Time: 3.68[s], x=10.95944[m], y=0.43043[m], yaw=0.01421[rad], v=4.26813[m/s], steer=0.01311[rad], accel=0.08340[m/s^2]
Time: 3.72[s], x=11.13015[m], y=0.43286[m], yaw=0.01511[rad], v=4.27147[m/s], steer=-0.01117[rad], accel=0.08981[m/s^2]
Time: 3.76[s], x=11.30099[m], y=0.43544[m], yaw=0.01434[rad], v=4.27506[m/s], steer=-0.02737[rad], accel=0.08602[m/s^2]
Time: 3.80[s], x=11.47197[m], y=0.43789[m], yaw=0.01247[rad], v=4.27850[m/s], steer=-0.03915[rad], accel=0.07965[m/s^2]
Time: 3.84[s], x=11.64310[m], y=0.44002[m], yaw=0.00979[rad], v=4.28169[m/s], steer=-0.03412[rad], accel=0.08376[m/s^2]
Time: 3.88[s], x=11.81436[m], y=0.44170[m], yaw=0.00745[rad], v=4.28504[m/s], steer=-0.01772[rad], accel=0.06427[m/s^2]
Time: 3.92[s], x=11.98575[m], y=0.44298[m], yaw=0.00624[rad], v=4.28761[m/s], steer=0.00367[rad], accel=0.06768[m/s^2]
Time: 3.96[s], x=12.15726[m], y=0.44405[m], yaw=0.00649[rad], v=4.29032[m/s], steer=0.00970[rad], accel=0.08931[m/s^2]
Time: 4.00[s], x=12.32886[m], y=0.44516[m], yaw=0.00715[rad], v=4.29389[m/s], steer=-0.00047[rad], accel=0.08607[m/s^2]
Time: 4.04[s], x=12.50062[m], y=0.44639[m], yaw=0.00712[rad], v=4.29733[m/s], steer=-0.01279[rad], accel=0.09248[m/s^2]
Time: 4.08[s], x=12.67250[m], y=0.44761[m], yaw=0.00624[rad], v=4.30103[m/s], steer=-0.02026[rad], accel=0.08733[m/s^2]
Time: 4.12[s], x=12.84454[m], y=0.44869[m], yaw=0.00485[rad], v=4.30452[m/s], steer=-0.00811[rad], accel=0.07075[m/s^2]
Time: 4.16[s], x=13.01672[m], y=0.44952[m], yaw=0.00429[rad], v=4.30735[m/s], steer=-0.00192[rad], accel=0.05997[m/s^2]
Time: 4.20[s], x=13.18901[m], y=0.45026[m], yaw=0.00416[rad], v=4.30975[m/s], steer=0.00726[rad], accel=0.04844[m/s^2]
Time: 4.24[s], x=13.36140[m], y=0.45098[m], yaw=0.00466[rad], v=4.31169[m/s], steer=0.00705[rad], accel=0.03425[m/s^2]
Time: 4.28[s], x=13.53387[m], y=0.45178[m], yaw=0.00514[rad], v=4.31306[m/s], steer=0.00042[rad], accel=0.04986[m/s^2]
Time: 4.32[s], x=13.70639[m], y=0.45267[m], yaw=0.00517[rad], v=4.31505[m/s], steer=-0.00160[rad], accel=0.04823[m/s^2]
Time: 4.36[s], x=13.87899[m], y=0.45356[m], yaw=0.00506[rad], v=4.31698[m/s], steer=-0.01513[rad], accel=0.03614[m/s^2]
Time: 4.40[s], x=14.05167[m], y=0.45443[m], yaw=0.00402[rad], v=4.31843[m/s], steer=-0.02206[rad], accel=0.02452[m/s^2]
Time: 4.44[s], x=14.22440[m], y=0.45513[m], yaw=0.00249[rad], v=4.31941[m/s], steer=-0.01989[rad], accel=0.01976[m/s^2]
Time: 4.48[s], x=14.39718[m], y=0.45556[m], yaw=0.00112[rad], v=4.32020[m/s], steer=-0.00349[rad], accel=0.00822[m/s^2]
Time: 4.52[s], x=14.56999[m], y=0.45575[m], yaw=0.00088[rad], v=4.32053[m/s], steer=0.00216[rad], accel=0.00732[m/s^2]
Time: 4.56[s], x=14.74281[m], y=0.45590[m], yaw=0.00103[rad], v=4.32082[m/s], steer=0.02411[rad], accel=0.01229[m/s^2]
Time: 4.60[s], x=14.91564[m], y=0.45608[m], yaw=0.00269[rad], v=4.32131[m/s], steer=0.02346[rad], accel=0.01811[m/s^2]
Time: 4.64[s], x=15.08849[m], y=0.45655[m], yaw=0.00432[rad], v=4.32204[m/s], steer=0.00199[rad], accel=0.02019[m/s^2]
Time: 4.68[s], x=15.26137[m], y=0.45729[m], yaw=0.00445[rad], v=4.32285[m/s], steer=-0.01881[rad], accel=-0.00035[m/s^2]
Time: 4.72[s], x=15.43428[m], y=0.45806[m], yaw=0.00315[rad], v=4.32283[m/s], steer=-0.02580[rad], accel=-0.00811[m/s^2]
Time: 4.76[s], x=15.60719[m], y=0.45861[m], yaw=0.00137[rad], v=4.32251[m/s], steer=-0.01988[rad], accel=-0.01358[m/s^2]
Time: 4.80[s], x=15.78010[m], y=0.45884[m], yaw=-0.00001[rad], v=4.32196[m/s], steer=0.00089[rad], accel=-0.03519[m/s^2]
Time: 4.84[s], x=15.95297[m], y=0.45884[m], yaw=0.00006[rad], v=4.32056[m/s], steer=0.01999[rad], accel=-0.05068[m/s^2]
Time: 4.88[s], x=16.12580[m], y=0.45885[m], yaw=0.00144[rad], v=4.31853[m/s], steer=0.02388[rad], accel=-0.04311[m/s^2]
Time: 4.92[s], x=16.29854[m], y=0.45910[m], yaw=0.00309[rad], v=4.31681[m/s], steer=0.02319[rad], accel=-0.03213[m/s^2]
Time: 4.96[s], x=16.47121[m], y=0.45963[m], yaw=0.00469[rad], v=4.31552[m/s], steer=-0.00400[rad], accel=-0.02000[m/s^2]
Time: 5.00[s], x=16.64383[m], y=0.46044[m], yaw=0.00441[rad], v=4.31472[m/s], steer=-0.02862[rad], accel=-0.01482[m/s^2]
Time: 5.04[s], x=16.81641[m], y=0.46121[m], yaw=0.00244[rad], v=4.31413[m/s], steer=-0.03501[rad], accel=-0.00267[m/s^2]
Time: 5.08[s], x=16.98898[m], y=0.46163[m], yaw=0.00002[rad], v=4.31402[m/s], steer=-0.01887[rad], accel=-0.01547[m/s^2]
Time: 5.12[s], x=17.16154[m], y=0.46163[m], yaw=-0.00128[rad], v=4.31340[m/s], steer=-0.01354[rad], accel=-0.02529[m/s^2]
Time: 5.16[s], x=17.33408[m], y=0.46141[m], yaw=-0.00222[rad], v=4.31239[m/s], steer=0.00667[rad], accel=-0.02337[m/s^2]
Time: 5.20[s], x=17.50657[m], y=0.46103[m], yaw=-0.00176[rad], v=4.31146[m/s], steer=0.01800[rad], accel=-0.02465[m/s^2]
Time: 5.24[s], x=17.67903[m], y=0.46072[m], yaw=-0.00052[rad], v=4.31047[m/s], steer=0.02507[rad], accel=-0.02396[m/s^2]
Time: 5.28[s], x=17.85145[m], y=0.46063[m], yaw=0.00121[rad], v=4.30951[m/s], steer=0.01145[rad], accel=-0.01330[m/s^2]
Time: 5.32[s], x=18.02383[m], y=0.46084[m], yaw=0.00200[rad], v=4.30898[m/s], steer=-0.01058[rad], accel=-0.00796[m/s^2]
Time: 5.36[s], x=18.19619[m], y=0.46119[m], yaw=0.00127[rad], v=4.30866[m/s], steer=-0.02180[rad], accel=-0.01615[m/s^2]
Time: 5.40[s], x=18.36854[m], y=0.46141[m], yaw=-0.00023[rad], v=4.30801[m/s], steer=-0.02377[rad], accel=-0.04043[m/s^2]
Time: 5.44[s], x=18.54086[m], y=0.46137[m], yaw=-0.00187[rad], v=4.30640[m/s], steer=-0.01114[rad], accel=-0.05153[m/s^2]
Time: 5.48[s], x=18.71311[m], y=0.46105[m], yaw=-0.00264[rad], v=4.30434[m/s], steer=0.01331[rad], accel=-0.05023[m/s^2]
Time: 5.52[s], x=18.88529[m], y=0.46059[m], yaw=-0.00172[rad], v=4.30233[m/s], steer=0.03819[rad], accel=-0.04980[m/s^2]
Time: 5.56[s], x=19.05738[m], y=0.46030[m], yaw=0.00091[rad], v=4.30034[m/s], steer=0.03666[rad], accel=-0.02846[m/s^2]
Time: 5.60[s], x=19.22939[m], y=0.46045[m], yaw=0.00343[rad], v=4.29920[m/s], steer=0.02043[rad], accel=0.00698[m/s^2]
Time: 5.64[s], x=19.40136[m], y=0.46104[m], yaw=0.00484[rad], v=4.29948[m/s], steer=-0.00993[rad], accel=0.01220[m/s^2]
Time: 5.68[s], x=19.57334[m], y=0.46187[m], yaw=0.00416[rad], v=4.29996[m/s], steer=-0.03398[rad], accel=0.02819[m/s^2]
Time: 5.72[s], x=19.74533[m], y=0.46259[m], yaw=0.00182[rad], v=4.30109[m/s], steer=-0.03718[rad], accel=0.02211[m/s^2]
Time: 5.76[s], x=19.91738[m], y=0.46290[m], yaw=-0.00074[rad], v=4.30198[m/s], steer=-0.01752[rad], accel=0.00353[m/s^2]
Time: 5.80[s], x=20.08946[m], y=0.46277[m], yaw=-0.00195[rad], v=4.30212[m/s], steer=0.00562[rad], accel=-0.00402[m/s^2]
Time: 5.84[s], x=20.26154[m], y=0.46244[m], yaw=-0.00156[rad], v=4.30196[m/s], steer=0.03560[rad], accel=-0.00512[m/s^2]
Time: 5.88[s], x=20.43362[m], y=0.46217[m], yaw=0.00089[rad], v=4.30175[m/s], steer=0.02857[rad], accel=0.01397[m/s^2]
Time: 5.92[s], x=20.60569[m], y=0.46232[m], yaw=0.00286[rad], v=4.30231[m/s], steer=0.01363[rad], accel=0.04093[m/s^2]
Time: 5.96[s], x=20.77778[m], y=0.46282[m], yaw=0.00380[rad], v=4.30395[m/s], steer=-0.01618[rad], accel=0.04385[m/s^2]
Time: 6.00[s], x=20.94994[m], y=0.46347[m], yaw=0.00268[rad], v=4.30570[m/s], steer=-0.02463[rad], accel=0.05561[m/s^2]
Time: 6.04[s], x=21.12217[m], y=0.46393[m], yaw=0.00098[rad], v=4.30793[m/s], steer=-0.01461[rad], accel=0.06146[m/s^2]
Time: 6.08[s], x=21.29448[m], y=0.46410[m], yaw=-0.00002[rad], v=4.31039[m/s], steer=0.01123[rad], accel=0.04978[m/s^2]
Time: 6.12[s], x=21.46690[m], y=0.46410[m], yaw=0.00075[rad], v=4.31238[m/s], steer=0.03654[rad], accel=0.07172[m/s^2]
Time: 6.16[s], x=21.63939[m], y=0.46423[m], yaw=0.00327[rad], v=4.31524[m/s], steer=0.05942[rad], accel=0.09925[m/s^2]
Time: 6.20[s], x=21.81200[m], y=0.46479[m], yaw=0.00738[rad], v=4.31921[m/s], steer=0.06072[rad], accel=0.12335[m/s^2]
Time: 6.24[s], x=21.98477[m], y=0.46607[m], yaw=0.01158[rad], v=4.32415[m/s], steer=0.03919[rad], accel=0.15456[m/s^2]
Time: 6.28[s], x=22.15772[m], y=0.46807[m], yaw=0.01429[rad], v=4.33033[m/s], steer=0.02420[rad], accel=0.16719[m/s^2]
Time: 6.32[s], x=22.33092[m], y=0.47054[m], yaw=0.01597[rad], v=4.33702[m/s], steer=0.00996[rad], accel=0.19364[m/s^2]
Time: 6.36[s], x=22.50437[m], y=0.47332[m], yaw=0.01666[rad], v=4.34477[m/s], steer=0.01779[rad], accel=0.22794[m/s^2]
Time: 6.40[s], x=22.67814[m], y=0.47621[m], yaw=0.01790[rad], v=4.35388[m/s], steer=0.03041[rad], accel=0.23820[m/s^2]
Time: 6.44[s], x=22.85227[m], y=0.47933[m], yaw=0.02002[rad], v=4.36341[m/s], steer=0.05448[rad], accel=0.26862[m/s^2]
Time: 6.48[s], x=23.02677[m], y=0.48282[m], yaw=0.02383[rad], v=4.37416[m/s], steer=0.07588[rad], accel=0.30339[m/s^2]
Time: 6.52[s], x=23.20169[m], y=0.48699[m], yaw=0.02915[rad], v=4.38629[m/s], steer=0.06256[rad], accel=0.32468[m/s^2]
Time: 6.56[s], x=23.37706[m], y=0.49210[m], yaw=0.03354[rad], v=4.39928[m/s], steer=0.04093[rad], accel=0.33083[m/s^2]
Time: 6.60[s], x=23.55294[m], y=0.49800[m], yaw=0.03643[rad], v=4.41251[m/s], steer=0.02214[rad], accel=0.34290[m/s^2]
Time: 6.64[s], x=23.72932[m], y=0.50443[m], yaw=0.03799[rad], v=4.42623[m/s], steer=0.02274[rad], accel=0.32488[m/s^2]
Time: 6.68[s], x=23.90624[m], y=0.51116[m], yaw=0.03960[rad], v=4.43922[m/s], steer=0.04614[rad], accel=0.31401[m/s^2]
Time: 6.72[s], x=24.08367[m], y=0.51819[m], yaw=0.04288[rad], v=4.45178[m/s], steer=0.05133[rad], accel=0.29414[m/s^2]
Time: 6.76[s], x=24.26158[m], y=0.52582[m], yaw=0.04654[rad], v=4.46355[m/s], steer=0.06018[rad], accel=0.28216[m/s^2]
Time: 6.80[s], x=24.43993[m], y=0.53412[m], yaw=0.05084[rad], v=4.47483[m/s], steer=0.07418[rad], accel=0.26203[m/s^2]
Time: 6.84[s], x=24.61869[m], y=0.54322[m], yaw=0.05616[rad], v=4.48532[m/s], steer=0.06524[rad], accel=0.24464[m/s^2]
Time: 6.88[s], x=24.79782[m], y=0.55329[m], yaw=0.06085[rad], v=4.49510[m/s], steer=0.03410[rad], accel=0.20681[m/s^2]
Time: 6.92[s], x=24.97729[m], y=0.56423[m], yaw=0.06331[rad], v=4.50337[m/s], steer=0.02152[rad], accel=0.18330[m/s^2]
Time: 6.96[s], x=25.15707[m], y=0.57562[m], yaw=0.06486[rad], v=4.51070[m/s], steer=0.04678[rad], accel=0.16630[m/s^2]
Time: 7.00[s], x=25.33711[m], y=0.58732[m], yaw=0.06823[rad], v=4.51736[m/s], steer=0.10417[rad], accel=0.17086[m/s^2]
Time: 7.04[s], x=25.51739[m], y=0.59964[m], yaw=0.07579[rad], v=4.52419[m/s], steer=0.15921[rad], accel=0.19396[m/s^2]
Time: 7.08[s], x=25.69784[m], y=0.61334[m], yaw=0.08741[rad], v=4.53195[m/s], steer=0.18801[rad], accel=0.22905[m/s^2]
Time: 7.12[s], x=25.87842[m], y=0.62916[m], yaw=0.10121[rad], v=4.54111[m/s], steer=0.19053[rad], accel=0.24844[m/s^2]
Time: 7.16[s], x=26.05914[m], y=0.64752[m], yaw=0.11522[rad], v=4.55105[m/s], steer=0.18641[rad], accel=0.26593[m/s^2]
Time: 7.20[s], x=26.23997[m], y=0.66845[m], yaw=0.12896[rad], v=4.56169[m/s], steer=0.17454[rad], accel=0.27066[m/s^2]
Time: 7.24[s], x=26.42093[m], y=0.69191[m], yaw=0.14183[rad], v=4.57251[m/s], steer=0.22014[rad], accel=0.27622[m/s^2]
Time: 7.28[s], x=26.60199[m], y=0.71776[m], yaw=0.15820[rad], v=4.58356[m/s], steer=0.27940[rad], accel=0.28035[m/s^2]
Time: 7.32[s], x=26.78304[m], y=0.74665[m], yaw=0.17924[rad], v=4.59478[m/s], steer=0.33690[rad], accel=0.26218[m/s^2]
Time: 7.36[s], x=26.96389[m], y=0.77941[m], yaw=0.20499[rad], v=4.60526[m/s], steer=0.38306[rad], accel=0.24136[m/s^2]
Time: 7.40[s], x=27.14424[m], y=0.81691[m], yaw=0.23468[rad], v=4.61492[m/s], steer=0.39149[rad], accel=0.22339[m/s^2]
Time: 7.44[s], x=27.32378[m], y=0.85984[m], yaw=0.26516[rad], v=4.62385[m/s], steer=0.38181[rad], accel=0.21230[m/s^2]
Time: 7.48[s], x=27.50227[m], y=0.90831[m], yaw=0.29486[rad], v=4.63235[m/s], steer=0.37177[rad], accel=0.17990[m/s^2]
Time: 7.52[s], x=27.67957[m], y=0.96215[m], yaw=0.32376[rad], v=4.63954[m/s], steer=0.37111[rad], accel=0.13229[m/s^2]
Time: 7.56[s], x=27.85551[m], y=1.02119[m], yaw=0.35265[rad], v=4.64483[m/s], steer=0.38002[rad], accel=0.09629[m/s^2]
Time: 7.60[s], x=28.02987[m], y=1.08536[m], yaw=0.38233[rad], v=4.64868[m/s], steer=0.40206[rad], accel=0.08902[m/s^2]
Time: 7.64[s], x=28.20239[m], y=1.15474[m], yaw=0.41396[rad], v=4.65225[m/s], steer=0.40532[rad], accel=0.09909[m/s^2]
Time: 7.68[s], x=28.37276[m], y=1.22959[m], yaw=0.44590[rad], v=4.65621[m/s], steer=0.38377[rad], accel=0.09126[m/s^2]
Time: 7.72[s], x=28.54080[m], y=1.30992[m], yaw=0.47598[rad], v=4.65986[m/s], steer=0.35760[rad], accel=0.09017[m/s^2]
Time: 7.76[s], x=28.70647[m], y=1.39532[m], yaw=0.50384[rad], v=4.66347[m/s], steer=0.34428[rad], accel=0.08441[m/s^2]
Time: 7.80[s], x=28.86983[m], y=1.48538[m], yaw=0.53060[rad], v=4.66684[m/s], steer=0.33713[rad], accel=0.08246[m/s^2]
Time: 7.84[s], x=29.03084[m], y=1.57985[m], yaw=0.55677[rad], v=4.67014[m/s], steer=0.34382[rad], accel=0.09040[m/s^2]
Time: 7.88[s], x=29.18943[m], y=1.67857[m], yaw=0.58352[rad], v=4.67376[m/s], steer=0.34765[rad], accel=0.08956[m/s^2]
Time: 7.92[s], x=29.34545[m], y=1.78157[m], yaw=0.61062[rad], v=4.67734[m/s], steer=0.35226[rad], accel=0.08699[m/s^2]
Time: 7.96[s], x=29.49873[m], y=1.88884[m], yaw=0.63813[rad], v=4.68082[m/s], steer=0.35628[rad], accel=0.08233[m/s^2]
Time: 8.00[s], x=29.64912[m], y=2.00038[m], yaw=0.66600[rad], v=4.68411[m/s], steer=0.36011[rad], accel=0.08149[m/s^2]
Time: 8.04[s], x=29.79644[m], y=2.11614[m], yaw=0.69422[rad], v=4.68737[m/s], steer=0.35059[rad], accel=0.07395[m/s^2]
Time: 8.08[s], x=29.94054[m], y=2.23610[m], yaw=0.72165[rad], v=4.69033[m/s], steer=0.33792[rad], accel=0.05509[m/s^2]
Time: 8.12[s], x=30.08138[m], y=2.36004[m], yaw=0.74802[rad], v=4.69253[m/s], steer=0.32394[rad], accel=0.03412[m/s^2]
Time: 8.16[s], x=30.21898[m], y=2.48771[m], yaw=0.77323[rad], v=4.69390[m/s], steer=0.32824[rad], accel=0.03172[m/s^2]
Time: 8.20[s], x=30.35335[m], y=2.61885[m], yaw=0.79881[rad], v=4.69517[m/s], steer=0.34192[rad], accel=0.03772[m/s^2]
Time: 8.24[s], x=30.48435[m], y=2.75342[m], yaw=0.82554[rad], v=4.69668[m/s], steer=0.34974[rad], accel=0.03333[m/s^2]
Time: 8.28[s], x=30.61176[m], y=2.89148[m], yaw=0.85295[rad], v=4.69801[m/s], steer=0.34887[rad], accel=0.01909[m/s^2]
Time: 8.32[s], x=30.73536[m], y=3.03303[m], yaw=0.88029[rad], v=4.69877[m/s], steer=0.34505[rad], accel=0.01130[m/s^2]
Time: 8.36[s], x=30.85507[m], y=3.17793[m], yaw=0.90731[rad], v=4.69922[m/s], steer=0.33840[rad], accel=0.00753[m/s^2]
Time: 8.40[s], x=30.97084[m], y=3.32602[m], yaw=0.93378[rad], v=4.69953[m/s], steer=0.33229[rad], accel=0.00940[m/s^2]
Time: 8.44[s], x=31.08265[m], y=3.47713[m], yaw=0.95972[rad], v=4.69990[m/s], steer=0.32556[rad], accel=0.00030[m/s^2]
Time: 8.48[s], x=31.19051[m], y=3.63111[m], yaw=0.98511[rad], v=4.69991[m/s], steer=0.32540[rad], accel=-0.01145[m/s^2]
Time: 8.52[s], x=31.29443[m], y=3.78777[m], yaw=1.01048[rad], v=4.69946[m/s], steer=0.33347[rad], accel=-0.01486[m/s^2]
Time: 8.56[s], x=31.39433[m], y=3.94700[m], yaw=1.03653[rad], v=4.69886[m/s], steer=0.34516[rad], accel=-0.00354[m/s^2]
Time: 8.60[s], x=31.49004[m], y=4.10876[m], yaw=1.06356[rad], v=4.69872[m/s], steer=0.34267[rad], accel=-0.00541[m/s^2]
Time: 8.64[s], x=31.58134[m], y=4.27305[m], yaw=1.09038[rad], v=4.69850[m/s], steer=0.33512[rad], accel=-0.01278[m/s^2]
Time: 8.68[s], x=31.66820[m], y=4.43971[m], yaw=1.11656[rad], v=4.69799[m/s], steer=0.33019[rad], accel=-0.01479[m/s^2]
Time: 8.72[s], x=31.75065[m], y=4.60858[m], yaw=1.14232[rad], v=4.69740[m/s], steer=0.32701[rad], accel=-0.01323[m/s^2]
Time: 8.76[s], x=31.82872[m], y=4.77949[m], yaw=1.16781[rad], v=4.69687[m/s], steer=0.33061[rad], accel=-0.00366[m/s^2]
Time: 8.80[s], x=31.90240[m], y=4.95231[m], yaw=1.19361[rad], v=4.69673[m/s], steer=0.33051[rad], accel=-0.00401[m/s^2]
Time: 8.84[s], x=31.97159[m], y=5.12698[m], yaw=1.21939[rad], v=4.69656[m/s], steer=0.33310[rad], accel=-0.00869[m/s^2]
Time: 8.88[s], x=32.03626[m], y=5.30336[m], yaw=1.24539[rad], v=4.69622[m/s], steer=0.33477[rad], accel=-0.01263[m/s^2]
Time: 8.92[s], x=32.09631[m], y=5.48135[m], yaw=1.27153[rad], v=4.69571[m/s], steer=0.33605[rad], accel=-0.00925[m/s^2]
Time: 8.96[s], x=32.15169[m], y=5.66083[m], yaw=1.29777[rad], v=4.69534[m/s], steer=0.33506[rad], accel=-0.00102[m/s^2]
Time: 9.00[s], x=32.20233[m], y=5.84169[m], yaw=1.32393[rad], v=4.69530[m/s], steer=0.32954[rad], accel=-0.00139[m/s^2]
Time: 9.04[s], x=32.24823[m], y=6.02380[m], yaw=1.34962[rad], v=4.69525[m/s], steer=0.32674[rad], accel=-0.00337[m/s^2]
Time: 9.08[s], x=32.28943[m], y=6.20704[m], yaw=1.37508[rad], v=4.69511[m/s], steer=0.32844[rad], accel=-0.00165[m/s^2]
Time: 9.12[s], x=32.32595[m], y=6.39126[m], yaw=1.40068[rad], v=4.69505[m/s], steer=0.33390[rad], accel=0.00697[m/s^2]
Time: 9.16[s], x=32.35775[m], y=6.57635[m], yaw=1.42674[rad], v=4.69532[m/s], steer=0.33891[rad], accel=0.01804[m/s^2]
Time: 9.20[s], x=32.38471[m], y=6.76222[m], yaw=1.45322[rad], v=4.69605[m/s], steer=0.33525[rad], accel=0.01324[m/s^2]
Time: 9.24[s], x=32.40674[m], y=6.94876[m], yaw=1.47940[rad], v=4.69658[m/s], steer=0.32938[rad], accel=0.00518[m/s^2]
Time: 9.28[s], x=32.42389[m], y=7.13584[m], yaw=1.50509[rad], v=4.69678[m/s], steer=0.32645[rad], accel=0.00001[m/s^2]
Time: 9.32[s], x=32.43623[m], y=7.32331[m], yaw=1.53053[rad], v=4.69678[m/s], steer=0.33005[rad], accel=0.00923[m/s^2]
Time: 9.36[s], x=32.44379[m], y=7.51102[m], yaw=1.55627[rad], v=4.69715[m/s], steer=0.32849[rad], accel=0.01135[m/s^2]
Time: 9.40[s], x=32.44652[m], y=7.69889[m], yaw=1.58189[rad], v=4.69761[m/s], steer=0.32587[rad], accel=0.00314[m/s^2]
Time: 9.44[s], x=32.44444[m], y=7.88678[m], yaw=1.60729[rad], v=4.69773[m/s], steer=0.32831[rad], accel=-0.00172[m/s^2]
Time: 9.48[s], x=32.43758[m], y=8.07457[m], yaw=1.63289[rad], v=4.69766[m/s], steer=0.33240[rad], accel=0.00140[m/s^2]
Time: 9.52[s], x=32.42592[m], y=8.26211[m], yaw=1.65884[rad], v=4.69772[m/s], steer=0.33500[rad], accel=0.00649[m/s^2]
Time: 9.56[s], x=32.40940[m], y=8.44929[m], yaw=1.68501[rad], v=4.69798[m/s], steer=0.32987[rad], accel=0.00282[m/s^2]
Time: 9.60[s], x=32.38798[m], y=8.63599[m], yaw=1.71074[rad], v=4.69809[m/s], steer=0.32490[rad], accel=-0.00533[m/s^2]
Time: 9.64[s], x=32.36177[m], y=8.82208[m], yaw=1.73606[rad], v=4.69788[m/s], steer=0.32310[rad], accel=-0.01162[m/s^2]
Time: 9.68[s], x=32.33085[m], y=9.00743[m], yaw=1.76123[rad], v=4.69741[m/s], steer=0.32751[rad], accel=-0.00883[m/s^2]
Time: 9.72[s], x=32.29529[m], y=9.19193[m], yaw=1.78676[rad], v=4.69706[m/s], steer=0.33207[rad], accel=-0.00151[m/s^2]
Time: 9.76[s], x=32.25503[m], y=9.37545[m], yaw=1.81268[rad], v=4.69700[m/s], steer=0.33180[rad], accel=-0.00332[m/s^2]
Time: 9.80[s], x=32.21003[m], y=9.55786[m], yaw=1.83857[rad], v=4.69687[m/s], steer=0.33082[rad], accel=-0.00725[m/s^2]
Time: 9.84[s], x=32.16032[m], y=9.73904[m], yaw=1.86438[rad], v=4.69658[m/s], steer=0.32738[rad], accel=-0.01196[m/s^2]
Time: 9.88[s], x=32.10595[m], y=9.91886[m], yaw=1.88990[rad], v=4.69610[m/s], steer=0.32499[rad], accel=-0.01509[m/s^2]
Time: 9.92[s], x=32.04702[m], y=10.09722[m], yaw=1.91522[rad], v=4.69550[m/s], steer=0.32380[rad], accel=-0.01805[m/s^2]
Time: 9.96[s], x=31.98361[m], y=10.27401[m], yaw=1.94043[rad], v=4.69477[m/s], steer=0.32357[rad], accel=-0.02234[m/s^2]
Time: 10.00[s], x=31.91576[m], y=10.44912[m], yaw=1.96562[rad], v=4.69388[m/s], steer=0.31923[rad], accel=-0.03544[m/s^2]
Time: 10.04[s], x=31.84354[m], y=10.62243[m], yaw=1.99045[rad], v=4.69246[m/s], steer=0.31723[rad], accel=-0.04821[m/s^2]
Time: 10.08[s], x=31.76707[m], y=10.79384[m], yaw=2.01510[rad], v=4.69053[m/s], steer=0.30938[rad], accel=-0.07742[m/s^2]
Time: 10.12[s], x=31.68642[m], y=10.96325[m], yaw=2.03909[rad], v=4.68744[m/s], steer=0.31004[rad], accel=-0.09559[m/s^2]
Time: 10.16[s], x=31.60179[m], y=11.13056[m], yaw=2.06311[rad], v=4.68361[m/s], steer=0.30674[rad], accel=-0.11922[m/s^2]
Time: 10.20[s], x=31.51324[m], y=11.29566[m], yaw=2.08685[rad], v=4.67884[m/s], steer=0.30363[rad], accel=-0.14096[m/s^2]
Time: 10.24[s], x=31.42089[m], y=11.45844[m], yaw=2.11030[rad], v=4.67321[m/s], steer=0.30149[rad], accel=-0.15795[m/s^2]
Time: 10.28[s], x=31.32486[m], y=11.61881[m], yaw=2.13356[rad], v=4.66689[m/s], steer=0.29978[rad], accel=-0.17669[m/s^2]
Time: 10.32[s], x=31.22527[m], y=11.77670[m], yaw=2.15664[rad], v=4.65982[m/s], steer=0.29820[rad], accel=-0.19491[m/s^2]
Time: 10.36[s], x=31.12221[m], y=11.93201[m], yaw=2.17955[rad], v=4.65202[m/s], steer=0.29641[rad], accel=-0.21019[m/s^2]
Time: 10.40[s], x=31.01580[m], y=12.08467[m], yaw=2.20228[rad], v=4.64362[m/s], steer=0.29124[rad], accel=-0.22844[m/s^2]
Time: 10.44[s], x=30.90615[m], y=12.23459[m], yaw=2.22456[rad], v=4.63448[m/s], steer=0.28669[rad], accel=-0.24318[m/s^2]
Time: 10.48[s], x=30.79340[m], y=12.38175[m], yaw=2.24642[rad], v=4.62475[m/s], steer=0.28132[rad], accel=-0.25555[m/s^2]
Time: 10.52[s], x=30.67771[m], y=12.52610[m], yaw=2.26780[rad], v=4.61453[m/s], steer=0.27633[rad], accel=-0.26230[m/s^2]
Time: 10.56[s], x=30.55923[m], y=12.66763[m], yaw=2.28874[rad], v=4.60404[m/s], steer=0.27008[rad], accel=-0.27111[m/s^2]
Time: 10.60[s], x=30.43808[m], y=12.80633[m], yaw=2.30913[rad], v=4.59319[m/s], steer=0.26340[rad], accel=-0.26973[m/s^2]
Time: 10.64[s], x=30.31442[m], y=12.94221[m], yaw=2.32895[rad], v=4.58240[m/s], steer=0.25602[rad], accel=-0.26701[m/s^2]
Time: 10.68[s], x=30.18839[m], y=13.07531[m], yaw=2.34814[rad], v=4.57172[m/s], steer=0.24789[rad], accel=-0.26496[m/s^2]
Time: 10.72[s], x=30.06013[m], y=13.20565[m], yaw=2.36665[rad], v=4.56113[m/s], steer=0.23934[rad], accel=-0.26464[m/s^2]
Time: 10.76[s], x=29.92978[m], y=13.33330[m], yaw=2.38446[rad], v=4.55054[m/s], steer=0.22991[rad], accel=-0.25608[m/s^2]
Time: 10.80[s], x=29.79748[m], y=13.45832[m], yaw=2.40150[rad], v=4.54030[m/s], steer=0.21896[rad], accel=-0.24799[m/s^2]
Time: 10.84[s], x=29.66338[m], y=13.58079[m], yaw=2.41767[rad], v=4.53038[m/s], steer=0.20708[rad], accel=-0.24089[m/s^2]
Time: 10.88[s], x=29.52761[m], y=13.70082[m], yaw=2.43290[rad], v=4.52074[m/s], steer=0.19561[rad], accel=-0.22788[m/s^2]
Time: 10.92[s], x=29.39032[m], y=13.81851[m], yaw=2.44723[rad], v=4.51163[m/s], steer=0.18401[rad], accel=-0.20910[m/s^2]
Time: 10.96[s], x=29.25164[m], y=13.93399[m], yaw=2.46066[rad], v=4.50326[m/s], steer=0.17247[rad], accel=-0.18990[m/s^2]
Time: 11.00[s], x=29.11168[m], y=14.04739[m], yaw=2.47322[rad], v=4.49567[m/s], steer=0.16004[rad], accel=-0.17290[m/s^2]
Time: 11.04[s], x=28.97055[m], y=14.15883[m], yaw=2.48483[rad], v=4.48875[m/s], steer=0.14801[rad], accel=-0.15790[m/s^2]
Time: 11.08[s], x=28.82835[m], y=14.26845[m], yaw=2.49553[rad], v=4.48243[m/s], steer=0.13516[rad], accel=-0.14995[m/s^2]
Time: 11.12[s], x=28.68519[m], y=14.37640[m], yaw=2.50529[rad], v=4.47644[m/s], steer=0.12401[rad], accel=-0.14263[m/s^2]
Time: 11.16[s], x=28.54117[m], y=14.48280[m], yaw=2.51422[rad], v=4.47073[m/s], steer=0.11414[rad], accel=-0.12899[m/s^2]
Time: 11.20[s], x=28.39640[m], y=14.58777[m], yaw=2.52242[rad], v=4.46557[m/s], steer=0.10406[rad], accel=-0.11253[m/s^2]
Time: 11.24[s], x=28.25094[m], y=14.69144[m], yaw=2.52988[rad], v=4.46107[m/s], steer=0.09527[rad], accel=-0.09672[m/s^2]
Time: 11.28[s], x=28.10485[m], y=14.79391[m], yaw=2.53670[rad], v=4.45720[m/s], steer=0.08639[rad], accel=-0.07964[m/s^2]
Time: 11.32[s], x=27.95820[m], y=14.89530[m], yaw=2.54287[rad], v=4.45402[m/s], steer=0.07784[rad], accel=-0.05945[m/s^2]
Time: 11.36[s], x=27.81103[m], y=14.99571[m], yaw=2.54843[rad], v=4.45164[m/s], steer=0.06972[rad], accel=-0.05452[m/s^2]
Time: 11.40[s], x=27.66338[m], y=15.09525[m], yaw=2.55341[rad], v=4.44946[m/s], steer=0.06366[rad], accel=-0.05442[m/s^2]
Time: 11.44[s], x=27.51531[m], y=15.19400[m], yaw=2.55794[rad], v=4.44728[m/s], steer=0.05803[rad], accel=-0.05203[m/s^2]
Time: 11.48[s], x=27.36687[m], y=15.29203[m], yaw=2.56208[rad], v=4.44520[m/s], steer=0.05287[rad], accel=-0.04300[m/s^2]
Time: 11.52[s], x=27.21809[m], y=15.38940[m], yaw=2.56584[rad], v=4.44348[m/s], steer=0.04827[rad], accel=-0.03546[m/s^2]
Time: 11.56[s], x=27.06901[m], y=15.48617[m], yaw=2.56928[rad], v=4.44206[m/s], steer=0.04364[rad], accel=-0.02692[m/s^2]
Time: 11.60[s], x=26.91964[m], y=15.58240[m], yaw=2.57238[rad], v=4.44098[m/s], steer=0.03815[rad], accel=-0.01971[m/s^2]
Time: 11.64[s], x=26.77001[m], y=15.67815[m], yaw=2.57509[rad], v=4.44019[m/s], steer=0.03298[rad], accel=-0.02387[m/s^2]
Time: 11.68[s], x=26.62015[m], y=15.77346[m], yaw=2.57744[rad], v=4.43924[m/s], steer=0.02895[rad], accel=-0.03226[m/s^2]
Time: 11.72[s], x=26.47009[m], y=15.86841[m], yaw=2.57949[rad], v=4.43795[m/s], steer=0.02593[rad], accel=-0.03361[m/s^2]
Time: 11.76[s], x=26.31989[m], y=15.96302[m], yaw=2.58134[rad], v=4.43660[m/s], steer=0.02445[rad], accel=-0.02723[m/s^2]
Time: 11.80[s], x=26.16956[m], y=16.05733[m], yaw=2.58307[rad], v=4.43552[m/s], steer=0.02351[rad], accel=-0.02223[m/s^2]
Time: 11.84[s], x=26.01910[m], y=16.15135[m], yaw=2.58474[rad], v=4.43463[m/s], steer=0.02174[rad], accel=-0.02104[m/s^2]
Time: 11.88[s], x=25.86851[m], y=16.24510[m], yaw=2.58628[rad], v=4.43378[m/s], steer=0.01868[rad], accel=-0.02461[m/s^2]
Time: 11.92[s], x=25.71781[m], y=16.33860[m], yaw=2.58761[rad], v=4.43280[m/s], steer=0.01418[rad], accel=-0.02529[m/s^2]
Time: 11.96[s], x=25.56701[m], y=16.43188[m], yaw=2.58861[rad], v=4.43179[m/s], steer=0.01050[rad], accel=-0.03071[m/s^2]
Time: 12.00[s], x=25.41616[m], y=16.52499[m], yaw=2.58936[rad], v=4.43056[m/s], steer=0.00897[rad], accel=-0.02934[m/s^2]
Time: 12.04[s], x=25.26528[m], y=16.61796[m], yaw=2.59000[rad], v=4.42939[m/s], steer=0.00950[rad], accel=-0.02250[m/s^2]
Time: 12.08[s], x=25.11439[m], y=16.71080[m], yaw=2.59067[rad], v=4.42849[m/s], steer=0.01086[rad], accel=-0.01600[m/s^2]
Time: 12.12[s], x=24.96346[m], y=16.80353[m], yaw=2.59144[rad], v=4.42785[m/s], steer=0.01195[rad], accel=-0.02354[m/s^2]
Time: 12.16[s], x=24.81248[m], y=16.89613[m], yaw=2.59229[rad], v=4.42691[m/s], steer=0.01055[rad], accel=-0.03023[m/s^2]
Time: 12.20[s], x=24.66145[m], y=16.98858[m], yaw=2.59303[rad], v=4.42570[m/s], steer=0.00604[rad], accel=-0.02793[m/s^2]
Time: 12.24[s], x=24.51040[m], y=17.08089[m], yaw=2.59346[rad], v=4.42458[m/s], steer=0.00170[rad], accel=-0.03016[m/s^2]
Time: 12.28[s], x=24.35934[m], y=17.17312[m], yaw=2.59358[rad], v=4.42337[m/s], steer=0.00033[rad], accel=-0.02628[m/s^2]
Time: 12.32[s], x=24.20831[m], y=17.26530[m], yaw=2.59360[rad], v=4.42232[m/s], steer=0.00197[rad], accel=-0.02634[m/s^2]
Time: 12.36[s], x=24.05732[m], y=17.35745[m], yaw=2.59374[rad], v=4.42127[m/s], steer=0.00534[rad], accel=-0.03377[m/s^2]
Time: 12.40[s], x=23.90635[m], y=17.44957[m], yaw=2.59412[rad], v=4.41992[m/s], steer=0.00728[rad], accel=-0.03388[m/s^2]
Time: 12.44[s], x=23.75540[m], y=17.54160[m], yaw=2.59464[rad], v=4.41856[m/s], steer=0.00696[rad], accel=-0.03453[m/s^2]
Time: 12.48[s], x=23.60444[m], y=17.63352[m], yaw=2.59513[rad], v=4.41718[m/s], steer=0.00360[rad], accel=-0.03182[m/s^2]
Time: 12.52[s], x=23.45349[m], y=17.72534[m], yaw=2.59538[rad], v=4.41591[m/s], steer=-0.00059[rad], accel=-0.02588[m/s^2]
Time: 12.56[s], x=23.30255[m], y=17.81709[m], yaw=2.59534[rad], v=4.41487[m/s], steer=-0.00279[rad], accel=-0.02990[m/s^2]
Time: 12.60[s], x=23.15165[m], y=17.90883[m], yaw=2.59514[rad], v=4.41368[m/s], steer=-0.00109[rad], accel=-0.03082[m/s^2]
Time: 12.64[s], x=23.00082[m], y=18.00058[m], yaw=2.59507[rad], v=4.41244[m/s], steer=0.00176[rad], accel=-0.02844[m/s^2]
Time: 12.68[s], x=22.85003[m], y=18.09231[m], yaw=2.59519[rad], v=4.41131[m/s], steer=0.00399[rad], accel=-0.02801[m/s^2]
Time: 12.72[s], x=22.69927[m], y=18.18399[m], yaw=2.59547[rad], v=4.41019[m/s], steer=0.00461[rad], accel=-0.01906[m/s^2]
Time: 12.76[s], x=22.54852[m], y=18.27562[m], yaw=2.59580[rad], v=4.40942[m/s], steer=0.00237[rad], accel=-0.01753[m/s^2]
Time: 12.80[s], x=22.39777[m], y=18.36717[m], yaw=2.59596[rad], v=4.40872[m/s], steer=-0.00107[rad], accel=-0.02272[m/s^2]
Time: 12.84[s], x=22.24703[m], y=18.45869[m], yaw=2.59589[rad], v=4.40781[m/s], steer=-0.00226[rad], accel=-0.02102[m/s^2]
Time: 12.88[s], x=22.09632[m], y=18.55020[m], yaw=2.59573[rad], v=4.40697[m/s], steer=-0.00167[rad], accel=-0.01865[m/s^2]
Time: 12.92[s], x=21.94566[m], y=18.64171[m], yaw=2.59561[rad], v=4.40623[m/s], steer=0.00058[rad], accel=-0.02026[m/s^2]
Time: 12.96[s], x=21.79503[m], y=18.73323[m], yaw=2.59565[rad], v=4.40542[m/s], steer=0.00294[rad], accel=-0.01512[m/s^2]
Time: 13.00[s], x=21.64443[m], y=18.82473[m], yaw=2.59586[rad], v=4.40481[m/s], steer=0.00230[rad], accel=-0.01321[m/s^2]
Time: 13.04[s], x=21.49383[m], y=18.91618[m], yaw=2.59602[rad], v=4.40428[m/s], steer=0.00148[rad], accel=-0.01868[m/s^2]
Time: 13.08[s], x=21.34324[m], y=19.00760[m], yaw=2.59613[rad], v=4.40354[m/s], steer=0.00012[rad], accel=-0.01702[m/s^2]
Time: 13.12[s], x=21.19265[m], y=19.09898[m], yaw=2.59614[rad], v=4.40285[m/s], steer=-0.00169[rad], accel=-0.01550[m/s^2]
Time: 13.16[s], x=21.04210[m], y=19.19035[m], yaw=2.59602[rad], v=4.40224[m/s], steer=-0.00107[rad], accel=-0.01177[m/s^2]
Time: 13.20[s], x=20.89157[m], y=19.28172[m], yaw=2.59594[rad], v=4.40176[m/s], steer=0.00089[rad], accel=-0.01490[m/s^2]
Time: 13.24[s], x=20.74107[m], y=19.37310[m], yaw=2.59600[rad], v=4.40117[m/s], steer=0.00110[rad], accel=-0.01670[m/s^2]
Time: 13.28[s], x=20.59058[m], y=19.46445[m], yaw=2.59608[rad], v=4.40050[m/s], steer=0.00120[rad], accel=-0.01417[m/s^2]
Time: 13.32[s], x=20.44011[m], y=19.55578[m], yaw=2.59617[rad], v=4.39993[m/s], steer=0.00064[rad], accel=-0.01169[m/s^2]
Time: 13.36[s], x=20.28964[m], y=19.64709[m], yaw=2.59621[rad], v=4.39947[m/s], steer=-0.00044[rad], accel=-0.01185[m/s^2]
Time: 13.40[s], x=20.13919[m], y=19.73838[m], yaw=2.59618[rad], v=4.39899[m/s], steer=-0.00057[rad], accel=-0.00352[m/s^2]
Time: 13.44[s], x=19.98876[m], y=19.82966[m], yaw=2.59614[rad], v=4.39885[m/s], steer=-0.00091[rad], accel=-0.00534[m/s^2]
Time: 13.48[s], x=19.83834[m], y=19.92094[m], yaw=2.59608[rad], v=4.39864[m/s], steer=-0.00039[rad], accel=-0.01165[m/s^2]
Time: 13.52[s], x=19.68793[m], y=20.01224[m], yaw=2.59605[rad], v=4.39817[m/s], steer=0.00091[rad], accel=-0.01463[m/s^2]
Time: 13.56[s], x=19.53754[m], y=20.10352[m], yaw=2.59611[rad], v=4.39759[m/s], steer=0.00036[rad], accel=-0.00694[m/s^2]
Time: 13.60[s], x=19.38717[m], y=20.19478[m], yaw=2.59614[rad], v=4.39731[m/s], steer=0.00054[rad], accel=-0.00498[m/s^2]
Time: 13.64[s], x=19.23680[m], y=20.28604[m], yaw=2.59618[rad], v=4.39711[m/s], steer=0.00097[rad], accel=-0.00635[m/s^2]
Time: 13.68[s], x=19.08643[m], y=20.37728[m], yaw=2.59624[rad], v=4.39685[m/s], steer=-0.00029[rad], accel=-0.00475[m/s^2]
Time: 13.72[s], x=18.93607[m], y=20.46851[m], yaw=2.59622[rad], v=4.39666[m/s], steer=-0.00101[rad], accel=-0.00644[m/s^2]
Time: 13.76[s], x=18.78572[m], y=20.55974[m], yaw=2.59615[rad], v=4.39641[m/s], steer=0.00185[rad], accel=-0.00756[m/s^2]
Time: 13.80[s], x=18.63538[m], y=20.65097[m], yaw=2.59628[rad], v=4.39610[m/s], steer=0.00195[rad], accel=-0.00072[m/s^2]
Time: 13.84[s], x=18.48503[m], y=20.74218[m], yaw=2.59642[rad], v=4.39608[m/s], steer=0.00271[rad], accel=-0.00007[m/s^2]
Time: 13.88[s], x=18.33468[m], y=20.83336[m], yaw=2.59661[rad], v=4.39607[m/s], steer=0.00309[rad], accel=-0.00652[m/s^2]
Time: 13.92[s], x=18.18431[m], y=20.92452[m], yaw=2.59683[rad], v=4.39581[m/s], steer=0.00269[rad], accel=-0.01388[m/s^2]
Time: 13.96[s], x=18.03393[m], y=21.01564[m], yaw=2.59702[rad], v=4.39526[m/s], steer=0.00126[rad], accel=-0.00856[m/s^2]
Time: 14.00[s], x=17.88355[m], y=21.10672[m], yaw=2.59711[rad], v=4.39491[m/s], steer=0.00043[rad], accel=-0.00848[m/s^2]
Time: 14.04[s], x=17.73318[m], y=21.19778[m], yaw=2.59714[rad], v=4.39457[m/s], steer=-0.00030[rad], accel=-0.00255[m/s^2]
Time: 14.08[s], x=17.58281[m], y=21.28883[m], yaw=2.59711[rad], v=4.39447[m/s], steer=-0.00233[rad], accel=-0.00494[m/s^2]
Time: 14.12[s], x=17.43245[m], y=21.37988[m], yaw=2.59695[rad], v=4.39428[m/s], steer=-0.00230[rad], accel=-0.00982[m/s^2]
Time: 14.16[s], x=17.28211[m], y=21.47095[m], yaw=2.59679[rad], v=4.39388[m/s], steer=-0.00217[rad], accel=-0.00768[m/s^2]
Time: 14.20[s], x=17.13180[m], y=21.56203[m], yaw=2.59664[rad], v=4.39357[m/s], steer=-0.00219[rad], accel=-0.00513[m/s^2]
Time: 14.24[s], x=16.98152[m], y=21.65313[m], yaw=2.59648[rad], v=4.39337[m/s], steer=-0.00243[rad], accel=0.00708[m/s^2]
Time: 14.28[s], x=16.83125[m], y=21.74425[m], yaw=2.59631[rad], v=4.39365[m/s], steer=-0.00246[rad], accel=0.00138[m/s^2]
Time: 14.32[s], x=16.68099[m], y=21.83541[m], yaw=2.59614[rad], v=4.39371[m/s], steer=-0.00249[rad], accel=-0.00112[m/s^2]
Time: 14.36[s], x=16.53075[m], y=21.92658[m], yaw=2.59596[rad], v=4.39366[m/s], steer=-0.00223[rad], accel=-0.00305[m/s^2]
Time: 14.40[s], x=16.38052[m], y=22.01779[m], yaw=2.59581[rad], v=4.39354[m/s], steer=-0.00138[rad], accel=-0.00120[m/s^2]
Time: 14.44[s], x=16.23031[m], y=22.10902[m], yaw=2.59571[rad], v=4.39349[m/s], steer=-0.00006[rad], accel=-0.00090[m/s^2]
Time: 14.48[s], x=16.08011[m], y=22.20026[m], yaw=2.59571[rad], v=4.39346[m/s], steer=0.00078[rad], accel=0.00243[m/s^2]
Time: 14.52[s], x=15.92991[m], y=22.29150[m], yaw=2.59576[rad], v=4.39355[m/s], steer=0.00075[rad], accel=-0.00205[m/s^2]
Time: 14.56[s], x=15.77971[m], y=22.38273[m], yaw=2.59581[rad], v=4.39347[m/s], steer=0.00030[rad], accel=-0.00639[m/s^2]
Time: 14.60[s], x=15.62950[m], y=22.47395[m], yaw=2.59583[rad], v=4.39322[m/s], steer=0.00001[rad], accel=-0.00869[m/s^2]
Time: 14.64[s], x=15.47930[m], y=22.56517[m], yaw=2.59583[rad], v=4.39287[m/s], steer=-0.00149[rad], accel=-0.00038[m/s^2]
Time: 14.68[s], x=15.32911[m], y=22.65637[m], yaw=2.59573[rad], v=4.39285[m/s], steer=-0.00006[rad], accel=0.00228[m/s^2]
Time: 14.72[s], x=15.17893[m], y=22.74760[m], yaw=2.59573[rad], v=4.39294[m/s], steer=0.00122[rad], accel=0.00178[m/s^2]
Time: 14.76[s], x=15.02875[m], y=22.83882[m], yaw=2.59581[rad], v=4.39302[m/s], steer=0.00133[rad], accel=0.00400[m/s^2]
Time: 14.80[s], x=14.87855[m], y=22.93003[m], yaw=2.59591[rad], v=4.39318[m/s], steer=0.00100[rad], accel=0.00316[m/s^2]
Time: 14.84[s], x=14.72835[m], y=23.02124[m], yaw=2.59598[rad], v=4.39330[m/s], steer=0.00050[rad], accel=-0.00137[m/s^2]
Time: 14.88[s], x=14.57813[m], y=23.11243[m], yaw=2.59601[rad], v=4.39325[m/s], steer=-0.00137[rad], accel=0.00406[m/s^2]
Time: 14.92[s], x=14.42791[m], y=23.20362[m], yaw=2.59591[rad], v=4.39341[m/s], steer=-0.00061[rad], accel=-0.00053[m/s^2]
Time: 14.96[s], x=14.27770[m], y=23.29483[m], yaw=2.59587[rad], v=4.39339[m/s], steer=0.00049[rad], accel=-0.00767[m/s^2]
Time: 15.00[s], x=14.12749[m], y=23.38604[m], yaw=2.59591[rad], v=4.39308[m/s], steer=0.00129[rad], accel=-0.00618[m/s^2]
Time: 15.04[s], x=13.97728[m], y=23.47725[m], yaw=2.59600[rad], v=4.39283[m/s], steer=0.00097[rad], accel=-0.00134[m/s^2]
Time: 15.08[s], x=13.82708[m], y=23.56843[m], yaw=2.59606[rad], v=4.39278[m/s], steer=0.00122[rad], accel=-0.00168[m/s^2]
Time: 15.12[s], x=13.67687[m], y=23.65960[m], yaw=2.59615[rad], v=4.39271[m/s], steer=0.00007[rad], accel=-0.00088[m/s^2]
Time: 15.16[s], x=13.52666[m], y=23.75076[m], yaw=2.59616[rad], v=4.39268[m/s], steer=-0.00061[rad], accel=-0.00097[m/s^2]
Time: 15.20[s], x=13.37645[m], y=23.84191[m], yaw=2.59611[rad], v=4.39264[m/s], steer=-0.00096[rad], accel=-0.00456[m/s^2]
Time: 15.24[s], x=13.22624[m], y=23.93307[m], yaw=2.59604[rad], v=4.39246[m/s], steer=-0.00037[rad], accel=-0.00188[m/s^2]
Time: 15.28[s], x=13.07605[m], y=24.02424[m], yaw=2.59602[rad], v=4.39238[m/s], steer=0.00028[rad], accel=0.00163[m/s^2]
Time: 15.32[s], x=12.92586[m], y=24.11541[m], yaw=2.59604[rad], v=4.39245[m/s], steer=0.00099[rad], accel=0.00681[m/s^2]
Time: 15.36[s], x=12.77566[m], y=24.20658[m], yaw=2.59611[rad], v=4.39272[m/s], steer=0.00107[rad], accel=0.00434[m/s^2]
Time: 15.40[s], x=12.62545[m], y=24.29774[m], yaw=2.59618[rad], v=4.39289[m/s], steer=0.00039[rad], accel=-0.00015[m/s^2]
Time: 15.44[s], x=12.47523[m], y=24.38890[m], yaw=2.59621[rad], v=4.39289[m/s], steer=-0.00051[rad], accel=-0.00060[m/s^2]
Time: 15.48[s], x=12.32501[m], y=24.48005[m], yaw=2.59617[rad], v=4.39286[m/s], steer=-0.00174[rad], accel=0.00278[m/s^2]
Time: 15.52[s], x=12.17479[m], y=24.57121[m], yaw=2.59605[rad], v=4.39297[m/s], steer=-0.00067[rad], accel=0.00394[m/s^2]
Time: 15.56[s], x=12.02458[m], y=24.66238[m], yaw=2.59601[rad], v=4.39313[m/s], steer=0.00080[rad], accel=-0.00124[m/s^2]
Time: 15.60[s], x=11.87436[m], y=24.75357[m], yaw=2.59606[rad], v=4.39308[m/s], steer=0.00137[rad], accel=-0.00291[m/s^2]
Time: 15.64[s], x=11.72414[m], y=24.84475[m], yaw=2.59616[rad], v=4.39296[m/s], steer=0.00110[rad], accel=-0.00383[m/s^2]
Time: 15.68[s], x=11.57392[m], y=24.93591[m], yaw=2.59624[rad], v=4.39281[m/s], steer=0.00073[rad], accel=-0.00393[m/s^2]
Time: 15.72[s], x=11.42370[m], y=25.02705[m], yaw=2.59629[rad], v=4.39265[m/s], steer=-0.00152[rad], accel=0.00562[m/s^2]
Time: 15.76[s], x=11.27348[m], y=25.11819[m], yaw=2.59618[rad], v=4.39288[m/s], steer=-0.00109[rad], accel=-0.00056[m/s^2]
Time: 15.80[s], x=11.12325[m], y=25.20934[m], yaw=2.59610[rad], v=4.39286[m/s], steer=-0.00014[rad], accel=-0.00356[m/s^2]
Time: 15.84[s], x=10.97304[m], y=25.30051[m], yaw=2.59609[rad], v=4.39271[m/s], steer=0.00040[rad], accel=-0.00450[m/s^2]
Time: 15.88[s], x=10.82283[m], y=25.39168[m], yaw=2.59612[rad], v=4.39253[m/s], steer=0.00102[rad], accel=-0.00305[m/s^2]
Time: 15.92[s], x=10.67263[m], y=25.48284[m], yaw=2.59619[rad], v=4.39241[m/s], steer=0.00142[rad], accel=-0.00306[m/s^2]
Time: 15.96[s], x=10.52242[m], y=25.57398[m], yaw=2.59629[rad], v=4.39229[m/s], steer=-0.00007[rad], accel=-0.00034[m/s^2]
Time: 16.00[s], x=10.37221[m], y=25.66511[m], yaw=2.59629[rad], v=4.39228[m/s], steer=-0.00072[rad], accel=-0.00423[m/s^2]
Time: 16.04[s], x=10.22200[m], y=25.75624[m], yaw=2.59624[rad], v=4.39211[m/s], steer=-0.00067[rad], accel=-0.00804[m/s^2]
Time: 16.08[s], x=10.07180[m], y=25.84737[m], yaw=2.59619[rad], v=4.39178[m/s], steer=-0.00068[rad], accel=-0.01072[m/s^2]
Time: 16.12[s], x=9.92162[m], y=25.93850[m], yaw=2.59614[rad], v=4.39136[m/s], steer=-0.00067[rad], accel=-0.00160[m/s^2]
Time: 16.16[s], x=9.77145[m], y=26.02963[m], yaw=2.59610[rad], v=4.39129[m/s], steer=0.00080[rad], accel=0.00158[m/s^2]
Time: 16.20[s], x=9.62129[m], y=26.12076[m], yaw=2.59615[rad], v=4.39136[m/s], steer=0.00074[rad], accel=0.00029[m/s^2]
Time: 16.24[s], x=9.47113[m], y=26.21189[m], yaw=2.59620[rad], v=4.39137[m/s], steer=0.00036[rad], accel=0.00343[m/s^2]
Time: 16.28[s], x=9.32096[m], y=26.30301[m], yaw=2.59623[rad], v=4.39150[m/s], steer=-0.00011[rad], accel=0.00289[m/s^2]
Time: 16.32[s], x=9.17078[m], y=26.39413[m], yaw=2.59622[rad], v=4.39162[m/s], steer=-0.00064[rad], accel=0.00027[m/s^2]
Time: 16.36[s], x=9.02059[m], y=26.48526[m], yaw=2.59618[rad], v=4.39163[m/s], steer=-0.00092[rad], accel=0.00518[m/s^2]
Time: 16.40[s], x=8.87042[m], y=26.57639[m], yaw=2.59611[rad], v=4.39184[m/s], steer=-0.00026[rad], accel=0.00096[m/s^2]
Time: 16.44[s], x=8.72024[m], y=26.66753[m], yaw=2.59609[rad], v=4.39188[m/s], steer=0.00048[rad], accel=-0.00703[m/s^2]
Time: 16.48[s], x=8.57006[m], y=26.75868[m], yaw=2.59613[rad], v=4.39160[m/s], steer=0.00104[rad], accel=-0.00513[m/s^2]
Time: 16.52[s], x=8.41989[m], y=26.84982[m], yaw=2.59620[rad], v=4.39139[m/s], steer=0.00050[rad], accel=-0.00037[m/s^2]
Time: 16.56[s], x=8.26971[m], y=26.94094[m], yaw=2.59624[rad], v=4.39138[m/s], steer=0.00017[rad], accel=-0.00129[m/s^2]
Time: 16.60[s], x=8.11954[m], y=27.03205[m], yaw=2.59625[rad], v=4.39132[m/s], steer=-0.00008[rad], accel=-0.00034[m/s^2]
Time: 16.64[s], x=7.96936[m], y=27.12317[m], yaw=2.59624[rad], v=4.39131[m/s], steer=-0.00094[rad], accel=-0.00017[m/s^2]
Time: 16.68[s], x=7.81919[m], y=27.21428[m], yaw=2.59618[rad], v=4.39130[m/s], steer=-0.00134[rad], accel=-0.00376[m/s^2]
Time: 16.72[s], x=7.66902[m], y=27.30541[m], yaw=2.59608[rad], v=4.39115[m/s], steer=-0.00089[rad], accel=-0.00794[m/s^2]
Time: 16.76[s], x=7.51887[m], y=27.39654[m], yaw=2.59602[rad], v=4.39084[m/s], steer=-0.00181[rad], accel=-0.00218[m/s^2]
Time: 16.80[s], x=7.36873[m], y=27.48768[m], yaw=2.59589[rad], v=4.39075[m/s], steer=-0.00251[rad], accel=-0.00043[m/s^2]
Time: 16.84[s], x=7.21861[m], y=27.57883[m], yaw=2.59572[rad], v=4.39073[m/s], steer=-0.00410[rad], accel=-0.00216[m/s^2]
Time: 16.88[s], x=7.06851[m], y=27.67001[m], yaw=2.59543[rad], v=4.39064[m/s], steer=-0.00707[rad], accel=-0.00552[m/s^2]
Time: 16.92[s], x=6.91843[m], y=27.76124[m], yaw=2.59493[rad], v=4.39042[m/s], steer=-0.00838[rad], accel=-0.01333[m/s^2]
Time: 16.96[s], x=6.76841[m], y=27.85253[m], yaw=2.59435[rad], v=4.38989[m/s], steer=-0.01163[rad], accel=-0.01453[m/s^2]
Time: 17.00[s], x=6.61845[m], y=27.94390[m], yaw=2.59353[rad], v=4.38931[m/s], steer=-0.01464[rad], accel=-0.01549[m/s^2]
Time: 17.04[s], x=6.46860[m], y=28.03538[m], yaw=2.59250[rad], v=4.38869[m/s], steer=-0.01879[rad], accel=-0.01229[m/s^2]
Time: 17.08[s], x=6.31886[m], y=28.12700[m], yaw=2.59118[rad], v=4.38820[m/s], steer=-0.02137[rad], accel=-0.01467[m/s^2]
Time: 17.12[s], x=6.16925[m], y=28.21881[m], yaw=2.58968[rad], v=4.38761[m/s], steer=-0.02585[rad], accel=-0.01177[m/s^2]
Time: 17.16[s], x=6.01981[m], y=28.31083[m], yaw=2.58787[rad], v=4.38714[m/s], steer=-0.03148[rad], accel=-0.00952[m/s^2]
Time: 17.20[s], x=5.87054[m], y=28.40311[m], yaw=2.58565[rad], v=4.38676[m/s], steer=-0.04095[rad], accel=-0.00106[m/s^2]
Time: 17.24[s], x=5.72150[m], y=28.49571[m], yaw=2.58278[rad], v=4.38672[m/s], steer=-0.04770[rad], accel=0.00284[m/s^2]
Time: 17.28[s], x=5.57272[m], y=28.58874[m], yaw=2.57943[rad], v=4.38683[m/s], steer=-0.05528[rad], accel=0.00977[m/s^2]
Time: 17.32[s], x=5.42425[m], y=28.68227[m], yaw=2.57554[rad], v=4.38722[m/s], steer=-0.06856[rad], accel=0.02328[m/s^2]
Time: 17.36[s], x=5.27613[m], y=28.77639[m], yaw=2.57072[rad], v=4.38815[m/s], steer=-0.08112[rad], accel=0.03496[m/s^2]
Time: 17.40[s], x=5.12844[m], y=28.87124[m], yaw=2.56502[rad], v=4.38955[m/s], steer=-0.09367[rad], accel=0.04684[m/s^2]
Time: 17.44[s], x=4.98125[m], y=28.96696[m], yaw=2.55842[rad], v=4.39143[m/s], steer=-0.11168[rad], accel=0.06451[m/s^2]
Time: 17.48[s], x=4.83462[m], y=29.06369[m], yaw=2.55054[rad], v=4.39401[m/s], steer=-0.13175[rad], accel=0.08785[m/s^2]
Time: 17.52[s], x=4.68868[m], y=29.16163[m], yaw=2.54122[rad], v=4.39752[m/s], steer=-0.15277[rad], accel=0.11643[m/s^2]
Time: 17.56[s], x=4.54354[m], y=29.26100[m], yaw=2.53039[rad], v=4.40218[m/s], steer=-0.17385[rad], accel=0.14747[m/s^2]
Time: 17.60[s], x=4.39933[m], y=29.36205[m], yaw=2.51802[rad], v=4.40808[m/s], steer=-0.19424[rad], accel=0.17846[m/s^2]
Time: 17.64[s], x=4.25619[m], y=29.46501[m], yaw=2.50414[rad], v=4.41521[m/s], steer=-0.21496[rad], accel=0.21357[m/s^2]
Time: 17.68[s], x=4.11427[m], y=29.57012[m], yaw=2.48872[rad], v=4.42376[m/s], steer=-0.23574[rad], accel=0.24643[m/s^2]
Time: 17.72[s], x=3.97371[m], y=29.67761[m], yaw=2.47172[rad], v=4.43361[m/s], steer=-0.25902[rad], accel=0.28269[m/s^2]
Time: 17.76[s], x=3.83469[m], y=29.78772[m], yaw=2.45292[rad], v=4.44492[m/s], steer=-0.28204[rad], accel=0.32207[m/s^2]
Time: 17.80[s], x=3.69741[m], y=29.90071[m], yaw=2.43231[rad], v=4.45780[m/s], steer=-0.30372[rad], accel=0.36178[m/s^2]
Time: 17.84[s], x=3.56210[m], y=30.01685[m], yaw=2.40996[rad], v=4.47228[m/s], steer=-0.32305[rad], accel=0.40220[m/s^2]
Time: 17.88[s], x=3.42899[m], y=30.13636[m], yaw=2.38601[rad], v=4.48836[m/s], steer=-0.33883[rad], accel=0.44232[m/s^2]
Time: 17.92[s], x=3.29831[m], y=30.25947[m], yaw=2.36070[rad], v=4.50606[m/s], steer=-0.35306[rad], accel=0.48137[m/s^2]
Time: 17.96[s], x=3.17029[m], y=30.38635[m], yaw=2.33413[rad], v=4.52531[m/s], steer=-0.36662[rad], accel=0.51879[m/s^2]
Time: 18.00[s], x=3.04515[m], y=30.51714[m], yaw=2.30633[rad], v=4.54606[m/s], steer=-0.37248[rad], accel=0.54178[m/s^2]
Time: 18.04[s], x=2.92314[m], y=30.65197[m], yaw=2.27791[rad], v=4.56773[m/s], steer=-0.36840[rad], accel=0.54388[m/s^2]
Time: 18.08[s], x=2.80444[m], y=30.79087[m], yaw=2.24969[rad], v=4.58949[m/s], steer=-0.35988[rad], accel=0.52876[m/s^2]
Time: 18.12[s], x=2.68917[m], y=30.93374[m], yaw=2.22206[rad], v=4.61064[m/s], steer=-0.35268[rad], accel=0.50492[m/s^2]
Time: 18.16[s], x=2.57737[m], y=31.08042[m], yaw=2.19491[rad], v=4.63084[m/s], steer=-0.35025[rad], accel=0.47687[m/s^2]
Time: 18.20[s], x=2.46912[m], y=31.23073[m], yaw=2.16785[rad], v=4.64991[m/s], steer=-0.36574[rad], accel=0.45718[m/s^2]
Time: 18.24[s], x=2.36455[m], y=31.38455[m], yaw=2.13935[rad], v=4.66820[m/s], steer=-0.38773[rad], accel=0.44588[m/s^2]
Time: 18.28[s], x=2.26402[m], y=31.54190[m], yaw=2.10885[rad], v=4.68603[m/s], steer=-0.40968[rad], accel=0.44130[m/s^2]
Time: 18.32[s], x=2.16796[m], y=31.70286[m], yaw=2.07629[rad], v=4.70369[m/s], steer=-0.42692[rad], accel=0.44119[m/s^2]
Time: 18.36[s], x=2.07685[m], y=31.86748[m], yaw=2.04206[rad], v=4.72133[m/s], steer=-0.43988[rad], accel=0.44496[m/s^2]
Time: 18.40[s], x=1.99111[m], y=32.03575[m], yaw=2.00650[rad], v=4.73913[m/s], steer=-0.42734[rad], accel=0.42529[m/s^2]
Time: 18.44[s], x=1.91110[m], y=32.20760[m], yaw=1.97197[rad], v=4.75614[m/s], steer=-0.40926[rad], accel=0.39103[m/s^2]
Time: 18.48[s], x=1.83681[m], y=32.38274[m], yaw=1.93896[rad], v=4.77179[m/s], steer=-0.39575[rad], accel=0.35081[m/s^2]
Time: 18.52[s], x=1.76812[m], y=32.56083[m], yaw=1.90707[rad], v=4.78582[m/s], steer=-0.38379[rad], accel=0.30413[m/s^2]
Time: 18.56[s], x=1.70495[m], y=32.74154[m], yaw=1.87615[rad], v=4.79798[m/s], steer=-0.39715[rad], accel=0.27227[m/s^2]
Time: 18.60[s], x=1.64725[m], y=32.92458[m], yaw=1.84395[rad], v=4.80887[m/s], steer=-0.41824[rad], accel=0.25213[m/s^2]
Time: 18.64[s], x=1.59536[m], y=33.10980[m], yaw=1.80975[rad], v=4.81896[m/s], steer=-0.43828[rad], accel=0.24141[m/s^2]
Time: 18.68[s], x=1.54974[m], y=33.29708[m], yaw=1.77361[rad], v=4.82861[m/s], steer=-0.45501[rad], accel=0.23888[m/s^2]
Time: 18.72[s], x=1.51083[m], y=33.48627[m], yaw=1.73581[rad], v=4.83817[m/s], steer=-0.46718[rad], accel=0.23976[m/s^2]
Time: 18.76[s], x=1.47904[m], y=33.67717[m], yaw=1.69677[rad], v=4.84776[m/s], steer=-0.47304[rad], accel=0.24414[m/s^2]
Time: 18.80[s], x=1.45468[m], y=33.86954[m], yaw=1.65707[rad], v=4.85753[m/s], steer=-0.45763[rad], accel=0.22945[m/s^2]
Time: 18.84[s], x=1.43794[m], y=34.06312[m], yaw=1.61879[rad], v=4.86670[m/s], steer=-0.43346[rad], accel=0.19687[m/s^2]
Time: 18.88[s], x=1.42860[m], y=34.25756[m], yaw=1.58275[rad], v=4.87458[m/s], steer=-0.41668[rad], accel=0.16056[m/s^2]
Time: 18.92[s], x=1.42627[m], y=34.45253[m], yaw=1.54823[rad], v=4.88100[m/s], steer=-0.39516[rad], accel=0.10932[m/s^2]
Time: 18.96[s], x=1.43067[m], y=34.64772[m], yaw=1.51566[rad], v=4.88537[m/s], steer=-0.41223[rad], accel=0.08041[m/s^2]
Time: 19.00[s], x=1.44144[m], y=34.84284[m], yaw=1.48148[rad], v=4.88859[m/s], steer=-0.43572[rad], accel=0.06347[m/s^2]
Time: 19.04[s], x=1.45888[m], y=35.03760[m], yaw=1.44506[rad], v=4.89113[m/s], steer=-0.45656[rad], accel=0.05852[m/s^2]
Time: 19.08[s], x=1.48342[m], y=35.23170[m], yaw=1.40663[rad], v=4.89347[m/s], steer=-0.46947[rad], accel=0.06298[m/s^2]
Time: 19.12[s], x=1.51541[m], y=35.42481[m], yaw=1.36691[rad], v=4.89599[m/s], steer=-0.47649[rad], accel=0.07362[m/s^2]
Time: 19.16[s], x=1.55506[m], y=35.61659[m], yaw=1.32647[rad], v=4.89893[m/s], steer=-0.48198[rad], accel=0.08985[m/s^2]
Time: 19.20[s], x=1.60246[m], y=35.80673[m], yaw=1.28547[rad], v=4.90253[m/s], steer=-0.48745[rad], accel=0.10850[m/s^2]
Time: 19.24[s], x=1.65766[m], y=35.99490[m], yaw=1.24389[rad], v=4.90687[m/s], steer=-0.48153[rad], accel=0.11643[m/s^2]
Time: 19.28[s], x=1.72069[m], y=36.18078[m], yaw=1.20286[rad], v=4.91152[m/s], steer=-0.46219[rad], accel=0.10595[m/s^2]
Time: 19.32[s], x=1.79135[m], y=36.36409[m], yaw=1.16371[rad], v=4.91576[m/s], steer=-0.44209[rad], accel=0.08235[m/s^2]
Time: 19.36[s], x=1.86921[m], y=36.54465[m], yaw=1.12648[rad], v=4.91906[m/s], steer=-0.42308[rad], accel=0.05306[m/s^2]
Time: 19.40[s], x=1.95378[m], y=36.72231[m], yaw=1.09104[rad], v=4.92118[m/s], steer=-0.41283[rad], accel=0.02219[m/s^2]
Time: 19.44[s], x=2.04464[m], y=36.89693[m], yaw=1.05656[rad], v=4.92207[m/s], steer=-0.42527[rad], accel=0.00594[m/s^2]
Time: 19.48[s], x=2.14148[m], y=37.06836[m], yaw=1.02089[rad], v=4.92230[m/s], steer=-0.44456[rad], accel=0.00003[m/s^2]
Time: 19.52[s], x=2.24438[m], y=37.23622[m], yaw=0.98337[rad], v=4.92231[m/s], steer=-0.46558[rad], accel=0.00442[m/s^2]
Time: 19.56[s], x=2.35350[m], y=37.40011[m], yaw=0.94380[rad], v=4.92248[m/s], steer=-0.48354[rad], accel=0.01354[m/s^2]
Time: 19.60[s], x=2.46902[m], y=37.55956[m], yaw=0.90244[rad], v=4.92302[m/s], steer=-0.49887[rad], accel=0.02449[m/s^2]
Time: 19.64[s], x=2.59105[m], y=37.71411[m], yaw=0.85953[rad], v=4.92400[m/s], steer=-0.50997[rad], accel=0.03590[m/s^2]
Time: 19.68[s], x=2.71963[m], y=37.86331[m], yaw=0.81546[rad], v=4.92544[m/s], steer=-0.51194[rad], accel=0.04707[m/s^2]
Time: 19.72[s], x=2.85469[m], y=38.00675[m], yaw=0.77118[rad], v=4.92732[m/s], steer=-0.48971[rad], accel=0.03597[m/s^2]
Time: 19.76[s], x=2.99602[m], y=38.14412[m], yaw=0.72916[rad], v=4.92876[m/s], steer=-0.46634[rad], accel=0.01094[m/s^2]
Time: 19.80[s], x=3.14304[m], y=38.27547[m], yaw=0.68946[rad], v=4.92920[m/s], steer=-0.42738[rad], accel=-0.04083[m/s^2]
Time: 19.84[s], x=3.29518[m], y=38.40089[m], yaw=0.65354[rad], v=4.92757[m/s], steer=-0.43579[rad], accel=-0.08158[m/s^2]
Time: 19.88[s], x=3.45166[m], y=38.52073[m], yaw=0.61683[rad], v=4.92430[m/s], steer=-0.46340[rad], accel=-0.10486[m/s^2]
Time: 19.92[s], x=3.61234[m], y=38.63467[m], yaw=0.57746[rad], v=4.92011[m/s], steer=-0.47998[rad], accel=-0.12064[m/s^2]
Time: 19.96[s], x=3.77723[m], y=38.74210[m], yaw=0.53648[rad], v=4.91528[m/s], steer=-0.49692[rad], accel=-0.14116[m/s^2]
Time: 20.00[s], x=3.94622[m], y=38.84259[m], yaw=0.49383[rad], v=4.90964[m/s], steer=-0.50705[rad], accel=-0.16645[m/s^2]
Time: 20.04[s], x=4.11914[m], y=38.93568[m], yaw=0.45019[rad], v=4.90298[m/s], steer=-0.51230[rad], accel=-0.21399[m/s^2]
Time: 20.08[s], x=4.29572[m], y=39.02102[m], yaw=0.40608[rad], v=4.89442[m/s], steer=-0.52186[rad], accel=-0.25654[m/s^2]
Time: 20.12[s], x=4.47558[m], y=39.09835[m], yaw=0.36104[rad], v=4.88416[m/s], steer=-0.49573[rad], accel=-0.31615[m/s^2]
Time: 20.16[s], x=4.65835[m], y=39.16736[m], yaw=0.31878[rad], v=4.87151[m/s], steer=-0.46503[rad], accel=-0.35236[m/s^2]
Time: 20.20[s], x=4.84339[m], y=39.22844[m], yaw=0.27968[rad], v=4.85742[m/s], steer=-0.43916[rad], accel=-0.37207[m/s^2]
Time: 20.24[s], x=5.03014[m], y=39.28207[m], yaw=0.24317[rad], v=4.84253[m/s], steer=-0.40862[rad], accel=-0.40144[m/s^2]
Time: 20.28[s], x=5.21814[m], y=39.32871[m], yaw=0.20962[rad], v=4.82648[m/s], steer=-0.39805[rad], accel=-0.47247[m/s^2]
Time: 20.32[s], x=5.40697[m], y=39.36888[m], yaw=0.17715[rad], v=4.80758[m/s], steer=-0.37051[rad], accel=-0.55674[m/s^2]
Time: 20.36[s], x=5.59626[m], y=39.40277[m], yaw=0.14727[rad], v=4.78531[m/s], steer=-0.32170[rad], accel=-0.67582[m/s^2]
Time: 20.40[s], x=5.78560[m], y=39.43086[m], yaw=0.12175[rad], v=4.75827[m/s], steer=-0.23464[rad], accel=-0.80209[m/s^2]
Time: 20.44[s], x=5.97453[m], y=39.45398[m], yaw=0.10355[rad], v=4.72619[m/s], steer=-0.14888[rad], accel=-0.95424[m/s^2]
Time: 20.48[s], x=6.16256[m], y=39.47352[m], yaw=0.09221[rad], v=4.68802[m/s], steer=-0.09203[rad], accel=-1.11531[m/s^2]
Time: 20.52[s], x=6.34929[m], y=39.49078[m], yaw=0.08529[rad], v=4.64341[m/s], steer=-0.06481[rad], accel=-1.26961[m/s^2]
Time: 20.56[s], x=6.53435[m], y=39.50661[m], yaw=0.08047[rad], v=4.59262[m/s], steer=-0.07218[rad], accel=-1.40806[m/s^2]
Time: 20.60[s], x=6.71746[m], y=39.52137[m], yaw=0.07515[rad], v=4.53630[m/s], steer=-0.07075[rad], accel=-1.54462[m/s^2]
Time: 20.64[s], x=6.89840[m], y=39.53500[m], yaw=0.07001[rad], v=4.47452[m/s], steer=-0.09886[rad], accel=-1.66522[m/s^2]
Time: 20.68[s], x=7.07694[m], y=39.54752[m], yaw=0.06291[rad], v=4.40791[m/s], steer=-0.07592[rad], accel=-1.77173[m/s^2]
Time: 20.72[s], x=7.25291[m], y=39.55860[m], yaw=0.05754[rad], v=4.33704[m/s], steer=-0.06581[rad], accel=-1.85784[m/s^2]
Time: 20.76[s], x=7.42610[m], y=39.56858[m], yaw=0.05297[rad], v=4.26272[m/s], steer=-0.08021[rad], accel=-1.90256[m/s^2]
Time: 20.80[s], x=7.59637[m], y=39.57761[m], yaw=0.04749[rad], v=4.18662[m/s], steer=-0.08128[rad], accel=-1.95734[m/s^2]
Time: 20.84[s], x=7.76365[m], y=39.58556[m], yaw=0.04203[rad], v=4.10833[m/s], steer=-0.08859[rad], accel=-1.99188[m/s^2]
Time: 20.88[s], x=7.92784[m], y=39.59246[m], yaw=0.03619[rad], v=4.02865[m/s], steer=-0.06038[rad], accel=-2.00000[m/s^2]
Time: 20.92[s], x=8.08888[m], y=39.59830[m], yaw=0.03230[rad], v=3.94865[m/s], steer=-0.04599[rad], accel=-2.00000[m/s^2]
Time: 20.96[s], x=8.24674[m], y=39.60340[m], yaw=0.02939[rad], v=3.86865[m/s], steer=-0.03474[rad], accel=-2.00000[m/s^2]
Time: 21.00[s], x=8.40142[m], y=39.60794[m], yaw=0.02724[rad], v=3.78865[m/s], steer=-0.03946[rad], accel=-2.00000[m/s^2]
Time: 21.04[s], x=8.55291[m], y=39.61207[m], yaw=0.02484[rad], v=3.70865[m/s], steer=-0.00515[rad], accel=-2.00000[m/s^2]
Time: 21.08[s], x=8.70121[m], y=39.61576[m], yaw=0.02454[rad], v=3.62865[m/s], steer=-0.00234[rad], accel=-2.00000[m/s^2]
Time: 21.12[s], x=8.84631[m], y=39.61932[m], yaw=0.02440[rad], v=3.54865[m/s], steer=-0.01659[rad], accel=-2.00000[m/s^2]
Time: 21.16[s], x=8.98822[m], y=39.62278[m], yaw=0.02346[rad], v=3.46865[m/s], steer=0.00375[rad], accel=-2.00000[m/s^2]
Time: 21.20[s], x=9.12692[m], y=39.62604[m], yaw=0.02367[rad], v=3.38865[m/s], steer=-0.00158[rad], accel=-2.00000[m/s^2]
Time: 21.24[s], x=9.26243[m], y=39.62925[m], yaw=0.02358[rad], v=3.30865[m/s], steer=0.01867[rad], accel=-2.00000[m/s^2]
Time: 21.28[s], x=9.39474[m], y=39.63237[m], yaw=0.02457[rad], v=3.22865[m/s], steer=0.01247[rad], accel=-2.00000[m/s^2]
Time: 21.32[s], x=9.52385[m], y=39.63554[m], yaw=0.02522[rad], v=3.14865[m/s], steer=0.01182[rad], accel=-1.99657[m/s^2]
Time: 21.36[s], x=9.64975[m], y=39.63871[m], yaw=0.02581[rad], v=3.06879[m/s], steer=0.01233[rad], accel=-1.98344[m/s^2]
Time: 21.40[s], x=9.77247[m], y=39.64188[m], yaw=0.02642[rad], v=2.98945[m/s], steer=0.01445[rad], accel=-1.99356[m/s^2]
Time: 21.44[s], x=9.89200[m], y=39.64504[m], yaw=0.02711[rad], v=2.90971[m/s], steer=-0.00133[rad], accel=-1.95188[m/s^2]
Time: 21.48[s], x=10.00835[m], y=39.64819[m], yaw=0.02705[rad], v=2.83164[m/s], steer=0.00851[rad], accel=-1.92601[m/s^2]
Time: 21.52[s], x=10.12157[m], y=39.65126[m], yaw=0.02743[rad], v=2.75460[m/s], steer=0.00691[rad], accel=-1.87838[m/s^2]
Time: 21.56[s], x=10.23171[m], y=39.65428[m], yaw=0.02774[rad], v=2.67946[m/s], steer=0.01131[rad], accel=-1.83786[m/s^2]
Time: 21.60[s], x=10.33885[m], y=39.65725[m], yaw=0.02822[rad], v=2.60595[m/s], steer=0.00786[rad], accel=-1.80562[m/s^2]
Time: 21.64[s], x=10.44305[m], y=39.66019[m], yaw=0.02855[rad], v=2.53372[m/s], steer=-0.00777[rad], accel=-1.77278[m/s^2]
Time: 21.68[s], x=10.54436[m], y=39.66308[m], yaw=0.02823[rad], v=2.46281[m/s], steer=0.01596[rad], accel=-1.73617[m/s^2]
Time: 21.72[s], x=10.64283[m], y=39.66586[m], yaw=0.02886[rad], v=2.39336[m/s], steer=0.01028[rad], accel=-1.72364[m/s^2]
Time: 21.76[s], x=10.73852[m], y=39.66862[m], yaw=0.02926[rad], v=2.32442[m/s], steer=0.02694[rad], accel=-1.69948[m/s^2]
Time: 21.80[s], x=10.83146[m], y=39.67134[m], yaw=0.03026[rad], v=2.25644[m/s], steer=0.02571[rad], accel=-1.67295[m/s^2]
Time: 21.84[s], x=10.92168[m], y=39.67408[m], yaw=0.03119[rad], v=2.18952[m/s], steer=0.00835[rad], accel=-1.65033[m/s^2]
Time: 21.88[s], x=11.00921[m], y=39.67681[m], yaw=0.03148[rad], v=2.12351[m/s], steer=0.01087[rad], accel=-1.61075[m/s^2]
Time: 21.92[s], x=11.09411[m], y=39.67948[m], yaw=0.03185[rad], v=2.05908[m/s], steer=0.00473[rad], accel=-1.59951[m/s^2]
Time: 21.96[s], x=11.17643[m], y=39.68211[m], yaw=0.03200[rad], v=1.99510[m/s], steer=-0.01092[rad], accel=-1.57909[m/s^2]
Time: 22.00[s], x=11.25620[m], y=39.68466[m], yaw=0.03166[rad], v=1.93193[m/s], steer=0.00132[rad], accel=-1.55268[m/s^2]
Time: 22.04[s], x=11.33344[m], y=39.68710[m], yaw=0.03170[rad], v=1.86983[m/s], steer=0.00224[rad], accel=-1.50130[m/s^2]
Time: 22.08[s], x=11.40819[m], y=39.68947[m], yaw=0.03176[rad], v=1.80977[m/s], steer=0.00153[rad], accel=-1.44535[m/s^2]
Time: 22.12[s], x=11.48055[m], y=39.69177[m], yaw=0.03181[rad], v=1.75196[m/s], steer=0.01405[rad], accel=-1.39842[m/s^2]
Time: 22.16[s], x=11.55059[m], y=39.69400[m], yaw=0.03220[rad], v=1.69602[m/s], steer=0.00760[rad], accel=-1.38010[m/s^2]
Time: 22.20[s], x=11.61839[m], y=39.69619[m], yaw=0.03241[rad], v=1.64082[m/s], steer=-0.00457[rad], accel=-1.33921[m/s^2]
Time: 22.24[s], x=11.68399[m], y=39.69831[m], yaw=0.03229[rad], v=1.58725[m/s], steer=-0.01979[rad], accel=-1.28884[m/s^2]
Time: 22.28[s], x=11.74745[m], y=39.70036[m], yaw=0.03179[rad], v=1.53570[m/s], steer=-0.02146[rad], accel=-1.26632[m/s^2]
Time: 22.32[s], x=11.80885[m], y=39.70231[m], yaw=0.03126[rad], v=1.48504[m/s], steer=-0.01824[rad], accel=-1.23656[m/s^2]
Time: 22.36[s], x=11.86822[m], y=39.70417[m], yaw=0.03082[rad], v=1.43558[m/s], steer=-0.01354[rad], accel=-1.20169[m/s^2]
Time: 22.40[s], x=11.92562[m], y=39.70594[m], yaw=0.03051[rad], v=1.38751[m/s], steer=-0.00040[rad], accel=-1.15777[m/s^2]
Time: 22.44[s], x=11.98109[m], y=39.70763[m], yaw=0.03050[rad], v=1.34120[m/s], steer=0.02164[rad], accel=-1.13906[m/s^2]
Time: 22.48[s], x=12.03471[m], y=39.70927[m], yaw=0.03097[rad], v=1.29564[m/s], steer=0.03286[rad], accel=-1.11544[m/s^2]
Time: 22.52[s], x=12.08651[m], y=39.71088[m], yaw=0.03165[rad], v=1.25102[m/s], steer=0.02306[rad], accel=-1.08845[m/s^2]
Time: 22.56[s], x=12.13653[m], y=39.71246[m], yaw=0.03211[rad], v=1.20749[m/s], steer=0.01186[rad], accel=-1.04212[m/s^2]
Time: 22.60[s], x=12.18480[m], y=39.71401[m], yaw=0.03234[rad], v=1.16580[m/s], steer=-0.01463[rad], accel=-1.01256[m/s^2]
Time: 22.64[s], x=12.23141[m], y=39.71552[m], yaw=0.03207[rad], v=1.12530[m/s], steer=-0.00621[rad], accel=-0.95997[m/s^2]
Time: 22.68[s], x=12.27640[m], y=39.71696[m], yaw=0.03196[rad], v=1.08690[m/s], steer=-0.00728[rad], accel=-0.92590[m/s^2]
Time: 22.72[s], x=12.31985[m], y=39.71835[m], yaw=0.03183[rad], v=1.04986[m/s], steer=-0.00179[rad], accel=-0.87687[m/s^2]
Time: 22.76[s], x=12.36183[m], y=39.71968[m], yaw=0.03180[rad], v=1.01479[m/s], steer=-0.01045[rad], accel=-0.84100[m/s^2]
Time: 22.80[s], x=12.40240[m], y=39.72097[m], yaw=0.03163[rad], v=0.98115[m/s], steer=-0.02862[rad], accel=-0.80142[m/s^2]
Time: 22.84[s], x=12.44163[m], y=39.72221[m], yaw=0.03118[rad], v=0.94909[m/s], steer=-0.04881[rad], accel=-0.75145[m/s^2]
Time: 22.88[s], x=12.47957[m], y=39.72340[m], yaw=0.03044[rad], v=0.91903[m/s], steer=-0.05388[rad], accel=-0.71429[m/s^2]
Time: 22.92[s], x=12.51631[m], y=39.72451[m], yaw=0.02965[rad], v=0.89046[m/s], steer=-0.04003[rad], accel=-0.68427[m/s^2]
Time: 22.96[s], x=12.55192[m], y=39.72557[m], yaw=0.02908[rad], v=0.86309[m/s], steer=-0.02034[rad], accel=-0.65024[m/s^2]
Time: 23.00[s], x=12.58643[m], y=39.72657[m], yaw=0.02879[rad], v=0.83708[m/s], steer=0.00353[rad], accel=-0.62074[m/s^2]
Time: 23.04[s], x=12.61989[m], y=39.72754[m], yaw=0.02884[rad], v=0.81225[m/s], steer=0.00697[rad], accel=-0.58940[m/s^2]
Time: 23.08[s], x=12.65237[m], y=39.72848[m], yaw=0.02893[rad], v=0.78868[m/s], steer=0.00293[rad], accel=-0.54154[m/s^2]
Time: 23.12[s], x=12.68391[m], y=39.72939[m], yaw=0.02897[rad], v=0.76702[m/s], steer=-0.01692[rad], accel=-0.49220[m/s^2]
Time: 23.16[s], x=12.71457[m], y=39.73028[m], yaw=0.02876[rad], v=0.74733[m/s], steer=-0.02883[rad], accel=-0.45752[m/s^2]
Time: 23.20[s], x=12.74445[m], y=39.73114[m], yaw=0.02842[rad], v=0.72903[m/s], steer=-0.02031[rad], accel=-0.42661[m/s^2]
Time: 23.24[s], x=12.77360[m], y=39.73196[m], yaw=0.02818[rad], v=0.71196[m/s], steer=0.00816[rad], accel=-0.39571[m/s^2]
Time: 23.28[s], x=12.80207[m], y=39.73277[m], yaw=0.02827[rad], v=0.69613[m/s], steer=0.02677[rad], accel=-0.35637[m/s^2]
Time: 23.32[s], x=12.82990[m], y=39.73355[m], yaw=0.02857[rad], v=0.68188[m/s], steer=0.02254[rad], accel=-0.31801[m/s^2]
Time: 23.36[s], x=12.85717[m], y=39.73433[m], yaw=0.02882[rad], v=0.66916[m/s], steer=0.00838[rad], accel=-0.28633[m/s^2]
Time: 23.40[s], x=12.88392[m], y=39.73510[m], yaw=0.02891[rad], v=0.65771[m/s], steer=-0.01411[rad], accel=-0.26280[m/s^2]
Time: 23.44[s], x=12.91022[m], y=39.73586[m], yaw=0.02876[rad], v=0.64719[m/s], steer=-0.02852[rad], accel=-0.25672[m/s^2]
Time: 23.48[s], x=12.93610[m], y=39.73660[m], yaw=0.02846[rad], v=0.63692[m/s], steer=-0.02076[rad], accel=-0.24484[m/s^2]
Time: 23.52[s], x=12.96156[m], y=39.73733[m], yaw=0.02825[rad], v=0.62713[m/s], steer=0.00133[rad], accel=-0.24600[m/s^2]
Time: 23.56[s], x=12.98664[m], y=39.73804[m], yaw=0.02827[rad], v=0.61729[m/s], steer=0.01666[rad], accel=-0.24364[m/s^2]
Time: 23.60[s], x=13.01132[m], y=39.73874[m], yaw=0.02843[rad], v=0.60755[m/s], steer=0.01866[rad], accel=-0.23222[m/s^2]
Time: 23.64[s], x=13.03561[m], y=39.73943[m], yaw=0.02861[rad], v=0.59826[m/s], steer=0.00981[rad], accel=-0.22828[m/s^2]
Time: 23.68[s], x=13.05953[m], y=39.74011[m], yaw=0.02871[rad], v=0.58913[m/s], steer=-0.00447[rad], accel=-0.22863[m/s^2]
Time: 23.72[s], x=13.08309[m], y=39.74078[m], yaw=0.02866[rad], v=0.57998[m/s], steer=-0.00873[rad], accel=-0.23620[m/s^2]
Time: 23.76[s], x=13.10628[m], y=39.74145[m], yaw=0.02858[rad], v=0.57053[m/s], steer=-0.00019[rad], accel=-0.24035[m/s^2]
Time: 23.80[s], x=13.12909[m], y=39.74210[m], yaw=0.02858[rad], v=0.56092[m/s], steer=0.02157[rad], accel=-0.24969[m/s^2]
Time: 23.84[s], x=13.15152[m], y=39.74274[m], yaw=0.02877[rad], v=0.55093[m/s], steer=0.04183[rad], accel=-0.25144[m/s^2]
Time: 23.88[s], x=13.17355[m], y=39.74337[m], yaw=0.02914[rad], v=0.54087[m/s], steer=0.04435[rad], accel=-0.25757[m/s^2]
Time: 23.92[s], x=13.19517[m], y=39.74400[m], yaw=0.02953[rad], v=0.53057[m/s], steer=0.03482[rad], accel=-0.26121[m/s^2]
Time: 23.96[s], x=13.21638[m], y=39.74463[m], yaw=0.02982[rad], v=0.52012[m/s], steer=0.01713[rad], accel=-0.26879[m/s^2]
Time: 24.00[s], x=13.23718[m], y=39.74525[m], yaw=0.02996[rad], v=0.50937[m/s], steer=0.00844[rad], accel=-0.28418[m/s^2]
Time: 24.04[s], x=13.25755[m], y=39.74586[m], yaw=0.03003[rad], v=0.49800[m/s], steer=0.00476[rad], accel=-0.29461[m/s^2]
Time: 24.08[s], x=13.27746[m], y=39.74646[m], yaw=0.03007[rad], v=0.48622[m/s], steer=0.00140[rad], accel=-0.30160[m/s^2]
Time: 24.12[s], x=13.29690[m], y=39.74704[m], yaw=0.03008[rad], v=0.47416[m/s], steer=0.00102[rad], accel=-0.30700[m/s^2]
Time: 24.16[s], x=13.31586[m], y=39.74762[m], yaw=0.03009[rad], v=0.46188[m/s], steer=0.00764[rad], accel=-0.31408[m/s^2]
Time: 24.20[s], x=13.33432[m], y=39.74817[m], yaw=0.03015[rad], v=0.44931[m/s], steer=0.00237[rad], accel=-0.31730[m/s^2]
Time: 24.24[s], x=13.35229[m], y=39.74871[m], yaw=0.03016[rad], v=0.43662[m/s], steer=-0.00587[rad], accel=-0.32122[m/s^2]
Time: 24.28[s], x=13.36974[m], y=39.74924[m], yaw=0.03012[rad], v=0.42377[m/s], steer=-0.01324[rad], accel=-0.32173[m/s^2]
Time: 24.32[s], x=13.38669[m], y=39.74975[m], yaw=0.03003[rad], v=0.41090[m/s], steer=-0.01807[rad], accel=-0.32157[m/s^2]
Time: 24.36[s], x=13.40312[m], y=39.75024[m], yaw=0.02991[rad], v=0.39804[m/s], steer=-0.01411[rad], accel=-0.32129[m/s^2]
Time: 24.40[s], x=13.41903[m], y=39.75072[m], yaw=0.02982[rad], v=0.38519[m/s], steer=-0.00710[rad], accel=-0.31092[m/s^2]
Time: 24.44[s], x=13.43443[m], y=39.75118[m], yaw=0.02978[rad], v=0.37275[m/s], steer=-0.00816[rad], accel=-0.30308[m/s^2]
Time: 24.48[s], x=13.44933[m], y=39.75162[m], yaw=0.02973[rad], v=0.36063[m/s], steer=-0.00409[rad], accel=-0.29626[m/s^2]
Time: 24.52[s], x=13.46375[m], y=39.75205[m], yaw=0.02971[rad], v=0.34878[m/s], steer=0.00213[rad], accel=-0.28330[m/s^2]
Time: 24.56[s], x=13.47770[m], y=39.75246[m], yaw=0.02972[rad], v=0.33745[m/s], steer=-0.00033[rad], accel=-0.27034[m/s^2]
Time: 24.60[s], x=13.49119[m], y=39.75286[m], yaw=0.02972[rad], v=0.32663[m/s], steer=0.00197[rad], accel=-0.25795[m/s^2]
Time: 24.64[s], x=13.50425[m], y=39.75325[m], yaw=0.02973[rad], v=0.31631[m/s], steer=0.01187[rad], accel=-0.24323[m/s^2]
Time: 24.68[s], x=13.51690[m], y=39.75363[m], yaw=0.02979[rad], v=0.30658[m/s], steer=0.01580[rad], accel=-0.22980[m/s^2]
Time: 24.72[s], x=13.52915[m], y=39.75400[m], yaw=0.02987[rad], v=0.29739[m/s], steer=0.02052[rad], accel=-0.21841[m/s^2]
Time: 24.76[s], x=13.54104[m], y=39.75435[m], yaw=0.02996[rad], v=0.28866[m/s], steer=0.01529[rad], accel=-0.20562[m/s^2]
Time: 24.80[s], x=13.55258[m], y=39.75470[m], yaw=0.03003[rad], v=0.28043[m/s], steer=0.01224[rad], accel=-0.20378[m/s^2]
Time: 24.84[s], x=13.56380[m], y=39.75504[m], yaw=0.03009[rad], v=0.27228[m/s], steer=0.01390[rad], accel=-0.19458[m/s^2]
Time: 24.88[s], x=13.57468[m], y=39.75536[m], yaw=0.03015[rad], v=0.26450[m/s], steer=0.01751[rad], accel=-0.18495[m/s^2]
Time: 24.92[s], x=13.58526[m], y=39.75568[m], yaw=0.03022[rad], v=0.25710[m/s], steer=0.01849[rad], accel=-0.18002[m/s^2]
Time: 24.96[s], x=13.59554[m], y=39.75599[m], yaw=0.03030[rad], v=0.24990[m/s], steer=0.02271[rad], accel=-0.17445[m/s^2]
Time: 25.00[s], x=13.60553[m], y=39.75629[m], yaw=0.03039[rad], v=0.24292[m/s], steer=0.02304[rad], accel=-0.17044[m/s^2]
Time: 25.04[s], x=13.61524[m], y=39.75659[m], yaw=0.03048[rad], v=0.23610[m/s], steer=0.02151[rad], accel=-0.16431[m/s^2]
Time: 25.08[s], x=13.62468[m], y=39.75687[m], yaw=0.03056[rad], v=0.22953[m/s], steer=0.02080[rad], accel=-0.16234[m/s^2]
Time: 25.12[s], x=13.63386[m], y=39.75716[m], yaw=0.03064[rad], v=0.22304[m/s], steer=0.02031[rad], accel=-0.15985[m/s^2]
Time: 25.16[s], x=13.64278[m], y=39.75743[m], yaw=0.03071[rad], v=0.21664[m/s], steer=0.02456[rad], accel=-0.15336[m/s^2]
Time: 25.20[s], x=13.65144[m], y=39.75770[m], yaw=0.03080[rad], v=0.21051[m/s], steer=0.03007[rad], accel=-0.14197[m/s^2]
Time: 25.24[s], x=13.65985[m], y=39.75796[m], yaw=0.03090[rad], v=0.20483[m/s], steer=0.03033[rad], accel=-0.13729[m/s^2]
Time: 25.28[s], x=13.66804[m], y=39.75821[m], yaw=0.03100[rad], v=0.19934[m/s], steer=0.03025[rad], accel=-0.13161[m/s^2]
Time: 25.32[s], x=13.67601[m], y=39.75846[m], yaw=0.03109[rad], v=0.19407[m/s], steer=0.02961[rad], accel=-0.12100[m/s^2]
Time: 25.36[s], x=13.68377[m], y=39.75870[m], yaw=0.03118[rad], v=0.18923[m/s], steer=0.02421[rad], accel=-0.11602[m/s^2]
Time: 25.40[s], x=13.69134[m], y=39.75893[m], yaw=0.03126[rad], v=0.18459[m/s], steer=0.02284[rad], accel=-0.11275[m/s^2]
Time: 25.44[s], x=13.69872[m], y=39.75916[m], yaw=0.03133[rad], v=0.18008[m/s], steer=0.02378[rad], accel=-0.10874[m/s^2]
Time: 25.48[s], x=13.70592[m], y=39.75939[m], yaw=0.03139[rad], v=0.17573[m/s], steer=0.02880[rad], accel=-0.10159[m/s^2]
Time: 25.52[s], x=13.71294[m], y=39.75961[m], yaw=0.03148[rad], v=0.17167[m/s], steer=0.03131[rad], accel=-0.09271[m/s^2]
Time: 25.56[s], x=13.71981[m], y=39.75983[m], yaw=0.03156[rad], v=0.16796[m/s], steer=0.02953[rad], accel=-0.08571[m/s^2]
Time: 25.60[s], x=13.72652[m], y=39.76004[m], yaw=0.03164[rad], v=0.16453[m/s], steer=0.02407[rad], accel=-0.08152[m/s^2]
Time: 25.64[s], x=13.73310[m], y=39.76025[m], yaw=0.03170[rad], v=0.16127[m/s], steer=0.01970[rad], accel=-0.07959[m/s^2]
Time: 25.68[s], x=13.73955[m], y=39.76046[m], yaw=0.03175[rad], v=0.15809[m/s], steer=0.02028[rad], accel=-0.07775[m/s^2]
Time: 25.72[s], x=13.74587[m], y=39.76066[m], yaw=0.03181[rad], v=0.15498[m/s], steer=0.02382[rad], accel=-0.07940[m/s^2]
Time: 25.76[s], x=13.75206[m], y=39.76086[m], yaw=0.03187[rad], v=0.15180[m/s], steer=0.02407[rad], accel=-0.08656[m/s^2]
Time: 25.80[s], x=13.75813[m], y=39.76105[m], yaw=0.03192[rad], v=0.14834[m/s], steer=0.02625[rad], accel=-0.09177[m/s^2]
Time: 25.84[s], x=13.76406[m], y=39.76124[m], yaw=0.03199[rad], v=0.14467[m/s], steer=0.02452[rad], accel=-0.09390[m/s^2]
Time: 25.88[s], x=13.76985[m], y=39.76143[m], yaw=0.03204[rad], v=0.14091[m/s], steer=0.01919[rad], accel=-0.09765[m/s^2]
Time: 25.92[s], x=13.77548[m], y=39.76161[m], yaw=0.03209[rad], v=0.13701[m/s], steer=0.01388[rad], accel=-0.09925[m/s^2]
Time: 25.96[s], x=13.78096[m], y=39.76178[m], yaw=0.03212[rad], v=0.13304[m/s], steer=0.01375[rad], accel=-0.10117[m/s^2]
Time: 26.00[s], x=13.78628[m], y=39.76196[m], yaw=0.03215[rad], v=0.12899[m/s], steer=0.01840[rad], accel=-0.10234[m/s^2]
Time: 26.04[s], x=13.79143[m], y=39.76212[m], yaw=0.03218[rad], v=0.12490[m/s], steer=0.02486[rad], accel=-0.09723[m/s^2]
Time: 26.08[s], x=13.79643[m], y=39.76228[m], yaw=0.03223[rad], v=0.12101[m/s], steer=0.02861[rad], accel=-0.09131[m/s^2]
Time: 26.12[s], x=13.80127[m], y=39.76244[m], yaw=0.03229[rad], v=0.11736[m/s], steer=0.03034[rad], accel=-0.08505[m/s^2]
Time: 26.16[s], x=13.80596[m], y=39.76259[m], yaw=0.03235[rad], v=0.11395[m/s], steer=0.03154[rad], accel=-0.07896[m/s^2]
Time: 26.20[s], x=13.81051[m], y=39.76274[m], yaw=0.03240[rad], v=0.11080[m/s], steer=0.02811[rad], accel=-0.07497[m/s^2]
Time: 26.24[s], x=13.81494[m], y=39.76288[m], yaw=0.03245[rad], v=0.10780[m/s], steer=0.02716[rad], accel=-0.07294[m/s^2]
Time: 26.28[s], x=13.81925[m], y=39.76302[m], yaw=0.03250[rad], v=0.10488[m/s], steer=0.02402[rad], accel=-0.07075[m/s^2]
Time: 26.32[s], x=13.82345[m], y=39.76316[m], yaw=0.03254[rad], v=0.10205[m/s], steer=0.02544[rad], accel=-0.06915[m/s^2]
Time: 26.36[s], x=13.82753[m], y=39.76329[m], yaw=0.03258[rad], v=0.09928[m/s], steer=0.02739[rad], accel=-0.06808[m/s^2]
Time: 26.40[s], x=13.83150[m], y=39.76342[m], yaw=0.03263[rad], v=0.09656[m/s], steer=0.02913[rad], accel=-0.06493[m/s^2]
Time: 26.44[s], x=13.83536[m], y=39.76355[m], yaw=0.03267[rad], v=0.09396[m/s], steer=0.03042[rad], accel=-0.06504[m/s^2]
